#
# Copyright 2021-2023 Aklivity Inc.
#
# Aklivity licenses this file to you under the Apache License,
# version 2.0 (the "License"); you may not use this file except in compliance
# with the License. You may obtain a copy of the License at:
#
#   http://www.apache.org/licenses/LICENSE-2.0
#
# Unless required by applicable law or agreed to in writing, software
# distributed under the License is distributed on an "AS IS" BASIS, WITHOUT
# WARRANTIES OR CONDITIONS OF ANY KIND, either express or implied. See the
# License for the specific language governing permissions and limitations
# under the License.
#

property networkAcceptWindow 8192

accept "zilla://streams/net0"
  option zilla:window ${networkAcceptWindow}
  option zilla:transmission "duplex"
  option zilla:byteorder "network"

accepted

connected

read 144                                 # size
      19s                               # create topics
      3s                                # v3
      (int:newRequestId)
      5s "zilla"                        # client id
      2                                 # topic count
        6s "events"                     # name
        1                               # number of partitions
        1s                              # replication factor
        1                               # assignments
            0                           # partition index
            1                           # broker ids
                0                       # broker id
        1                               # configs
            14s "cleanup.policy"        # name
            6s "delete"                 # value
        9s "snapshots"                  # name
        1                               # number of partitions
        1s                              # replication factor
        1                               # assignments
            0                           # partition index
            1                           # broker ids
                0                       # broker id
        1                               # configs
            14s "cleanup.policy"        # name
            7s "compact"                # value
      0                                 # timeout

write 39                                 # size
      ${newRequestId}
      0                                  # throttle time ms
      2                                  # topics
        6s "events"                      # name
        0s                               # error code
        -1s                              # error message
        9s "snapshots"                   # name
        0s                               # error code
        -1s                              # error message
