#
# Copyright 2021-2023 Aklivity Inc.
#
# Aklivity licenses this file to you under the Apache License,
# version 2.0 (the "License"); you may not use this file except in compliance
# with the License. You may obtain a copy of the License at:
#
#   http://www.apache.org/licenses/LICENSE-2.0
#
# Unless required by applicable law or agreed to in writing, software
# distributed under the License is distributed on an "AS IS" BASIS, WITHOUT
# WARRANTIES OR CONDITIONS OF ANY KIND, either express or implied. See the
# License for the specific language governing permissions and limitations
# under the License.
#



accept "zilla://streams/net0"
  option zilla:window 8192
  option zilla:transmission "duplex"
  option zilla:byteorder "network"

accepted

connected

read  22                                # size
      10s                               # find coordinator
      1s                                # v1
      (int:newRequestId)
      5s "zilla"                        # client id
      4s "test"                         # "test" coordinator key
      [0x00]                            # coordinator group type

write 35                                 # size
      ${newRequestId}
      0                                  # throttle time
      0s                                 # no error
      4s "none"                          # error message none
      0                                  # coordinator node
      9s "localhost"                  # host
      9092                            # port

read 82                                                 # size
     32s                                                # describe configs
     0s                                                 # v0
     (int:requestId)
     -1s                                                # no client id
     1                                                  # resources
       [0x04]                                           # broker resource
       1s "0"                                           # "node" topic
       2                                                # configs
         28s "group.min.session.timeout.ms"             # name
         28s "group.max.session.timeout.ms"             # name

write 103                                                # size
      ${requestId}
      0
      1                                                  # resources
        0s                                               # no error
        -1s                                              # error message
        [0x04]                                           # broker resource
        1s "0"                                           # "0" nodeId
        2                                                # configs
          28s "group.min.session.timeout.ms"             # name
          4s "6000"                                      # value
          [0x00]                                          # not read only
          [0x00]                                          # not default
          [0x00]                                          # not sensitive
          28s "group.max.session.timeout.ms"             # name
          5s "30000"                                     # value
          [0x00]                                          # not read only
          [0x00]                                          # not default
          [0x00]                                          # not sensitive

accepted

connected

read  219                               # size
      11s                               # join group
      5s                                # v5
      (int:newRequestId)
      5s "zilla"                        # client id
      4s "test"                         # consumer group
      30000                             # session timeout
      4000                              # rebalance timeout
      0s                                # consumer group member
      5s "zilla"                        # group instance id
      8s "consumer"                     # protocol type
      1                                 # group protocol
        9s "rebalance"                    # protocol name
        152                               # metadata size
        0s                                # lowest version
        2                                 # topic count
            5s "test1"                    # test name
            5s "test2"                    # test name
            58                            # userdata length
             ${kafka:memberMetadata()
                  .consumerId("consumer-1")
                  .topic("test1")
                      .partitionId(0)
                      .build()
                  .topic("test2")
                     .partitionId(0)
                     .build()
                  .build()}
            0                             # owned partition
            58                            # userdata length
             ${kafka:memberMetadata()
                  .consumerId("consumer-1")
                  .topic("test1")
                      .partitionId(0)
                      .build()
                  .topic("test2")
                     .partitionId(0)
                     .build()
                  .build()}
            0                             # owned partition


write 34                                                # size
      ${newRequestId}
      0                                                 # throttle time
      79s                                               # member id required
      -1                                                # generated id
      0s                                                # protocol name
      0s                                                # leader id
      10s "memberId-1"                                  # consumer member group id
      0                                                 # members

read  229                               # size
      11s                               # join group
      5s                                # v5
      (int:newRequestId)
      5s "zilla"                        # no client id
      4s "test"                         # consumer group
      30000                             # session timeout
      4000                              # rebalance timeout
      10s "memberId-1"                  # consumer group member
      5s "zilla"                       # group instance id
      8s "consumer"                     # protocol type
      1                                 # group protocol
        9s "rebalance"                    # protocol name
        152                               # metadata size
        0s                                # lowest version
        2                                 # topic count
            5s "test1"                    # test name
            5s "test2"                    # test name
            58                            # userdata length
             ${kafka:memberMetadata()
                  .consumerId("consumer-1")
                  .topic("test1")
                      .partitionId(0)
                      .build()
                  .topic("test2")
                     .partitionId(0)
                     .build()
                  .build()}
            0                             # owned partition
            58                            # userdata length
             ${kafka:memberMetadata()
                  .consumerId("consumer-1")
                  .topic("test1")
                      .partitionId(0)
                      .build()
                  .topic("test2")
                     .partitionId(0)
                     .build()
                  .build()}
            0                             # owned partition

write 228                                               # size
      ${newRequestId}
      0                                                 # throttle time
      0s                                                # no error
      0                                                 # generated id
      9s "rebalance"                                    # protocol name
      10s "memberId-1"                                  # leader id
      10s "memberId-1"                                  # consumer member group id
      1                                                 # members
         10s "memberId-1"                                  # consumer member group id
         5s "zilla"                                        # group instance id
         152                                               # metadata size
         0s                                                # lowest version
          2                                               # topic count
             5s "test1"                                    # test name
             5s "test2"                                    # test name
             58                                            # userdata length
             ${kafka:memberMetadata()
                  .consumerId("consumer-1")
                  .topic("test1")
                      .partitionId(0)
                      .build()
                  .topic("test2")
                     .partitionId(0)
                     .build()
                  .build()}
             0                                             # owned partition
             58                                            # userdata length
             ${kafka:memberMetadata()
                  .consumerId("consumer-1")
                  .topic("test1")
                      .partitionId(0)
                      .build()
                  .topic("test2")
                     .partitionId(0)
                     .build()
                  .build()}
             0                                             # owned partition


read 198                                           # size
     14s                                           # sync group
     3s                                            # v3
     (int:newRequestId)
     5s "zilla"                                    # no client id
     4s "test"                                     # consumer group
     0                                             # generation id
     10s "memberId-1"                              # consumer member group id
     5s "zilla"                                    # group instance id
     1                                             # assignments
       10s "memberId-1"                             # consumer member group id
       134                                          # metadata
         0s                                           # lowest version
         2                                            # topic count
            5s "test1"                                    # test name
            1                                             # partition count
            0                                             # partition id
            5s "test2"                                    # test name
            1                                             # partition count
            0                                             # partition id
            94                                            # userdata
            [0x5a 0x00 0x00 0x00 0x02 0x00 0x00 0x00]
            [0x00 0x05 0x74 0x65 0x73 0x74 0x31 0x00]
            [0x00 0x00 0x20 0x1c 0x00 0x00 0x00 0x01]
            [0x00 0x00 0x00 0x0a 0x00 0x63 0x6f 0x6e]
            [0x73 0x75 0x6d 0x65 0x72 0x2d 0x31 0x08]
            [0x00 0x00 0x00 0x01 0x00 0x00 0x00 0x00]
            [0x00 0x00 0x00 0x00 0x05 0x74 0x65 0x73]
            [0x74 0x32 0x00 0x00 0x00 0x20 0x1c 0x00]
            [0x00 0x00 0x01 0x00 0x00 0x00 0x0a 0x00]
            [0x63 0x6f 0x6e 0x73 0x75 0x6d 0x65 0x72]
            [0x2d 0x31 0x08 0x00 0x00 0x00 0x01 0x00]
            [0x00 0x00 0x00 0x00 0x00 0x00]


write 148                                               # size
      ${newRequestId}
      0                                                 # throttle time
      0s                                                # no error
      134                                               # metadata
        0s                                              # lowest version
        2                                               # topic count
           5s "test1"                                    # test name
               1                                             # partition count
               0                                             # partition id
           5s "test2"                                    # test name
               1                                             # partition count
               0                                             # partition id
           94                                            # userdata
           [0x5a 0x00 0x00 0x00 0x02 0x00 0x00 0x00]
           [0x00 0x05 0x74 0x65 0x73 0x74 0x31 0x00]
           [0x00 0x00 0x20 0x1c 0x00 0x00 0x00 0x01]
           [0x00 0x00 0x00 0x0a 0x00 0x63 0x6f 0x6e]
           [0x73 0x75 0x6d 0x65 0x72 0x2d 0x31 0x08]
           [0x00 0x00 0x00 0x01 0x00 0x00 0x00 0x00]
           [0x00 0x00 0x00 0x00 0x05 0x74 0x65 0x73]
           [0x74 0x32 0x00 0x00 0x00 0x20 0x1c 0x00]
           [0x00 0x00 0x01 0x00 0x00 0x00 0x0a 0x00]
           [0x63 0x6f 0x6e 0x73 0x75 0x6d 0x65 0x72]
           [0x2d 0x31 0x08 0x00 0x00 0x00 0x01 0x00]
           [0x00 0x00 0x00 0x00 0x00 0x00]


