#
# Copyright 2021-2023 Aklivity Inc
#
# Licensed under the Aklivity Community License (the "License"); you may not use
# this file except in compliance with the License.  You may obtain a copy of the
# License at
#
#   https://www.aklivity.io/aklivity-community-license/
#
# Unless required by applicable law or agreed to in writing, software
# distributed under the License is distributed on an "AS IS" BASIS, WITHOUT
# WARRANTIES OF ANY KIND, either express or implied.  See the License for the
# specific language governing permissions and limitations under the License.
#

connect "zilla://streams/app0"
    option zilla:window 8192

connected


connect "http://localhost:4318/v1/logs"
connected

write http:method "POST"
write http:version "HTTP/1.1"
write http:header "Host" "localhost:4318"
write http:header "Content-Length" "439"
write
'{'
    '"resourceLogs":['
        '{'
            '"resource":{'
                '"attributes":['
                    '{'
                        '"key":"service.namespace",'
                        '"value":{'
                            '"stringValue":"example"'
                        '}'
                    '}'
                ']'
            '},'
            '"scopeLogs":['
                '{'
                    '"scope":{'
                        '"name":"OtlpLogsSerializer",'
                        '"version":"1.0.0"'
                    '},'
                    '"logRecords":['
                        '{'
                            '"timeUnixNano":42000000,'
                            '"observedTimeUnixNano":42000000,'
                            '"traceId":"00000000000000008000000000000001",'
                            '"spanId":"0000000100000004",'
                            '"body":{'
                                '"stringValue":"test event message"'
                            '},'
                            '"attributes":['
                                '{'
                                    '"key":"qname",'
                                    '"value":{'
                                        '"stringValue":"test.net0"'
                                    '}'
                                '}'
                            ']'
                        '}'
                    ']'
                '}'
            ']'
        '}'
    ']'
'}'
write close

read http:status "200" "OK"
