#
# Copyright 2021-2023 Aklivity Inc.
#
# Aklivity licenses this file to you under the Apache License,
# version 2.0 (the "License"); you may not use this file except in compliance
# with the License. You may obtain a copy of the License at:
#
#   http://www.apache.org/licenses/LICENSE-2.0
#
# Unless required by applicable law or agreed to in writing, software
# distributed under the License is distributed on an "AS IS" BASIS, WITHOUT
# WARRANTIES OR CONDITIONS OF ANY KIND, either express or implied. See the
# License for the specific language governing permissions and limitations
# under the License.
#

property deltaMillis 0L
property newTimestamp ${kafka:timestamp() + deltaMillis}

accept "zilla://streams/app0"
    option zilla:window 8192
    option zilla:transmission "half-duplex"

accepted

read zilla:begin.ext ${kafka:beginEx()
                              .typeId(zilla:id("kafka"))
                              .merged()
                                   .capabilities("PRODUCE_ONLY")
                                   .topic("test")
                                   .ackMode("LEADER_ONLY")
                                   .build()
                               .build()}

connected

write zilla:begin.ext ${kafka:beginEx()
                               .typeId(zilla:id("kafka"))
                               .merged()
                                   .capabilities("PRODUCE_ONLY")
                                   .topic("test")
                                   .partition(0, -1)
                                   .build()
                              .build()}
write flush

read advised zilla:flush ${kafka:flushEx()
                              .typeId(zilla:id("kafka"))
                              .merged()
                                .produce()
                                  .key("a")
                                  .hashKey("key7")
                                  .build()
                              .build()}

write advise zilla:flush ${kafka:flushEx()
                              .typeId(zilla:id("kafka"))
                              .merged()
                                .produce()
                                  .partitionId(0)
                                  .build()
                              .build()}

read zilla:data.ext ${kafka:dataEx()
                              .typeId(zilla:id("kafka"))
                              .merged()
                                .produce()
                                  .timestamp(newTimestamp)
                                  .producerId(1)
                                  .producerEpoch(1)
                                  .partition(0, 0)
                                  .key("a")
                                  .hashKey("key7")
                                  .build()
                              .build()}
read "Hello, world #A1"
