#
# Copyright 2021-2024 Aklivity Inc
#
# Licensed under the Aklivity Community License (the "License"); you may not use
# this file except in compliance with the License.  You may obtain a copy of the
# License at
#
#   https://www.aklivity.io/aklivity-community-license/
#
# Unless required by applicable law or agreed to in writing, software
# distributed under the License is distributed on an "AS IS" BASIS, WITHOUT
# WARRANTIES OF ANY KIND, either express or implied.  See the License for the
# specific language governing permissions and limitations under the License.
#

accept "zilla://streams/asyncapi_client0"
        option zilla:window 8192
        option zilla:transmission "duplex"

accepted

read zilla:begin.ext ${asyncapi:matchBeginEx()
                             .typeId(zilla:id("asyncapi"))
                             .apiId(0)
                             .extension(kafka:matchBeginEx()
                                           .typeId(zilla:id("kafka"))
                                           .merged()
                                               .capabilities("PRODUCE_ONLY")
                                               .topic("petstore")
                                               .partition(-1, -2)
                                               .ackMode("IN_SYNC_REPLICAS")
                                               .build()
                                            .build())
                             .build()}

connected

read option zilla:flags "init"
read zilla:data.ext ${kafka:matchDataEx()
                             .typeId(zilla:id("kafka"))
                             .merged()
                                .produce()
                                 .partition(-1, -1)
                                 .build()
                             .build()}
read zilla:data.empty

read option zilla:flags "none"
read "{\"id\": 1, \"name\": \"Dog\", \"tag\": \"test\"}"

read option zilla:flags "fin"
read zilla:data.empty

read closed
write close
