#
# Copyright 2021-2023 Aklivity Inc.
#
# Aklivity licenses this file to you under the Apache License,
# version 2.0 (the "License"); you may not use this file except in compliance
# with the License. You may obtain a copy of the License at:
#
#   http://www.apache.org/licenses/LICENSE-2.0
#
# Unless required by applicable law or agreed to in writing, software
# distributed under the License is distributed on an "AS IS" BASIS, WITHOUT
# WARRANTIES OR CONDITIONS OF ANY KIND, either express or implied. See the
# License for the specific language governing permissions and limitations
# under the License.
#

property key ${ws:handshakeKey()}
property writeMaskA ${http:randomBytes(4)}
property writeMaskB ${http:randomBytes(4)}
property writeMaskC ${http:randomBytes(4)}
property writeMaskD ${http:randomBytes(4)}
property writeMaskE ${http:randomBytes(4)}

connect "http://localhost:8080/echo"
connected

write http:method "GET"
write http:version "HTTP/1.1"
write http:host
write http:header "Upgrade" "websocket"
write http:header "Connection" "Upgrade"
write http:header "Sec-WebSocket-Key" ${key}
write http:header "Sec-WebSocket-Version" "13"

read http:status "101" /.+/
read http:version "HTTP/1.1"
read http:header "Upgrade" /(?i:websocket)/
read http:header "Connection" /(?i:Upgrade)/
read http:header "Sec-WebSocket-Accept" ${ws:handshakeHash(key)}

write [0x02 0x80] ${writeMaskA}
write [0x00 0x80] ${writeMaskB}
write [0x00 0x80] ${writeMaskC}
write [0x00 0x80] ${writeMaskD}
write [0x80 0x80] ${writeMaskE}

read [0x82 0x00]
