#
# Copyright 2021-2026 Aklivity Inc
#
# Licensed under the Aklivity Community License (the "License"); you may not use
# this file except in compliance with the License.  You may obtain a copy of the
# License at
#
#   https://www.aklivity.io/aklivity-community-license/
#
# Unless required by applicable law or agreed to in writing, software
# distributed under the License is distributed on an "AS IS" BASIS, WITHOUT
# WARRANTIES OF ANY KIND, either express or implied.  See the License for the
# specific language governing permissions and limitations under the License.
#

property serverAddress "zilla://streams/http0"

accept ${serverAddress}
       option zilla:window 8192
       option zilla:transmission "half-duplex"

accepted

read zilla:begin.ext ${http:matchBeginEx()
                           .typeId(zilla:id("http"))
                           .header(":method", "POST")
                           .header(":scheme", "https")
                           .header(":authority", "api.github.com:443")
                           .header(":path", "/repos/acme/widget/pulls")
                           .header("content-type", "application/json")
                           .build()}

connected

write notify REQUEST_RECEIVED

# reject the request stream itself, the opposite direction from an abort: this exercises the
# proxy's upstream-reset path (as distinct from the upstream-abort path already covered by
# create.pr.aborted), which must still surface as an abort on the downstream tool-call reply
write zilla:reset.ext ${http:resetEx()
                            .typeId(zilla:id("http"))
                            .build()}
