#
# Copyright 2021-2022 Aklivity Inc
#
# Licensed under the Aklivity Community License (the "License"); you may not use
# this file except in compliance with the License.  You may obtain a copy of the
# License at
#
#   https://www.aklivity.io/aklivity-community-license/
#
# Unless required by applicable law or agreed to in writing, software
# distributed under the License is distributed on an "AS IS" BASIS, WITHOUT
# WARRANTIES OF ANY KIND, either express or implied.  See the License for the
# specific language governing permissions and limitations under the License.
#

accept "zilla://streams/net0"
  option zilla:window 8192
  option zilla:transmission "half-duplex"
accepted

read zilla:begin.ext ${http:matchBeginEx()
                             .typeId(zilla:id("http"))
                             .header(":method", "POST")
                             .header(":scheme", "http")
                             .header(":authority", "localhost:8080")
                             .header(":path", "/example.EchoService/EchoUnary")
                             .header("content-type", "application/grpc-web+proto")
                             .header("te", "trailers")
                             .header("custom", "test")
                             .build()}

connected

read ${grpc:message()
           .string(1, "Hello World")
           .build()}

read closed

write zilla:begin.ext ${http:beginEx()
                              .typeId(zilla:id("http"))
                              .header(":status", "200")
                              .header("content-type", "application/grpc-web+proto")
                              .header("grpc-encoding", "identity")
                              .build()}
write flush

write ${grpc:message()
            .string(1, "Hello World")
            .build()}
write flush

write [0x80]                 # Glag setting 128
      [0x00 0x00 0x00 0x10]  # Message size
      [0x47 0x72 0x70 0x63 0x2d 0x53 0x74 0x61 0x74 0x75 0x73 0x3a 0x20 0x30 0x0d 0x0a] # grpc-status: 0
write flush

write close
