#
# Copyright 2021-2022 Aklivity Inc.
#
# Aklivity licenses this file to you under the Apache License,
# version 2.0 (the "License"); you may not use this file except in compliance
# with the License. You may obtain a copy of the License at:
#
#   http://www.apache.org/licenses/LICENSE-2.0
#
# Unless required by applicable law or agreed to in writing, software
# distributed under the License is distributed on an "AS IS" BASIS, WITHOUT
# WARRANTIES OR CONDITIONS OF ANY KIND, either express or implied. See the
# License for the specific language governing permissions and limitations
# under the License.
#

accept "zilla://streams/app0"
        option zilla:window 8192
        option zilla:transmission "half-duplex"
        option zilla:authorization 1L
        option zilla:capabilities ${core:capabilities("CHALLENGE")}
accepted

read zilla:begin.ext ${http:matchBeginEx()
                           .typeId(zilla:id("http"))
                           .header(":method", "GET")
                           .header(":scheme", "https")
                           .header(":path", "/")
                           .header(":authority", "example.com:9090")
                           .header("authorization", "Bearer TOKEN")
                           .build()}
connected

read closed

write zilla:begin.ext ${http:beginEx()
                            .typeId(zilla:id("http"))
                            .header(":status", "200")
                            .header("server", "Zilla")
                            .header("date", "Tue, 02 Feb 2022 22:22:22 GMT")
                            .header("content-type", "text/event-stream; charset=UTF-8")
                            .build()}

write "data:Hello, world\n"
      "\n"
write flush

write advised zilla:challenge ${http:challengeEx()
                                    .typeId(zilla:id("http"))
                                    .header(":method", "POST")
                                    .header(":scheme", "https")
                                    .header(":authority", "example.com:9090")
                                    .header(":path", "/")
                                    .header("content-type", "application/x-challenge-response")
                                    .build()}

write "type:challenge\n"
      "data:"
      "{"
          "\"method\":\"POST\","
          "\"url\":\"https://example.com:9090/\","
          "\"headers\":"
          "{"
              "\"content-type\":\"application/x-challenge-response\""
          "}"
      "}\n"
      "\n"
write flush
