#
# Copyright 2021-2023 Aklivity Inc
#
# Licensed under the Aklivity Community License (the "License"); you may not use
# this file except in compliance with the License.  You may obtain a copy of the
# License at
#
#   https://www.aklivity.io/aklivity-community-license/
#
# Unless required by applicable law or agreed to in writing, software
# distributed under the License is distributed on an "AS IS" BASIS, WITHOUT
# WARRANTIES OF ANY KIND, either express or implied.  See the License for the
# specific language governing permissions and limitations under the License.
#

accept "zilla://streams/kafka0"
        option zilla:window 8192
        option zilla:transmission "duplex"


accepted

read zilla:begin.ext ${kafka:matchBeginEx()
                            .typeId(zilla:id("kafka"))
                            .merged()
                                .capabilities("PRODUCE_AND_FETCH")
                                .topic("mqtt_sessions")
                                .groupId("mqtt-clients")
                                .filter()
                                    .header("type", "will-signal")
                                    .build()
                                .filter()
                                    .header("type", "expiry-signal")
                                    .build()
                                .build()
                            .build()}

connected
read notify SIGNAL_STREAM_STARTED

write await RECEIVED_EXPIRY_CANCELLATION_SIGNAL
write zilla:data.ext ${kafka:dataEx()
                           .typeId(zilla:id("kafka"))
                           .merged()
                               .deferred(0)
                               .partition(-1, -1)
                               .key("client-1#expiry-signal")
                               .hashKey("client-1")
                               .header("type", "expiry-signal")
                               .build()
                           .build()}
write flush

write await RECEIVED_EXPIRE_LATER_SIGNAL
write zilla:data.ext ${kafka:dataEx()
                           .typeId(zilla:id("kafka"))
                           .merged()
                               .deferred(0)
                               .partition(-1, -1)
                               .key("client-1#expiry-signal")
                               .header("type", "expiry-signal")
                               .build()
                           .build()}
write ${mqtt:sessionSignal()
            .expiry()
                .instanceId("zilla-1")
                .clientId("client-1")
                .delay(1000)
                .expireAt(-1)
                .build()
            .build()}
write flush

# expiry signal for client-1, expire at (now + delay)
write await RECEIVED_EXPIRE_AT_SIGNAL
write zilla:data.ext ${kafka:dataEx()
                           .typeId(zilla:id("kafka"))
                           .merged()
                               .deferred(0)
                               .partition(-1, -1)
                               .key("client-1#expiry-signal")
                               .header("type", "expiry-signal")
                               .build()
                           .build()}
write ${mqtt:sessionSignal()
            .expiry()
                .instanceId("zilla-1")
                .clientId("client-1")
                .delay(1000)
                .expireAt(2000)
                .build()
            .build()}
write flush

# cleanup session state
read zilla:data.ext ${kafka:matchDataEx()
                           .typeId(zilla:id("kafka"))
                           .merged()
                               .deferred(0)
                               .partition(-1, -1)
                               .key("client-1")
                               .hashKey("client-1")
                               .build()
                           .build()}
read zilla:data.null


accepted

read zilla:begin.ext ${kafka:matchBeginEx()
                            .typeId(zilla:id("kafka"))
                            .merged()
                                .capabilities("PRODUCE_AND_FETCH")
                                .topic("mqtt_sessions")
                                .groupId("mqtt-clients")
                                .filter()
                                    .key("client-1#migrate")
                                    .headerNot("sender-id", "sender-1")
                                    .build()
                                .build()
                            .build()}

connected
# receive sender-1 migrate signal

read zilla:data.ext ${kafka:matchDataEx()
                           .typeId(zilla:id("kafka"))
                           .merged()
                               .deferred(0)
                               .partition(-1, -1)
                               .key("client-1#migrate")
                               .hashKey("client-1")
                               .header("sender-id", "sender-1")
                               .build()
                           .build()}
read zilla:data.empty

read closed
write close


accepted

read zilla:begin.ext ${kafka:matchBeginEx()
                               .typeId(zilla:id("kafka"))
                               .group()
                                   .groupId("client-1")
                                   .protocol("highlander")
                                   .timeout(1000)
                                   .build()
                               .build()}

connected

# send group members (leader)
write advise zilla:flush ${kafka:flushEx()
                             .typeId(zilla:id("kafka"))
                             .group()
                                 .leaderId("member-1")
                                 .memberId("member-1")
                                 .members("member-1")
                                 .build()
                             .build()}
write flush

read zilla:data.empty

read closed


accepted

read zilla:begin.ext ${kafka:matchBeginEx()
                            .typeId(zilla:id("kafka"))
                            .merged()
                                .capabilities("PRODUCE_AND_FETCH")
                                .topic("mqtt_sessions")
                                .groupId("mqtt-clients")
                                .filter()
                                    .key("client-1")
                                    .build()
                                .filter()
                                    .key("client-1#migrate")
                                    .headerNot("sender-id", "sender-1")
                                    .build()
                                .build()
                            .build()}

connected

# will delivery cancellation signal for client-1
read zilla:data.ext ${kafka:matchDataEx()
                           .typeId(zilla:id("kafka"))
                           .merged()
                               .deferred(0)
                               .partition(-1, -1)
                               .key("client-1#will-signal")
                               .hashKey("client-1")
                               .header("type", "will-signal")
                               .build()
                           .build()}
read zilla:data.null
read notify RECEIVED_WILL_CANCELLATION_SIGNAL


# session expiry cancellation signal for client-1
read zilla:data.ext ${kafka:matchDataEx()
                           .typeId(zilla:id("kafka"))
                           .merged()
                               .deferred(0)
                               .partition(-1, -1)
                               .key("client-1#expiry-signal")
                               .hashKey("client-1")
                               .header("type", "expiry-signal")
                               .build()
                           .build()}
read zilla:data.null
read notify RECEIVED_EXPIRY_CANCELLATION_SIGNAL

# expiry signal for client-1, deliver later
read zilla:data.ext ${kafka:matchDataEx()
                           .typeId(zilla:id("kafka"))
                           .merged()
                               .deferred(0)
                               .partition(-1, -1)
                               .key("client-1#expiry-signal")
                               .hashKey("client-1")
                               .header("type", "expiry-signal")
                               .build()
                           .build()}
read ${mqtt:sessionSignal()
           .expiry()
               .instanceId("zilla-1")
               .clientId("client-1")
               .delay(1000)
               .expireAt(-1)
               .build()
           .build()}

write notify RECEIVED_EXPIRE_LATER_SIGNAL

# no session state
# no migrate signals
write advise zilla:flush

# expiry signal for client-1, expire at (now + delay)
read zilla:data.ext ${kafka:matchDataEx()
                           .typeId(zilla:id("kafka"))
                           .merged()
                               .deferred(0)
                               .partition(-1, -1)
                               .key("client-1#expiry-signal")
                               .hashKey("client-1")
                               .header("type", "expiry-signal")
                               .build()
                           .build()}
read ${mqtt:sessionSignal()
           .expiry()
               .instanceId("zilla-1")
               .clientId("client-1")
               .delay(1000)
               .expireAt(2000)
               .build()
           .build()}

write notify RECEIVED_EXPIRE_AT_SIGNAL

read closed
write close
