#
# Copyright 2021-2026 Aklivity Inc
#
# Licensed under the Aklivity Community License (the "License"); you may not use
# this file except in compliance with the License.  You may obtain a copy of the
# License at
#
#   https://www.aklivity.io/aklivity-community-license/
#
# Unless required by applicable law or agreed to in writing, software
# distributed under the License is distributed on an "AS IS" BASIS, WITHOUT
# WARRANTIES OF ANY KIND, either express or implied.  See the License for the
# specific language governing permissions and limitations under the License.
#

property serverAddress "zilla://streams/http0"

accept ${serverAddress}
       option zilla:window 8192
       option zilla:transmission "half-duplex"

accepted

read zilla:begin.ext ${http:matchBeginEx()
                           .typeId(zilla:id("http"))
                           .header(":method", "GET")
                           .header(":scheme", "https")
                           .header(":authority", "api.github.com:443")
                           .header(":path", "/echo")
                           .headerMissing("cookie")
                           .build()}

connected

write zilla:begin.ext ${http:beginEx()
                            .typeId(zilla:id("http"))
                            .header(":status", "200")
                            .header("content-type", "application/json")
                            .build()}
write flush

write '{"status":"ok"}'
write flush

write close

read closed
