#
# Copyright 2021-2023 Aklivity Inc
#
# Licensed under the Aklivity Community License (the "License"); you may not use
# this file except in compliance with the License.  You may obtain a copy of the
# License at
#
#   https://www.aklivity.io/aklivity-community-license/
#
# Unless required by applicable law or agreed to in writing, software
# distributed under the License is distributed on an "AS IS" BASIS, WITHOUT
# WARRANTIES OF ANY KIND, either express or implied.  See the License for the
# specific language governing permissions and limitations under the License.
#

accept "zilla://streams/kafka0"
        option zilla:window 8192
        option zilla:transmission "duplex"


accepted

read zilla:begin.ext ${kafka:matchBeginEx()
                            .typeId(zilla:id("kafka"))
                            .merged()
                                .capabilities("PRODUCE_AND_FETCH")
                                .topic("mqtt_sessions")
                                .groupId("mqtt-clients")
                                .filter()
                                    .header("type", "will-signal")
                                    .build()
                                .filter()
                                    .header("type", "expiry-signal")
                                    .build()
                                .build()
                            .build()}

connected
read notify WILL_STREAM_STARTED

write await RECEIVED_WILL_DELIVER_LATER_SIGNAL
write zilla:data.ext ${kafka:dataEx()
                           .typeId(zilla:id("kafka"))
                           .merged()
                               .deferred(0)
                               .partition(-1, -1)
                               .key("client-1#will-signal")
                               .header("type", "will-signal")
                               .build()
                           .build()}
write ${mqtt:sessionSignal()
            .will()
                .instanceId("zilla-1")
                .clientId("client-1")
                .delay(0)
                .deliverAt(-1)
                .lifetimeId("7ce005a0-ce9d-444d-b14b-2f302d13799d")
                .willId("d252a6bd-abb5-446a-b0f7-d0a3d8c012e2")
                .build()
            .build()}
write flush


# no will lifetimeId fetch due to clean-start
accepted

read zilla:begin.ext ${kafka:matchBeginEx()
                            .typeId(zilla:id("kafka"))
                            .merged()
                                .capabilities("PRODUCE_AND_FETCH")
                                .topic("mqtt_sessions")
                                .groupId("mqtt-clients")
                                .filter()
                                    .key("client-1#migrate")
                                    .headerNot("sender-id", "sender-1")
                                    .build()
                                .build()
                            .build()}

connected

# receive sender-1 migrate signal
read zilla:data.ext ${kafka:matchDataEx()
                           .typeId(zilla:id("kafka"))
                           .merged()
                               .deferred(0)
                               .partition(-1, -1)
                               .key("client-1#migrate")
                               .hashKey("client-1")
                               .header("sender-id", "sender-1")
                               .build()
                           .build()}
read zilla:data.empty

read closed
write close


accepted

read zilla:begin.ext ${kafka:matchBeginEx()
                               .typeId(zilla:id("kafka"))
                               .group()
                                   .groupId("client-1")
                                   .protocol("highlander")
                                   .timeout(1000)
                                   .build()
                               .build()}

connected

# send group members (leader)
write zilla:data.ext ${kafka:dataEx()
                             .typeId(zilla:id("kafka"))
                             .group()
                                 .leaderId("member-1")
                                 .memberId("member-1")
                                 .members(1)
                                 .build()
                             .build()}
write flush


accepted

read zilla:begin.ext ${kafka:matchBeginEx()
                            .typeId(zilla:id("kafka"))
                            .merged()
                                .capabilities("PRODUCE_ONLY")
                                .topic("mqtt_sessions")
                                .groupId("mqtt-clients")
                                .filter()
                                    .key("client-1")
                                    .build()
                                .filter()
                                    .key("client-1#migrate")
                                    .headerNot("sender-id", "sender-1")
                                    .build()
                                .build()
                            .build()}

connected

# no will cancellation signal due to clean-start

# session expiry cancellation signal for client-1
read zilla:data.ext ${kafka:matchDataEx()
                           .typeId(zilla:id("kafka"))
                           .merged()
                               .deferred(0)
                               .partition(-1, -1)
                               .key("client-1#expiry-signal")
                               .hashKey("client-1")
                               .header("type", "expiry-signal")
                               .build()
                           .build()}
read zilla:data.null

# session expire later signal for client-1
read zilla:data.ext ${kafka:matchDataEx()
                           .typeId(zilla:id("kafka"))
                           .merged()
                               .deferred(0)
                               .partition(-1, -1)
                               .key("client-1#expiry-signal")
                               .hashKey("client-1")
                               .header("type", "expiry-signal")
                               .build()
                           .build()}
read ${mqtt:sessionSignal()
           .expiry()
               .instanceId("zilla-1")
               .clientId("client-1")
               .delay(1000)
               .expireAt(-1)
               .build()
           .build()}

# will message for client-1
read zilla:data.ext ${kafka:matchDataEx()
                           .typeId(zilla:id("kafka"))
                           .merged()
                               .deferred(0)
                               .partition(-1, -1)
                               .key("client-1#will-1e6a1eb5-810a-459d-a12c-a6fa08f228d1")
                               .hashKey("client-1")
                               .build()
                           .build()}
read ${mqtt:will()
           .topic("obituaries")
           .delay(0)
           .format("TEXT")
           .lifetimeId("1e6a1eb5-810a-459d-a12c-a6fa08f228d1")
           .willId("d252a6bd-abb5-446a-b0f7-d0a3d8c012e2")
           .payload("client-1 disconnected abruptly")
      .build()}

# will signal for client-1, deliver later
read zilla:data.ext ${kafka:matchDataEx()
                           .typeId(zilla:id("kafka"))
                           .merged()
                               .deferred(0)
                               .partition(-1, -1)
                               .key("client-1#will-signal")
                               .hashKey("client-1")
                               .header("type", "will-signal")
                               .build()
                           .build()}
read ${mqtt:sessionSignal()
           .will()
               .instanceId("zilla-1")
               .clientId("client-1")
               .delay(0)
               .deliverAt(-1)
               .lifetimeId("1e6a1eb5-810a-459d-a12c-a6fa08f228d1")
               .willId("d252a6bd-abb5-446a-b0f7-d0a3d8c012e2")
               .build()
           .build()}

write notify RECEIVED_WILL_DELIVER_LATER_SIGNAL

read advised zilla:flush ${kafka:matchFlushEx()
                                .typeId(zilla:id("kafka"))
                                .merged()
                                    .capabilities("PRODUCE_AND_FETCH")
                                    .filter()
                                        .key("client-1")
                                        .build()
                                    .filter()
                                        .key("client-1#migrate")
                                        .headerNot("sender-id", "sender-1")
                                        .build()
                                    .build()
                                .build()}

# no session state
# no migrate signals
write advise zilla:flush

