#
# Copyright 2021-2026 Aklivity Inc
#
# Licensed under the Aklivity Community License (the "License"); you may not use
# this file except in compliance with the License.  You may obtain a copy of the
# License at
#
#   https://www.aklivity.io/aklivity-community-license/
#
# Unless required by applicable law or agreed to in writing, software
# distributed under the License is distributed on an "AS IS" BASIS, WITHOUT
# WARRANTIES OF ANY KIND, either express or implied.  See the License for the
# specific language governing permissions and limitations under the License.
#

connect "zilla://streams/http0"
        option zilla:window 8192
        option zilla:transmission "half-duplex"

# limit is absent, so the ${?args.limit=limit} fragment (and its separator) is dropped entirely
write zilla:begin.ext ${http:beginEx()
                            .typeId(zilla:id("http"))
                            .header(":method", "GET")
                            .header(":scheme", "https")
                            .header(":authority", "api.github.com:443")
                            .header(":path", "/items?q=widgets")
                            .build()}

connected

read zilla:begin.ext ${http:matchBeginEx()
                           .typeId(zilla:id("http"))
                           .header(":status", "200")
                           .header("content-type", "application/json")
                           .build()}

read  '{"items":["a","b"]}'
read closed

write close
