#
# Copyright 2021-2024 Aklivity Inc.
#
# Aklivity licenses this file to you under the Apache License,
# version 2.0 (the "License"); you may not use this file except in compliance
# with the License. You may obtain a copy of the License at:
#
#   http://www.apache.org/licenses/LICENSE-2.0
#
# Unless required by applicable law or agreed to in writing, software
# distributed under the License is distributed on an "AS IS" BASIS, WITHOUT
# WARRANTIES OR CONDITIONS OF ANY KIND, either express or implied. See the
# License for the specific language governing permissions and limitations
# under the License.
#

property networkAcceptWindow 8192

accept "zilla://streams/net0"
  option zilla:window ${networkAcceptWindow}
  option zilla:transmission "duplex"
  option zilla:byteorder "network"

accepted

connected

read 28                                 # size
     17s                                # sasl.handshake
     1s                                 # v1
     (int:requestId)
      5s "zilla"                        # client id
      11s "SCRAM-SHA-1"               # mechanism

write 23                                # size
      ${requestId}
      0s                                # no error
      1                                 # mechanisms
        11s "SCRAM-SHA-1"             # SCRAM

read 55                                 # size
     36s                                # sasl.authenticate
     1s                                 # v1
     (int:requestId)
     5s "zilla"                         # client id
     36                                 # authentication bytes
     "n,,n=user,r=fyko+d2lbbFgONRv9qkxdawL"

write 92                                # size
      ${requestId}
      0s                                # no error
      -1s
      70 "r=fyko+d2lbbFgONRv9qkxdawL3rfcNHYJY1ZVvWVs7j,s=QSXCR+Q6sek8bf92,i=4096"  # authentication bytes
      0L                                # session lifetime

read 101                                # size
     36s                                # sasl.authenticate
     1s                                 # v1
     (int:requestId)
     5s "zilla"                         # client id
     82                                 # authentication bytes
     "c=biws,r=fyko+d2lbbFgONRv9qkxdawL3rfcNHYJY1ZVvWVs7j,p=v0X8v3Bz2T0CJGbJQyF0X+HI4Ts="

write 52                                # size
      ${requestId}
      0s                                # no error
      -1s
      30 "v=rmF9pqV8S7suAoZWja4dJRkFsKQ="  # authentication bytes
      0L                                # session lifetime

read 144                                # size
      19s                               # create topics
      3s                                # v3
      (int:newRequestId)
      5s "zilla"                        # client id
      2                                 # topic count
        6s "events"                     # name
        1                               # number of partitions
        1s                              # replication factor
        1                               # assignments
            0                           # partition index
            1                           # broker ids
                0                       # broker id
        1                               # configs
            14s "cleanup.policy"        # name
            6s "delete"                 # value
        9s "snapshots"                  # name
        1                               # number of partitions
        1s                              # replication factor
        1                               # assignments
            0                           # partition index
            1                           # broker ids
                0                       # broker id
        1                               # configs
            14s "cleanup.policy"        # name
            7s "compact"                # value
      0                                 # timeout

write 39                                 # size
      ${newRequestId}
      0                                  # throttle time ms
      2                                  # topics
        6s "events"                      # name
        0s                               # error code
        -1s                              # error message
        9s "snapshots"                   # name
        0s                               # error code
        -1s                              # error message
