#
# Copyright 2021-2024 Aklivity Inc
#
# Licensed under the Aklivity Community License (the "License"); you may not use
# this file except in compliance with the License.  You may obtain a copy of the
# License at
#
#   https://www.aklivity.io/aklivity-community-license/
#
# Unless required by applicable law or agreed to in writing, software
# distributed under the License is distributed on an "AS IS" BASIS, WITHOUT
# WARRANTIES OF ANY KIND, either express or implied.  See the License for the
# specific language governing permissions and limitations under the License.
#

connect "http://localhost:8080/hello.txt"
connected

write http:method "GET"
write close

read http:status "200" "OK"
read http:header "Etag" "AAAAAAA"
read "Hello World!"
read closed
read notify CONFIG_INITIALIZED


connect await CONFIG_INITIALIZED
    "http://localhost:8080/hello.txt"
connected

write http:method "GET"
write http:header "If-None-Match" "AAAAAAA"
write http:header "Prefer" "wait=86400"
write close

read http:status "200" "OK"
read http:header "Etag" "AAAAAAA"
read "Hello World!"
read closed
read notify CONFIG_IDENTICAL

connect await CONFIG_IDENTICAL
    "http://localhost:8080/hello.txt"
connected

write http:method "GET"
write http:header "If-None-Match" "AAAAAAA"
write http:header "Prefer" "wait=86400"
write close

read http:status "200" "OK"
read http:header "Etag" "BBBBBBB"
read "Hello Universe!"
read closed
read notify CONFIG_MODIFIED

connect await CONFIG_MODIFIED
    "http://localhost:8080/hello.txt"
connected

write http:method "GET"
write http:header "If-None-Match" "BBBBBBB"
write http:header "Prefer" "wait=86400"
write close

read http:status "304" "Not changed"
read closed
read notify CONFIG_NOT_MODIFIED

connect await CONFIG_NOT_MODIFIED
    "http://localhost:8080/hello.txt"
connected

write http:method "GET"
write http:header "If-None-Match" "BBBBBBB"
write close
