#
# Copyright 2021-2023 Aklivity Inc.
#
# Aklivity licenses this file to you under the Apache License,
# version 2.0 (the "License"); you may not use this file except in compliance
# with the License. You may obtain a copy of the License at:
#
#   http://www.apache.org/licenses/LICENSE-2.0
#
# Unless required by applicable law or agreed to in writing, software
# distributed under the License is distributed on an "AS IS" BASIS, WITHOUT
# WARRANTIES OR CONDITIONS OF ANY KIND, either express or implied. See the
# License for the specific language governing permissions and limitations
# under the License.
#

property deltaMillis 0L
property newTimestamp ${kafka:timestamp() + deltaMillis}

connect "zilla://streams/app0"
    option zilla:window 8192
    option zilla:transmission "half-duplex"

write zilla:begin.ext ${kafka:beginEx()
                               .typeId(zilla:id("kafka"))
                               .merged()
                                   .capabilities("PRODUCE_ONLY")
                                   .topic("test")
                                   .ackMode("LEADER_ONLY")
                                   .build()
                               .build()}

connected

write zilla:data.ext ${kafka:dataEx()
                              .typeId(zilla:id("kafka"))
                              .merged()
                                  .timestamp(newTimestamp)
                                  .partition(-1, -1)
                                  .build()
                              .build()}
write "Hello, world #A1"
write flush

write advise zilla:flush ${kafka:flushEx()
                                .typeId(zilla:id("kafka"))
                                .merged()
                                   .typeId(1)
                                   .fetch()
                                    .partition(-1, -1)
                                    .capabilities("PRODUCE_ONLY")
                                    .build()
                                .build()}

write zilla:data.ext ${kafka:dataEx()
                              .typeId(zilla:id("kafka"))
                              .merged()
                                  .timestamp(newTimestamp)
                                  .partition(-1, -1)
                                  .build()
                              .build()}
write "Hello, world #B1"
write flush

write zilla:data.ext ${kafka:dataEx()
                              .typeId(zilla:id("kafka"))
                              .merged()
                                  .timestamp(newTimestamp)
                                  .partition(-1, -1)
                                  .build()
                              .build()}
write "Hi, world #C1"
write flush

write advise zilla:flush ${kafka:flushEx()
                                .typeId(zilla:id("kafka"))
                                .merged()
                                  .typeId(1)
                                  .fetch()
                                    .partition(-1, -1)
                                    .capabilities("PRODUCE_ONLY")
                                    .build()
                                .build()}

write zilla:data.ext ${kafka:dataEx()
                              .typeId(zilla:id("kafka"))
                              .merged()
                                  .timestamp(newTimestamp)
                                  .partition(-1, -1)
                                  .build()
                              .build()}
write "Hello, world #A2"
write flush

write advise zilla:flush ${kafka:flushEx()
                                .typeId(zilla:id("kafka"))
                                .merged()
                                  .typeId(1)
                                  .fetch()
                                    .partition(-1, -1)
                                    .capabilities("PRODUCE_ONLY")
                                    .build()
                                .build()}

write zilla:data.ext ${kafka:dataEx()
                              .typeId(zilla:id("kafka"))
                              .merged()
                                  .timestamp(newTimestamp)
                                  .partition(-1, -1)
                                  .build()
                              .build()}
write "Hello, world #B2"
write flush

write zilla:data.ext ${kafka:dataEx()
                              .typeId(zilla:id("kafka"))
                              .merged()
                                  .timestamp(newTimestamp)
                                  .partition(-1, -1)
                                  .build()
                              .build()}
write "Hi, world #C2"
write flush

write advise zilla:flush ${kafka:flushEx()
                                .typeId(zilla:id("kafka"))
                                .merged()
                                  .typeId(1)
                                  .fetch()
                                    .partition(-1, -1)
                                    .capabilities("PRODUCE_ONLY")
                                    .build()
                                .build()}

