#
# Copyright 2021-2023 Aklivity Inc.
#
# Aklivity licenses this file to you under the Apache License,
# version 2.0 (the "License"); you may not use this file except in compliance
# with the License. You may obtain a copy of the License at:
#
#   http://www.apache.org/licenses/LICENSE-2.0
#
# Unless required by applicable law or agreed to in writing, software
# distributed under the License is distributed on an "AS IS" BASIS, WITHOUT
# WARRANTIES OR CONDITIONS OF ANY KIND, either express or implied. See the
# License for the specific language governing permissions and limitations
# under the License.
#

accept "zilla://streams/app0"
    option zilla:window 16
    option zilla:transmission "half-duplex"

accepted

read zilla:begin.ext ${kafka:beginEx()
                              .typeId(zilla:id("kafka"))
                              .merged()
                                  .capabilities("PRODUCE_ONLY")
                                  .topic("test")
                                  .ackMode("LEADER_ONLY")
                                  .build()
                              .build()}

connected

read zilla:data.ext ${kafka:matchDataEx()
                             .typeId(zilla:id("kafka"))
                             .merged()
                                 .partition(-1, -1)
                                 .build()
                             .build()}
read "Hello, world #A1"

read advised zilla:flush ${kafka:matchFlushEx()
                                .typeId(zilla:id("kafka"))
                                .merged()
                                   .fetch()
                                    .partition(-1, -1)
                                    .build()
                                .build()}

read zilla:data.ext ${kafka:matchDataEx()
                             .typeId(zilla:id("kafka"))
                             .merged()
                                 .partition(-1, -1)
                                 .build()
                             .build()}
read "Hello, world #B1"


read zilla:data.ext ${kafka:matchDataEx()
                             .typeId(zilla:id("kafka"))
                             .merged()
                                 .partition(-1, -1)
                                 .build()
                             .build()}
read "Hi, world #C1"

read advised zilla:flush ${kafka:matchFlushEx()
                                .typeId(zilla:id("kafka"))
                                .merged()
                                   .fetch()
                                    .partition(-1, -1)
                                    .build()
                                .build()}

read zilla:data.ext ${kafka:matchDataEx()
                             .typeId(zilla:id("kafka"))
                             .merged()
                                 .partition(-1, -1)
                                 .build()
                             .build()}
read "Hello, world #A2"

read advised zilla:flush ${kafka:matchFlushEx()
                                .typeId(zilla:id("kafka"))
                                .merged()
                                  .fetch()
                                    .partition(-1, -1)
                                    .build()
                                .build()}

read zilla:data.ext ${kafka:matchDataEx()
                             .typeId(zilla:id("kafka"))
                             .merged()
                                 .partition(-1, -1)
                                 .build()
                             .build()}
read "Hello, world #B2"


read zilla:data.ext ${kafka:matchDataEx()
                             .typeId(zilla:id("kafka"))
                             .merged()
                                 .partition(-1, -1)
                                 .build()
                             .build()}
read "Hi, world #C2"

read advised zilla:flush ${kafka:matchFlushEx()
                                .typeId(zilla:id("kafka"))
                                .merged()
                                   .fetch()
                                    .partition(-1, -1)
                                    .build()
                                .build()}
