#
# Copyright 2021-2023 Aklivity Inc.
#
# Aklivity licenses this file to you under the Apache License,
# version 2.0 (the "License"); you may not use this file except in compliance
# with the License. You may obtain a copy of the License at:
#
#   http://www.apache.org/licenses/LICENSE-2.0
#
# Unless required by applicable law or agreed to in writing, software
# distributed under the License is distributed on an "AS IS" BASIS, WITHOUT
# WARRANTIES OR CONDITIONS OF ANY KIND, either express or implied. See the
# License for the specific language governing permissions and limitations
# under the License.
#

property networkConnectWindow 8192

property newRequestId ${kafka:newRequestId()}
property fetchWaitMax 500
property fetchBytesMax 65535
property partitionBytesMax 8192

connect "zilla://streams/net0"
  option zilla:window ${networkConnectWindow}
  option zilla:transmission "duplex"
  option zilla:byteorder "network"

connected

write 23                                # size
      17s                               # sasl.handshake
      1s                                # v1
      ${newRequestId}
      -1s                               # no client id
      11s "SCRAM-SHA-1"               # mechanism

read 23                                 # size
     ${newRequestId}
     0s                                 # no error
     1                                  # mechanisms
       11s "SCRAM-SHA-1"              # SCRAM

write 50                                # size
      36s                               # sasl.authenticate
      1s                                # v1
      ${newRequestId}
      -1s                               # no client id
      36                                # authentication bytes
      "n,,n=user,r=fyko+d2lbbFgONRv9qkxdawL"

read 92                                 # size
     ${newRequestId}
     0s                                 # no error
     -1s
     70 "r=fyko+d2lbbFgONRv9qkxdawL3rfcNHYJY1ZVvWVs7j,s=QSXCR+Q6sek8bf92,i=4096"
     0L                                 # session lifetime

write 96                                # size
      36s                               # sasl.authenticate
      1s                                # v1
      ${newRequestId}
      -1s                               # no client id
      82                                # authentication bytes
      "c=biws,r=fyko+d2lbbFgONRv9qkxdawL3rfcNHYJY1ZVvWVs7j,p=v0X8v3Bz2T0CJGbJQyF0X+HI4Ts="

read 52                                 # size
     ${newRequestId}
     0s                                 # no error
     -1s
     30 "v=rmF9pqV8S7suAoZWja4dJRkFsKQ="
     0L                                 # session lifetime

write 75                                # size
      8s                                # offset fetch
      7s                                # 7
      ${newRequestId}
      -1s                               # no client id
      8s "client-1"                     # group id
      0
      10s "memberId-1"                  # consumer member group id
      5s "zilla"                        # group instance id
      1                                 # topics
        4s "test"                       # "test" topic
        1                               # partitions
          0                             # partition 0
          2L                            # committed offset
          0                             # committed leader epoch
          -1s                           # no metadata

read 28                                 # size
     (int:newRequestId)
     0                                  # throttle time ms
     1                                  # topics
       4s "test"                          # "test" topic
       1                                  # partitions
         0                                   # partition index
         0s                                  # no error
