#
# Copyright 2021-2023 Aklivity Inc.
#
# Aklivity licenses this file to you under the Apache License,
# version 2.0 (the "License"); you may not use this file except in compliance
# with the License. You may obtain a copy of the License at:
#
#   http://www.apache.org/licenses/LICENSE-2.0
#
# Unless required by applicable law or agreed to in writing, software
# distributed under the License is distributed on an "AS IS" BASIS, WITHOUT
# WARRANTIES OR CONDITIONS OF ANY KIND, either express or implied. See the
# License for the specific language governing permissions and limitations
# under the License.
#

connect "zilla://streams/net0"
  option zilla:window 8192
  option zilla:transmission "duplex"

connected

# header exchange
write "AMQP" [0x00 0x01 0x00 0x00]
read "AMQP" [0x00 0x01 0x00 0x00]

# open frame exchange
write [0x00 0x00 0x00 0x16]                                      # size = 22
      [0x02]                                                     # doff = 2
      [0x00]                                                     # type = AMQP (0)
      [0x00 0x00]                                                # channel = 0
      [0x00 0x53 0x10]                                           # performative = open (16)
      [0xc0 0x09 0x01]                                           # list type (LIST1), length = 9, fields = 1
      [0xa1 0x06] "client"                                       # container-id = "client"

read [0x00 0x00 0x00 0x1c]                                       # size = 28
     [0x02]                                                      # doff = 2
     [0x00]                                                      # type = AMQP (0)
     [0x00 0x00]                                                 # channel = 0
     [0x00 0x53 0x10]                                            # performative = open (16)
     [0xc0 0x0f 0x03]                                            # list type (LIST1), length = 15, fields = 3
     [0xa1 0x06] "server"                                        # container-id = "server"
     [0x40]                                                      # hostname = null
     [0x70 0x00 0x00 0x03 0xe8]                                  # max frame size = 1000

# begin frame exchange
write [0x00 0x00 0x00 0x1b]                                      # size = 27
      [0x02]                                                     # doff = 2
      [0x00]                                                     # type = AMQP (0)
      [0x00 0x00]                                                # channel = 0
      [0x00 0x53 0x11]                                           # performative = begin (17)
      [0xc0 0x0e 0x04]                                           # list type (list8), length = 14, fields = 4
      [0x40]                                                     # remote-channel = null
      [0x52 0x01]                                                # next-outgoing-id = 1
      [0x70 0x00 0x00 0x07 0xff]                                 # incoming-window = 2047
      [0x70 0x7f 0xff 0xff 0xff]                                 # outgoing-window = 2147483647

read [0x00 0x00 0x00 0x1d]                                       # size = 29
     [0x02]                                                      # doff = 2
     [0x00]                                                      # type = AMQP (0)
     [0x00 0x00]                                                 # channel = 0
     [0x00 0x53 0x11]                                            # performative = begin (17)
     [0xc0 0x10 0x04]                                            # list type (list8), length = 16, fields = 4
     [0x60 0x00 0x00]                                            # remote-channel = 0
     [0x52 0x01]                                                 # next-outgoing-id = 1
     [0x70 0x00 0x01 0x00 0x00]                                  # incoming-window = 65536
     [0x70 0x7f 0xff 0xff 0xff]                                  # outgoing-window = 2147483647

# attach frame exchange
write [0x00 0x00 0x00 0x3b]                                      # size = 59
      [0x02]                                                     # doff = 2
      [0x00]                                                     # type = AMQP (0)
      [0x00 0x00]                                                # channel = 0
      [0x00 0x53 0x12]                                           # performative = attach (18)
      [0xc0 0x2e 0x0a]                                           # list (list8), length = 46, fields = 10
      [0xa1 0x05] "link1"                                        # name = "link1"
      [0x43]                                                     # handle = 0
      [0x42]                                                     # role = sender
      [0x50 0x01]                                                # snd-settle-mode = settled
      [0x50 0x00]                                                # rcv-settle-mode = first
      [0x00 0x53 0x28 0xc0 0x09 0x01]                            # source list (list8), length = 9, fields = 1
      [0xa1 0x06] "server"                                       # address = "server"
      [0x00 0x53 0x29 0xc0 0x0a 0x01]                            # target list (list8), length = 10, fields = 1
      [0xa1 0x07] "clients"                                      # address = "clients"
      [0x40]                                                     # unsettled = null
      [0x40]                                                     # incomplete-unsettled = null (default = false)
      [0x43]                                                     # initial-delivery-count = 0

read [0x00 0x00 0x00 0x38]                                       # size = 56
     [0x02]                                                      # doff = 2
     [0x00]                                                      # type = AMQP (0)
     [0x00 0x00]                                                 # channel = 0
     [0x00 0x53 0x12]                                            # performative = attach (18)
     [0xc0 0x2b 0x07]                                            # list (list8), length = 43, fields = 7
     [0xa1 0x05] "link1"                                         # name = "link1"
     [0x43]                                                      # handle = 0
     [0x41]                                                      # role = receiver
     [0x50 0x01]                                                 # snd-settle-mode = settled
     [0x50 0x00]                                                 # rcv-settle-mode = first
     [0x00 0x53 0x28 0xc0 0x09 0x01]                             # source list (list8), length = 9, fields = 1
     [0xa1 0x06] "server"                                        # address = "server"
     [0x00 0x53 0x29 0xc0 0x0a 0x01]                             # target list (list8), length = 10, fields = 1
     [0xa1 0x07] "clients"                                       # address = "clients"

# flow frame
read [0x00 0x00 0x00 0x1d]                                       # size = 29
     [0x02]                                                      # doff = 2
     [0x00]                                                      # type = AMQP (0)
     [0x00 0x00]                                                 # channel = 0
     [0x00 0x53 0x13]                                            # performative = flow (19)
     [0xc0 0x10 0x07]                                            # list type (list8), length = 16, fields = 7
     [0x52 0x01]                                                 # next-incoming-id = 1
     [0x52 0x08]                                                 # incoming-window = 8
     [0x52 0x01]                                                 # next-outgoing-id = 1
     [0x70 0x7f 0xff 0xff 0xff]                                  # outgoing-window = 2147483647
     [0x43]                                                      # handle = 0
     [0x43]                                                      # delivery-count = 0
     [0x52 0x08]                                                 # link-credit = 8

# transfer frame
write [0x00 0x00 0x00 0x34]                                      # size = 52
      [0x02]                                                     # doff = 2
      [0x00]                                                     # type = AMQP (0)
      [0x00 0x00]                                                # channel = 0
      [0x00 0x53 0x14]                                           # performative = transfer (20)
      [0xc0 0x07 0x05]                                           # list type (list8), length = 7, fields = 5
      [0x43]                                                     # handle = 0
      [0x43]                                                     # delivery-id = 0
      [0xa0 0x00]                                                # delivery-tag = empty bytes
      [0x43]                                                     # message-format = 0
      [0x41]                                                     # settled = true
      [0x00 0x53 0x72]                                           # message-annotations header
      [0xc1 0x11 0x02]                                           # map8, length = 17, fields = 2
      [0xa3 0x0b] "annotation1"                                  # map key = annotation1
      [0xa1 0x01 0x31]                                           # map value type = str8-utf8, value = "1"
      [0x00 0x53 0x77 0xa1 0x05]                                 # message format = amqp-value, str8utf8, size = 5
      "Text!"                                                    # body = "Text!"
