#
# Copyright 2021-2023 Aklivity Inc.
#
# Aklivity licenses this file to you under the Apache License,
# version 2.0 (the "License"); you may not use this file except in compliance
# with the License. You may obtain a copy of the License at:
#
#   http://www.apache.org/licenses/LICENSE-2.0
#
# Unless required by applicable law or agreed to in writing, software
# distributed under the License is distributed on an "AS IS" BASIS, WITHOUT
# WARRANTIES OR CONDITIONS OF ANY KIND, either express or implied. See the
# License for the specific language governing permissions and limitations
# under the License.
#

property networkConnectWindow 8192

property newRequestId ${kafka:newRequestId()}
property fetchWaitMax 500
property fetchBytesMax 65535
property partitionBytesMax 8192

connect "zilla://streams/net0"
  option zilla:window ${networkConnectWindow}
  option zilla:transmission "duplex"
  option zilla:byteorder "network"

connected

write 45                                # size
      33s                               # create topics
      1s                                # v1
      ${newRequestId}
      1                                 # resource count
        [0x02]                          # resource type
        4s "test"                       # name
        1                               # configs
            7s "config0"                # name
            6s "value0"                 # value
      0                                 # timeout
      [0x00]                            # validate only

read 23                                 # size
     (int:newRequestId)
     0                                  # throttle time ms
     1                                  # topics
       0s                               # error code
       -1s                              # error message
       [0x02]                           # resource type
       4s "test"                        # name
