#
# Copyright 2021-2024 Aklivity Inc
#
# Licensed under the Aklivity Community License (the "License"); you may not use
# this file except in compliance with the License.  You may obtain a copy of the
# License at
#
#   https://www.aklivity.io/aklivity-community-license/
#
# Unless required by applicable law or agreed to in writing, software
# distributed under the License is distributed on an "AS IS" BASIS, WITHOUT
# WARRANTIES OF ANY KIND, either express or implied.  See the License for the
# specific language governing permissions and limitations under the License.
#

connect "http://localhost:4318/v1/metrics"
connected

write http:method "POST"
write http:version "HTTP/1.1"
write http:header "Host" "localhost:4318"
write http:header "Content-Length" "1205"
write
'{'
  '"resourceMetrics":[{'
    '"resource":{'
      '"attributes":[{'
        '"key":"service.namespace",'
        '"value":{"stringValue":"example"}'
      '},{'
        '"key":"service.name",'
        '"value":{"stringValue":"zilla"}'
      '}]'
    '},'
    '"scopeMetrics":[{'
      '"scope":{'
        '"name":"OtlpMetricsSerializer",'
        '"version":"1.0.0"'
      '},'
      '"metrics":[{'
        '"name":"test.counter",'
        '"unit":"",'
        '"description":"Description for test.counter",'
        '"sum":{'
          '"dataPoints":[{'
            '"asInt":77,'
            '"timeUnixNano":0123456789123456789,'
            '"attributes":[{'
              '"key":"namespace",'
              '"value":{"stringValue":"test"}'
            '},{'
              '"key":"binding",'
              '"value":{"stringValue":"net0"}'
            '},{'
              '"key":"service.name",'
              '"value":{"stringValue":"zilla"}'
            '}]'
          '}],'
          '"aggregationTemporality":2,'
          '"isMonotonic":true'
        '}'
      '},{'
        '"name":"engine.worker.count",'
        '"unit":"",'
        '"description":"Engine worker count",'
        '"sum":{'
          '"dataPoints":[{'
            '"asInt":3,'
            '"timeUnixNano":0123456789123456789,'
            '"attributes":[{'
              '"key":"service.name",'
              '"value":{"stringValue":"zilla"}'
            '}]'
          '}],'
          '"aggregationTemporality":2,'
          '"isMonotonic":true'
        '}'
      '},{'
        '"name":"test.gauge",'
        '"unit":"",'
        '"description":"Description for test.gauge",'
        '"gauge":{'
          '"dataPoints":[{'
            '"asInt":66,'
            '"timeUnixNano":0123456789123456789,'
            '"attributes":[{'
              '"key":"namespace",'
              '"value":{"stringValue":"test"}'
            '},{'
              '"key":"binding",'
              '"value":{"stringValue":"net0"}'
            '},{'
              '"key":"service.name",'
              '"value":{"stringValue":"zilla"}'
            '}]'
          '}]'
        '}'
      '}]'
    '}]'
  '}]'
'}'
write close

read http:status "200" "OK"
