#
# Copyright 2021-2022 Aklivity Inc.
#
# Aklivity licenses this file to you under the Apache License,
# version 2.0 (the "License"); you may not use this file except in compliance
# with the License. You may obtain a copy of the License at:
#
#   http://www.apache.org/licenses/LICENSE-2.0
#
# Unless required by applicable law or agreed to in writing, software
# distributed under the License is distributed on an "AS IS" BASIS, WITHOUT
# WARRANTIES OR CONDITIONS OF ANY KIND, either express or implied. See the
# License for the specific language governing permissions and limitations
# under the License.
#

accept "zilla://streams/net#0"
       option zilla:window 8192
       option zilla:transmission "duplex"
accepted
connected

read "POST / HTTP/1.1\r\n"
     "Host: localhost:8080\r\n"
     "Connection: Upgrade, HTTP2-Settings\r\n"
     "Upgrade: h2c\r\n"
     "HTTP2-Settings: \r\n"
     "HTTP2-Settings: \r\n"
     "Content-Type: text/plain;charset=UTF-8\r\n"
     "Content-Length: 12\r\n"
     "\r\n"

read "Hello, world"

write "HTTP/1.1 200 OK\r\n"
      "Content-Type: text/plain;charset=UTF-8\r\n"
      "Content-Length: 17\r\n"
      "\r\n"

write "Hello from Zilla!"
write flush
