#
# Copyright 2021-2022 Aklivity Inc.
#
# Aklivity licenses this file to you under the Apache License,
# version 2.0 (the "License"); you may not use this file except in compliance
# with the License. You may obtain a copy of the License at:
#
#   http://www.apache.org/licenses/LICENSE-2.0
#
# Unless required by applicable law or agreed to in writing, software
# distributed under the License is distributed on an "AS IS" BASIS, WITHOUT
# WARRANTIES OR CONDITIONS OF ANY KIND, either express or implied. See the
# License for the specific language governing permissions and limitations
# under the License.
#

accept "http://localhost:8080/"
  option http:transport "zilla://streams/net#0"
  option zilla:window 8192
  option zilla:transmission "duplex"
accepted
connected

read http:method "GET"
read http:header "Upgrade" /(?<upgradeHeader>.*)/
read http:header "Connection" "upgrade" 

read notify REQUEST_ONE_RECEIVED

write http:status "101" "Some Upgrade Protocol"
write http:header "Upgrade" ${upgradeHeader}
write flush

write await WRITE_DATA_REQUEST_ONE

write "request one data from server"
write flush
write notify REQUEST_ONE_UPGRADED

accepted
connected

read http:method "GET"
read http:header "Upgrade" /(?<upgradeHeader>.*)/
read http:header "Connection" "upgrade" 

read notify REQUEST_TWO_RECEIVED

write http:status "101" "Some Upgrade Protocol"
write http:header "Upgrade" ${upgradeHeader}
write flush

write await WRITE_DATA_REQUEST_TWO

write "request two data from server"
write flush
