#
# Copyright 2021-2021 Aklivity Inc.
#
# Aklivity licenses this file to you under the Apache License,
# version 2.0 (the "License"); you may not use this file except in compliance
# with the License. You may obtain a copy of the License at:
#
#   http://www.apache.org/licenses/LICENSE-2.0
#
# Unless required by applicable law or agreed to in writing, software
# distributed under the License is distributed on an "AS IS" BASIS, WITHOUT
# WARRANTIES OR CONDITIONS OF ANY KIND, either express or implied. See the
# License for the specific language governing permissions and limitations
# under the License.
#

accept "zilla://streams/net#0"
  option zilla:window 8192
  option zilla:transmission "duplex"

accepted
connected

# header exchange
read "AMQP" [0x00 0x01 0x00 0x00]
write "AMQP" [0x00 0x01 0x00 0x00]

# open frame exchange
read [0x00 0x00 0x00 0x16]                                        # size = 22
     [0x02]                                                       # doff = 2
     [0x00]                                                       # type = AMQP (0)
     [0x00 0x00]                                                  # channel = 0
     [0x00 0x53 0x10]                                             # performative = open (16)
     [0xc0 0x09 0x01]                                             # list type (LIST1), length = 9, fields = 1
     [0xa1 0x06] "client"                                         # container-id = "client"

write [0x00 0x00 0x00 0x16]                                       # size = 22
      [0x02]                                                      # doff = 2
      [0x00]                                                      # type = AMQP (0)
      [0x00 0x00]                                                 # channel = 0
      [0x00 0x53 0x10]                                            # performative = open (16)
      [0xc0 0x09 0x01]                                            # list type (LIST1), length = 9, fields = 1
      [0xa1 0x06] "server"                                        # container-id = "server"

# begin frame exchange
read [0x00 0x00 0x00 0x1b]                                        # size = 27
     [0x02]                                                       # doff = 2
     [0x00]                                                       # type = AMQP (0)
     [0x00 0x00]                                                  # channel = 0
     [0x00 0x53 0x11]                                             # performative = begin (17)
     [0xc0 0x0e 0x04]                                             # list type (list8), length = 14, fields = 4
     [0x40]                                                       # remote-channel = null
     [0x52 0x01]                                                  # next-outgoing-id = 1
     [0x70 0x00 0x00 0x07 0xff]                                   # incoming-window = 2047
     [0x70 0x7f 0xff 0xff 0xff]                                   # outgoing-window = 2147483647

write [0x00 0x00 0x00 0x1d]                                       # size = 29
      [0x02]                                                      # doff = 2
      [0x00]                                                      # type = AMQP (0)
      [0x00 0x00]                                                 # channel = 0
      [0x00 0x53 0x11]                                            # performative = begin (17)
      [0xc0 0x10 0x04]                                            # list type (list8), length = 16, fields = 4
      [0x60 0x00 0x00]                                            # remote-channel = 0
      [0x52 0x01]                                                 # next-outgoing-id = 1
      [0x70 0x00 0x01 0x00 0x00]                                  # incoming-window = 65536
      [0x70 0x7f 0xff 0xff 0xff]                                  # outgoing-window = 2147483647

# attach frame exchange
read [0x00 0x00 0x00 0x2a]                                        # size = 42
     [0x02]                                                       # doff = 2
     [0x00]                                                       # type = AMQP (0)
     [0x00 0x00]                                                  # channel = 0
     [0x00 0x53 0x12]                                             # performative = attach (18)
     [0xc0 0x1d 0x06]                                             # list type (list8), length = 29, fields = 6
     [0xa1 0x05] "link1"                                          # name = "link1"
     [0x43]                                                       # handle = 0
     [0x41]                                                       # role = receiver
     [0x50 0x01]                                                  # snd-settle-mode = settled
     [0x50 0x00]                                                  # rcv-settle-mode = first
     [0x00 0x53 0x28]                                             # source
     [0xc0 0x0a 0x01]                                             # list type (list8), length = 10, fields = 1
     [0xa1 0x07] "clients"                                        # address = "clients"

write [0x00 0x00 0x00 0x23]                                       # size = 35
      [0x02]                                                      # doff = 2
      [0x00]                                                      # type = AMQP (0)
      [0x00 0x00]                                                 # channel = 0
      [0x00 0x53 0x12]                                            # performative = attach (18)
      [0xc0 0x16 0x0a]                                            # list type (list8), length = 22, fields = 10
      [0xa1 0x05] "link1"                                         # name = "link1"
      [0x43]                                                      # handle = 0
      [0x42]                                                      # role = sender
      [0x50 0x02]                                                 # snd-settle-mode = mixed
      [0x50 0x00]                                                 # rcv-settle-mode = first
      [0x40]                                                      # source = null
      [0x00 0x53 0x29 0x45]                                       # target = empty list
      [0x40]                                                      # unsettled = null
      [0x40]                                                      # incomplete-unsettled = null (default = false)
      [0x43]                                                      # initial-delivery-count = 0

# detach frame with error
write [0x00 0x00 0x00 0x2f]                                       # size = 47
      [0x02]                                                      # doff = 2
      [0x00]                                                      # type = AMQP (0)
      [0x00 0x00]                                                 # channel = 0
      [0x00 0x53 0x16]                                            # performative = detach (22)
      [0xc0 0x22 0x03]                                            # list type (list8), length = 34, fields = 3
      [0x43]                                                      # handle = 0
      [0x41]                                                      # closed = true
      [0x00 0x53 0x1d]                                            # error header
      [0xc0 0x1a 0x01]                                            # list type (list8), length = 26, fields = 1
      [0xa3 0x17] "amqp:link:detach-forced"                       # error = detach-forced

# flow frame
read [0x00 0x00 0x00 0x1c]                                        # size = 28
     [0x02]                                                       # doff = 2
     [0x00]                                                       # type = AMQP (0)
     [0x00 0x00]                                                  # channel = 0
     [0x00 0x53 0x13]                                             # performative = flow (19)
     [0xc0 0x0f 0x04]                                             # list type (list8), length = 15, fields = 4
     [0x52 0x01]                                                  # next-incoming-id = 1
     [0x70 0x00 0x00 0x07 0xff]                                   # incoming-window = 2047
     [0x52 0x01]                                                  # next-outgoing-id = 1
     [0x70 0x7f 0xff 0xff 0xff]                                   # outgoing-window = 2147483647

# detach frame
read [0x00 0x00 0x00 0x10]                                        # size = 16
     [0x02]                                                       # doff = 2
     [0x00]                                                       # type = AMQP (0)
     [0x00 0x00]                                                  # channel = 0
     [0x00 0x53 0x16]                                             # performative = detach (22)
     [0xc0 0x03 0x02]                                             # list type (list8), length = 3, fields = 2
     [0x43]                                                       # handle = 0
     [0x41]                                                       # closed = true
