#
# Copyright 2021-2023 Aklivity Inc.
#
# Aklivity licenses this file to you under the Apache License,
# version 2.0 (the "License"); you may not use this file except in compliance
# with the License. You may obtain a copy of the License at:
#
#   http://www.apache.org/licenses/LICENSE-2.0
#
# Unless required by applicable law or agreed to in writing, software
# distributed under the License is distributed on an "AS IS" BASIS, WITHOUT
# WARRANTIES OR CONDITIONS OF ANY KIND, either express or implied. See the
# License for the specific language governing permissions and limitations
# under the License.
#

property location 'http://localhost:8080/echo'
property key ${ws:handshakeKey()}
property writeMask ${http:randomBytes(4)}
property client65535 ${http:randomBytes(65535)}
property initialWindow 8192

connect "zilla://streams/net0"
  option zilla:window ${initialWindow}
  option zilla:transmission "duplex"
  option zilla:padding 1000

write zilla:begin.ext ${http:beginEx()
                              .typeId(zilla:id("http"))
                              .header(":method", "GET")
                              .header(":scheme", "http")
                              .header(":authority", "localhost:8080")
                              .header(":path", "/echo")
                              .header("upgrade", "websocket")
                              .header("connection", "upgrade")
                              .header("sec-websocket-key", key)
                              .header("sec-websocket-version", "13")
                              .build()}

read zilla:begin.ext ${http:beginEx()
                             .typeId(zilla:id("http"))
                             .header(":status", "101")
                             .header("upgrade", "websocket")
                             .header("connection", "upgrade")
                             .header("sec-websocket-accept", ws:handshakeHash(key))
                             .build()}

connected

write [0x82 0xfe 0xff 0xff] ${writeMask}
write option mask ${writeMask}
write ${client65535}
write option mask [0x00 0x00 0x00 0x00]

# 7178 = 8192 - 1000 (padding) - 14 (ws framing)
read [0x82 0x7e 0x1c 0x0a] [0..7178]
read [0x82 0x7e 0x1c 0x0a] [0..7178]
read [0x82 0x7e 0x1c 0x0a] [0..7178]
read [0x82 0x7e 0x1c 0x0a] [0..7178]
read [0x82 0x7e 0x1c 0x0a] [0..7178]
read [0x82 0x7e 0x1c 0x0a] [0..7178]
read [0x82 0x7e 0x1c 0x0a] [0..7178]
read [0x82 0x7e 0x1c 0x0a] [0..7178]
read [0x82 0x7e 0x1c 0x0a] [0..7178]
read [0x82 0x7e 0x03 0xa5] [0..933]
