#
# Copyright 2021-2022 Aklivity Inc.
#
# Aklivity licenses this file to you under the Apache License,
# version 2.0 (the "License"); you may not use this file except in compliance
# with the License. You may obtain a copy of the License at:
#
#   http://www.apache.org/licenses/LICENSE-2.0
#
# Unless required by applicable law or agreed to in writing, software
# distributed under the License is distributed on an "AS IS" BASIS, WITHOUT
# WARRANTIES OR CONDITIONS OF ANY KIND, either express or implied. See the
# License for the specific language governing permissions and limitations
# under the License.
#

connect "zilla://streams/app0"
    option zilla:window 16
    option zilla:transmission "half-duplex"

write zilla:begin.ext ${kafka:beginEx()
                               .typeId(zilla:id("kafka"))
                               .merged()
                                   .capabilities("FETCH_ONLY")
                                   .topic("test")
                                   .partition(0, 1)
                                   .partition(1, 1)
                                   .filter()
                                       .headerNot("header2", "value2")
                                       .build()
                                   .build()
                               .build()}

connected

read zilla:data.ext ${kafka:matchDataEx()
                             .typeId(zilla:id("kafka"))
                             .merged()
                                 .partition(0, 2, 2)
                                 .progress(0, 3)
                                 .progress(1, 1)
                                 .header("header1", "value1")
                                 .build()
                             .build()}
read "Hello, world #A2"

read zilla:data.ext ${kafka:matchDataEx()
                             .typeId(zilla:id("kafka"))
                             .merged()
                                 .key("key1")
                                 .partition(0, 3, 4)
                                 .progress(0, 4)
                                 .progress(1, 2)
                                 .header("header1", "value1")
                                 .build()
                             .build()}
read "Hello, world #A3"

read zilla:data.ext ${kafka:matchDataEx()
                             .typeId(zilla:id("kafka"))
                             .merged()
                                 .partition(1, 2, 2)
                                 .progress(0, 4)
                                 .progress(1, 3)
                                 .key("key1")
                                 .header("header1", "value1")
                                 .build()
                             .build()}
read "Hello, world #B2"

read zilla:data.ext ${kafka:matchDataEx()
                             .typeId(zilla:id("kafka"))
                             .merged()
                                 .partition(1, 3, 4)
                                 .progress(0, 5)
                                 .progress(1, 4)
                                 .header("header1", "value1")
                                 .build()
                             .build()}
read "Hello, world #B3"
