#
# Copyright 2021-2023 Aklivity Inc.
#
# Aklivity licenses this file to you under the Apache License,
# version 2.0 (the "License"); you may not use this file except in compliance
# with the License. You may obtain a copy of the License at:
#
#   http://www.apache.org/licenses/LICENSE-2.0
#
# Unless required by applicable law or agreed to in writing, software
# distributed under the License is distributed on an "AS IS" BASIS, WITHOUT
# WARRANTIES OR CONDITIONS OF ANY KIND, either express or implied. See the
# License for the specific language governing permissions and limitations
# under the License.
#

connect "zilla://streams/net0"
  option zilla:window 8192
  option zilla:transmission "duplex"
  option zilla:byteorder "network"

connected

write [0x10 0x1a]                                      # CONNECT
      [0x00 0x04] "MQTT"                               # protocol name
      [0x04]                                           # protocol version
      [0x06]                                           # flags = will flag, clean start
      [0x00 0x0a]                                      # keep alive = 10s
      [0x00 0x03] "one"                                # client id
      [0x00 0x09] "wills/one"                          # will topic

read closed
