#
# Copyright 2021-2023 Aklivity Inc.
#
# Aklivity licenses this file to you under the Apache License,
# version 2.0 (the "License"); you may not use this file except in compliance
# with the License. You may obtain a copy of the License at:
#
#   http://www.apache.org/licenses/LICENSE-2.0
#
# Unless required by applicable law or agreed to in writing, software
# distributed under the License is distributed on an "AS IS" BASIS, WITHOUT
# WARRANTIES OR CONDITIONS OF ANY KIND, either express or implied. See the
# License for the specific language governing permissions and limitations
# under the License.
#

accept "zilla://streams/net0"
  option zilla:window 8192
  option zilla:transmission "duplex"
accepted

read zilla:begin.ext ${proxy:matchBeginEx()
                            .typeId(zilla:id("proxy"))
                            .info()
                              .secure()
                                .version("TLSv1.3")
                                .build()
                              .build()
                            .build()}

connected

read "GET / HTTP/1.1" "\r\n"
     "Host: example.com:9090" "\r\n"
     "Authorization: Bearer eyJ0eXAiOiJKV1QiLCJhbGciOiJSUzI1NiIsImtpZCI6ImV4YW1wbGUifQ.eyJhdWQiOiJodHRwczovL2FwaS5leGFtcGxlLmNvbSIsImV4cCI6MTcwODk0MDQ0MCwiaXNzIjoiaHR0cHM6Ly9hdXRoLmV4YW1wbGUuY29tIiwic3ViIjoidXNlciJ9.KwZt_rDTDEOQ33URwZ8Gd1WqQjAIJESbt5Et309Yz7AJm1wWWyFhWm7AV6lt1rkX-eD-jVh0wHAsy7L4kdzBOErCdwFcdaB4u2jFDGn_9IK28lCedxIYmYtI4qn6eY916IIqRpwZcqzw08OEljfYUKo4UeX7JPAtha0GQmfZY1-NNcncg06xw3xkKSZ1SnIh9MZM1FNH_5QPZPL4NHP7DRXtaMn2w6YpO7n695Sc_3LuSDlfDDMVIUWuEreOzOXem6jheGIbJ-eDKhIXXPrOz1NBAJmvizbugMR7m_bodiEzzqt5ttKDs1974alrR_sYP8OYmR_rCqXc5N3lp_SW3A" "\r\n"
     "\r\n"

read closed

write "HTTP/1.1 404 Not Found" "\r\n"
      "Server: Zilla" "\r\n"
      "Connection: close" "\r\n"
      "\r\n"
write flush

write close
