#
# Copyright 2021-2026 Aklivity Inc
#
# Licensed under the Aklivity Community License (the "License"); you may not use
# this file except in compliance with the License.  You may obtain a copy of the
# License at
#
#   https://www.aklivity.io/aklivity-community-license/
#
# Unless required by applicable law or agreed to in writing, software
# distributed under the License is distributed on an "AS IS" BASIS, WITHOUT
# WARRANTIES OF ANY KIND, either express or implied.  See the License for the
# specific language governing permissions and limitations under the License.
#

accept "zilla://streams/kafka0"
    option zilla:window 8192
    option zilla:transmission "duplex"


accepted

read zilla:begin.ext ${kafka:beginEx()
                               .typeId(zilla:id("kafka"))
                               .meta()
                                   .topic("mqtt-messages")
                                   .build()
                               .build()}

connected

write zilla:data.ext ${kafka:dataEx()
                             .typeId(zilla:id("kafka"))
                             .meta()
                                 .partition(0, -2)
                                 .partition(1, -2)
                                 .build()
                             .build()}
write flush

read closed
write close


accepted

read zilla:begin.ext ${kafka:beginEx()
                               .typeId(zilla:id("kafka"))
                               .meta()
                                   .topic("mqtt-retained")
                                   .build()
                               .build()}

connected

write zilla:data.ext ${kafka:dataEx()
                             .typeId(zilla:id("kafka"))
                             .meta()
                                 .partition(0, -2)
                                 .build()
                             .build()}
write flush

read closed
write close


accepted

read zilla:begin.ext ${kafka:matchBeginEx()
                            .typeId(zilla:id("kafka"))
                            .merged()
                                .capabilities("FETCH_ONLY")
                                .topic("mqtt-sessions")
                                .filter()
                                    .key("client#offsets")
                                    .build()
                                .build()
                            .build()}

connected

write zilla:data.ext ${kafka:dataEx()
                           .typeId(zilla:id("kafka"))
                           .merged()
                             .fetch()
                               .partition(-1, -1)
                               .key("client#offsets")
                               .build()
                           .build()}
write ${mqtt_kafka:sessionOffsets()
            .entry("mqtt-messages", 0, 1, 0, 0, 0)
            .entry("mqtt-messages", 1, 1, 0, 0, 0)
            .entry("mqtt-retained", 0, 1, 0, 0, 0)
            .build()}
write flush

read closed
write close


accepted

read zilla:begin.ext ${kafka:beginEx()
                            .typeId(zilla:id("kafka"))
                            .initProducerId()
                                .producerId(0)
                                .producerEpoch(0)
                                .build()
                            .build()}

write zilla:begin.ext ${kafka:beginEx()
                            .typeId(zilla:id("kafka"))
                            .initProducerId()
                                .producerId(1)
                                .producerEpoch(1)
                                .build()
                            .build()}

connected

write abort
