#
# A fatal error has been detected by the Java Runtime Environment:
#
#  SIGSEGV (0xb) at pc=0x00000001020795b8, pid=34997, tid=8707
#
# JRE version: OpenJDK Runtime Environment Corretto-17.0.5.8.1 (17.0.5+8) (build 17.0.5+8-LTS)
# Java VM: OpenJDK 64-Bit Server VM Corretto-17.0.5.8.1 (17.0.5+8-LTS, mixed mode, sharing, tiered, compressed oops, compressed class ptrs, g1 gc, bsd-aarch64)
# Problematic frame:
# V  [libjvm.dylib+0x9d55b8]  Unsafe_GetLongVolatile(JNIEnv_*, _jobject*, _jobject*, long)+0x11c
#
# No core dump will be written. Core dumps have been disabled. To enable core dumping, try "ulimit -c unlimited" before starting Java again
#
# If you would like to submit a bug report, please visit:
#   https://github.com/corretto/corretto-17/issues/
#

---------------  S U M M A R Y ------------

Command Line: -ea --add-opens=java.base/sun.nio.ch=ALL-UNNAMED --add-opens=java.base/sun.nio.ch=ALL-UNNAMED -Djdk.attach.allowAttachSelf=true -Didea.test.cyclic.buffer.size=1048576 -javaagent:/Applications/IntelliJ IDEA CE.app/Contents/lib/idea_rt.jar=61757:/Applications/IntelliJ IDEA CE.app/Contents/bin -Dfile.encoding=UTF-8 com.intellij.rt.junit.JUnitStarter -ideVersion5 -junit4 io.aklivity.zilla.runtime.binding.mqtt.kafka.internal.stream.MqttKafkaPublishProxyIT,shouldSendMessageQos2

Host: "MacBookPro18,1" arm64, 10 cores, 16G, Darwin 22.5.0, macOS 13.4.1 (22F82)
Time: Thu Jan 18 17:39:32 2024 CET elapsed time: 1.573290 seconds (0d 0h 0m 1s)

---------------  T H R E A D  ---------------

Current thread (0x0000000100808a00):  JavaThread "main" [_thread_in_vm, id=8707, stack(0x000000016f910000,0x000000016fb13000)]

Stack: [0x000000016f910000,0x000000016fb13000],  sp=0x000000016fb11bf0,  free space=2054k
Native frames: (J=compiled Java code, j=interpreted, Vv=VM code, C=native code)
V  [libjvm.dylib+0x9d55b8]  Unsafe_GetLongVolatile(JNIEnv_*, _jobject*, _jobject*, long)+0x11c
j  jdk.internal.misc.Unsafe.getLongVolatile(Ljava/lang/Object;J)J+0 java.base@17.0.5
j  sun.misc.Unsafe.getLongVolatile(Ljava/lang/Object;J)J+5 jdk.unsupported@17.0.5
j  org.agrona.concurrent.UnsafeBuffer.getLongVolatile(I)J+27
j  io.aklivity.zilla.runtime.engine.internal.concurent.ManyToOneRingBuffer.consumerPosition()J+8
j  io.aklivity.zilla.runtime.engine.internal.registry.EngineWorker.drain()V+8
j  io.aklivity.zilla.runtime.engine.Engine$$Lambda$607+0x0000000800dcb980.accept(Ljava/lang/Object;)V+4
j  java.util.ArrayList.forEach(Ljava/util/function/Consumer;)V+46 java.base@17.0.5
j  io.aklivity.zilla.runtime.engine.Engine.close()V+19
j  io.aklivity.zilla.runtime.engine.test.EngineRule$1.evaluate()V+158
j  org.junit.rules.RunRules.evaluate()V+4
j  org.junit.runners.ParentRunner$3.evaluate()V+4
j  org.junit.runners.BlockJUnit4ClassRunner$1.evaluate()V+11
j  org.junit.runners.ParentRunner.runLeaf(Lorg/junit/runners/model/Statement;Lorg/junit/runner/Description;Lorg/junit/runner/notification/RunNotifier;)V+17
j  org.junit.runners.BlockJUnit4ClassRunner.runChild(Lorg/junit/runners/model/FrameworkMethod;Lorg/junit/runner/notification/RunNotifier;)V+38
j  org.junit.runners.BlockJUnit4ClassRunner.runChild(Ljava/lang/Object;Lorg/junit/runner/notification/RunNotifier;)V+6
j  org.junit.runners.ParentRunner$4.run()V+12
j  org.junit.runners.ParentRunner$1.schedule(Ljava/lang/Runnable;)V+1
j  org.junit.runners.ParentRunner.runChildren(Lorg/junit/runner/notification/RunNotifier;)V+44
j  org.junit.runners.ParentRunner.access$100(Lorg/junit/runners/ParentRunner;Lorg/junit/runner/notification/RunNotifier;)V+2
j  org.junit.runners.ParentRunner$2.evaluate()V+8
j  org.junit.runners.ParentRunner$3.evaluate()V+4
j  org.junit.runners.ParentRunner.run(Lorg/junit/runner/notification/RunNotifier;)V+24
j  org.junit.runner.JUnitCore.run(Lorg/junit/runner/Runner;)Lorg/junit/runner/Result;+37
j  com.intellij.junit4.JUnit4IdeaTestRunner.startRunnerWithArgs([Ljava/lang/String;Ljava/lang/String;IZ)I+166
j  com.intellij.rt.junit.IdeaTestRunner$Repeater$1.execute(Z)I+17
j  com.intellij.rt.execution.junit.TestsRepeater.repeat(IZLcom/intellij/rt/execution/junit/TestsRepeater$TestRun;)I+7
j  com.intellij.rt.junit.IdeaTestRunner$Repeater.startRunnerWithArgs(Lcom/intellij/rt/junit/IdeaTestRunner;[Ljava/lang/String;Ljava/util/ArrayList;Ljava/lang/String;IZ)I+25
j  com.intellij.rt.junit.JUnitStarter.prepareStreamsAndStart([Ljava/lang/String;Ljava/lang/String;Ljava/util/ArrayList;Ljava/lang/String;)I+117
j  com.intellij.rt.junit.JUnitStarter.main([Ljava/lang/String;)V+97
v  ~StubRoutines::call_stub
V  [libjvm.dylib+0x46e5bc]  JavaCalls::call_helper(JavaValue*, methodHandle const&, JavaCallArguments*, JavaThread*)+0x390
V  [libjvm.dylib+0x4d2c14]  jni_invoke_static(JNIEnv_*, JavaValue*, _jobject*, JNICallType, _jmethodID*, JNI_ArgumentPusher*, JavaThread*)+0x110
V  [libjvm.dylib+0x4d6230]  jni_CallStaticVoidMethod+0x130
C  [libjli.dylib+0x9bb8]  JavaMain+0xa80
C  [libjli.dylib+0xbeb0]  ThreadJavaMain+0xc
C  [libsystem_pthread.dylib+0x6fa8]  _pthread_start+0x94

Java frames: (J=compiled Java code, j=interpreted, Vv=VM code)
j  jdk.internal.misc.Unsafe.getLongVolatile(Ljava/lang/Object;J)J+0 java.base@17.0.5
j  sun.misc.Unsafe.getLongVolatile(Ljava/lang/Object;J)J+5 jdk.unsupported@17.0.5
j  org.agrona.concurrent.UnsafeBuffer.getLongVolatile(I)J+27
j  io.aklivity.zilla.runtime.engine.internal.concurent.ManyToOneRingBuffer.consumerPosition()J+8
j  io.aklivity.zilla.runtime.engine.internal.registry.EngineWorker.drain()V+8
j  io.aklivity.zilla.runtime.engine.Engine$$Lambda$607+0x0000000800dcb980.accept(Ljava/lang/Object;)V+4
j  java.util.ArrayList.forEach(Ljava/util/function/Consumer;)V+46 java.base@17.0.5
j  io.aklivity.zilla.runtime.engine.Engine.close()V+19
j  io.aklivity.zilla.runtime.engine.test.EngineRule$1.evaluate()V+158
j  org.junit.rules.RunRules.evaluate()V+4
j  org.junit.runners.ParentRunner$3.evaluate()V+4
j  org.junit.runners.BlockJUnit4ClassRunner$1.evaluate()V+11
j  org.junit.runners.ParentRunner.runLeaf(Lorg/junit/runners/model/Statement;Lorg/junit/runner/Description;Lorg/junit/runner/notification/RunNotifier;)V+17
j  org.junit.runners.BlockJUnit4ClassRunner.runChild(Lorg/junit/runners/model/FrameworkMethod;Lorg/junit/runner/notification/RunNotifier;)V+38
j  org.junit.runners.BlockJUnit4ClassRunner.runChild(Ljava/lang/Object;Lorg/junit/runner/notification/RunNotifier;)V+6
j  org.junit.runners.ParentRunner$4.run()V+12
j  org.junit.runners.ParentRunner$1.schedule(Ljava/lang/Runnable;)V+1
j  org.junit.runners.ParentRunner.runChildren(Lorg/junit/runner/notification/RunNotifier;)V+44
j  org.junit.runners.ParentRunner.access$100(Lorg/junit/runners/ParentRunner;Lorg/junit/runner/notification/RunNotifier;)V+2
j  org.junit.runners.ParentRunner$2.evaluate()V+8
j  org.junit.runners.ParentRunner$3.evaluate()V+4
j  org.junit.runners.ParentRunner.run(Lorg/junit/runner/notification/RunNotifier;)V+24
j  org.junit.runner.JUnitCore.run(Lorg/junit/runner/Runner;)Lorg/junit/runner/Result;+37
j  com.intellij.junit4.JUnit4IdeaTestRunner.startRunnerWithArgs([Ljava/lang/String;Ljava/lang/String;IZ)I+166
j  com.intellij.rt.junit.IdeaTestRunner$Repeater$1.execute(Z)I+17
j  com.intellij.rt.execution.junit.TestsRepeater.repeat(IZLcom/intellij/rt/execution/junit/TestsRepeater$TestRun;)I+7
j  com.intellij.rt.junit.IdeaTestRunner$Repeater.startRunnerWithArgs(Lcom/intellij/rt/junit/IdeaTestRunner;[Ljava/lang/String;Ljava/util/ArrayList;Ljava/lang/String;IZ)I+25
j  com.intellij.rt.junit.JUnitStarter.prepareStreamsAndStart([Ljava/lang/String;Ljava/lang/String;Ljava/util/ArrayList;Ljava/lang/String;)I+117
j  com.intellij.rt.junit.JUnitStarter.main([Ljava/lang/String;)V+97
v  ~StubRoutines::call_stub

siginfo: si_signo: 11 (SIGSEGV), si_code: 2 (SEGV_ACCERR), si_addr: 0x00000001139b4180

Register to memory mapping:

 x0=0x2010002030300000 is an unknown value
 x1=0x0000000fffffc110 points into unknown readable memory: 0x2010002030300000 | 00 00 30 30 20 00 10 20
 x2=0x0 is NULL
 x3=0x00000001139b4180 is an unknown value
 x4=0x000000000000004f is an unknown value
 x5=0x0000000000001303 is an unknown value
 x6=0x0000000084400001 is an unknown value
 x7=0x0000000100808a00 is a thread
 x8=0x0000000000000001 is an unknown value
 x9=0x0000000000000006 is an unknown value
x10=0x2010002030300000 is an unknown value
x11=0x0000000000000002 is an unknown value
x12={method} {0x0000000800415a80} 'getLongVolatile' '(Ljava/lang/Object;J)J' in 'jdk/internal/misc/Unsafe'
x13=0x000000016fb11cb0 is pointing into the stack for thread: 0x0000000100808a00
x14=0x0000000000000015 is an unknown value
x15=0x00000007001367b0 is an oop: java.util.concurrent.ConcurrentHashMap$Node 
{0x00000007001367b0} - klass: 'java/util/concurrent/ConcurrentHashMap$Node'
 - ---- fields (total size 4 words):
 - final 'hash' 'I' @12  1355519109 (50cb9485)
 - final 'key' 'Ljava/lang/Object;' @16  a 'java/lang/invoke/MethodType$ConcurrentWeakInternSet$WeakEntry'{0x00000007001367d0} (e0026cfa)
 - volatile 'val' 'Ljava/lang/Object;' @20  a 'java/lang/invoke/MethodType$ConcurrentWeakInternSet$WeakEntry'{0x00000007001367d0} (e0026cfa)
 - volatile 'next' 'Ljava/util/concurrent/ConcurrentHashMap$Node;' @24  NULL (0)
x16=0x0000000191b84d04: pthread_jit_write_protect_np+0 in /usr/lib/system/libsystem_pthread.dylib at 0x0000000191b7d000
x17=0x0000000000000101 is an unknown value
x18=0x0 is NULL
x19=0x0000000100808a00 is a thread
x20=0x0000000000000001 is an unknown value
x21=0x00000001139b4180 is an unknown value
x22=0x0 is NULL
x23=0x0 is NULL
x24=0x000000016fb11ce8 is pointing into the stack for thread: 0x0000000100808a00
x25=0x0 is NULL
x26=0x00000008004122b8 is pointing into metadata
x27=0x0 is NULL
x28=0x0000000100808a00 is a thread


Registers:
 x0=0x2010002030300000  x1=0x0000000fffffc110  x2=0x0000000000000000  x3=0x00000001139b4180
 x4=0x000000000000004f  x5=0x0000000000001303  x6=0x0000000084400001  x7=0x0000000100808a00
 x8=0x0000000000000001  x9=0x0000000000000006 x10=0x2010002030300000 x11=0x0000000000000002
x12=0x0000000800415a80 x13=0x000000016fb11cb0 x14=0x0000000000000015 x15=0x00000007001367b0
x16=0x0000000191b84d04 x17=0x0000000000000101 x18=0x0000000000000000 x19=0x0000000100808a00
x20=0x0000000000000001 x21=0x00000001139b4180 x22=0x0000000000000000 x23=0x0000000000000000
x24=0x000000016fb11ce8 x25=0x0000000000000000 x26=0x00000008004122b8 x27=0x0000000000000000
x28=0x0000000100808a00  fp=0x000000016fb11c30  lr=0xdd31000102079500  sp=0x000000016fb11bf0
pc=0x00000001020795b8 cpsr=0x0000000040001000
Top of Stack: (sp=0x000000016fb11bf0)
0x000000016fb11bf0:   000060000196c010 0000000100808a00
0x000000016fb11c00:   000000016fb11ce8 0000000000000000
0x000000016fb11c10:   0000000000000000 0000000102310458
0x000000016fb11c20:   000000016fb11c40 000000013800772c
0x000000016fb11c30:   000000016fb11cb0 00000001380098ac
0x000000016fb11c40:   0000000000000000 000000016fb11cd8
0x000000016fb11c50:   0000000100808a00 000000016fb11cc0
0x000000016fb11c60:   000000016fb11c60 0000000000000000
0x000000016fb11c70:   000000016fb11ce8 00000008004122b8
0x000000016fb11c80:   00000007ffd050d8 0000000000000000
0x000000016fb11c90:   0000000000000000 0000000800415a80
0x000000016fb11ca0:   0000000000000000 000000016fb11cb0
0x000000016fb11cb0:   000000016fb11d40 0000000138005ec0
0x000000016fb11cc0:   0000000000000000 0000000000000000
0x000000016fb11cd0:   00000001139b4180 0000000000000000
0x000000016fb11ce0:   0000000000000000 0000000700000000
0x000000016fb11cf0:   000000016fb11cf0 0000000113e58685
0x000000016fb11d00:   000000016fb11d68 0000000113e5a078
0x000000016fb11d10:   00000007000e92a0 0000000000000000
0x000000016fb11d20:   0000000000000000 0000000113e586c0
0x000000016fb11d30:   000000016fb11cd0 000000016fb11d20
0x000000016fb11d40:   000000016fb11dc0 0000000138005ec0
0x000000016fb11d50:   00000001139b4180 0000000000000000
0x000000016fb11d60:   0000000000000000 00000007000e9368
0x000000016fb11d70:   000000016fb11d70 00000001140e0f73
0x000000016fb11d80:   000000016fb11dd8 00000001140e8000
0x000000016fb11d90:   0000000700337350 0000000000000000
0x000000016fb11da0:   0000000000000000 00000001140e0f98
0x000000016fb11db0:   000000016fb11d50 000000016fb11db0
0x000000016fb11dc0:   000000016fb11e30 0000000138006400
0x000000016fb11dd0:   0000000000080180 0000000700001518
0x000000016fb11de0:   000000016fb11de0 00000001141608b8 

Instructions: (pc=0x00000001020795b8)
0x00000001020794b8:   aa0203f6 d10aa013 9102e008 b8bfc108
0x00000001020794c8:   129bd549 0b090108 7100091f 540000a3
0x00000001020794d8:   aa1303e0 97ff36bf d2800013 14000009
0x00000001020794e8:   b4000113 b9427a74 34000094 b9027a7f
0x00000001020794f8:   52800000 97f7b6e1 52800017 14000003
0x0000000102079508:   52800014 52800037 910ce268 528000a9
0x0000000102079518:   889ffd09 d5033bbf 910d0268 f8bfc108
0x0000000102079528:   36000088 aa1303e0 52800021 97f9d79b
0x0000000102079538:   b9432e68 35000088 b9432a68 721e051f
0x0000000102079548:   54000080 aa1303e0 52800001 97ff3cd9
0x0000000102079558:   910ce268 528000c9 889ffd09 b4000276
0x0000000102079568:   370001b6 90001208 f9404508 aa1603e0
0x0000000102079578:   d63f0100 b40001a0 8b150008 f8bfc115
0x0000000102079588:   f9407676 f9400ac8 f9400109 b5000229
0x0000000102079598:   14000013 d10006c0 90001228 f9471108
0x00000001020795a8:   d63f0100 b5fffea0 52800028 390da268
0x00000001020795b8:   f8bfc2a8 f90007e8 f94007f5 390da27f
0x00000001020795c8:   f9407676 f9400ac8 f9400109 b4000089
0x00000001020795d8:   aa1603e0 97e8ebb0 f9400ac8 f94006c9
0x00000001020795e8:   f9000928 f9400ec8 f94006c9 f9000d28
0x00000001020795f8:   f94012c8 f94006c9 f9001128 910a2260
0x0000000102079608:   97e6286e d5033bbf 910ce268 52800089
0x0000000102079618:   889ffd09 370000f7 b9427a68 6b14011f
0x0000000102079628:   54000080 b9027a74 aa1403e0 97f7b693
0x0000000102079638:   aa1503e0 a9447bfd a9434ff4 a94257f6
0x0000000102079648:   a9415ff8 910143ff d65f03c0 a9bc5ff8
0x0000000102079658:   a90157f6 a9024ff4 a9037bfd 9100c3fd
0x0000000102079668:   aa0403f5 aa0303f6 aa0203f7 d10aa013
0x0000000102079678:   9102e008 b8bfc108 129bd549 0b090108
0x0000000102079688:   7100091f 540000a3 aa1303e0 97ff3651
0x0000000102079698:   d2800013 14000009 b4000113 b9427a74
0x00000001020796a8:   34000094 b9027a7f 52800000 97f7b673 


Stack slot to memory mapping:
stack at sp + 0 slots: 0x000060000196c010 points into unknown readable memory: 0x0000000700042ea8 | a8 2e 04 00 07 00 00 00
stack at sp + 1 slots: 0x0000000100808a00 is a thread
stack at sp + 2 slots: 0x000000016fb11ce8 is pointing into the stack for thread: 0x0000000100808a00
stack at sp + 3 slots: 0x0 is NULL
stack at sp + 4 slots: 0x0 is NULL
stack at sp + 5 slots: 0x0000000102310458: _ZN19TemplateInterpreter13_active_tableE+0 in /Users/barnabas/.sdkman/candidates/java/17.0.5-amzn/lib/server/libjvm.dylib at 0x00000001016a4000
stack at sp + 6 slots: 0x000000016fb11c40 is pointing into the stack for thread: 0x0000000100808a00
stack at sp + 7 slots: 0x000000013800772c is at code_begin+44 in an Interpreter codelet
result handlers for native calls  [0x0000000138007700, 0x0000000138007780]  128 bytes


---------------  P R O C E S S  ---------------

Threads class SMR info:
_java_thread_list=0x0000600002659000, length=14, elements={
0x0000000100808a00, 0x0000000124809000, 0x000000012480e200, 0x00000001248ba600,
0x0000000114834a00, 0x0000000114835000, 0x0000000114835600, 0x0000000114835c00,
0x00000001248b4000, 0x0000000114833200, 0x0000000125014600, 0x0000000125013e00,
0x000000011709b400, 0x000000011718b200
}

Java Threads: ( => current thread )
=>0x0000000100808a00 JavaThread "main" [_thread_in_vm, id=8707, stack(0x000000016f910000,0x000000016fb13000)]
  0x0000000124809000 JavaThread "Reference Handler" daemon [_thread_blocked, id=18691, stack(0x0000000170764000,0x0000000170967000)]
  0x000000012480e200 JavaThread "Finalizer" daemon [_thread_blocked, id=18947, stack(0x0000000170970000,0x0000000170b73000)]
  0x00000001248ba600 JavaThread "Signal Dispatcher" daemon [_thread_blocked, id=31491, stack(0x0000000170c94000,0x0000000170e97000)]
  0x0000000114834a00 JavaThread "Service Thread" daemon [_thread_blocked, id=31235, stack(0x0000000170ea0000,0x00000001710a3000)]
  0x0000000114835000 JavaThread "Monitor Deflation Thread" daemon [_thread_blocked, id=24067, stack(0x00000001710ac000,0x00000001712af000)]
  0x0000000114835600 JavaThread "C2 CompilerThread0" daemon [_thread_blocked, id=30723, stack(0x00000001712b8000,0x00000001714bb000)]
  0x0000000114835c00 JavaThread "C1 CompilerThread0" daemon [_thread_blocked, id=30467, stack(0x00000001714c4000,0x00000001716c7000)]
  0x00000001248b4000 JavaThread "Sweeper thread" daemon [_thread_blocked, id=24579, stack(0x00000001716d0000,0x00000001718d3000)]
  0x0000000114833200 JavaThread "Common-Cleaner" daemon [_thread_blocked, id=29699, stack(0x00000001718dc000,0x0000000171adf000)]
  0x0000000125014600 JavaThread "Monitor Ctrl-Break" daemon [_thread_in_native, id=29187, stack(0x0000000171ae8000,0x0000000171ceb000)]
  0x0000000125013e00 JavaThread "Notification Thread" daemon [_thread_blocked, id=28675, stack(0x0000000171cf4000,0x0000000171ef7000)]
  0x000000011709b400 JavaThread "pool-2-thread-1" [_thread_blocked, id=32771, stack(0x0000000172d54000,0x0000000172f57000)]
  0x000000011718b200 JavaThread "FileSystemWatcher" daemon [_thread_blocked, id=33027, stack(0x0000000172f60000,0x0000000173163000)]

Other Threads:
  0x0000000101304080 VMThread "VM Thread" [stack: 0x0000000170558000,0x000000017075b000] [id=19715]
  0x0000000101504530 WatcherThread [stack: 0x0000000171f00000,0x0000000172103000] [id=24835]
  0x0000000101006af0 GCTaskThread "GC Thread#0" [stack: 0x000000016fb1c000,0x000000016fd1f000] [id=14083]
  0x000000010100d220 GCTaskThread "GC Thread#1" [stack: 0x000000017210c000,0x000000017230f000] [id=25347]
  0x000000010100d6a0 GCTaskThread "GC Thread#2" [stack: 0x0000000172318000,0x000000017251b000] [id=25859]
  0x000000010100db20 GCTaskThread "GC Thread#3" [stack: 0x0000000172524000,0x0000000172727000] [id=26115]
  0x000000010100e390 GCTaskThread "GC Thread#4" [stack: 0x0000000172730000,0x0000000172933000] [id=27907]
  0x000000011460e920 GCTaskThread "GC Thread#5" [stack: 0x000000017293c000,0x0000000172b3f000] [id=27651]
  0x0000000124715d70 GCTaskThread "GC Thread#6" [stack: 0x0000000173584000,0x0000000173787000] [id=41987]
  0x00000001247162c0 GCTaskThread "GC Thread#7" [stack: 0x0000000173790000,0x0000000173993000] [id=34051]
  0x00000001010071a0 ConcurrentGCThread "G1 Main Marker" [stack: 0x000000016fd28000,0x000000016ff2b000] [id=12547]
  0x0000000124604980 ConcurrentGCThread "G1 Conc#0" [stack: 0x000000016ff34000,0x0000000170137000] [id=13059]
  0x0000000124606970 ConcurrentGCThread "G1 Refine#0" [stack: 0x0000000170140000,0x0000000170343000] [id=21251]
  0x00000001146043f0 ConcurrentGCThread "G1 Service" [stack: 0x000000017034c000,0x000000017054f000] [id=20995]

Threads with active compile tasks:

VM state: not at safepoint (normal execution)

VM Mutex/Monitor currently owned by a thread: None

Heap address: 0x0000000700000000, size: 4096 MB, Compressed Oops mode: Zero based, Oop shift amount: 3

CDS archive(s) mapped at: [0x0000000800000000-0x0000000800bd8000-0x0000000800bd8000), size 12419072, SharedBaseAddress: 0x0000000800000000, ArchiveRelocationMode: 0.
Compressed class space mapped at: 0x0000000800c00000-0x0000000840c00000, reserved size: 1073741824
Narrow klass base: 0x0000000800000000, Narrow klass shift: 0, Narrow klass range: 0x100000000

GC Precious Log:
 CPUs: 10 total, 10 available
 Memory: 16384M
 Large Page Support: Disabled
 NUMA Support: Disabled
 Compressed Oops: Enabled (Zero based)
 Heap Region Size: 2M
 Heap Min Capacity: 8M
 Heap Initial Capacity: 256M
 Heap Max Capacity: 4G
 Pre-touch: Disabled
 Parallel Workers: 9
 Concurrent Workers: 2
 Concurrent Refinement Workers: 9
 Periodic GC: Disabled

Heap:
 garbage-first heap   total 266240K, used 13618K [0x0000000700000000, 0x0000000800000000)
  region size 2048K, 5 young (10240K), 1 survivors (2048K)
 Metaspace       used 12679K, committed 12928K, reserved 1064960K
  class space    used 1702K, committed 1792K, reserved 1048576K

Heap Regions: E=young(eden), S=young(survivor), O=old, HS=humongous(starts), HC=humongous(continues), CS=collection set, F=free, OA=open archive, CA=closed archive, TAMS=top-at-mark-start (previous, next)
|   0|0x0000000700000000, 0x0000000700200000, 0x0000000700200000|100%| O|  |TAMS 0x0000000700000000, 0x0000000700000000| Untracked 
|   1|0x0000000700200000, 0x00000007003b5000, 0x0000000700400000| 85%| O|  |TAMS 0x0000000700200000, 0x0000000700200000| Untracked 
|   2|0x0000000700400000, 0x0000000700400000, 0x0000000700600000|  0%| F|  |TAMS 0x0000000700400000, 0x0000000700400000| Untracked 
|   3|0x0000000700600000, 0x0000000700600000, 0x0000000700800000|  0%| F|  |TAMS 0x0000000700600000, 0x0000000700600000| Untracked 
|   4|0x0000000700800000, 0x0000000700800000, 0x0000000700a00000|  0%| F|  |TAMS 0x0000000700800000, 0x0000000700800000| Untracked 
|   5|0x0000000700a00000, 0x0000000700a00000, 0x0000000700c00000|  0%| F|  |TAMS 0x0000000700a00000, 0x0000000700a00000| Untracked 
|   6|0x0000000700c00000, 0x0000000700c00000, 0x0000000700e00000|  0%| F|  |TAMS 0x0000000700c00000, 0x0000000700c00000| Untracked 
|   7|0x0000000700e00000, 0x0000000700e00000, 0x0000000701000000|  0%| F|  |TAMS 0x0000000700e00000, 0x0000000700e00000| Untracked 
|   8|0x0000000701000000, 0x0000000701000000, 0x0000000701200000|  0%| F|  |TAMS 0x0000000701000000, 0x0000000701000000| Untracked 
|   9|0x0000000701200000, 0x0000000701200000, 0x0000000701400000|  0%| F|  |TAMS 0x0000000701200000, 0x0000000701200000| Untracked 
|  10|0x0000000701400000, 0x0000000701400000, 0x0000000701600000|  0%| F|  |TAMS 0x0000000701400000, 0x0000000701400000| Untracked 
|  11|0x0000000701600000, 0x0000000701600000, 0x0000000701800000|  0%| F|  |TAMS 0x0000000701600000, 0x0000000701600000| Untracked 
|  12|0x0000000701800000, 0x0000000701800000, 0x0000000701a00000|  0%| F|  |TAMS 0x0000000701800000, 0x0000000701800000| Untracked 
|  13|0x0000000701a00000, 0x0000000701a00000, 0x0000000701c00000|  0%| F|  |TAMS 0x0000000701a00000, 0x0000000701a00000| Untracked 
|  14|0x0000000701c00000, 0x0000000701c00000, 0x0000000701e00000|  0%| F|  |TAMS 0x0000000701c00000, 0x0000000701c00000| Untracked 
|  15|0x0000000701e00000, 0x0000000701e00000, 0x0000000702000000|  0%| F|  |TAMS 0x0000000701e00000, 0x0000000701e00000| Untracked 
|  16|0x0000000702000000, 0x0000000702000000, 0x0000000702200000|  0%| F|  |TAMS 0x0000000702000000, 0x0000000702000000| Untracked 
|  17|0x0000000702200000, 0x0000000702200000, 0x0000000702400000|  0%| F|  |TAMS 0x0000000702200000, 0x0000000702200000| Untracked 
|  18|0x0000000702400000, 0x0000000702400000, 0x0000000702600000|  0%| F|  |TAMS 0x0000000702400000, 0x0000000702400000| Untracked 
|  19|0x0000000702600000, 0x0000000702600000, 0x0000000702800000|  0%| F|  |TAMS 0x0000000702600000, 0x0000000702600000| Untracked 
|  20|0x0000000702800000, 0x0000000702800000, 0x0000000702a00000|  0%| F|  |TAMS 0x0000000702800000, 0x0000000702800000| Untracked 
|  21|0x0000000702a00000, 0x0000000702a00000, 0x0000000702c00000|  0%| F|  |TAMS 0x0000000702a00000, 0x0000000702a00000| Untracked 
|  22|0x0000000702c00000, 0x0000000702c00000, 0x0000000702e00000|  0%| F|  |TAMS 0x0000000702c00000, 0x0000000702c00000| Untracked 
|  23|0x0000000702e00000, 0x0000000702e00000, 0x0000000703000000|  0%| F|  |TAMS 0x0000000702e00000, 0x0000000702e00000| Untracked 
|  24|0x0000000703000000, 0x0000000703000000, 0x0000000703200000|  0%| F|  |TAMS 0x0000000703000000, 0x0000000703000000| Untracked 
|  25|0x0000000703200000, 0x0000000703200000, 0x0000000703400000|  0%| F|  |TAMS 0x0000000703200000, 0x0000000703200000| Untracked 
|  26|0x0000000703400000, 0x0000000703400000, 0x0000000703600000|  0%| F|  |TAMS 0x0000000703400000, 0x0000000703400000| Untracked 
|  27|0x0000000703600000, 0x0000000703600000, 0x0000000703800000|  0%| F|  |TAMS 0x0000000703600000, 0x0000000703600000| Untracked 
|  28|0x0000000703800000, 0x0000000703800000, 0x0000000703a00000|  0%| F|  |TAMS 0x0000000703800000, 0x0000000703800000| Untracked 
|  29|0x0000000703a00000, 0x0000000703a00000, 0x0000000703c00000|  0%| F|  |TAMS 0x0000000703a00000, 0x0000000703a00000| Untracked 
|  30|0x0000000703c00000, 0x0000000703c00000, 0x0000000703e00000|  0%| F|  |TAMS 0x0000000703c00000, 0x0000000703c00000| Untracked 
|  31|0x0000000703e00000, 0x0000000703e00000, 0x0000000704000000|  0%| F|  |TAMS 0x0000000703e00000, 0x0000000703e00000| Untracked 
|  32|0x0000000704000000, 0x0000000704000000, 0x0000000704200000|  0%| F|  |TAMS 0x0000000704000000, 0x0000000704000000| Untracked 
|  33|0x0000000704200000, 0x0000000704200000, 0x0000000704400000|  0%| F|  |TAMS 0x0000000704200000, 0x0000000704200000| Untracked 
|  34|0x0000000704400000, 0x0000000704400000, 0x0000000704600000|  0%| F|  |TAMS 0x0000000704400000, 0x0000000704400000| Untracked 
|  35|0x0000000704600000, 0x0000000704600000, 0x0000000704800000|  0%| F|  |TAMS 0x0000000704600000, 0x0000000704600000| Untracked 
|  36|0x0000000704800000, 0x0000000704800000, 0x0000000704a00000|  0%| F|  |TAMS 0x0000000704800000, 0x0000000704800000| Untracked 
|  37|0x0000000704a00000, 0x0000000704a00000, 0x0000000704c00000|  0%| F|  |TAMS 0x0000000704a00000, 0x0000000704a00000| Untracked 
|  38|0x0000000704c00000, 0x0000000704c00000, 0x0000000704e00000|  0%| F|  |TAMS 0x0000000704c00000, 0x0000000704c00000| Untracked 
|  39|0x0000000704e00000, 0x0000000704e00000, 0x0000000705000000|  0%| F|  |TAMS 0x0000000704e00000, 0x0000000704e00000| Untracked 
|  40|0x0000000705000000, 0x0000000705000000, 0x0000000705200000|  0%| F|  |TAMS 0x0000000705000000, 0x0000000705000000| Untracked 
|  41|0x0000000705200000, 0x0000000705200000, 0x0000000705400000|  0%| F|  |TAMS 0x0000000705200000, 0x0000000705200000| Untracked 
|  42|0x0000000705400000, 0x0000000705400000, 0x0000000705600000|  0%| F|  |TAMS 0x0000000705400000, 0x0000000705400000| Untracked 
|  43|0x0000000705600000, 0x0000000705600000, 0x0000000705800000|  0%| F|  |TAMS 0x0000000705600000, 0x0000000705600000| Untracked 
|  44|0x0000000705800000, 0x0000000705800000, 0x0000000705a00000|  0%| F|  |TAMS 0x0000000705800000, 0x0000000705800000| Untracked 
|  45|0x0000000705a00000, 0x0000000705a00000, 0x0000000705c00000|  0%| F|  |TAMS 0x0000000705a00000, 0x0000000705a00000| Untracked 
|  46|0x0000000705c00000, 0x0000000705c00000, 0x0000000705e00000|  0%| F|  |TAMS 0x0000000705c00000, 0x0000000705c00000| Untracked 
|  47|0x0000000705e00000, 0x0000000705e00000, 0x0000000706000000|  0%| F|  |TAMS 0x0000000705e00000, 0x0000000705e00000| Untracked 
|  48|0x0000000706000000, 0x0000000706000000, 0x0000000706200000|  0%| F|  |TAMS 0x0000000706000000, 0x0000000706000000| Untracked 
|  49|0x0000000706200000, 0x0000000706200000, 0x0000000706400000|  0%| F|  |TAMS 0x0000000706200000, 0x0000000706200000| Untracked 
|  50|0x0000000706400000, 0x0000000706400000, 0x0000000706600000|  0%| F|  |TAMS 0x0000000706400000, 0x0000000706400000| Untracked 
|  51|0x0000000706600000, 0x0000000706600000, 0x0000000706800000|  0%| F|  |TAMS 0x0000000706600000, 0x0000000706600000| Untracked 
|  52|0x0000000706800000, 0x0000000706800000, 0x0000000706a00000|  0%| F|  |TAMS 0x0000000706800000, 0x0000000706800000| Untracked 
|  53|0x0000000706a00000, 0x0000000706a00000, 0x0000000706c00000|  0%| F|  |TAMS 0x0000000706a00000, 0x0000000706a00000| Untracked 
|  54|0x0000000706c00000, 0x0000000706c00000, 0x0000000706e00000|  0%| F|  |TAMS 0x0000000706c00000, 0x0000000706c00000| Untracked 
|  55|0x0000000706e00000, 0x0000000706e00000, 0x0000000707000000|  0%| F|  |TAMS 0x0000000706e00000, 0x0000000706e00000| Untracked 
|  56|0x0000000707000000, 0x0000000707000000, 0x0000000707200000|  0%| F|  |TAMS 0x0000000707000000, 0x0000000707000000| Untracked 
|  57|0x0000000707200000, 0x0000000707200000, 0x0000000707400000|  0%| F|  |TAMS 0x0000000707200000, 0x0000000707200000| Untracked 
|  58|0x0000000707400000, 0x0000000707400000, 0x0000000707600000|  0%| F|  |TAMS 0x0000000707400000, 0x0000000707400000| Untracked 
|  59|0x0000000707600000, 0x0000000707600000, 0x0000000707800000|  0%| F|  |TAMS 0x0000000707600000, 0x0000000707600000| Untracked 
|  60|0x0000000707800000, 0x0000000707800000, 0x0000000707a00000|  0%| F|  |TAMS 0x0000000707800000, 0x0000000707800000| Untracked 
|  61|0x0000000707a00000, 0x0000000707a00000, 0x0000000707c00000|  0%| F|  |TAMS 0x0000000707a00000, 0x0000000707a00000| Untracked 
|  62|0x0000000707c00000, 0x0000000707c00000, 0x0000000707e00000|  0%| F|  |TAMS 0x0000000707c00000, 0x0000000707c00000| Untracked 
|  63|0x0000000707e00000, 0x0000000707e00000, 0x0000000708000000|  0%| F|  |TAMS 0x0000000707e00000, 0x0000000707e00000| Untracked 
|  64|0x0000000708000000, 0x0000000708000000, 0x0000000708200000|  0%| F|  |TAMS 0x0000000708000000, 0x0000000708000000| Untracked 
|  65|0x0000000708200000, 0x0000000708200000, 0x0000000708400000|  0%| F|  |TAMS 0x0000000708200000, 0x0000000708200000| Untracked 
|  66|0x0000000708400000, 0x0000000708400000, 0x0000000708600000|  0%| F|  |TAMS 0x0000000708400000, 0x0000000708400000| Untracked 
|  67|0x0000000708600000, 0x0000000708600000, 0x0000000708800000|  0%| F|  |TAMS 0x0000000708600000, 0x0000000708600000| Untracked 
|  68|0x0000000708800000, 0x0000000708800000, 0x0000000708a00000|  0%| F|  |TAMS 0x0000000708800000, 0x0000000708800000| Untracked 
|  69|0x0000000708a00000, 0x0000000708a00000, 0x0000000708c00000|  0%| F|  |TAMS 0x0000000708a00000, 0x0000000708a00000| Untracked 
|  70|0x0000000708c00000, 0x0000000708c00000, 0x0000000708e00000|  0%| F|  |TAMS 0x0000000708c00000, 0x0000000708c00000| Untracked 
|  71|0x0000000708e00000, 0x0000000708e00000, 0x0000000709000000|  0%| F|  |TAMS 0x0000000708e00000, 0x0000000708e00000| Untracked 
|  72|0x0000000709000000, 0x0000000709000000, 0x0000000709200000|  0%| F|  |TAMS 0x0000000709000000, 0x0000000709000000| Untracked 
|  73|0x0000000709200000, 0x0000000709200000, 0x0000000709400000|  0%| F|  |TAMS 0x0000000709200000, 0x0000000709200000| Untracked 
|  74|0x0000000709400000, 0x0000000709400000, 0x0000000709600000|  0%| F|  |TAMS 0x0000000709400000, 0x0000000709400000| Untracked 
|  75|0x0000000709600000, 0x0000000709600000, 0x0000000709800000|  0%| F|  |TAMS 0x0000000709600000, 0x0000000709600000| Untracked 
|  76|0x0000000709800000, 0x0000000709800000, 0x0000000709a00000|  0%| F|  |TAMS 0x0000000709800000, 0x0000000709800000| Untracked 
|  77|0x0000000709a00000, 0x0000000709a00000, 0x0000000709c00000|  0%| F|  |TAMS 0x0000000709a00000, 0x0000000709a00000| Untracked 
|  78|0x0000000709c00000, 0x0000000709c00000, 0x0000000709e00000|  0%| F|  |TAMS 0x0000000709c00000, 0x0000000709c00000| Untracked 
|  79|0x0000000709e00000, 0x0000000709e00000, 0x000000070a000000|  0%| F|  |TAMS 0x0000000709e00000, 0x0000000709e00000| Untracked 
|  80|0x000000070a000000, 0x000000070a000000, 0x000000070a200000|  0%| F|  |TAMS 0x000000070a000000, 0x000000070a000000| Untracked 
|  81|0x000000070a200000, 0x000000070a200000, 0x000000070a400000|  0%| F|  |TAMS 0x000000070a200000, 0x000000070a200000| Untracked 
|  82|0x000000070a400000, 0x000000070a400000, 0x000000070a600000|  0%| F|  |TAMS 0x000000070a400000, 0x000000070a400000| Untracked 
|  83|0x000000070a600000, 0x000000070a600000, 0x000000070a800000|  0%| F|  |TAMS 0x000000070a600000, 0x000000070a600000| Untracked 
|  84|0x000000070a800000, 0x000000070a800000, 0x000000070aa00000|  0%| F|  |TAMS 0x000000070a800000, 0x000000070a800000| Untracked 
|  85|0x000000070aa00000, 0x000000070aa00000, 0x000000070ac00000|  0%| F|  |TAMS 0x000000070aa00000, 0x000000070aa00000| Untracked 
|  86|0x000000070ac00000, 0x000000070ac00000, 0x000000070ae00000|  0%| F|  |TAMS 0x000000070ac00000, 0x000000070ac00000| Untracked 
|  87|0x000000070ae00000, 0x000000070ae00000, 0x000000070b000000|  0%| F|  |TAMS 0x000000070ae00000, 0x000000070ae00000| Untracked 
|  88|0x000000070b000000, 0x000000070b000000, 0x000000070b200000|  0%| F|  |TAMS 0x000000070b000000, 0x000000070b000000| Untracked 
|  89|0x000000070b200000, 0x000000070b200000, 0x000000070b400000|  0%| F|  |TAMS 0x000000070b200000, 0x000000070b200000| Untracked 
|  90|0x000000070b400000, 0x000000070b400000, 0x000000070b600000|  0%| F|  |TAMS 0x000000070b400000, 0x000000070b400000| Untracked 
|  91|0x000000070b600000, 0x000000070b600000, 0x000000070b800000|  0%| F|  |TAMS 0x000000070b600000, 0x000000070b600000| Untracked 
|  92|0x000000070b800000, 0x000000070b800000, 0x000000070ba00000|  0%| F|  |TAMS 0x000000070b800000, 0x000000070b800000| Untracked 
|  93|0x000000070ba00000, 0x000000070ba00000, 0x000000070bc00000|  0%| F|  |TAMS 0x000000070ba00000, 0x000000070ba00000| Untracked 
|  94|0x000000070bc00000, 0x000000070bc00000, 0x000000070be00000|  0%| F|  |TAMS 0x000000070bc00000, 0x000000070bc00000| Untracked 
|  95|0x000000070be00000, 0x000000070be00000, 0x000000070c000000|  0%| F|  |TAMS 0x000000070be00000, 0x000000070be00000| Untracked 
|  96|0x000000070c000000, 0x000000070c000000, 0x000000070c200000|  0%| F|  |TAMS 0x000000070c000000, 0x000000070c000000| Untracked 
|  97|0x000000070c200000, 0x000000070c200000, 0x000000070c400000|  0%| F|  |TAMS 0x000000070c200000, 0x000000070c200000| Untracked 
|  98|0x000000070c400000, 0x000000070c400000, 0x000000070c600000|  0%| F|  |TAMS 0x000000070c400000, 0x000000070c400000| Untracked 
|  99|0x000000070c600000, 0x000000070c600000, 0x000000070c800000|  0%| F|  |TAMS 0x000000070c600000, 0x000000070c600000| Untracked 
| 100|0x000000070c800000, 0x000000070c800000, 0x000000070ca00000|  0%| F|  |TAMS 0x000000070c800000, 0x000000070c800000| Untracked 
| 101|0x000000070ca00000, 0x000000070ca00000, 0x000000070cc00000|  0%| F|  |TAMS 0x000000070ca00000, 0x000000070ca00000| Untracked 
| 102|0x000000070cc00000, 0x000000070cc00000, 0x000000070ce00000|  0%| F|  |TAMS 0x000000070cc00000, 0x000000070cc00000| Untracked 
| 103|0x000000070ce00000, 0x000000070ce00000, 0x000000070d000000|  0%| F|  |TAMS 0x000000070ce00000, 0x000000070ce00000| Untracked 
| 104|0x000000070d000000, 0x000000070d000000, 0x000000070d200000|  0%| F|  |TAMS 0x000000070d000000, 0x000000070d000000| Untracked 
| 105|0x000000070d200000, 0x000000070d200000, 0x000000070d400000|  0%| F|  |TAMS 0x000000070d200000, 0x000000070d200000| Untracked 
| 106|0x000000070d400000, 0x000000070d400000, 0x000000070d600000|  0%| F|  |TAMS 0x000000070d400000, 0x000000070d400000| Untracked 
| 107|0x000000070d600000, 0x000000070d600000, 0x000000070d800000|  0%| F|  |TAMS 0x000000070d600000, 0x000000070d600000| Untracked 
| 108|0x000000070d800000, 0x000000070d99f880, 0x000000070da00000| 81%| S|CS|TAMS 0x000000070d800000, 0x000000070d800000| Complete 
| 109|0x000000070da00000, 0x000000070da00000, 0x000000070dc00000|  0%| F|  |TAMS 0x000000070da00000, 0x000000070da00000| Untracked 
| 110|0x000000070dc00000, 0x000000070dc00000, 0x000000070de00000|  0%| F|  |TAMS 0x000000070dc00000, 0x000000070dc00000| Untracked 
| 111|0x000000070de00000, 0x000000070de00000, 0x000000070e000000|  0%| F|  |TAMS 0x000000070de00000, 0x000000070de00000| Untracked 
| 112|0x000000070e000000, 0x000000070e000000, 0x000000070e200000|  0%| F|  |TAMS 0x000000070e000000, 0x000000070e000000| Untracked 
| 113|0x000000070e200000, 0x000000070e200000, 0x000000070e400000|  0%| F|  |TAMS 0x000000070e200000, 0x000000070e200000| Untracked 
| 114|0x000000070e400000, 0x000000070e400000, 0x000000070e600000|  0%| F|  |TAMS 0x000000070e400000, 0x000000070e400000| Untracked 
| 115|0x000000070e600000, 0x000000070e600000, 0x000000070e800000|  0%| F|  |TAMS 0x000000070e600000, 0x000000070e600000| Untracked 
| 116|0x000000070e800000, 0x000000070e800000, 0x000000070ea00000|  0%| F|  |TAMS 0x000000070e800000, 0x000000070e800000| Untracked 
| 117|0x000000070ea00000, 0x000000070ea00000, 0x000000070ec00000|  0%| F|  |TAMS 0x000000070ea00000, 0x000000070ea00000| Untracked 
| 118|0x000000070ec00000, 0x000000070ec00000, 0x000000070ee00000|  0%| F|  |TAMS 0x000000070ec00000, 0x000000070ec00000| Untracked 
| 119|0x000000070ee00000, 0x000000070ee00000, 0x000000070f000000|  0%| F|  |TAMS 0x000000070ee00000, 0x000000070ee00000| Untracked 
| 120|0x000000070f000000, 0x000000070f000000, 0x000000070f200000|  0%| F|  |TAMS 0x000000070f000000, 0x000000070f000000| Untracked 
| 121|0x000000070f200000, 0x000000070f200000, 0x000000070f400000|  0%| F|  |TAMS 0x000000070f200000, 0x000000070f200000| Untracked 
| 122|0x000000070f400000, 0x000000070f400000, 0x000000070f600000|  0%| F|  |TAMS 0x000000070f400000, 0x000000070f400000| Untracked 
| 123|0x000000070f600000, 0x000000070f600000, 0x000000070f800000|  0%| F|  |TAMS 0x000000070f600000, 0x000000070f600000| Untracked 
| 124|0x000000070f800000, 0x000000070f880808, 0x000000070fa00000| 25%| E|  |TAMS 0x000000070f800000, 0x000000070f800000| Complete 
| 125|0x000000070fa00000, 0x000000070fc00000, 0x000000070fc00000|100%| E|CS|TAMS 0x000000070fa00000, 0x000000070fa00000| Complete 
| 126|0x000000070fc00000, 0x000000070fe00000, 0x000000070fe00000|100%| E|CS|TAMS 0x000000070fc00000, 0x000000070fc00000| Complete 
| 127|0x000000070fe00000, 0x0000000710000000, 0x0000000710000000|100%| E|CS|TAMS 0x000000070fe00000, 0x000000070fe00000| Complete 
|2046|0x00000007ffc00000, 0x00000007ffd78000, 0x00000007ffe00000| 73%|OA|  |TAMS 0x00000007ffc00000, 0x00000007ffc00000| Untracked 
|2047|0x00000007ffe00000, 0x00000007ffe80000, 0x0000000800000000| 25%|CA|  |TAMS 0x00000007ffe00000, 0x00000007ffe00000| Untracked 

Card table byte_map: [0x000000010a934000,0x000000010b134000] _byte_map_base: 0x0000000107134000

Marking Bits (Prev, Next): (CMBitMap*) 0x000000010082dc10, (CMBitMap*) 0x000000010082dc50
 Prev Bits: [0x000000010b934000, 0x000000010f934000)
 Next Bits: [0x000000010f934000, 0x0000000113934000)

Polling page: 0x000000010069c000

Metaspace:

Usage:
  Non-class:     10.72 MB used.
      Class:      1.66 MB used.
       Both:     12.38 MB used.

Virtual space:
  Non-class space:       16.00 MB reserved,      10.88 MB ( 68%) committed,  2 nodes.
      Class space:        1.00 GB reserved,       1.75 MB ( <1%) committed,  1 nodes.
             Both:        1.02 GB reserved,      12.62 MB (  1%) committed. 

Chunk freelists:
   Non-Class:  1.14 MB
       Class:  2.19 MB
        Both:  3.33 MB

MaxMetaspaceSize: unlimited
CompressedClassSpaceSize: 1.00 GB
Initial GC threshold: 21.00 MB
Current GC threshold: 21.00 MB
CDS: on
MetaspaceReclaimPolicy: balanced
 - commit_granule_bytes: 65536.
 - commit_granule_words: 8192.
 - virtual_space_node_default_size: 1048576.
 - enlarge_chunks_in_place: 1.
 - new_chunks_are_fully_committed: 0.
 - uncommit_free_chunks: 1.
 - use_allocation_guard: 0.
 - handle_deallocations: 1.


Internal statistics:

num_allocs_failed_limit: 0.
num_arena_births: 254.
num_arena_deaths: 0.
num_vsnodes_births: 3.
num_vsnodes_deaths: 0.
num_space_committed: 202.
num_space_uncommitted: 0.
num_chunks_returned_to_freelist: 0.
num_chunks_taken_from_freelist: 663.
num_chunk_merges: 0.
num_chunk_splits: 404.
num_chunks_enlarged: 285.
num_purges: 0.
num_inconsistent_stats: 0.

CodeHeap 'non-profiled nmethods': size=120032Kb used=847Kb max_used=847Kb free=119184Kb
 bounds [0x000000013fac8000, 0x000000013fd38000, 0x0000000147000000]
CodeHeap 'profiled nmethods': size=120016Kb used=4405Kb max_used=4405Kb free=115610Kb
 bounds [0x0000000138594000, 0x00000001389e4000, 0x000000013fac8000]
CodeHeap 'non-nmethods': size=5712Kb used=1217Kb max_used=1285Kb free=4494Kb
 bounds [0x0000000138000000, 0x0000000138270000, 0x0000000138594000]
 total_blobs=2553 nmethods=2021 adapters=448
 compilation: enabled
              stopped_count=0, restarted_count=0
 full_count=0

Compilation events (20 events):
Event: 0.971 Thread 0x0000000114835c00 2032       3       java.lang.invoke.BoundMethodHandle::bindArgumentL (11 bytes)
Event: 0.971 Thread 0x0000000114835c00 nmethod 2032 0x00000001389df710 code [0x00000001389df940, 0x00000001389dfe88]
Event: 0.971 Thread 0x0000000114835c00 2033       3       java.lang.invoke.LambdaFormEditor::bindArgumentL (59 bytes)
Event: 0.971 Thread 0x0000000114835c00 nmethod 2033 0x00000001389e0110 code [0x00000001389e0300, 0x00000001389e0638]
Event: 0.971 Thread 0x0000000114835c00 2034       3       java.lang.invoke.BoundMethodHandle$Species_L::<init> (12 bytes)
Event: 0.972 Thread 0x0000000114835c00 nmethod 2034 0x00000001389e0790 code [0x00000001389e0940, 0x00000001389e0bd8]
Event: 0.972 Thread 0x0000000114835c00 2036       3       java.lang.invoke.BoundMethodHandle$Species_L::make (11 bytes)
Event: 0.972 Thread 0x0000000114835c00 nmethod 2036 0x00000001389e0d10 code [0x00000001389e0ec0, 0x00000001389e1158]
Event: 0.972 Thread 0x0000000114835c00 2037       1       org.agrona.collections.Int2ObjectHashMap::access$000 (5 bytes)
Event: 0.972 Thread 0x0000000114835c00 nmethod 2037 0x000000013fb8ea10 code [0x000000013fb8eb80, 0x000000013fb8ec28]
Event: 1.058 Thread 0x0000000114835600 nmethod 2017 0x000000013fb8ed10 code [0x000000013fb8f8c0, 0x000000013fb95ad0]
Event: 1.058 Thread 0x0000000114835600 2027       4       java.lang.StringUTF16::compress (50 bytes)
Event: 1.060 Thread 0x0000000114835600 nmethod 2027 0x000000013fb98a10 code [0x000000013fb98bc0, 0x000000013fb98f50]
Event: 1.060 Thread 0x0000000114835600 2019       4       jdk.internal.org.objectweb.asm.SymbolTable::addConstantUtf8Reference (101 bytes)
Event: 1.066 Thread 0x0000000114835600 nmethod 2019 0x000000013fb99090 code [0x000000013fb99300, 0x000000013fb99c50]
Event: 1.130 Thread 0x0000000114835c00 2038       1       java.util.concurrent.locks.AbstractOwnableSynchronizer::getExclusiveOwnerThread (5 bytes)
Event: 1.130 Thread 0x0000000114835c00 nmethod 2038 0x000000013fb9a590 code [0x000000013fb9a700, 0x000000013fb9a7e8]
Event: 1.570 Thread 0x0000000114835c00 2043       3       java.lang.invoke.MemberName::getFactory (4 bytes)
Event: 1.570 Thread 0x0000000114835c00 nmethod 2043 0x00000001389e1290 code [0x00000001389e1440, 0x00000001389e1568]
Event: 1.571 Thread 0x0000000114835600 2044       4       java.lang.Class::getPackageName (81 bytes)

GC Heap History (4 events):
Event: 0.269 GC heap before
{Heap before GC invocations=0 (full 0):
 garbage-first heap   total 266240K, used 24544K [0x0000000700000000, 0x0000000800000000)
  region size 2048K, 11 young (22528K), 0 survivors (0K)
 Metaspace       used 6224K, committed 6464K, reserved 1056768K
  class space    used 691K, committed 832K, reserved 1048576K
}
Event: 0.270 GC heap after
{Heap after GC invocations=1 (full 0):
 garbage-first heap   total 266240K, used 5946K [0x0000000700000000, 0x0000000800000000)
  region size 2048K, 2 young (4096K), 2 survivors (4096K)
 Metaspace       used 6224K, committed 6464K, reserved 1056768K
  class space    used 691K, committed 832K, reserved 1048576K
}
Event: 0.815 GC heap before
{Heap before GC invocations=1 (full 0):
 garbage-first heap   total 266240K, used 38714K [0x0000000700000000, 0x0000000800000000)
  region size 2048K, 19 young (38912K), 2 survivors (4096K)
 Metaspace       used 11679K, committed 11904K, reserved 1064960K
  class space    used 1579K, committed 1664K, reserved 1048576K
}
Event: 0.817 GC heap after
{Heap after GC invocations=2 (full 0):
 garbage-first heap   total 266240K, used 7474K [0x0000000700000000, 0x0000000800000000)
  region size 2048K, 1 young (2048K), 1 survivors (2048K)
 Metaspace       used 11679K, committed 11904K, reserved 1064960K
  class space    used 1579K, committed 1664K, reserved 1048576K
}

Dll operation events (11 events):
Event: 0.004 Loaded shared library /Users/barnabas/.sdkman/candidates/java/17.0.5-amzn/lib/libjava.dylib
Event: 0.033 Loaded shared library /Users/barnabas/.sdkman/candidates/java/17.0.5-amzn/lib/libzip.dylib
Event: 0.033 Loaded shared library /Users/barnabas/.sdkman/candidates/java/17.0.5-amzn/lib/libinstrument.dylib
Event: 0.035 Loaded shared library /Users/barnabas/.sdkman/candidates/java/17.0.5-amzn/lib/libnio.dylib
Event: 0.037 Loaded shared library /Users/barnabas/.sdkman/candidates/java/17.0.5-amzn/lib/libzip.dylib
Event: 0.038 Loaded shared library /Users/barnabas/.sdkman/candidates/java/17.0.5-amzn/lib/libnet.dylib
Event: 0.043 Loaded shared library /Users/barnabas/.sdkman/candidates/java/17.0.5-amzn/lib/libextnet.dylib
Event: 0.047 Loaded shared library /Users/barnabas/.sdkman/candidates/java/17.0.5-amzn/lib/libverify.dylib
Event: 0.118 Loaded shared library /Users/barnabas/.sdkman/candidates/java/17.0.5-amzn/lib/libmanagement.dylib
Event: 0.119 Loaded shared library /Users/barnabas/.sdkman/candidates/java/17.0.5-amzn/lib/libmanagement_ext.dylib
Event: 0.136 Loaded shared library /Users/barnabas/.sdkman/candidates/java/17.0.5-amzn/lib/libjimage.dylib

Deoptimization events (20 events):
Event: 0.502 Thread 0x0000000100808a00 Uncommon trap: trap_request=0xffffffde fr.pc=0x000000013fb4bd94 relative=0x0000000000000714
Event: 0.502 Thread 0x0000000100808a00 Uncommon trap: reason=class_check action=maybe_recompile pc=0x000000013fb4bd94 method=java.util.HashMap.putVal(ILjava/lang/Object;Ljava/lang/Object;ZZ)Ljava/lang/Object; @ 91 c2
Event: 0.502 Thread 0x0000000100808a00 DEOPT PACKING pc=0x000000013fb4bd94 sp=0x000000016fb10970
Event: 0.502 Thread 0x0000000100808a00 DEOPT UNPACKING pc=0x000000013803ed1c sp=0x000000016fb108b0 mode 2
Event: 0.504 Thread 0x0000000100808a00 DEOPT PACKING pc=0x00000001389216d0 sp=0x000000016fb109a0
Event: 0.504 Thread 0x0000000100808a00 DEOPT UNPACKING pc=0x000000013803eb7c sp=0x000000016fb10700 mode 3
Event: 0.504 Thread 0x0000000100808a00 DEOPT PACKING pc=0x000000013888b56c sp=0x000000016fb10520
Event: 0.504 Thread 0x0000000100808a00 DEOPT UNPACKING pc=0x000000013803eb7c sp=0x000000016fb10270 mode 3
Event: 0.506 Thread 0x0000000100808a00 Uncommon trap: trap_request=0xffffff45 fr.pc=0x000000013fb5931c relative=0x000000000000109c
Event: 0.506 Thread 0x0000000100808a00 Uncommon trap: reason=unstable_if action=reinterpret pc=0x000000013fb5931c method=org.snakeyaml.engine.v2.scanner.ScannerImpl.needMoreTokens()Z @ 4 c2
Event: 0.506 Thread 0x0000000100808a00 DEOPT PACKING pc=0x000000013fb5931c sp=0x000000016fb10f80
Event: 0.506 Thread 0x0000000100808a00 DEOPT UNPACKING pc=0x000000013803ed1c sp=0x000000016fb10ec0 mode 2
Event: 0.713 Thread 0x00000001258e2000 DEOPT PACKING pc=0x000000013861de7c sp=0x000000017336e430
Event: 0.713 Thread 0x00000001258e2000 DEOPT UNPACKING pc=0x000000013803eb7c sp=0x000000017336e0f0 mode 0
Event: 0.965 Thread 0x000000012513f600 DEOPT PACKING pc=0x00000001389ad5a0 sp=0x0000000172d4a7b0
Event: 0.965 Thread 0x000000012513f600 DEOPT UNPACKING pc=0x000000013803eb7c sp=0x0000000172d4a510 mode 3
Event: 0.965 Thread 0x000000012513f600 DEOPT PACKING pc=0x00000001387a755c sp=0x0000000172d4a0f0
Event: 0.965 Thread 0x000000012513f600 DEOPT UNPACKING pc=0x000000013803eb7c sp=0x0000000172d49d70 mode 0
Event: 0.969 Thread 0x000000012513f600 DEOPT PACKING pc=0x000000013869f520 sp=0x0000000172d49320
Event: 0.969 Thread 0x000000012513f600 DEOPT UNPACKING pc=0x000000013803eb7c sp=0x0000000172d48fa0 mode 0

Classes unloaded (0 events):
No events

Classes redefined (0 events):
No events

Internal exceptions (20 events):
Event: 0.509 Thread 0x0000000100808a00 Exception <a 'java/lang/NoSuchMethodError'{0x000000070ddf1d28}: 'int java.lang.invoke.DirectMethodHandle$Holder.invokeStatic(java.lang.Object, long)'> (0x000000070ddf1d28) 
thrown [src/hotspot/share/interpreter/linkResolver.cpp, line 759]
Event: 0.509 Thread 0x0000000100808a00 Exception <a 'java/lang/NoSuchMethodError'{0x000000070ddf7ad0}: 'long java.lang.invoke.DirectMethodHandle$Holder.invokeSpecial(java.lang.Object, java.lang.Object)'> (0x000000070ddf7ad0) 
thrown [src/hotspot/share/interpreter/linkResolver.cpp, line 759]
Event: 0.513 Thread 0x0000000100808a00 Exception <a 'sun/nio/fs/UnixException'{0x000000070da0bca0}> (0x000000070da0bca0) 
thrown [src/hotspot/share/prims/jni.cpp, line 516]
Event: 0.513 Thread 0x0000000100808a00 Exception <a 'sun/nio/fs/UnixException'{0x000000070da0bd48}> (0x000000070da0bd48) 
thrown [src/hotspot/share/prims/jni.cpp, line 516]
Event: 0.513 Thread 0x0000000100808a00 Exception <a 'sun/nio/fs/UnixException'{0x000000070da12ec0}> (0x000000070da12ec0) 
thrown [src/hotspot/share/prims/jni.cpp, line 516]
Event: 0.551 Thread 0x000000012513f600 Exception <a 'sun/nio/fs/UnixException'{0x000000070ff78510}> (0x000000070ff78510) 
thrown [src/hotspot/share/prims/jni.cpp, line 516]
Event: 0.554 Thread 0x000000012513f600 Exception <a 'java/lang/NoSuchMethodError'{0x000000070dadddd8}: 'int java.lang.invoke.DirectMethodHandle$Holder.invokeVirtual(java.lang.Object, java.lang.Object, java.lang.Object)'> (0x000000070dadddd8) 
thrown [src/hotspot/share/interpreter/linkResolver.cpp, line 759]
Event: 0.555 Thread 0x000000012513f600 Exception <a 'java/lang/NoSuchMethodError'{0x000000070dafcce8}: 'void java.lang.invoke.DirectMethodHandle$Holder.invokeSpecial(java.lang.Object, java.lang.Object, java.lang.Object, java.lang.Object, java.lang.Object)'> (0x000000070dafcce8) 
thrown [src/hotspot/share/interpreter/linkResolver.cpp, line 759]
Event: 0.820 Thread 0x000000012513f600 Exception <a 'java/lang/NoSuchMethodError'{0x000000070fe3ff40}: 'void java.lang.invoke.DirectMethodHandle$Holder.invokeStatic(java.lang.Object, java.lang.Object, int, java.lang.Object, int, int)'> (0x000000070fe3ff40) 
thrown [src/hotspot/share/interpreter/linkResolver.cpp, line 759]
Event: 0.822 Thread 0x000000012513f600 Exception <a 'java/lang/NoSuchMethodError'{0x000000070fe7e040}: 'java.lang.Object java.lang.invoke.DirectMethodHandle$Holder.newInvokeSpecial(java.lang.Object, java.lang.Object, java.lang.Object, java.lang.Object, java.lang.Object, java.lang.Object, java.lang.Object)'> (0x000000070fe7e040) 
thrown [src/hotspot/share/interpreter/linkResolver.cpp, line 759]
Event: 0.822 Thread 0x000000012513f600 Exception <a 'java/lang/NoSuchMethodError'{0x000000070fe82518}: 'java.lang.Object java.lang.invoke.Invokers$Holder.linkToTargetMethod(java.lang.Object, java.lang.Object, java.lang.Object, java.lang.Object, java.lang.Object, java.lang.Object, java.lang.Object)'> (0x000000070fe82518) 
thrown [src/hotspot/share/interpreter/linkResolver.cpp, line 759]
Event: 0.919 Thread 0x000000012513f600 Exception <a 'java/lang/NoSuchMethodError'{0x000000070fc4b4b8}: 'java.lang.Object java.lang.invoke.DirectMethodHandle$Holder.newInvokeSpecial(java.lang.Object, java.lang.Object, java.lang.Object, long, long)'> (0x000000070fc4b4b8) 
thrown [src/hotspot/share/interpreter/linkResolver.cpp, line 759]
Event: 0.920 Thread 0x000000012513f600 Exception <a 'java/lang/NoSuchMethodError'{0x000000070fc5d690}: 'java.lang.Object java.lang.invoke.DirectMethodHandle$Holder.newInvokeSpecial(java.lang.Object, long, java.lang.Object)'> (0x000000070fc5d690) 
thrown [src/hotspot/share/interpreter/linkResolver.cpp, line 759]
Event: 0.920 Thread 0x000000012513f600 Exception <a 'java/lang/NoSuchMethodError'{0x000000070fc613c0}: 'java.lang.Object java.lang.invoke.DirectMethodHandle$Holder.invokeSpecial(java.lang.Object, java.lang.Object, long, java.lang.Object)'> (0x000000070fc613c0) 
thrown [src/hotspot/share/interpreter/linkResolver.cpp, line 759]
Event: 0.964 Thread 0x000000012513f600 Exception <a 'java/lang/NoSuchMethodError'{0x000000070fa06bb0}: 'java.lang.Object java.lang.invoke.DirectMethodHandle$Holder.newInvokeSpecial(java.lang.Object, java.lang.Object, java.lang.Object, long)'> (0x000000070fa06bb0) 
thrown [src/hotspot/share/interpreter/linkResolver.cpp, line 759]
Event: 0.964 Thread 0x000000012513f600 Exception <a 'java/lang/NoSuchMethodError'{0x000000070fa0aea8}: 'java.lang.Object java.lang.invoke.DirectMethodHandle$Holder.invokeSpecial(java.lang.Object, java.lang.Object, java.lang.Object, java.lang.Object, long)'> (0x000000070fa0aea8) 
thrown [src/hotspot/share/interpreter/linkResolver.cpp, line 759]
Event: 0.964 Thread 0x000000012513f600 Exception <a 'java/lang/NoSuchMethodError'{0x000000070fa0e7d0}: 'java.lang.Object java.lang.invoke.Invokers$Holder.linkToTargetMethod(java.lang.Object, java.lang.Object, long, java.lang.Object)'> (0x000000070fa0e7d0) 
thrown [src/hotspot/share/interpreter/linkResolver.cpp, line 759]
Event: 0.966 Thread 0x000000012513f600 Exception <a 'java/lang/NoSuchMethodError'{0x000000070fa36478}: 'void java.lang.invoke.DirectMethodHandle$Holder.invokeStatic(java.lang.Object, long, java.lang.Object)'> (0x000000070fa36478) 
thrown [src/hotspot/share/interpreter/linkResolver.cpp, line 759]
Event: 0.968 Thread 0x000000012513f600 Exception <a 'java/lang/NoSuchMethodError'{0x000000070fa76f68}: 'java.lang.Object java.lang.invoke.DirectMethodHandle$Holder.newInvokeSpecial(java.lang.Object, long, long)'> (0x000000070fa76f68) 
thrown [src/hotspot/share/interpreter/linkResolver.cpp, line 759]
Event: 1.570 Thread 0x0000000100808a00 Exception <a 'java/lang/NoSuchMethodError'{0x000000070fa9bbd0}: 'void java.lang.invoke.DirectMethodHandle$Holder.invokeVirtual(java.lang.Object, java.lang.Object)'> (0x000000070fa9bbd0) 
thrown [src/hotspot/share/interpreter/linkResolver.cpp, line 759]

VM Operations (20 events):
Event: 0.377 Executing VM operation: HandshakeAllThreads
Event: 0.377 Executing VM operation: HandshakeAllThreads done
Event: 0.397 Executing VM operation: HandshakeAllThreads
Event: 0.397 Executing VM operation: HandshakeAllThreads done
Event: 0.400 Executing VM operation: HandshakeAllThreads
Event: 0.400 Executing VM operation: HandshakeAllThreads done
Event: 0.402 Executing VM operation: HandshakeAllThreads
Event: 0.402 Executing VM operation: HandshakeAllThreads done
Event: 0.411 Executing VM operation: HandshakeAllThreads
Event: 0.411 Executing VM operation: HandshakeAllThreads done
Event: 0.415 Executing VM operation: HandshakeAllThreads
Event: 0.415 Executing VM operation: HandshakeAllThreads done
Event: 0.445 Executing VM operation: ICBufferFull
Event: 0.445 Executing VM operation: ICBufferFull done
Event: 0.451 Executing VM operation: HandshakeAllThreads
Event: 0.451 Executing VM operation: HandshakeAllThreads done
Event: 0.464 Executing VM operation: HandshakeAllThreads
Event: 0.464 Executing VM operation: HandshakeAllThreads done
Event: 0.815 Executing VM operation: G1CollectForAllocation
Event: 0.817 Executing VM operation: G1CollectForAllocation done

Events (20 events):
Event: 0.965 loading class java/lang/Throwable$PrintStreamOrWriter done
Event: 0.965 loading class java/lang/Throwable$WrappedPrintStream done
Event: 0.965 loading class java/lang/StackTraceElement$HashedModules
Event: 0.965 loading class java/lang/StackTraceElement$HashedModules done
Event: 0.971 loading class java/util/stream/ReferencePipeline$4
Event: 0.971 loading class java/util/stream/ReferencePipeline$4 done
Event: 0.971 loading class java/util/function/IntBinaryOperator
Event: 0.971 loading class java/util/function/IntBinaryOperator done
Event: 0.971 loading class java/util/stream/ReduceOps$6
Event: 0.971 loading class java/util/stream/ReduceOps$6 done
Event: 0.971 loading class java/util/stream/ReduceOps$5ReducingSink
Event: 0.971 loading class java/util/stream/ReduceOps$5ReducingSink done
Event: 0.971 loading class java/util/stream/ReferencePipeline$4$1
Event: 0.971 loading class java/util/stream/ReferencePipeline$4$1 done
Event: 0.973 Protecting memory [0x0000000172b48000,0x0000000172b54000] with protection modes 3
Event: 0.973 Thread 0x000000012513f600 Thread exited: 0x000000012513f600
Event: 1.131 Protecting memory [0x0000000173378000,0x0000000173384000] with protection modes 3
Event: 1.131 Thread 0x00000001148c2e00 Thread exited: 0x00000001148c2e00
Event: 1.131 Protecting memory [0x000000017316c000,0x0000000173178000] with protection modes 3
Event: 1.131 Thread 0x00000001258e2000 Thread exited: 0x00000001258e2000


Dynamic libraries:
0x00000001005fc000 	/Users/barnabas/.sdkman/candidates/java/17.0.5-amzn/lib/libjli.dylib
0x00000001aa156000 	/System/Library/Frameworks/Cocoa.framework/Versions/A/Cocoa
0x0000000194e49000 	/System/Library/Frameworks/AppKit.framework/Versions/C/AppKit
0x000000019784b000 	/System/Library/Frameworks/CoreData.framework/Versions/A/CoreData
0x0000000192b7d000 	/System/Library/Frameworks/Foundation.framework/Versions/C/Foundation
0x000000019d50e000 	/usr/lib/libSystem.B.dylib
0x0000000195d58000 	/System/Library/PrivateFrameworks/UIFoundation.framework/Versions/A/UIFoundation
0x00000002006b3000 	/System/Library/PrivateFrameworks/CollectionViewCore.framework/Versions/A/CollectionViewCore
0x00000001a447b000 	/System/Library/PrivateFrameworks/RemoteViewServices.framework/Versions/A/RemoteViewServices
0x000000019b7c6000 	/System/Library/PrivateFrameworks/XCTTargetBootstrap.framework/Versions/A/XCTTargetBootstrap
0x000000019ff1c000 	/System/Library/PrivateFrameworks/InternationalSupport.framework/Versions/A/InternationalSupport
0x000000019ffa3000 	/System/Library/PrivateFrameworks/UserActivity.framework/Versions/A/UserActivity
0x000000021876b000 	/System/Library/PrivateFrameworks/WindowManagement.framework/Versions/A/WindowManagement
0x000000019284a000 	/System/Library/Frameworks/SystemConfiguration.framework/Versions/A/SystemConfiguration
0x000000019f402000 	/usr/lib/libspindump.dylib
0x0000000195efe000 	/System/Library/Frameworks/UniformTypeIdentifiers.framework/Versions/A/UniformTypeIdentifiers
0x00000001997d3000 	/usr/lib/libapp_launch_measurement.dylib
0x0000000198c86000 	/System/Library/PrivateFrameworks/CoreAnalytics.framework/Versions/A/CoreAnalytics
0x00000001997da000 	/System/Library/PrivateFrameworks/CoreAutoLayout.framework/Versions/A/CoreAutoLayout
0x000000019afcc000 	/System/Library/Frameworks/Metal.framework/Versions/A/Metal
0x000000019bef3000 	/usr/lib/liblangid.dylib
0x000000019b7cc000 	/System/Library/PrivateFrameworks/CoreSVG.framework/Versions/A/CoreSVG
0x0000000196869000 	/System/Library/PrivateFrameworks/SkyLight.framework/Versions/A/SkyLight
0x0000000196c95000 	/System/Library/Frameworks/CoreGraphics.framework/Versions/A/CoreGraphics
0x00000001a4b57000 	/System/Library/Frameworks/Accelerate.framework/Versions/A/Accelerate
0x000000019ee6f000 	/System/Library/PrivateFrameworks/IconServices.framework/Versions/A/IconServices
0x000000019afaa000 	/System/Library/Frameworks/IOSurface.framework/Versions/A/IOSurface
0x0000000198cb4000 	/usr/lib/libDiagnosticMessagesClient.dylib
0x000000019d454000 	/usr/lib/libz.1.dylib
0x00000001a7f70000 	/System/Library/Frameworks/ApplicationServices.framework/Versions/A/ApplicationServices
0x000000019b7ae000 	/System/Library/PrivateFrameworks/DFRFoundation.framework/Versions/A/DFRFoundation
0x00000001946c6000 	/usr/lib/libicucore.A.dylib
0x00000001a0eb4000 	/System/Library/Frameworks/AudioToolbox.framework/Versions/A/AudioToolbox
0x000000019ff27000 	/System/Library/PrivateFrameworks/DataDetectorsCore.framework/Versions/A/DataDetectorsCore
0x00000001b7727000 	/System/Library/PrivateFrameworks/TextInput.framework/Versions/A/TextInput
0x00000001967cc000 	/usr/lib/libMobileGestalt.dylib
0x000000019b47a000 	/System/Library/Frameworks/Carbon.framework/Versions/A/Frameworks/HIToolbox.framework/Versions/A/HIToolbox
0x0000000199142000 	/System/Library/Frameworks/QuartzCore.framework/Versions/A/QuartzCore
0x0000000194314000 	/System/Library/Frameworks/Security.framework/Versions/A/Security
0x00000001a44bb000 	/System/Library/Frameworks/Carbon.framework/Versions/A/Frameworks/SpeechRecognition.framework/Versions/A/SpeechRecognition
0x0000000199512000 	/System/Library/PrivateFrameworks/CoreUI.framework/Versions/A/CoreUI
0x0000000193c80000 	/System/Library/Frameworks/CoreAudio.framework/Versions/A/CoreAudio
0x0000000198d90000 	/System/Library/Frameworks/DiskArbitration.framework/Versions/A/DiskArbitration
0x000000019f843000 	/System/Library/PrivateFrameworks/MultitouchSupport.framework/Versions/A/MultitouchSupport
0x00000001967ca000 	/usr/lib/libenergytrace.dylib
0x0000000194d09000 	/System/Library/Frameworks/IOKit.framework/Versions/A/IOKit
0x00000001a48a6000 	/System/Library/Frameworks/CoreServices.framework/Versions/A/CoreServices
0x0000000199760000 	/System/Library/PrivateFrameworks/PerformanceAnalysis.framework/Versions/A/PerformanceAnalysis
0x00000001f66d8000 	/System/Library/Frameworks/OpenGL.framework/Versions/A/OpenGL
0x0000000199824000 	/usr/lib/libxml2.2.dylib
0x000000019c9ab000 	/System/Library/PrivateFrameworks/MobileKeyBag.framework/Versions/A/MobileKeyBag
0x00000001917e0000 	/usr/lib/libobjc.A.dylib
0x0000000191a9a000 	/usr/lib/libc++.1.dylib
0x00000001972dc000 	/System/Library/Frameworks/ColorSync.framework/Versions/A/ColorSync
0x0000000191be3000 	/System/Library/Frameworks/CoreFoundation.framework/Versions/A/CoreFoundation
0x000000019bb08000 	/System/Library/Frameworks/CoreImage.framework/Versions/A/CoreImage
0x0000000193a9d000 	/System/Library/Frameworks/CoreText.framework/Versions/A/CoreText
0x000000019b804000 	/System/Library/Frameworks/ImageIO.framework/Versions/A/ImageIO
0x000000019d514000 	/System/Library/PrivateFrameworks/SoftLinking.framework/Versions/A/SoftLinking
0x000000019d7aa000 	/usr/lib/libcompression.dylib
0x000000019fe77000 	/System/Library/PrivateFrameworks/TextureIO.framework/Versions/A/TextureIO
0x000000019eb3c000 	/usr/lib/libate.dylib
0x000000019d508000 	/usr/lib/system/libcache.dylib
0x000000019d4c4000 	/usr/lib/system/libcommonCrypto.dylib
0x000000019d4ef000 	/usr/lib/system/libcompiler_rt.dylib
0x000000019d4e5000 	/usr/lib/system/libcopyfile.dylib
0x0000000191919000 	/usr/lib/system/libcorecrypto.dylib
0x00000001919d0000 	/usr/lib/system/libdispatch.dylib
0x0000000191b8a000 	/usr/lib/system/libdyld.dylib
0x000000019d4fe000 	/usr/lib/system/libkeymgr.dylib
0x000000019d49e000 	/usr/lib/system/libmacho.dylib
0x000000019caa3000 	/usr/lib/system/libquarantine.dylib
0x000000019d4fb000 	/usr/lib/system/libremovefile.dylib
0x0000000196833000 	/usr/lib/system/libsystem_asl.dylib
0x00000001918b5000 	/usr/lib/system/libsystem_blocks.dylib
0x0000000191a1b000 	/usr/lib/system/libsystem_c.dylib
0x000000019d4f3000 	/usr/lib/system/libsystem_collections.dylib
0x000000019bee2000 	/usr/lib/system/libsystem_configuration.dylib
0x000000019af78000 	/usr/lib/system/libsystem_containermanager.dylib
0x000000019d192000 	/usr/lib/system/libsystem_coreservices.dylib
0x000000019497a000 	/usr/lib/system/libsystem_darwin.dylib
0x000000019d4ff000 	/usr/lib/system/libsystem_dnssd.dylib
0x0000000191a18000 	/usr/lib/system/libsystem_featureflags.dylib
0x0000000191bb6000 	/usr/lib/system/libsystem_info.dylib
0x000000019d466000 	/usr/lib/system/libsystem_m.dylib
0x00000001919a4000 	/usr/lib/system/libsystem_malloc.dylib
0x00000001967b1000 	/usr/lib/system/libsystem_networkextension.dylib
0x0000000194de4000 	/usr/lib/system/libsystem_notify.dylib
0x000000019bee7000 	/usr/lib/system/libsystem_sandbox.dylib
0x000000019d4f8000 	/usr/lib/system/libsystem_secinit.dylib
0x0000000191b43000 	/usr/lib/system/libsystem_kernel.dylib
0x0000000191baf000 	/usr/lib/system/libsystem_platform.dylib
0x0000000191b7d000 	/usr/lib/system/libsystem_pthread.dylib
0x0000000197ffb000 	/usr/lib/system/libsystem_symptoms.dylib
0x00000001918fe000 	/usr/lib/system/libsystem_trace.dylib
0x000000019d4d2000 	/usr/lib/system/libunwind.dylib
0x00000001918ba000 	/usr/lib/system/libxpc.dylib
0x0000000191b27000 	/usr/lib/libc++abi.dylib
0x000000019d4dd000 	/usr/lib/liboah.dylib
0x000000019e9f6000 	/usr/lib/liblzma.5.dylib
0x000000019d510000 	/usr/lib/libfakelink.dylib
0x00000001963ed000 	/System/Library/Frameworks/CFNetwork.framework/Versions/A/CFNetwork
0x000000019d64e000 	/usr/lib/libarchive.2.dylib
0x00000001a27e0000 	/System/Library/Frameworks/Combine.framework/Versions/A/Combine
0x00000001a0893000 	/usr/lib/swift/libswiftCore.dylib
0x00000001b47b4000 	/usr/lib/swift/libswiftCoreFoundation.dylib
0x00000001b2727000 	/usr/lib/swift/libswiftDarwin.dylib
0x00000001a5df1000 	/usr/lib/swift/libswiftDispatch.dylib
0x00000001b47d5000 	/usr/lib/swift/libswiftIOKit.dylib
0x00000001a83a6000 	/usr/lib/swift/libswiftObjectiveC.dylib
0x00000001b47c8000 	/usr/lib/swift/libswiftXPC.dylib
0x000000021f1e6000 	/usr/lib/swift/libswift_Concurrency.dylib
0x000000021f334000 	/usr/lib/swift/libswift_StringProcessing.dylib
0x00000001a83aa000 	/usr/lib/swift/libswiftos.dylib
0x0000000194c8d000 	/System/Library/PrivateFrameworks/CoreServicesInternal.framework/Versions/A/CoreServicesInternal
0x000000019caca000 	/usr/lib/libbsm.0.dylib
0x000000019d4a4000 	/usr/lib/system/libkxld.dylib
0x000000019979c000 	/System/Library/Frameworks/CoreServices.framework/Versions/A/Frameworks/FSEvents.framework/Versions/A/FSEvents
0x0000000194985000 	/System/Library/Frameworks/CoreServices.framework/Versions/A/Frameworks/CarbonCore.framework/Versions/A/CarbonCore
0x0000000198cf8000 	/System/Library/Frameworks/CoreServices.framework/Versions/A/Frameworks/Metadata.framework/Versions/A/Metadata
0x000000019d198000 	/System/Library/Frameworks/CoreServices.framework/Versions/A/Frameworks/OSServices.framework/Versions/A/OSServices
0x000000019d6d6000 	/System/Library/Frameworks/CoreServices.framework/Versions/A/Frameworks/SearchKit.framework/Versions/A/SearchKit
0x0000000197f7d000 	/System/Library/Frameworks/CoreServices.framework/Versions/A/Frameworks/AE.framework/Versions/A/AE
0x00000001920bd000 	/System/Library/Frameworks/CoreServices.framework/Versions/A/Frameworks/LaunchServices.framework/Versions/A/LaunchServices
0x000000019e99f000 	/System/Library/Frameworks/CoreServices.framework/Versions/A/Frameworks/DictionaryServices.framework/Versions/A/DictionaryServices
0x00000001997a9000 	/System/Library/Frameworks/CoreServices.framework/Versions/A/Frameworks/SharedFileList.framework/Versions/A/SharedFileList
0x000000019d774000 	/usr/lib/libapple_nghttp2.dylib
0x00000001963e9000 	/usr/lib/libnetwork.dylib
0x0000000197c2c000 	/usr/lib/libsqlite3.dylib
0x0000000198004000 	/System/Library/Frameworks/Network.framework/Versions/A/Network
0x000000021e2d3000 	/usr/lib/libCoreEntitlements.dylib
0x000000020a28a000 	/System/Library/PrivateFrameworks/MessageSecurity.framework/Versions/A/MessageSecurity
0x0000000197c12000 	/System/Library/PrivateFrameworks/ProtocolBuffer.framework/Versions/A/ProtocolBuffer
0x000000019d0c0000 	/System/Library/PrivateFrameworks/AppleFSCompression.framework/Versions/A/AppleFSCompression
0x000000019cab2000 	/usr/lib/libcoretls.dylib
0x000000019ea0f000 	/usr/lib/libcoretls_cfhelpers.dylib
0x000000019d7a4000 	/usr/lib/libpam.2.dylib
0x000000019ea7a000 	/usr/lib/libxar.1.dylib
0x000000019ee49000 	/usr/lib/libheimdal-asn1.dylib
0x000000019d515000 	/usr/lib/libpcap.A.dylib
0x0000000197ff1000 	/usr/lib/libdns_services.dylib
0x000000019beef000 	/System/Library/PrivateFrameworks/AppleSystemInfo.framework/Versions/A/AppleSystemInfo
0x000000019c7a6000 	/System/Library/PrivateFrameworks/IOMobileFramebuffer.framework/Versions/A/IOMobileFramebuffer
0x000000019d185000 	/usr/lib/libbz2.1.0.dylib
0x000000019caa6000 	/usr/lib/libCheckFix.dylib
0x000000019684b000 	/System/Library/PrivateFrameworks/TCC.framework/Versions/A/TCC
0x000000019bef5000 	/System/Library/PrivateFrameworks/CoreNLP.framework/Versions/A/CoreNLP
0x0000000198cb6000 	/System/Library/PrivateFrameworks/MetadataUtilities.framework/Versions/A/MetadataUtilities
0x000000019cadc000 	/usr/lib/libmecab.dylib
0x00000001928d4000 	/usr/lib/libCRFSuite.dylib
0x000000019cb38000 	/usr/lib/libgermantok.dylib
0x000000019d74d000 	/usr/lib/libThaiTokenizer.dylib
0x0000000198d99000 	/System/Library/Frameworks/Accelerate.framework/Versions/A/Frameworks/vImage.framework/Versions/A/vImage
0x00000001a487d000 	/System/Library/Frameworks/Accelerate.framework/Versions/A/Frameworks/vecLib.framework/Versions/A/vecLib
0x000000019eac0000 	/System/Library/Frameworks/Accelerate.framework/Versions/A/Frameworks/vecLib.framework/Versions/A/libvMisc.dylib
0x000000019c6a5000 	/System/Library/Frameworks/Accelerate.framework/Versions/A/Frameworks/vecLib.framework/Versions/A/libvDSP.dylib
0x0000000192475000 	/System/Library/Frameworks/Accelerate.framework/Versions/A/Frameworks/vecLib.framework/Versions/A/libBLAS.dylib
0x000000019d87f000 	/System/Library/Frameworks/Accelerate.framework/Versions/A/Frameworks/vecLib.framework/Versions/A/libLAPACK.dylib
0x000000019cb3b000 	/System/Library/Frameworks/Accelerate.framework/Versions/A/Frameworks/vecLib.framework/Versions/A/libLinearAlgebra.dylib
0x000000019d78f000 	/System/Library/Frameworks/Accelerate.framework/Versions/A/Frameworks/vecLib.framework/Versions/A/libSparseBLAS.dylib
0x000000019d87a000 	/System/Library/Frameworks/Accelerate.framework/Versions/A/Frameworks/vecLib.framework/Versions/A/libQuadrature.dylib
0x000000019bfea000 	/System/Library/Frameworks/Accelerate.framework/Versions/A/Frameworks/vecLib.framework/Versions/A/libBNNS.dylib
0x00000001927e2000 	/System/Library/Frameworks/Accelerate.framework/Versions/A/Frameworks/vecLib.framework/Versions/A/libSparse.dylib
0x00000002094b8000 	/System/Library/PrivateFrameworks/MIL.framework/Versions/A/MIL
0x000000019d54a000 	/usr/lib/libiconv.2.dylib
0x000000019d49d000 	/usr/lib/libcharset.1.dylib
0x000000019977c000 	/System/Library/Frameworks/OpenDirectory.framework/Versions/A/Frameworks/CFOpenDirectory.framework/Versions/A/CFOpenDirectory
0x000000019976c000 	/System/Library/Frameworks/OpenDirectory.framework/Versions/A/OpenDirectory
0x000000019ea11000 	/System/Library/PrivateFrameworks/APFS.framework/Versions/A/APFS
0x000000019c9e1000 	/System/Library/Frameworks/SecurityFoundation.framework/Versions/A/SecurityFoundation
0x000000019ea89000 	/usr/lib/libutil.dylib
0x0000000208312000 	/System/Library/PrivateFrameworks/InstalledContentLibrary.framework/Versions/A/InstalledContentLibrary
0x0000000194ccc000 	/System/Library/PrivateFrameworks/CoreServicesStore.framework/Versions/A/CoreServicesStore
0x00000001ff05a000 	/System/Library/PrivateFrameworks/AppleMobileFileIntegrity.framework/Versions/A/AppleMobileFileIntegrity
0x00000001b4794000 	/usr/lib/libmis.dylib
0x00000001c295d000 	/System/Library/PrivateFrameworks/MobileSystemServices.framework/Versions/A/MobileSystemServices
0x00000001dde96000 	/System/Library/PrivateFrameworks/ConfigProfileHelper.framework/Versions/A/ConfigProfileHelper
0x000000019d74f000 	/System/Library/PrivateFrameworks/AppleSauce.framework/Versions/A/AppleSauce
0x0000000193543000 	/System/Library/PrivateFrameworks/LanguageModeling.framework/Versions/A/LanguageModeling
0x000000019ea8d000 	/usr/lib/libxslt.1.dylib
0x000000019d63c000 	/usr/lib/libcmph.dylib
0x000000019c793000 	/System/Library/PrivateFrameworks/CoreEmoji.framework/Versions/A/CoreEmoji
0x000000019bfe4000 	/System/Library/PrivateFrameworks/LinguisticData.framework/Versions/A/LinguisticData
0x000000019279a000 	/System/Library/PrivateFrameworks/Lexicon.framework/Versions/A/Lexicon
0x000000019ca73000 	/System/Library/PrivateFrameworks/BackgroundTaskManagement.framework/Versions/A/BackgroundTaskManagement
0x000000021e476000 	/usr/lib/libTLE.dylib
0x000000021f284000 	/usr/lib/swift/libswift_RegexParser.dylib
0x000000019f708000 	/System/Library/PrivateFrameworks/AppleJPEG.framework/Versions/A/AppleJPEG
0x000000019ee2e000 	/usr/lib/libexpat.1.dylib
0x000000019fcda000 	/System/Library/Frameworks/ImageIO.framework/Versions/A/Resources/libPng.dylib
0x000000019fd05000 	/System/Library/Frameworks/ImageIO.framework/Versions/A/Resources/libTIFF.dylib
0x000000019fded000 	/System/Library/Frameworks/ImageIO.framework/Versions/A/Resources/libGIF.dylib
0x000000019f74e000 	/System/Library/Frameworks/ImageIO.framework/Versions/A/Resources/libJP2.dylib
0x000000019fd92000 	/System/Library/Frameworks/ImageIO.framework/Versions/A/Resources/libJPEG.dylib
0x000000019fd89000 	/System/Library/Frameworks/ImageIO.framework/Versions/A/Resources/libRadiance.dylib
0x000000019b307000 	/System/Library/PrivateFrameworks/FontServices.framework/libFontParser.dylib
0x0000000197f1e000 	/System/Library/PrivateFrameworks/RunningBoardServices.framework/Versions/A/RunningBoardServices
0x00000001aa901000 	/System/Library/PrivateFrameworks/IOSurfaceAccelerator.framework/Versions/A/IOSurfaceAccelerator
0x000000019f83f000 	/System/Library/PrivateFrameworks/WatchdogClient.framework/Versions/A/WatchdogClient
0x00000001936bf000 	/System/Library/Frameworks/CoreDisplay.framework/Versions/A/CoreDisplay
0x000000019b1de000 	/System/Library/Frameworks/CoreMedia.framework/Versions/A/CoreMedia
0x000000019afc2000 	/System/Library/PrivateFrameworks/IOAccelerator.framework/Versions/A/IOAccelerator
0x000000019990d000 	/System/Library/Frameworks/CoreVideo.framework/Versions/A/CoreVideo
0x000000019d7a2000 	/System/Library/Frameworks/MetalPerformanceShaders.framework/Versions/A/MetalPerformanceShaders
0x000000019f880000 	/System/Library/Frameworks/VideoToolbox.framework/Versions/A/VideoToolbox
0x0000000197e5b000 	/System/Library/PrivateFrameworks/BaseBoard.framework/Versions/A/BaseBoard
0x000000019fd84000 	/System/Library/PrivateFrameworks/GPUWrangler.framework/Versions/A/GPUWrangler
0x000000019fd64000 	/System/Library/PrivateFrameworks/IOPresentment.framework/Versions/A/IOPresentment
0x000000019fd8c000 	/System/Library/PrivateFrameworks/DSExternalDisplay.framework/Versions/A/DSExternalDisplay
0x0000000204951000 	/System/Library/PrivateFrameworks/GPUCompiler.framework/Versions/31001/Libraries/libllvm-flatbuffers.dylib
0x00000001f66cb000 	/System/Library/Frameworks/OpenGL.framework/Versions/A/Libraries/libCoreFSCache.dylib
0x000000020494d000 	/System/Library/PrivateFrameworks/GPUCompiler.framework/Versions/31001/Libraries/libGPUCompilerUtils.dylib
0x000000019fdf3000 	/System/Library/PrivateFrameworks/CMCaptureCore.framework/Versions/A/CMCaptureCore
0x00000001f9059000 	/System/Library/Frameworks/ExtensionFoundation.framework/Versions/A/ExtensionFoundation
0x00000001a65ac000 	/System/Library/PrivateFrameworks/CoreTime.framework/Versions/A/CoreTime
0x000000019f3ed000 	/System/Library/PrivateFrameworks/AppServerSupport.framework/Versions/A/AppServerSupport
0x00000001a1798000 	/System/Library/PrivateFrameworks/perfdata.framework/Versions/A/perfdata
0x00000001937df000 	/System/Library/PrivateFrameworks/AudioToolboxCore.framework/Versions/A/AudioToolboxCore
0x000000019b1b5000 	/System/Library/PrivateFrameworks/caulk.framework/Versions/A/caulk
0x00000001a104f000 	/usr/lib/libAudioStatistics.dylib
0x00000001b3bd6000 	/System/Library/PrivateFrameworks/SystemPolicy.framework/Versions/A/SystemPolicy
0x00000001a12ef000 	/usr/lib/libSMC.dylib
0x00000001aa01f000 	/System/Library/Frameworks/CoreMIDI.framework/Versions/A/CoreMIDI
0x000000019fca7000 	/usr/lib/libAudioToolboxUtility.dylib
0x00000001af856000 	/System/Library/PrivateFrameworks/OSAServicesClient.framework/Versions/A/OSAServicesClient
0x00000001a17a6000 	/usr/lib/libperfcheck.dylib
0x000000019ed19000 	/System/Library/PrivateFrameworks/PlugInKit.framework/Versions/A/PlugInKit
0x000000019c9d3000 	/System/Library/PrivateFrameworks/AssertionServices.framework/Versions/A/AssertionServices
0x00000001f672d000 	/System/Library/Frameworks/OpenGL.framework/Versions/A/Libraries/libGLU.dylib
0x00000001f66ec000 	/System/Library/Frameworks/OpenGL.framework/Versions/A/Libraries/libGFXShared.dylib
0x00000001f68c7000 	/System/Library/Frameworks/OpenGL.framework/Versions/A/Libraries/libGL.dylib
0x00000001f66f5000 	/System/Library/Frameworks/OpenGL.framework/Versions/A/Libraries/libGLImage.dylib
0x00000001f66e9000 	/System/Library/Frameworks/OpenGL.framework/Versions/A/Libraries/libCVMSPluginSupport.dylib
0x000000021e455000 	/usr/lib/libRosetta.dylib
0x00000001f66d2000 	/System/Library/Frameworks/OpenGL.framework/Versions/A/Libraries/libCoreVMClient.dylib
0x000000019be66000 	/System/Library/Frameworks/MetalPerformanceShaders.framework/Versions/A/Frameworks/MPSCore.framework/Versions/A/MPSCore
0x000000019d036000 	/System/Library/Frameworks/MetalPerformanceShaders.framework/Versions/A/Frameworks/MPSImage.framework/Versions/A/MPSImage
0x000000019cb50000 	/System/Library/Frameworks/MetalPerformanceShaders.framework/Versions/A/Frameworks/MPSNeuralNetwork.framework/Versions/A/MPSNeuralNetwork
0x000000019cf38000 	/System/Library/Frameworks/MetalPerformanceShaders.framework/Versions/A/Frameworks/MPSMatrix.framework/Versions/A/MPSMatrix
0x000000019cd4a000 	/System/Library/Frameworks/MetalPerformanceShaders.framework/Versions/A/Frameworks/MPSRayIntersector.framework/Versions/A/MPSRayIntersector
0x000000019cf67000 	/System/Library/Frameworks/MetalPerformanceShaders.framework/Versions/A/Frameworks/MPSNDArray.framework/Versions/A/MPSNDArray
0x00000001fa529000 	/System/Library/Frameworks/MetalPerformanceShaders.framework/Versions/A/Frameworks/MPSFunctions.framework/Versions/A/MPSFunctions
0x000000019233a000 	/System/Library/PrivateFrameworks/MetalTools.framework/Versions/A/MetalTools
0x000000019beed000 	/System/Library/PrivateFrameworks/AggregateDictionary.framework/Versions/A/AggregateDictionary
0x000000019ebd1000 	/usr/lib/libIOReport.dylib
0x00000001a920f000 	/System/Library/PrivateFrameworks/ASEProcessing.framework/Versions/A/ASEProcessing
0x000000020d30b000 	/System/Library/PrivateFrameworks/PhotosensitivityProcessing.framework/Versions/A/PhotosensitivityProcessing
0x000000019ef8b000 	/System/Library/PrivateFrameworks/GraphVisualizer.framework/Versions/A/GraphVisualizer
0x000000020486e000 	/System/Library/PrivateFrameworks/FontServices.framework/Versions/A/FontServices
0x000000019f3ab000 	/System/Library/PrivateFrameworks/OTSVG.framework/Versions/A/OTSVG
0x00000001994c0000 	/System/Library/Frameworks/ApplicationServices.framework/Versions/A/Frameworks/ATS.framework/Versions/A/Resources/libFontRegistry.dylib
0x000000019f3f7000 	/System/Library/PrivateFrameworks/FontServices.framework/libhvf.dylib
0x000000020486f000 	/System/Library/PrivateFrameworks/FontServices.framework/libXTFontStaticRegistryData.dylib
0x00000001befd5000 	/usr/lib/swift/libswiftMetal.dylib
0x00000001b768d000 	/usr/lib/swift/libswiftsimd.dylib
0x00000002172d4000 	/System/Library/PrivateFrameworks/VideoToolboxParavirtualizationSupport.framework/Versions/A/VideoToolboxParavirtualizationSupport
0x000000019ede2000 	/System/Library/PrivateFrameworks/AppleVA.framework/Versions/A/AppleVA
0x00000001a108f000 	/System/Library/Frameworks/ApplicationServices.framework/Versions/A/Frameworks/ATS.framework/Versions/A/ATS
0x00000001973ce000 	/System/Library/Frameworks/ApplicationServices.framework/Versions/A/Frameworks/HIServices.framework/Versions/A/HIServices
0x000000019fdff000 	/System/Library/Frameworks/ApplicationServices.framework/Versions/A/Frameworks/PrintCore.framework/Versions/A/PrintCore
0x00000001a1448000 	/System/Library/Frameworks/ApplicationServices.framework/Versions/A/Frameworks/QD.framework/Versions/A/QD
0x00000001a143c000 	/System/Library/Frameworks/ApplicationServices.framework/Versions/A/Frameworks/ColorSyncLegacy.framework/Versions/A/ColorSyncLegacy
0x00000001a1063000 	/System/Library/Frameworks/ApplicationServices.framework/Versions/A/Frameworks/SpeechSynthesis.framework/Versions/A/SpeechSynthesis
0x000000019fdbd000 	/System/Library/Frameworks/ApplicationServices.framework/Versions/A/Frameworks/ATSUI.framework/Versions/A/ATSUI
0x00000001a13cf000 	/usr/lib/libcups.2.dylib
0x00000001a17b4000 	/System/Library/Frameworks/Kerberos.framework/Versions/A/Kerberos
0x00000001a17c5000 	/System/Library/Frameworks/GSS.framework/Versions/A/GSS
0x00000001a1101000 	/usr/lib/libresolv.9.dylib
0x000000019f407000 	/System/Library/PrivateFrameworks/Heimdal.framework/Versions/A/Heimdal
0x00000001a8328000 	/System/Library/Frameworks/Kerberos.framework/Versions/A/Libraries/libHeimdalProxy.dylib
0x00000001a181d000 	/System/Library/PrivateFrameworks/CommonAuth.framework/Versions/A/CommonAuth
0x00000001f8266000 	/System/Library/Frameworks/AVFAudio.framework/Versions/A/AVFAudio
0x00000001af8a5000 	/System/Library/PrivateFrameworks/AXCoreUtilities.framework/Versions/A/AXCoreUtilities
0x00000001a0fdb000 	/System/Library/PrivateFrameworks/AudioSession.framework/Versions/A/AudioSession
0x00000001a2592000 	/System/Library/Frameworks/IOBluetooth.framework/Versions/A/IOBluetooth
0x000000019eee4000 	/System/Library/PrivateFrameworks/MediaExperience.framework/Versions/A/MediaExperience
0x00000001a0e7a000 	/System/Library/PrivateFrameworks/AudioSession.framework/libSessionUtility.dylib
0x00000001a1454000 	/System/Library/PrivateFrameworks/AudioResourceArbitration.framework/Versions/A/AudioResourceArbitration
0x00000001a54b8000 	/System/Library/PrivateFrameworks/PowerLog.framework/Versions/A/PowerLog
0x00000001a53f8000 	/System/Library/Frameworks/CoreBluetooth.framework/Versions/A/CoreBluetooth
0x00000001a8329000 	/System/Library/Frameworks/AudioUnit.framework/Versions/A/AudioUnit
0x000000019c832000 	/System/Library/PrivateFrameworks/CoreUtils.framework/Versions/A/CoreUtils
0x0000000203145000 	/System/Library/PrivateFrameworks/CoreUtilsExtras.framework/Versions/A/CoreUtilsExtras
0x00000002081a8000 	/System/Library/PrivateFrameworks/IO80211.framework/Versions/A/IO80211
0x000000019ee54000 	/System/Library/PrivateFrameworks/IconFoundation.framework/Versions/A/IconFoundation
0x00000001a44a7000 	/System/Library/PrivateFrameworks/SpeechRecognitionCore.framework/Versions/A/SpeechRecognitionCore
0x00000001016a4000 	/Users/barnabas/.sdkman/candidates/java/17.0.5-amzn/lib/server/libjvm.dylib
0x00000001006b0000 	/Users/barnabas/.sdkman/candidates/java/17.0.5-amzn/lib/libjimage.dylib
0x00000001006dc000 	/Users/barnabas/.sdkman/candidates/java/17.0.5-amzn/lib/libinstrument.dylib
0x0000000100728000 	/Users/barnabas/.sdkman/candidates/java/17.0.5-amzn/lib/libjava.dylib
0x00000001012d8000 	/Users/barnabas/.sdkman/candidates/java/17.0.5-amzn/lib/libzip.dylib
0x0000000101600000 	/Users/barnabas/.sdkman/candidates/java/17.0.5-amzn/lib/libnio.dylib
0x0000000101620000 	/Users/barnabas/.sdkman/candidates/java/17.0.5-amzn/lib/libnet.dylib
0x0000000100708000 	/Users/barnabas/.sdkman/candidates/java/17.0.5-amzn/lib/libextnet.dylib
0x0000000101644000 	/Users/barnabas/.sdkman/candidates/java/17.0.5-amzn/lib/libverify.dylib
0x00000001007e4000 	/Users/barnabas/.sdkman/candidates/java/17.0.5-amzn/lib/libmanagement.dylib
0x0000000101660000 	/Users/barnabas/.sdkman/candidates/java/17.0.5-amzn/lib/libmanagement_ext.dylib


VM Arguments:
jvm_args: -ea --add-opens=java.base/sun.nio.ch=ALL-UNNAMED --add-opens=java.base/sun.nio.ch=ALL-UNNAMED -Djdk.attach.allowAttachSelf=true -Didea.test.cyclic.buffer.size=1048576 -javaagent:/Applications/IntelliJ IDEA CE.app/Contents/lib/idea_rt.jar=61757:/Applications/IntelliJ IDEA CE.app/Contents/bin -Dfile.encoding=UTF-8 
java_command: com.intellij.rt.junit.JUnitStarter -ideVersion5 -junit4 io.aklivity.zilla.runtime.binding.mqtt.kafka.internal.stream.MqttKafkaPublishProxyIT,shouldSendMessageQos2
java_class_path (initial): /Applications/IntelliJ IDEA CE.app/Contents/lib/idea_rt.jar:/Applications/IntelliJ IDEA CE.app/Contents/plugins/junit/lib/junit5-rt.jar:/Applications/IntelliJ IDEA CE.app/Contents/plugins/junit/lib/junit-rt.jar:/Users/barnabas/Documents/GitHub/bmaidics_zilla/zilla/runtime/binding-mqtt-kafka/target/test-classes:/Users/barnabas/Documents/GitHub/bmaidics_zilla/zilla/runtime/binding-mqtt-kafka/target/classes:/Users/barnabas/Documents/GitHub/bmaidics_zilla/zilla/specs/binding-mqtt-kafka.spec/target/classes:/Users/barnabas/Documents/GitHub/bmaidics_zilla/zilla/specs/engine.spec/target/classes:/Users/barnabas/Documents/GitHub/bmaidics_zilla/zilla/specs/binding-mqtt.spec/target/classes:/Users/barnabas/Documents/GitHub/bmaidics_zilla/zilla/specs/binding-kafka.spec/target/classes:/Users/barnabas/Documents/GitHub/bmaidics_zilla/zilla/specs/binding-proxy.spec/target/classes:/Users/barnabas/Documents/GitHub/bmaidics_zilla/zilla/runtime/engine/target/classes:/Users/barnabas/.m2/repository/jakarta/json/jakarta.json-api/2.1.3/jakarta.json-api-2.1.3.jar:/Users/barnabas/.m2/repository/jakarta/json/bind/jakarta.json.bind-api/2.0.0/jakarta.json.bind-api-2.0.0.jar:/Users/barnabas/.m2/repository/org/leadpony/justify/justify/3.1.0/justify-3.1.0.jar:/Users/barnabas/.m2/repository/com/ibm/icu/icu4j/68.1/icu4j-68.1.jar:/Users/barnabas/.m2/repository/org/leadpony/joy/joy-yaml/2.1.0/joy-yaml-2.1.0.jar:/Users/barnabas/.m2/repository/org/leadpony/joy/joy-core/2.1.0/joy-core-2.1.0.jar:/Users/barnabas/.m2/repository/org/snakeyaml/snakeyaml-engine/2.1/snakeyaml-engine-2.1.jar:/Users/barnabas/.m2/repository/org/agrona/agrona/1.6.0/agrona-1.6.0.jar:/Users/barnabas/.m2/repository/org/eclipse/yasson/2.0.3/yasson-2.0.3.jar:/Users/barnabas/.m2/repository/com/fasterxml/jackson/dataformat/jackson-dataformat-yaml/2.15.2/jackson-dataformat-yaml-2.15.2.jar:/Users/barnabas/.m2/repository/com/fasterxml/jackson/core/jackson-databind/2.15.2/jackson-databind-2.15.2.jar:/Users/barnabas/
Launcher Type: SUN_STANDARD

[Global flags]
     intx CICompilerCount                          = 4                                         {product} {ergonomic}
     uint ConcGCThreads                            = 2                                         {product} {ergonomic}
     uint G1ConcRefinementThreads                  = 9                                         {product} {ergonomic}
   size_t G1HeapRegionSize                         = 2097152                                   {product} {ergonomic}
    uintx GCDrainStackTargetSize                   = 64                                        {product} {ergonomic}
   size_t InitialHeapSize                          = 268435456                                 {product} {ergonomic}
   size_t MarkStackSize                            = 4194304                                   {product} {ergonomic}
   size_t MaxHeapSize                              = 4294967296                                {product} {ergonomic}
   size_t MaxNewSize                               = 2575302656                                {product} {ergonomic}
   size_t MinHeapDeltaBytes                        = 2097152                                   {product} {ergonomic}
   size_t MinHeapSize                              = 8388608                                   {product} {ergonomic}
    uintx NonNMethodCodeHeapSize                   = 5839564                                {pd product} {ergonomic}
    uintx NonProfiledCodeHeapSize                  = 122909338                              {pd product} {ergonomic}
    uintx ProfiledCodeHeapSize                     = 122909338                              {pd product} {ergonomic}
    uintx ReservedCodeCacheSize                    = 251658240                              {pd product} {ergonomic}
     bool SegmentedCodeCache                       = true                                      {product} {ergonomic}
   size_t SoftMaxHeapSize                          = 4294967296                             {manageable} {ergonomic}
     bool UseCompressedClassPointers               = true                           {product lp64_product} {ergonomic}
     bool UseCompressedOops                        = true                           {product lp64_product} {ergonomic}
     bool UseG1GC                                  = true                                      {product} {ergonomic}
     bool UseNUMA                                  = false                                     {product} {ergonomic}
     bool UseNUMAInterleaving                      = false                                     {product} {ergonomic}

Logging:
Log output configuration:
 #0: stdout all=warning uptime,level,tags
 #1: stderr all=off uptime,level,tags

Environment Variables:
JAVA_HOME=/Users/barnabas/.sdkman/candidates/java/current
PATH=/Users/barnabas/.sdkman/candidates/java/current/bin:/usr/local/bin:/System/Cryptexes/App/usr/bin:/usr/bin:/bin:/usr/sbin:/sbin:/Users/barnabas/Library/Application Support/Lens/binaries/kubectl/1.25.4:/Users/barnabas/Library/Application Support/Lens/binaries:/Users/barnabas/Library/Application:/opt/homebrew/bin:/usr/local/go/bin:/bin
SHELL=/bin/zsh
LC_CTYPE=en_US.UTF-8
TMPDIR=/var/folders/md/cyyzcp456hd7btfv0zmbnqm40000gn/T/

Signal Handlers:
   SIGSEGV: crash_handler in libjvm.dylib, mask=11100110000111110111111111111111, flags=SA_RESTART|SA_SIGINFO
    SIGBUS: crash_handler in libjvm.dylib, mask=11100110000111110111111111111111, flags=SA_RESTART|SA_SIGINFO
    SIGFPE: crash_handler in libjvm.dylib, mask=11100110000111110111111111111111, flags=SA_RESTART|SA_SIGINFO
   SIGPIPE: javaSignalHandler in libjvm.dylib, mask=11100110000111110111111111111111, flags=SA_RESTART|SA_SIGINFO
   SIGXFSZ: javaSignalHandler in libjvm.dylib, mask=11100110000111110111111111111111, flags=SA_RESTART|SA_SIGINFO
    SIGILL: crash_handler in libjvm.dylib, mask=11100110000111110111111111111111, flags=SA_RESTART|SA_SIGINFO
   SIGUSR2: SR_handler in libjvm.dylib, mask=00100000000000000000000000000000, flags=SA_RESTART|SA_SIGINFO
    SIGHUP: UserHandler in libjvm.dylib, mask=11100110000111110111111111111111, flags=SA_RESTART|SA_SIGINFO
    SIGINT: UserHandler in libjvm.dylib, mask=11100110000111110111111111111111, flags=SA_RESTART|SA_SIGINFO
   SIGTERM: UserHandler in libjvm.dylib, mask=11100110000111110111111111111111, flags=SA_RESTART|SA_SIGINFO
   SIGQUIT: UserHandler in libjvm.dylib, mask=11100110000111110111111111111111, flags=SA_RESTART|SA_SIGINFO
  *** Handler was modified!
  *** Expected: javaSignalHandler in libjvm.dylib, mask=11100110100111111111111111111111, flags=SA_RESTART|SA_SIGINFO
   SIGTRAP: crash_handler in libjvm.dylib, mask=11100110000111110111111111111111, flags=SA_RESTART|SA_SIGINFO


---------------  S Y S T E M  ---------------

OS:
uname: Darwin 22.5.0 Darwin Kernel Version 22.5.0: Thu Jun  8 22:22:20 PDT 2023; root:xnu-8796.121.3~7/RELEASE_ARM64_T6000 arm64
OS uptime: 27 days 2:43 hours
rlimit (soft/hard): STACK 8176k/65520k , CORE 0k/infinity , NPROC 2666/4000 , NOFILE 10240/infinity , AS infinity/infinity , CPU infinity/infinity , DATA infinity/infinity , FSIZE infinity/infinity , MEMLOCK infinity/infinity , RSS infinity/infinity
load average: 5.35 4.92 4.81

CPU: total 10 (initial active 10) 0x61:0x0:0x1b588bb3:0, fp, simd, crc, lse

Memory: 16k page, physical 16777216k(87440k free), swap 5242880k(727552k free)

vm_info: OpenJDK 64-Bit Server VM (17.0.5+8-LTS) for bsd-aarch64 JRE (17.0.5+8-LTS), built on Oct 13 2022 05:06:05 by "ec2user" with clang Apple LLVM 13.0.0 (clang-1300.0.29.30)

END.
