#
# Copyright 2021-2026 Aklivity Inc
#
# Licensed under the Aklivity Community License (the "License"); you may not use
# this file except in compliance with the License.  You may obtain a copy of the
# License at
#
#   https://www.aklivity.io/aklivity-community-license/
#
# Unless required by applicable law or agreed to in writing, software
# distributed under the License is distributed on an "AS IS" BASIS, WITHOUT
# WARRANTIES OF ANY KIND, either express or implied.  See the License for the
# specific language governing permissions and limitations under the License.
#

connect "zilla://streams/http0"
        option zilla:window 8192
        option zilla:transmission "half-duplex"

write zilla:begin.ext ${http:beginEx()
                            .typeId(zilla:id("http"))
                            .header(":method", "GET")
                            .header(":scheme", "https")
                            .header(":authority", "api.orders.internal:443")
                            .header(":path", "/orders/12345")
                            .build()}

connected

read zilla:begin.ext ${http:matchBeginEx()
                           .typeId(zilla:id("http"))
                           .header(":status", "200")
                           .header("content-type", "application/json")
                           .build()}

read '{"id":"12345","status":"'
read ${core:randomBase64(10000)}
read '","total":42.5,"customer":"acme","createdAt":"2026-01-01"}'
read closed

write close
