#
# Copyright 2021-2023 Aklivity Inc
#
# Licensed under the Aklivity Community License (the "License"); you may not use
# this file except in compliance with the License.  You may obtain a copy of the
# License at
#
#   https://www.aklivity.io/aklivity-community-license/
#
# Unless required by applicable law or agreed to in writing, software
# distributed under the License is distributed on an "AS IS" BASIS, WITHOUT
# WARRANTIES OF ANY KIND, either express or implied.  See the License for the
# specific language governing permissions and limitations under the License.
#

connect "zilla://streams/http0"
        option zilla:window 8192
        option zilla:transmission "half-duplex"

write zilla:begin.ext ${http:beginEx()
                            .typeId(zilla:id("http"))
                            .header(":method", "GET")
                            .header(":scheme", "https")
                            .header(":authority", "example.com:9090")
                            .header(":path", "/index.html")
                            .header("if-none-match", "AAAAAAAAAAAAAAAA")
                            .header("prefer", "wait=60")
                            .build()}

connected

write close

read zilla:begin.ext ${http:beginEx()
                           .typeId(zilla:id("http"))
                           .header(":status", "200")
                           .header("content-type", "text/html")
                           .header("content-length", "77")
                           .header("etag", "BBBBBBBBBBBBBBBB")
                           .build()}
read "<html>\n"
     "<head><title>Welcome</title></head>\n"
     "<body>Hello, world</body>\n"
     "</html>\n"

read closed
