#
# Copyright 2021-2023 Aklivity Inc
#
# Licensed under the Aklivity Community License (the "License"); you may not use
# this file except in compliance with the License.  You may obtain a copy of the
# License at
#
#   https://www.aklivity.io/aklivity-community-license/
#
# Unless required by applicable law or agreed to in writing, software
# distributed under the License is distributed on an "AS IS" BASIS, WITHOUT
# WARRANTIES OF ANY KIND, either express or implied.  See the License for the
# specific language governing permissions and limitations under the License.
#

connect "zilla://streams/mqtt0"
         option zilla:window 8192
         option zilla:transmission "duplex"

write zilla:begin.ext ${mqtt:beginEx()
                            .typeId(zilla:id("mqtt"))
                            .session()
                              .flags("CLEAN_START")
                              .clientId("client")
                              .build()
                            .build()}

read zilla:begin.ext ${mqtt:matchBeginEx()
                              .typeId(zilla:id("mqtt"))
                              .session()
                                .flags("CLEAN_START")
                                .qosMax(2)
                                .packetSizeMax(66560)
                                .capabilities("RETAIN", "WILDCARD", "SUBSCRIPTION_IDS", "SHARED_SUBSCRIPTIONS")
                                .clientId("client")
                                .build()
                              .build()}

connected

read zilla:data.empty

write zilla:data.ext ${mqtt:dataEx()
                           .typeId(zilla:id("mqtt"))
                           .session()
                              .kind("STATE")
                              .build()
                           .build()}

write ${mqtt:session()
            .subscription("sensor/one", 1, "AT_LEAST_ONCE")
            .build()}
write flush

read ${mqtt:session()
           .subscription("sensor/one", 1, "AT_LEAST_ONCE")
           .build()}
read notify RECEIVED_SESSION_STATE

write abort
write notify SENT_SESSION_ABORT


connect await RECEIVED_SESSION_STATE
        "zilla://streams/mqtt0"
         option zilla:window 8192
         option zilla:transmission "duplex"

write zilla:begin.ext ${mqtt:beginEx()
                             .typeId(zilla:id("mqtt"))
                             .subscribe()
                                 .clientId("client")
                                 .qos("AT_MOST_ONCE")
                                 .filter("sensor/one", 1, "AT_LEAST_ONCE")
                                 .build()
                             .build()}

connected

write abort


connect await RECEIVED_SESSION_STATE
        "zilla://streams/mqtt0"
         option zilla:window 8192
         option zilla:transmission "duplex"

write zilla:begin.ext ${mqtt:beginEx()
                             .typeId(zilla:id("mqtt"))
                             .subscribe()
                                 .clientId("client")
                                 .qos("AT_LEAST_ONCE")
                                 .filter("sensor/one", 1, "AT_LEAST_ONCE")
                                 .build()
                             .build()}

connected

read zilla:data.ext ${mqtt:matchDataEx()
                            .typeId(zilla:id("mqtt"))
                            .subscribe()
                                 .topic("sensor/one")
                                 .packetId(1)
                                 .qos("AT_LEAST_ONCE")
                                 .subscriptionId(1)
                                 .format("TEXT")
                                 .build()
                            .build()}
read "message"

write abort


connect await SENT_SESSION_ABORT
         "zilla://streams/mqtt0"
         option zilla:window 8192
         option zilla:transmission "duplex"

write zilla:begin.ext ${mqtt:beginEx()
                            .typeId(zilla:id("mqtt"))
                            .session()
                              .clientId("client")
                              .build()
                            .build()}

read zilla:begin.ext ${mqtt:matchBeginEx()
                              .typeId(zilla:id("mqtt"))
                              .session()
                                .qosMax(2)
                                .packetSizeMax(66560)
                                .capabilities("RETAIN", "WILDCARD", "SUBSCRIPTION_IDS", "SHARED_SUBSCRIPTIONS")
                                .clientId("client")
                                .build()
                              .build()}

connected

read ${mqtt:session()
           .subscription("sensor/one", 1, "AT_LEAST_ONCE")
           .build()}
read notify RECEIVED_SESSION_STATE2


connect await RECEIVED_SESSION_STATE2
        "zilla://streams/mqtt0"
         option zilla:window 8192
         option zilla:transmission "duplex"

write zilla:begin.ext ${mqtt:beginEx()
                             .typeId(zilla:id("mqtt"))
                             .subscribe()
                                 .clientId("client")
                                 .qos("AT_MOST_ONCE")
                                 .filter("sensor/one", 1, "AT_LEAST_ONCE")
                                 .build()
                             .build()}

connected


connect await RECEIVED_SESSION_STATE2
        "zilla://streams/mqtt0"
         option zilla:window 8192
         option zilla:transmission "duplex"

write zilla:begin.ext ${mqtt:beginEx()
                             .typeId(zilla:id("mqtt"))
                             .subscribe()
                                 .clientId("client")
                                 .qos("AT_LEAST_ONCE")
                                 .filter("sensor/one", 1, "AT_LEAST_ONCE")
                                 .build()
                             .build()}

connected

read zilla:data.ext ${mqtt:matchDataEx()
                            .typeId(zilla:id("mqtt"))
                            .subscribe()
                                 .topic("sensor/one")
                                 .packetId(1)
                                 .qos("AT_LEAST_ONCE")
                                 .subscriptionId(1)
                                 .format("TEXT")
                                 .build()
                            .build()}
read "message"

write advise zilla:flush ${mqtt:flushEx()
                                 .typeId(zilla:id("mqtt"))
                                 .subscribe()
                                     .qos("AT_LEAST_ONCE")
                                     .build()
                                 .build()}
