#
# Copyright 2021-2023 Aklivity Inc.
#
# Aklivity licenses this file to you under the Apache License,
# version 2.0 (the "License"); you may not use this file except in compliance
# with the License. You may obtain a copy of the License at:
#
#   http://www.apache.org/licenses/LICENSE-2.0
#
# Unless required by applicable law or agreed to in writing, software
# distributed under the License is distributed on an "AS IS" BASIS, WITHOUT
# WARRANTIES OR CONDITIONS OF ANY KIND, either express or implied. See the
# License for the specific language governing permissions and limitations
# under the License.
#

connect "zilla://streams/app0"
         option zilla:window 8192
         option zilla:transmission "duplex"

connect aborted

connect "zilla://streams/app0"
         option zilla:window 8192
         option zilla:transmission "duplex"

write zilla:begin.ext ${mqtt:beginEx()
                              .typeId(zilla:id("mqtt"))
                              .capabilities("SUBSCRIBE_ONLY")
                              .clientId("one")
                              .topic("wills/one")
                              .flags("SEND_RETAINED")
                              .subscriptionId(1)
                              .build()}

connected

read zilla:data.ext ${mqtt:dataEx()
                            .typeId(zilla:id("mqtt"))
                            .topic("wills/one")
                            .format("TEXT")
                            .build()}

read "client one session expired"

connect "zilla://streams/app0"
         option zilla:window 8192
         option zilla:transmission "duplex"

write zilla:begin.ext ${mqtt:beginEx()
                              .typeId(zilla:id("mqtt"))
                              .capabilities("PUBLISH_ONLY")
                              .clientId("one")
                              .topic("sensor/one")
                              .subscriptionId(0)
                              .build()}

connected

write abort

connect "zilla://streams/app0"
         option zilla:window 8192
         option zilla:transmission "duplex"

write zilla:begin.ext ${mqtt:beginEx()
                              .typeId(zilla:id("mqtt"))
                              .capabilities("PUBLISH_ONLY")
                              .clientId("one")
                              .topic("wills/one")
                              .subscriptionId(0)
                              .build()}

connected

write zilla:data.ext ${mqtt:dataEx()
                             .typeId(zilla:id("mqtt"))
                             .topic("wills/one")
                             .format("TEXT")
                             .build()}

write "client one session expired"
