#
# Copyright 2021-2022 Aklivity Inc.
#
# Aklivity licenses this file to you under the Apache License,
# version 2.0 (the "License"); you may not use this file except in compliance
# with the License. You may obtain a copy of the License at:
#
#   http://www.apache.org/licenses/LICENSE-2.0
#
# Unless required by applicable law or agreed to in writing, software
# distributed under the License is distributed on an "AS IS" BASIS, WITHOUT
# WARRANTIES OR CONDITIONS OF ANY KIND, either express or implied. See the
# License for the specific language governing permissions and limitations
# under the License.
#

accept "zilla://streams/app0"
        option zilla:window 12
        option zilla:transmission "half-duplex"
        option zilla:update "handshake"
accepted

read zilla:begin.ext ${http:beginEx()
                             .typeId(zilla:id("http"))
                             .header(":method", "POST")
                             .header(":scheme", "http")
                             .header(":path", "/")
                             .header(":authority", "otherhost:8181")
                             .build()}
connected

read "Hello, world"

write zilla:begin.ext ${http:beginEx()
                              .typeId(zilla:id("http"))
                              .header(":status", "200")
                              .header("server", "CERN/3.0 libwww/2.17")
                              .header("date", "Wed, 01 Feb 2017 19:12:46 GMT")
                              .header("content-type", "text/html; charset=UTF-8")
                              .header("content-length", "113")
                              .build()}
write flush

# First push promise
write zilla:data.ext ${http:dataEx()
                           .typeId(zilla:id("http"))
                           .promiseId(1)
                           .promise(":method", "GET")
                           .promise(":scheme", "http")
                           .promise(":path", "/style.css")
                           .promise(":authority", "localhost:8080")
                           .build()}
write flush

write "<html>"
      "<head><link rel=\"stylesheet\" href=\"styles.css\"></head>"
      "<body><script src=\"script.js\"></script></body>"
      "</html>"
write flush

#
# First promised response
#
accepted

read zilla:begin.ext ${http:beginEx()
                              .typeId(zilla:id("http"))
                              .header(":method", "GET")
                              .header(":scheme", "http")
                              .header(":path", "/style.css")
                              .header(":authority", "otherhost:8181")
                              .build()}
connected

write zilla:begin.ext ${http:beginEx()
                              .typeId(zilla:id("http"))
                              .header(":status", "200")
                              .header("server", "CERN/3.0 libwww/2.17")
                              .header("date", "Wed, 01 Feb 2017 19:12:46 GMT")
                              .header("content-type", "text/css")
                              .header("content-length", "31")
                              .build()}
write "h1 {"
      "    color: blue;"
      "}"
write flush


