#
# Copyright 2021-2023 Aklivity Inc.
#
# Aklivity licenses this file to you under the Apache License,
# version 2.0 (the "License"); you may not use this file except in compliance
# with the License. You may obtain a copy of the License at:
#
#   http://www.apache.org/licenses/LICENSE-2.0
#
# Unless required by applicable law or agreed to in writing, software
# distributed under the License is distributed on an "AS IS" BASIS, WITHOUT
# WARRANTIES OR CONDITIONS OF ANY KIND, either express or implied. See the
# License for the specific language governing permissions and limitations
# under the License.
#

accept "zilla://streams/net0"
  option zilla:window 8192
  option zilla:transmission "half-duplex"
accepted

read zilla:begin.ext ${http:beginEx()
                              .typeId(zilla:id("http"))
                              .header(":method", "GET")
                              .header(":scheme", "http")
                              .header(":authority", "localhost:8080")
                              .header(":path", "/echo")
                              .header("upgrade", "websocket")
                              .header("connection", "upgrade")
                              .header("sec-websocket-key", newHandshakeKey)
                              .header("sec-websocket-version", "13")
                              .build()}

connected

write zilla:begin.ext ${http:beginEx()
                             .typeId(zilla:id("http"))
                             .header(":status", "101")
                             .header("upgrade", "websocket")
                             .header("connection", "upgrade")
                             .header("sec-websocket-accept", ws:handshakeHash(newHandshakeKey))
                             .build()}
write flush

read [0x89 0x80] [0..4]

write [0x8a 0x00]
