#
# Copyright 2021-2022 Aklivity Inc
#
# Licensed under the Aklivity Community License (the "License"); you may not use
# this file except in compliance with the License.  You may obtain a copy of the
# License at
#
#   https://www.aklivity.io/aklivity-community-license/
#
# Unless required by applicable law or agreed to in writing, software
# distributed under the License is distributed on an "AS IS" BASIS, WITHOUT
# WARRANTIES OF ANY KIND, either express or implied.  See the License for the
# specific language governing permissions and limitations under the License.
#

connect "zilla://streams/http0"
        option zilla:window 8192
        option zilla:transmission "half-duplex"
        option zilla:update "proactive"

write zilla:begin.ext ${http:beginEx()
                            .typeId(zilla:id("http"))
                            .header(":method", "POST")
                            .header(":scheme", "https")
                            .header(":authority", "example.com:9090")
                            .header(":path", "/items/92d0bf92-63e0-4cfc-ae73-71dee92d1544/rename")
                            .header("content-type", "application/json")
                            .header("content-length", "20")
                            .header("if-match", "AQQABAIC/revision=41")
                            .header("idempotency-key", "59410e57-3e0f-4b61-9328-f645a7968ac8")
                            .build()}

connected

write '{ "name": "widget" }'

write close

read zilla:begin.ext ${http:matchBeginEx()
                           .typeId(zilla:id("http"))
                           .header(":status", "412")
                           .build()}

read closed
