#
# Copyright 2021-2023 Aklivity Inc
#
# Licensed under the Aklivity Community License (the "License"); you may not use
# this file except in compliance with the License.  You may obtain a copy of the
# License at
#
#   https://www.aklivity.io/aklivity-community-license/
#
# Unless required by applicable law or agreed to in writing, software
# distributed under the License is distributed on an "AS IS" BASIS, WITHOUT
# WARRANTIES OF ANY KIND, either express or implied.  See the License for the
# specific language governing permissions and limitations under the License.
#

accept "zilla://streams/app0"
    option zilla:window 8192
    option zilla:transmission "duplex"

accepted

read zilla:begin.ext ${pgsql:beginEx()
                              .typeId(zilla:id("pgsql"))
                              .parameter("user", "root")
                              .parameter("database", "dev")
                              .parameter("application_name", "psql")
                              .parameter("client_encoding", "UTF8")
                              .build()}

connected

read zilla:data.ext ${pgsql:dataEx()
                              .typeId(zilla:id("pgsql"))
                              .query()
                                .build()
                              .build()}
read "CREATE MATERIALIZED VIEW IF NOT EXISTS distinct_cities"
     "SELECT id, DISTINCT city FROM weather;"
     [0x00]

write advise zilla:flush ${pgsql:flushEx()
                              .typeId(zilla:id("pgsql"))
                              .completion()
                                .tag("CREATE_MATERIALIZED_VIEW")
                                .build()
                              .build()}

write advise zilla:flush ${pgsql:flushEx()
                              .typeId(zilla:id("pgsql"))
                              .ready()
                                .status("IDLE")
                                .build()
                              .build()}

read zilla:data.ext ${pgsql:dataEx()
                              .typeId(zilla:id("pgsql"))
                              .query()
                                .build()
                              .build()}
read "DESCRIBE MATERIALIZED VIEW distinct_cities;"
      [0x00]

write advise zilla:flush ${pgsql:flushEx()
                              .typeId(zilla:id("pgsql"))
                              .type()
                                .column()
                                    .name("id")
                                    .tableOid(0)
                                    .index(0)
                                    .typeOid(701)
                                    .length(8)
                                    .modifier(-1)
                                    .format("TEXT")
                                    .build()
                                .column()
                                    .name("city")
                                    .tableOid(0)
                                    .index(0)
                                    .typeOid(701)
                                    .length(8)
                                    .modifier(-1)
                                    .format("TEXT")
                                    .build()
                                .build()
                              .build()}

write advise zilla:flush ${pgsql:flushEx()
                              .typeId(zilla:id("pgsql"))
                              .completion()
                                .tag("DESCRIBE")
                                .build()
                              .build()}

write advise zilla:flush ${pgsql:flushEx()
                              .typeId(zilla:id("pgsql"))
                              .ready()
                                .status("IDLE")
                                .build()
                              .build()}

read await CREATE_TOPIC_COMPLETED

read zilla:data.ext ${pgsql:dataEx()
                              .typeId(zilla:id("pgsql"))
                              .query()
                                .build()
                              .build()}
read "CREATE SINK dev_distinct_cities_sink"
      "FROM distinct_cities"
      "WITH ("
      "   connector='kafka',"
      "   topic='distinct_cities',"
      "   properties.bootstrap.server='localhost:9092',"
      "   primary_key='id'"
      ") FORMAT UPSERT ENCODE AVRO ("
      "    schema.registry = 'http://localhost:8081'"
      ");"
      [0x00]

write advise zilla:flush ${pgsql:flushEx()
                              .typeId(zilla:id("pgsql"))
                              .completion()
                                .tag("CREATE_SINK")
                                .build()
                              .build()}

write advise zilla:flush ${pgsql:flushEx()
                              .typeId(zilla:id("pgsql"))
                              .ready()
                                .status("IDLE")
                                .build()
                              .build()}

write close
read closed

accept "zilla://streams/app1"
    option zilla:window 8192
    option zilla:transmission "duplex"

accepted

read zilla:begin.ext ${pgsql:beginEx()
                              .typeId(zilla:id("pgsql"))
                              .parameter("user", "root")
                              .parameter("database", "dev")
                              .parameter("application_name", "psql")
                              .parameter("client_encoding", "UTF8")
                              .build()}

connected

read zilla:data.ext ${pgsql:dataEx()
                              .typeId(zilla:id("pgsql"))
                              .query()
                                .build()
                              .build()}
read "CREATE TOPIC IF NOT EXISTS distinct_cities "
      "(id VARCHAR, city VARCHAR);"
      [0x00]

write advise zilla:flush ${pgsql:flushEx()
                              .typeId(zilla:id("pgsql"))
                              .completion()
                                .tag("CREATE_TOPIC")
                                .build()
                              .build()}

write notify CREATE_TOPIC_COMPLETED

write advise zilla:flush ${pgsql:flushEx()
                              .typeId(zilla:id("pgsql"))
                              .ready()
                                .status("IDLE")
                                .build()
                              .build()}

write close
read closed
