#
# Copyright 2021-2023 Aklivity Inc.
#
# Aklivity licenses this file to you under the Apache License,
# version 2.0 (the "License"); you may not use this file except in compliance
# with the License. You may obtain a copy of the License at:
#
#   http://www.apache.org/licenses/LICENSE-2.0
#
# Unless required by applicable law or agreed to in writing, software
# distributed under the License is distributed on an "AS IS" BASIS, WITHOUT
# WARRANTIES OR CONDITIONS OF ANY KIND, either express or implied. See the
# License for the specific language governing permissions and limitations
# under the License.
#



accept "zilla://streams/net0"
  option zilla:window 8192
  option zilla:transmission "duplex"
  option zilla:byteorder "network"

accepted

connected

read  22                                # size
      10s                               # find coordinator
      1s                                # v1
      (int:newRequestId)
      5s "zilla"                        # client id
      4s "test"                         # "test" coordinator key
      [0x00]                            # coordinator group type

write 35                                 # size
      ${newRequestId}
      0                                  # throttle time
      0s                                 # no error
      4s "none"                          # error message none
      0                                  # coordinator node
      9s "localhost"                  # host
      9092                            # port


read 87                                                 # size
     32s                                                # describe configs
     0s                                                 # v0
     (int:newRequestId)
     5s "zilla"                                         # client id
     1                                                  # resources
       [0x04]                                           # broker resource
       1s "0"                                           # "node" topic
       2                                                # configs
         28s "group.min.session.timeout.ms"             # name
         28s "group.max.session.timeout.ms"             # name

write 103                                                # size
      ${newRequestId}
      0
      1                                                  # resources
        0s                                               # no error
        -1s                                              # error message
        [0x04]                                           # broker resource
        1s "0"                                           # "0" nodeId
        2                                                # configs
          28s "group.min.session.timeout.ms"             # name
          4s "6000"                                      # value
          [0x00]                                          # not read only
          [0x00]                                          # not default
          [0x00]                                          # not sensitive
          28s "group.max.session.timeout.ms"             # name
          5s "30000"                                     # value
          [0x00]                                          # not read only
          [0x00]                                          # not default
          [0x00]                                          # not sensitive

accepted

connected

read  82                               # size
      11s                               # join group
      5s                                # v5
      (int:newRequestId)
      5s "zilla"                        # client id
      4s "test"                         # consumer group
      30000                             # session timeout
      4000                              # rebalance timeout
      0s                                # consumer group member
      5s "zilla"                       # group instance id
      8s "consumer"                     # protocol type
      1                                 # group protocol
        10s "highlander"                     # protocol name
        14                                   # metadata size
        [0..14]                              # metadata

write 91                                               # size
      ${newRequestId}
      0                                                 # throttle time
      0s                                                # no error
      0                                                 # generated id
      10s "highlander"                                  # protocol name
      10s "memberId-1"                                  # leader id
      10s "memberId-1"                                  # consumer member group id
      1                                                 # members
         10s "memberId-1"                                  # consumer member group id
         5s "zilla"                                 # group instance id
         14                                                # metadata size
         2s                                                # version
         0                                                 # topics
         0                                                 # userdata
         0                                                 # partitions

read 64                                           # size
     14s                                           # sync group
     3s                                            # v3
     (int:newRequestId)
     5s "zilla"                                    # client id
     4s "test"                                     # consumer group
     0                                             # generation id
     10s "memberId-1"                              # consumer member group id
     5s "zilla"                                   # group instance id
     1                                             # assignments
       10s "memberId-1"                             # consumer member group id
       0                                            # metadata

write 14                                                # size
      ${newRequestId}
      0                                                 # throttle time
      0s                                                # no error
      0                                                 # assignment
