#
# Copyright 2021-2023 Aklivity Inc
#
# Licensed under the Aklivity Community License (the "License"); you may not use
# this file except in compliance with the License.  You may obtain a copy of the
# License at
#
#   https://www.aklivity.io/aklivity-community-license/
#
# Unless required by applicable law or agreed to in writing, software
# distributed under the License is distributed on an "AS IS" BASIS, WITHOUT
# WARRANTIES OF ANY KIND, either express or implied.  See the License for the
# specific language governing permissions and limitations under the License.
#

connect await WILL_STREAM_STARTED
        "zilla://streams/mqtt0"
         option zilla:window 8192
         option zilla:transmission "duplex"

write zilla:begin.ext ${mqtt:beginEx()
                           .typeId(zilla:id("mqtt"))
                           .session()
                              .flags("WILL")
                              .expiry(1)
                              .capabilities("REDIRECT")
                              .clientId("client-1")
                              .build()
                           .build()}

connected

write option zilla:flags "init"
write zilla:data.ext ${mqtt:dataEx()
                             .typeId(zilla:id("mqtt"))
                             .session()
                                .deferred(2330)
                                .kind("WILL")
                                .build()
                             .build()}
write ${mqtt:will()
               .topic("obituaries")
               .delay(1)
               .expiryInterval(15)
               .format("TEXT")
               .responseTopic("responses/client1")
               .correlation("info")
               .payloadSize(10240)
               .build()}
${mqtt:randomBytes(7910)}
write flush

write option zilla:flags "fin"
write ${mqtt:randomBytes(2330)}
write flush


read zilla:data.empty

write abort
read aborted
