#
# Copyright 2021-2023 Aklivity Inc
#
# Licensed under the Aklivity Community License (the "License"); you may not use
# this file except in compliance with the License.  You may obtain a copy of the
# License at
#
#   https://www.aklivity.io/aklivity-community-license/
#
# Unless required by applicable law or agreed to in writing, software
# distributed under the License is distributed on an "AS IS" BASIS, WITHOUT
# WARRANTIES OF ANY KIND, either express or implied.  See the License for the
# specific language governing permissions and limitations under the License.
#

accept "zilla://streams/kafka0"
        option zilla:window 8192
        option zilla:transmission "duplex"

accepted

read zilla:begin.ext ${kafka:matchBeginEx()
                            .typeId(zilla:id("kafka"))
                            .merged()
                                .capabilities("PRODUCE_AND_FETCH")
                                .topic("mqtt_sessions")
                                .filter()
                                    .key("client-1#migrate")
                                    .headerNot("sender-id", "sender1")
                                    .build()
                                .build()
                            .build()}

connected

read zilla:data.ext ${kafka:matchDataEx()
                           .typeId(zilla:id("kafka"))
                           .merged()
                               .deferred(0)
                               .partition(-1, -1)
                               .key("client-1#migrate")
                               .header("sender-id", "sender1")
                               .build()
                           .build()}
read zilla:data.empty


accepted

read zilla:begin.ext ${kafka:matchBeginEx()
                               .typeId(zilla:id("kafka"))
                               .group()
                                   .groupId("client-1")
                                   .protocol("highlander")
                                   .timeout(1000)
                                   .build()
                               .build()}

connected

write zilla:data.ext ${kafka:dataEx()
                             .typeId(zilla:id("kafka"))
                             .group()
                                 .leaderId("consumer-1")
                                 .memberId("consumer-1")
                                 .members(1)
                                 .build()
                             .build()}
write flush

accepted

read zilla:begin.ext ${kafka:matchBeginEx()
                            .typeId(zilla:id("kafka"))
                            .merged()
                                .capabilities("PRODUCE_AND_FETCH")
                                .topic("mqtt_sessions")
                                .filter()
                                    .key("client-1")
                                    .build()
                                .filter()
                                    .key("client-1#migrate")
                                    .headerNot("sender-id", "sender1")
                                    .build()
                                .build()
                            .build()}

connected

write advise zilla:flush

read zilla:data.ext ${kafka:matchDataEx()
                           .typeId(zilla:id("kafka"))
                           .merged()
                               .deferred(0)
                               .partition(-1, -1)
                               .key("client-1")
                               .build()
                           .build()}

read ${mqtt:session()
               .subscription("sensor/one", 1)
               .build()}

write zilla:data.ext ${kafka:dataEx()
                           .typeId(zilla:id("kafka"))
                           .merged()
                               .deferred(0)
                               .partition(-1, -1)
                               .key("client-1")
                               .build()
                           .build()}
write ${mqtt:session()
               .subscription("sensor/one", 1)
               .build()}
write flush

read zilla:data.ext ${kafka:matchDataEx()
                           .typeId(zilla:id("kafka"))
                           .merged()
                               .deferred(0)
                               .partition(-1, -1)
                               .key("client-1")
                               .build()
                           .build()}

read ${mqtt:session()
               .build()}

write zilla:data.ext ${kafka:dataEx()
                           .typeId(zilla:id("kafka"))
                           .merged()
                               .deferred(0)
                               .partition(-1, -1)
                               .key("client-1")
                               .build()
                           .build()}

write ${mqtt:session()
               .build()}
write flush


accepted

read zilla:begin.ext ${kafka:matchBeginEx()
                            .typeId(zilla:id("kafka"))
                            .merged()
                                .capabilities("FETCH_ONLY")
                                .topic("mqtt_messages")
                                .filter()
                                    .headers("zilla:topic")
                                        .sequence("sensor")
                                        .sequence("one")
                                        .build()
                                    .build()
                                .evaluation("EAGER")
                                .build()
                            .build()}

connected

write zilla:data.ext ${kafka:dataEx()
                            .typeId(zilla:id("kafka"))
                            .merged()
                                .timestamp(kafka:timestamp())
                                .filters(1)
                                .partition(0, 1, 2)
                                .progress(0, 2)
                                .progress(1, 1)
                                .key("sensor/one")
                                .header("zilla:topic", "sensor")
                                .header("zilla:topic", "one")
                                .header("zilla:local", "client")
                                .header("zilla:format", "TEXT")
                                .build()
                            .build()}

write "message"
write flush

read closed
write close
