#
# Copyright 2021-2024 Aklivity Inc.
#
# Aklivity licenses this file to you under the Apache License,
# version 2.0 (the "License"); you may not use this file except in compliance
# with the License. You may obtain a copy of the License at:
#
#   http://www.apache.org/licenses/LICENSE-2.0
#
# Unless required by applicable law or agreed to in writing, software
# distributed under the License is distributed on an "AS IS" BASIS, WITHOUT
# WARRANTIES OR CONDITIONS OF ANY KIND, either express or implied. See the
# License for the specific language governing permissions and limitations
# under the License.
#

accept "zilla://streams/openapi0"
        option zilla:window 8192
        option zilla:transmission "half-duplex"
accepted

read zilla:begin.ext ${openapi:matchBeginEx()
                             .typeId(zilla:id("openapi"))
                             .apiId(1)
                             .operationId("createPets")
                             .extension(http:matchBeginEx()
                                  .typeId(zilla:id("http"))
                                  .header(":method", "POST")
                                  .header(":scheme", "http")
                                  .header(":path", "/pets")
                                  .header(":authority", "localhost:8080")
                                  .header("content-type", "application/json")
                                  .header("content-length", "43")
                                  .build())
                             .build()}

connected

read aborted
write aborted
