#
# Copyright 2021-2023 Aklivity Inc.
#
# Aklivity licenses this file to you under the Apache License,
# version 2.0 (the "License"); you may not use this file except in compliance
# with the License. You may obtain a copy of the License at:
#
#   http://www.apache.org/licenses/LICENSE-2.0
#
# Unless required by applicable law or agreed to in writing, software
# distributed under the License is distributed on an "AS IS" BASIS, WITHOUT
# WARRANTIES OR CONDITIONS OF ANY KIND, either express or implied. See the
# License for the specific language governing permissions and limitations
# under the License.
#

accept "zilla://streams/net0"
  option zilla:window 8192
  option zilla:transmission "duplex"
accepted

read zilla:begin.ext ${zilla:id("http")}
                       [0xc1 0x00 0x00 0x00]
                       [0x08 0x00 0x00 0x00]
                       [0x07] ":method" [0x07 0x00] "CONNECT"
                       [0x07] ":scheme" [0x04 0x00] "http"
                       [0x0a] ":authority" [0x0e 0x00] "localhost:8080"
                       [0x05] ":path" [0x05 0x00] "/chat"
                       [0x09] ":protocol" [0x09 0x00] "websocket"
                       [0x16] "sec-websocket-protocol" [0x0f 0x00] "chat, superchat"
                       [0x15] "sec-websocket-version" [0x02 0x00] "13"
                       [0x06] "origin" [0x16 0x00] "http://www.example.com"

write zilla:begin.ext ${http:beginEx()
                             .typeId(zilla:id("http"))
                             .header(":status", "200")
                             .header("sec-websocket-protocol", "chat")
                             .build()}

connected

read [0x81 0xfd] ([0..4] :readMask)
read option mask ${readMask}
read ([0..125] :server125)
read option mask [0x00 0x00 0x00 0x00]

write [0x81 0x7d] ${server125}
