#
# Copyright 2021-2023 Aklivity Inc.
#
# Aklivity licenses this file to you under the Apache License,
# version 2.0 (the "License"); you may not use this file except in compliance
# with the License. You may obtain a copy of the License at:
#
#   http://www.apache.org/licenses/LICENSE-2.0
#
# Unless required by applicable law or agreed to in writing, software
# distributed under the License is distributed on an "AS IS" BASIS, WITHOUT
# WARRANTIES OR CONDITIONS OF ANY KIND, either express or implied. See the
# License for the specific language governing permissions and limitations
# under the License.
#

accept "zilla://streams/app0"
       option zilla:window 8192
       option zilla:transmission "half-duplex"
accepted

read zilla:begin.ext ${http:beginEx()
                             .typeId(zilla:id("http"))
                             .header(":scheme", "http")
                             .header(":method", "HEAD")
                             .header(":path", "/")
                             .header(":authority", "localhost:8080")
                             .build()}
connected

read closed

write zilla:begin.ext ${http:beginEx()
                              .typeId(zilla:id("http"))
                              .header(":status", "200")
                              .header("content-length", "100")
                              .build()}
write close
