#
# Copyright 2021-2022 Aklivity Inc.
#
# Aklivity licenses this file to you under the Apache License,
# version 2.0 (the "License"); you may not use this file except in compliance
# with the License. You may obtain a copy of the License at:
#
#   http://www.apache.org/licenses/LICENSE-2.0
#
# Unless required by applicable law or agreed to in writing, software
# distributed under the License is distributed on an "AS IS" BASIS, WITHOUT
# WARRANTIES OR CONDITIONS OF ANY KIND, either express or implied. See the
# License for the specific language governing permissions and limitations
# under the License.
#

property deltaMillis 0L
property newTimestamp ${kafka:timestamp() + deltaMillis}

connect "zilla://streams/app0"
    option zilla:window 8192
    option zilla:transmission "half-duplex"

write zilla:begin.ext ${kafka:beginEx()
                               .typeId(zilla:id("kafka"))
                               .meta()
                                   .topic("test")
                                   .build()
                               .build()}

connected

read zilla:begin.ext ${kafka:beginEx()
                              .typeId(zilla:id("kafka"))
                              .meta()
                                  .topic("test")
                                  .build()
                              .build()}

read zilla:data.ext ${kafka:dataEx()
                             .typeId(zilla:id("kafka"))
                             .meta()
                                 .partition(0, 177)
                                 .build()
                             .build()}

read notify ROUTED_BROKER_CLIENT

connect await ROUTED_BROKER_CLIENT
        "zilla://streams/app0"
    option zilla:window 8192
    option zilla:transmission "half-duplex"
    option zilla:affinity 177

write zilla:begin.ext ${kafka:beginEx()
                               .typeId(zilla:id("kafka"))
                               .produce()
                                   .topic("test")
                                   .partition(0)
                                   .build()
                               .build()}

connected

read zilla:begin.ext ${kafka:beginEx()
                              .typeId(zilla:id("kafka"))
                              .produce()
                                  .topic("test")
                                  .partition(0)
                                  .build()
                              .build()}

write zilla:data.ext ${kafka:dataEx()
                              .typeId(zilla:id("kafka"))
                              .produce()
                                  .timestamp(newTimestamp)
                                  .build()
                              .build()}
write "Hello, world1"
write flush

read zilla:reset.ext ${kafka:resetEx()
                           .typeId(zilla:id("kafka"))
                           .error(2)
                           .build()}
write aborted
read abort


write notify ERRORED_FIRST_MESSAGE

connect await ROUTED_BROKER_CLIENT
        "zilla://streams/app0"
    option zilla:window 8192
    option zilla:transmission "half-duplex"
    option zilla:affinity 177

write zilla:begin.ext ${kafka:beginEx()
                               .typeId(zilla:id("kafka"))
                               .produce()
                                   .topic("test")
                                   .partition(0)
                                   .build()
                               .build()}

connected

read zilla:begin.ext ${kafka:beginEx()
                              .typeId(zilla:id("kafka"))
                              .produce()
                                  .topic("test")
                                  .partition(0)
                                  .build()
                              .build()}

write await ERRORED_FIRST_MESSAGE

write zilla:data.ext ${kafka:dataEx()
                              .typeId(zilla:id("kafka"))
                              .produce()
                                  .timestamp(newTimestamp)
                                  .build()
                              .build()}
write "Hello, world2"
write flush

read closed
