#
# Copyright 2021-2026 Aklivity Inc.
#
# Aklivity licenses this file to you under the Apache License,
# version 2.0 (the "License"); you may not use this file except in compliance
# with the License. You may obtain a copy of the License at:
#
#   http://www.apache.org/licenses/LICENSE-2.0
#
# Unless required by applicable law or agreed to in writing, software
# distributed under the License is distributed on an "AS IS" BASIS, WITHOUT
# WARRANTIES OR CONDITIONS OF ANY KIND, either express or implied. See the
# License for the specific language governing permissions and limitations
# under the License.
#

connect "zilla://streams/app0"
    option zilla:window 8192
    option zilla:transmission "half-duplex"
    option zilla:byteorder "network"
    option zilla:affinity 0

write zilla:begin.ext ${kafka:beginEx()
                               .typeId(zilla:id("kafka"))
                               .apiRequest()
                                 .length(129)
                                 .api(19)
                                 .version(3)
                                 .clientId("zilla")
                                 .build()
                                .build()}

connected

write 2                                 # topic count
        6s "events"                     # name
        1                               # number of partitions
        1s                              # replication factor
        1                               # assignments
            0                           # partition index
            1                           # broker ids
                0                       # broker id
        1                               # configs
            14s "cleanup.policy"        # name
            6s "delete"                 # value
        9s "snapshots"                  # name
        1                               # number of partitions
        1s                              # replication factor
        1                               # assignments
            0                           # partition index
            1                           # broker ids
                0                       # broker id
        1                               # configs
            14s "cleanup.policy"        # name
            7s "compact"                # value
      0                                 # timeout
      [0x00]                           # validateOnly

read zilla:begin.ext ${kafka:matchBeginEx()
                               .typeId(zilla:id("kafka"))
                               .apiResponse()
                                 .length(35)
                                 .version(3)
                                 .build()
                                .build()}

read  0                                  # throttle time ms
      2                                  # topics
        6s "events"                      # name
        0s                               # error code
        -1s                              # error message
        9s "snapshots"                   # name
        0s                               # error code
        -1s                              # error message

write close
read closed

connect "zilla://streams/app0"
    option zilla:window 8192
    option zilla:transmission "half-duplex"
    option zilla:byteorder "network"
    option zilla:affinity 0

write zilla:begin.ext ${kafka:beginEx()
                               .typeId(zilla:id("kafka"))
                               .apiRequest()
                                 .length(27)
                                 .api(20)
                                 .version(3)
                                 .clientId("zilla")
                                 .build()
                                .build()}

connected

write 2                                 # topic count
        6s "events"                     # name
        9s "snapshots"                  # name
      0                                 # timeout

read zilla:begin.ext ${kafka:matchBeginEx()
                               .typeId(zilla:id("kafka"))
                               .apiResponse()
                                 .length(31)
                                 .version(3)
                                 .build()
                                .build()}

read  0                                  # throttle time ms
      2                                  # topics
        6s "events"                      # name
        0s                               # error code
        9s "snapshots"                   # name
        0s                               # error code

write close
read closed
