#
# Copyright 2021-2023 Aklivity Inc.
#
# Aklivity licenses this file to you under the Apache License,
# version 2.0 (the "License"); you may not use this file except in compliance
# with the License. You may obtain a copy of the License at:
#
#   http://www.apache.org/licenses/LICENSE-2.0
#
# Unless required by applicable law or agreed to in writing, software
# distributed under the License is distributed on an "AS IS" BASIS, WITHOUT
# WARRANTIES OR CONDITIONS OF ANY KIND, either express or implied. See the
# License for the specific language governing permissions and limitations
# under the License.
#

accept "zilla://streams/net0"
  option zilla:window 8192
  option zilla:transmission "duplex"
  option zilla:byteorder "network"

accepted
connected

read  [0x10 0x18]                   # CONNECT
      [0x00 0x04] "MQTT"            # protocol name
      [0x05]                        # protocol version
      [0x02]                        # flags = clean start
      [0x00 0x3c]                   # keep alive = 60s
      [0x05]                        # properties
      [0x27] 66560                  # maximum packet size = 66560
      [0x00 0x06] "client"          # client id

write [0x20 0x23]                   # CONNACK
      [0x00]                        # flags = none
      [0x00]                        # reason code
      [0x20]                        # properties
      [0x27] 50                     # maximum packet size = 50
      [0x25 0x00]                   # retain unavailable
      [0x2a 0x00]                   # shared subscription unavailable
      [0x29 0x00]                   # subscription identifiers unavailable
      [0x28 0x00]                   # wildcard subscription unavailable
      [0x24 0x00]                   # maximum qos = at most once
      [0x22] 0s                     # topic alias maximum = 0
      [0x13] 1s                     # keep alive = 1s
      [0x12 0x00 0x08] "client-1"   # assigned clientId

