#
# Copyright 2021-2023 Aklivity Inc
#
# Licensed under the Aklivity Community License (the "License"); you may not use
# this file except in compliance with the License.  You may obtain a copy of the
# License at
#
#   https://www.aklivity.io/aklivity-community-license/
#
# Unless required by applicable law or agreed to in writing, software
# distributed under the License is distributed on an "AS IS" BASIS, WITHOUT
# WARRANTIES OF ANY KIND, either express or implied.  See the License for the
# specific language governing permissions and limitations under the License.
#

connect "zilla://streams/app1"
    option zilla:window 8192
    option zilla:transmission "duplex"

write zilla:begin.ext ${pgsql:beginEx()
                              .typeId(zilla:id("pgsql"))
                              .parameter("user", "root")
                              .parameter("database", "dev")
                              .parameter("application_name", "psql")
                              .parameter("client_encoding", "UTF8")
                              .build()}

connected

write zilla:data.ext ${pgsql:dataEx()
                              .typeId(zilla:id("pgsql"))
                              .query()
                                .build()
                              .build()}
write "DESCRIBE weather;"
      [0x00]
write flush

read advised zilla:flush ${pgsql:flushEx()
                              .typeId(zilla:id("pgsql"))
                              .type()
                                .column()
                                    .name("Name")
                                    .tableOid(0)
                                    .index(0)
                                    .typeOid(1043)
                                    .length(2)
                                    .modifier(-1)
                                    .format("TEXT")
                                    .build()
                                .column()
                                    .name("Type")
                                    .tableOid(0)
                                    .index(0)
                                    .typeOid(1043)
                                    .length(4)
                                    .modifier(-1)
                                    .format("TEXT")
                                    .build()
                                .column()
                                    .name("Is Hidden")
                                    .tableOid(0)
                                    .index(0)
                                    .typeOid(1043)
                                    .length(4)
                                    .modifier(-1)
                                    .format("TEXT")
                                    .build()
                                .column()
                                    .name("Description")
                                    .tableOid(0)
                                    .index(0)
                                    .typeOid(1043)
                                    .length(4)
                                    .modifier(-1)
                                    .format("TEXT")
                                    .build()
                                .build()
                              .build()}

read zilla:data.ext ${pgsql:dataEx()
                              .typeId(zilla:id("pgsql"))
                              .row()
                                .build()
                              .build()}
read  [0x00 0x04]                                  # Field Count
      [0x00 0x00 0x00 0x02]                        # Length
      "id"                                         # Data
      [0x00 0x00 0x00 0x11]                        # Length
      "character varying"                          # Data
      [0x00 0x00 0x00 0x05]                        # Length
      "false"                                      # Data
      [0xff 0xff 0xff 0xff]                        # Length

read  zilla:data.ext ${pgsql:dataEx()
                              .typeId(zilla:id("pgsql"))
                              .row()
                                .build()
                              .build()}
read  [0x00 0x04]                                # Field Count
      [0x00 0x00 0x00 0x04]                       # Length
      "city"                                      # Data
      [0x00 0x00 0x00 0x11]                       # Length
      "character varying"                         # Data
      [0x00 0x00 0x00 0x05]                       # Length
      "false"                                     # Data
      [0xff 0xff 0xff 0xff]                       # Length

read zilla:data.ext ${pgsql:dataEx()
                              .typeId(zilla:id("pgsql"))
                              .row()
                                .build()
                              .build()}
read [0x00 0x04]                                 # Field Count
     [0x00 0x00 0x00 0x07]                       # Length
     "_row_id"                                   # Data
     [0x00 0x00 0x00 0x11]                       # Length
     "character varying"                         # Data
     [0x00 0x00 0x00 0x05]                       # Length
     "false"                                     # Data
     [0xff 0xff 0xff 0xff]                       # Length

read zilla:data.ext ${pgsql:dataEx()
                              .typeId(zilla:id("pgsql"))
                              .row()
                                .build()
                              .build()}
read [0x00 0x04]                                 # Field Count
     [0x00 0x00 0x00 0x04]                       # Length
     "primary key"                               # Data
     [0x00 0x00 0x00 0x07]                       # Length
     "_row_id"                                   # Data
     [0x00 0x00 0x00 0x05]                       # Length
     "false"                                     # Data
     [0xff 0xff 0xff 0xff]                       # Length

read advised zilla:flush ${pgsql:flushEx()
                              .typeId(zilla:id("pgsql"))
                              .completion()
                                .tag("DESCRIBE")
                                .build()
                              .build()}

read advised zilla:flush ${pgsql:flushEx()
                              .typeId(zilla:id("pgsql"))
                              .ready()
                                .status("IDLE")
                                .build()
                              .build()}

write zilla:data.ext ${pgsql:dataEx()
                              .typeId(zilla:id("pgsql"))
                              .query()
                                .build()
                              .build()}
write "DROP SOURCE weather;"
      [0x00]
write flush

read advised zilla:flush ${pgsql:flushEx()
                              .typeId(zilla:id("pgsql"))
                              .completion()
                                .tag("DROP_SOURCE")
                                .build()
                              .build()}

read advised zilla:flush ${pgsql:flushEx()
                              .typeId(zilla:id("pgsql"))
                              .ready()
                                .status("IDLE")
                                .build()
                              .build()}

connect "zilla://streams/app2"
    option zilla:window 8192
    option zilla:transmission "duplex"

write zilla:begin.ext ${pgsql:beginEx()
                              .typeId(zilla:id("pgsql"))
                              .parameter("user", "root")
                              .parameter("database", "dev")
                              .parameter("application_name", "psql")
                              .parameter("client_encoding", "UTF8")
                              .build()}

connected

write zilla:data.ext ${pgsql:dataEx()
                              .typeId(zilla:id("pgsql"))
                              .query()
                                .build()
                              .build()}
write "DROP TOPIC weather;"
      [0x00]
write flush

read advised zilla:flush ${pgsql:flushEx()
                              .typeId(zilla:id("pgsql"))
                              .completion()
                                .tag("DROP_TOPIC")
                                .build()
                              .build()}

read advised zilla:flush ${pgsql:flushEx()
                              .typeId(zilla:id("pgsql"))
                              .ready()
                                .status("IDLE")
                                .build()
                              .build()}

