#
# Copyright 2021-2024 Aklivity Inc
#
# Licensed under the Aklivity Community License (the "License"); you may not use
# this file except in compliance with the License.  You may obtain a copy of the
# License at
#
#   https://www.aklivity.io/aklivity-community-license/
#
# Unless required by applicable law or agreed to in writing, software
# distributed under the License is distributed on an "AS IS" BASIS, WITHOUT
# WARRANTIES OF ANY KIND, either express or implied.  See the License for the
# specific language governing permissions and limitations under the License.
#

connect "zilla://streams/app1"
    option zilla:window 8192
    option zilla:transmission "half-duplex"

write zilla:begin.ext ${kafka:beginEx()
                               .typeId(zilla:id("kafka"))
                               .request()
                                 .createTopics()
                                    .topic()
                                       .name("public.cities")
                                       .partitionCount(1)
                                       .replicas(1)
                                       .config("cleanup.policy", "delete")
                                       .build()
                                    .timeout(30000)
                                    .validateOnly("false")
                                   .build()
                                .build()}

connected

read zilla:begin.ext ${kafka:matchBeginEx()
                               .typeId(zilla:id("kafka"))
                               .response()
                                 .createTopics()
                                    .throttle(0)
                                    .topic()
                                       .name("public.cities")
                                       .error(0)
                                       .build()
                                   .build()
                                .build()}

write close
read closed
