#
# Copyright 2021-2022 Aklivity Inc.
#
# Aklivity licenses this file to you under the Apache License,
# version 2.0 (the "License"); you may not use this file except in compliance
# with the License. You may obtain a copy of the License at:
#
#   http://www.apache.org/licenses/LICENSE-2.0
#
# Unless required by applicable law or agreed to in writing, software
# distributed under the License is distributed on an "AS IS" BASIS, WITHOUT
# WARRANTIES OR CONDITIONS OF ANY KIND, either express or implied. See the
# License for the specific language governing permissions and limitations
# under the License.
#

property location 'http://localhost:8080/echo'
property initialWindow 82000

accept "zilla://streams/net#0"
  option zilla:window ${initialWindow}
  option zilla:transmission "duplex"
accepted

read zilla:begin.ext ${zilla:id("http")}
                       [0xb4 0x00 0x00 0x00]
                       [0x08 0x00 0x00 0x00]
                       [0x07] ":method" [0x03 0x00] "GET"
                       [0x07] ":scheme" [0x04 0x00] "http"
                       [0x0a] ":authority" [0x0e 0x00] "localhost:8080"
                       [0x05] ":path" [0x05 0x00] "/echo"
                       [0x07] "upgrade" [0x09 0x00] "websocket"
                       [0x0a] "connection" [0x07 0x00] "upgrade"
                       [0x11] "sec-websocket-key" [0x18 0x00] /(?<key>[a-zA-Z0-9+\/=]{24})/
                       [0x15] "sec-websocket-version" [0x02 0x00] "13"

write zilla:begin.ext ${http:beginEx()
                              .typeId(zilla:id("http"))
                              .header(":status", "101")
                              .header("upgrade", "websocket")
                              .header("connection", "upgrade")
                              .header("sec-websocket-accept", ws:handshakeHash(key))
                              .build()}

connected

read [0x82 0xfe 0xff 0xff] ([0..4] :readMask)
read option mask ${readMask}
read ([0..65535] :server65535)
read option mask [0x00 0x00 0x00 0x00]

write [0x82 0x7e 0xff 0xff] ${server65535}
