#
# Copyright 2021-2024 Aklivity Inc
#
# Licensed under the Aklivity Community License (the "License"); you may not use
# this file except in compliance with the License.  You may obtain a copy of the
# License at
#
#   https://www.aklivity.io/aklivity-community-license/
#
# Unless required by applicable law or agreed to in writing, software
# distributed under the License is distributed on an "AS IS" BASIS, WITHOUT
# WARRANTIES OF ANY KIND, either express or implied.  See the License for the
# specific language governing permissions and limitations under the License.
#

property serverAddress "zilla://streams/app0"

accept ${serverAddress}
    option zilla:window 8192
    option zilla:transmission "duplex"

accepted

read zilla:begin.ext ${pgsql:beginEx()
                              .typeId(zilla:id("pgsql"))
                              .parameter("user", "zillabase")
                              .parameter("database", "dev")
                              .parameter("application_name", "psql")
                              .parameter("client_encoding", "UTF8")
                              .build()}

connected

read zilla:data.ext ${pgsql:dataEx()
                              .typeId(zilla:id("pgsql"))
                              .query()
                                .build()
                              .build()}
write "CREATE ZFUNCTION send_payment(\n"
      " user_id VARCHAR,\n"
      " amount DOUBLE PRECISION)\n"
      "RETURNS TABLE(\n"
      " event VARCHAR,\n"
      " user_id VARCHAR,\n"
      " amount DOUBLE PRECISION)\n"
      "LANGUAGE SQL AS $$\n"
      " SELECT\n"
      "     CASE\n"
      "         WHEN balance >= args.amount THEN 'PaymentSent'\n"
      "         ELSE 'PaymentDeclined'\n"
      "     END AS event,\n"
      "     args.user_id,\n"
      "     args.amount\n"
      " FROM balance WHERE user_id = args.user_id;\n"
      "$$\n"
      "WITH (\n"
      " EVENTS = 'app_events'\n"
      ");"
      [0x00]
     [0x00]

write advise zilla:flush ${pgsql:flushEx()
                              .typeId(zilla:id("pgsql"))
                              .completion()
                                .tag("CREATE_ZFUNCTION")
                                .build()
                              .build()}

write advise zilla:flush ${pgsql:flushEx()
                              .typeId(zilla:id("pgsql"))
                              .ready()
                                .status("IDLE")
                                .build()
                              .build()}
