#
# Copyright 2021-2023 Aklivity Inc.
#
# Aklivity licenses this file to you under the Apache License,
# version 2.0 (the "License"); you may not use this file except in compliance
# with the License. You may obtain a copy of the License at:
#
#   http://www.apache.org/licenses/LICENSE-2.0
#
# Unless required by applicable law or agreed to in writing, software
# distributed under the License is distributed on an "AS IS" BASIS, WITHOUT
# WARRANTIES OR CONDITIONS OF ANY KIND, either express or implied. See the
# License for the specific language governing permissions and limitations
# under the License.
#

accept "zilla://streams/app0"
        option zilla:window 8192
        option zilla:transmission "duplex"

accepted

read zilla:begin.ext ${mqtt:matchBeginEx()
                             .typeId(zilla:id("mqtt"))
                             .session()
                                .clientId("one")
                                .will()
                                    .topic("wills/one")
                                    .format("TEXT")
                                    .payload("client one session expired")
                                    .build()
                                .build()
                             .build()}

connected

write zilla:data.empty
write flush

read zilla:end.ext ${mqtt:endEx()
                        .typeId(zilla:id("mqtt"))
                        .reason("DISCONNECT_WITH_WILL")
                        .build()}

read closed
write close
