#
# Copyright 2021-2023 Aklivity Inc.
#
# Aklivity licenses this file to you under the Apache License,
# version 2.0 (the "License"); you may not use this file except in compliance
# with the License. You may obtain a copy of the License at:
#
#   http://www.apache.org/licenses/LICENSE-2.0
#
# Unless required by applicable law or agreed to in writing, software
# distributed under the License is distributed on an "AS IS" BASIS, WITHOUT
# WARRANTIES OR CONDITIONS OF ANY KIND, either express or implied. See the
# License for the specific language governing permissions and limitations
# under the License.
#

# TODO: revert this script to use k3po http transport as in k3po http specification once k3po
#       is enhanced to support manifesting this as high-level http

property location 'http://localhost:8080/echo'

accept "zilla://streams/net0"
  option zilla:window 8192
  option zilla:transmission "duplex"
accepted

read zilla:begin.ext ${zilla:id("http")}
                       [0xb4 0x00 0x00 0x00]
                       [0x08 0x00 0x00 0x00]
                       [0x07] ":scheme" [0x04 0x00] "http"
                       [0x07] ":method" [0x03 0x00] "GET"
                       [0x05] ":path" [0x05 0x00] "/echo"
                       [0x0a] ":authority" [0x0e 0x00] "localhost:8080"
                       [0x07] "upgrade" [0x09 0x00] "websocket"
                       [0x0a] "connection" [0x07 0x00] "upgrade"
                       [0x11] "sec-websocket-key" [0x18 0x00] /(?<key>[a-zA-Z0-9+\/=]{24})/
                       [0x15] "sec-websocket-version" [0x02 0x00] "13"

write zilla:begin.ext ${http:beginEx()
                              .typeId(zilla:id("http"))
                              .header(":status", "101")
                              .header("upgrade", "websocket")
                              .header("connection", "upgrade")
                              .header("sec-websocket-accept", ws:handshakeHash(key))
                              .build()}

connected

read [0x02 0x99] ([0..4] :readMaskA)
read option mask ${readMaskA}
read ([0..25] :server25a)
read option mask [0x00 0x00 0x00 0x00]

read [0x00 0x99] ([0..4] :readMaskB)
read option mask ${readMaskB}
read ([0..25] :server25b)
read option mask [0x00 0x00 0x00 0x00]

read [0x00 0x99] ([0..4] :readMaskC)
read option mask ${readMaskC}
read ([0..25] :server25c)
read option mask [0x00 0x00 0x00 0x00]

read [0x00 0x99] ([0..4] :readMaskD)
read option mask ${readMaskD}
read ([0..25] :server25d)
read option mask [0x00 0x00 0x00 0x00]

read [0x80 0x99] ([0..4] :readMaskE)
read option mask ${readMaskE}
read ([0..25] :server25e)
read option mask [0x00 0x00 0x00 0x00]

write [0x82 0x7d] ${server25a} ${server25b} ${server25c} ${server25d} ${server25e}
