#
# Copyright 2021-2022 Aklivity Inc
#
# Licensed under the Aklivity Community License (the "License"); you may not use
# this file except in compliance with the License.  You may obtain a copy of the
# License at
#
#   https://www.aklivity.io/aklivity-community-license/
#
# Unless required by applicable law or agreed to in writing, software
# distributed under the License is distributed on an "AS IS" BASIS, WITHOUT
# WARRANTIES OF ANY KIND, either express or implied.  See the License for the
# specific language governing permissions and limitations under the License.
#

accept "zilla://streams/kafka0"
    option zilla:window 8192
    option zilla:transmission "duplex"

accepted

read zilla:begin.ext ${kafka:matchBeginEx()
                            .typeId(zilla:id("kafka"))
                            .merged()
                                .capabilities("FETCH_ONLY")
                                .topic("items-children-snapshots")
                                .filter()
                                    .key("fc7e62e1-f9ed-41bf-800b-c86440d7787e")
                                    .header("zilla:identity", "test")
                                    .header("item-id", "92d0bf92-63e0-4cfc-ae73-71dee92d1544")
                                    .build()
                                .build()
                            .build()}

connected

write zilla:data.ext ${kafka:dataEx()
                            .typeId(zilla:id("kafka"))
                            .merged()
                                .timestamp(kafka:timestamp())
                                .partition(0, 1, 2)
                                .progress(0, 2)
                                .progress(1, 1)
                                .key("fc7e62e1-f9ed-41bf-800b-c86440d7787e")
                                .header("zilla:identity", "test")
                                .header("content-type", "application/json")
                                .header("etag", "revision=57")
                                .build()
                            .build()}
write '{ "name": "child" }'
write flush

write close
read closed
