#
# Copyright 2021-2022 Aklivity Inc.
#
# Aklivity licenses this file to you under the Apache License,
# version 2.0 (the "License"); you may not use this file except in compliance
# with the License. You may obtain a copy of the License at:
#
#   http://www.apache.org/licenses/LICENSE-2.0
#
# Unless required by applicable law or agreed to in writing, software
# distributed under the License is distributed on an "AS IS" BASIS, WITHOUT
# WARRANTIES OR CONDITIONS OF ANY KIND, either express or implied. See the
# License for the specific language governing permissions and limitations
# under the License.
#

connect "zilla://streams/net0"
  option zilla:window 8192
  option zilla:transmission "duplex"

write zilla:begin.ext ${proxy:beginEx()
                             .typeId(zilla:id("proxy"))
                             .addressNone()
                               .build()
                             .info()
                               .secure()
                                 .version("TLSv1.3")
                                 .build()
                               .build()
                             .build()}

connected

write "OPTIONS / HTTP/1.1" "\r\n"
      "Host: example.com:9090" "\r\n"
      "Origin: https://example.net:9090" "\r\n"
      "Access-Control-Request-Method: Unexpected" "\r\n"
      "\r\n"
write flush

write close

read "HTTP/1.1 403 Forbidden" "\r\n"
     "Server: Zilla" "\r\n"
     "\r\n"

read closed
