#
# Copyright 2021-2021 Aklivity Inc.
#
# Aklivity licenses this file to you under the Apache License,
# version 2.0 (the "License"); you may not use this file except in compliance
# with the License. You may obtain a copy of the License at:
#
#   http://www.apache.org/licenses/LICENSE-2.0
#
# Unless required by applicable law or agreed to in writing, software
# distributed under the License is distributed on an "AS IS" BASIS, WITHOUT
# WARRANTIES OR CONDITIONS OF ANY KIND, either express or implied. See the
# License for the specific language governing permissions and limitations
# under the License.
#

property key ${ws:handshakeKey()}
property writeMaskA ${http:randomBytes(4)}
property writeMaskB ${http:randomBytes(4)}
property writeMaskC ${http:randomBytes(4)}
property writeMaskD ${http:randomBytes(4)}
property writeMaskE ${http:randomBytes(4)}
property client25a ${http:randomBytes(25)}
property client25b ${http:randomBytes(25)}
property client25c ${http:randomBytes(25)}
property client25d ${http:randomBytes(25)}
property client25e ${http:randomBytes(25)}

connect "zilla://streams/app#0"
        option zilla:window 8192
        option zilla:transmission "duplex"

connected

write ${client25a}
write ${client25b}
write ${client25c}
write ${client25d}
write ${client25e}

read ${client25a}
read ${client25b}
read ${client25c}
read ${client25d}
read ${client25e}
