#
# Copyright 2021-2023 Aklivity Inc
#
# Licensed under the Aklivity Community License (the "License"); you may not use
# this file except in compliance with the License.  You may obtain a copy of the
# License at
#
#   https://www.aklivity.io/aklivity-community-license/
#
# Unless required by applicable law or agreed to in writing, software
# distributed under the License is distributed on an "AS IS" BASIS, WITHOUT
# WARRANTIES OF ANY KIND, either express or implied.  See the License for the
# specific language governing permissions and limitations under the License.
#

connect "zilla://streams/mqtt0"
         option zilla:window 8192
         option zilla:transmission "duplex"

write zilla:begin.ext ${mqtt:beginEx()
                             .typeId(zilla:id("mqtt"))
                             .subscribe()
                                 .clientId("client")
                                 .filter("sensor/one", 1, "EXACTLY_ONCE", "SEND_RETAINED", "RETAIN_AS_PUBLISHED")
                                 .build()
                             .build()}

connected


connect "zilla://streams/mqtt0"
         option zilla:window 8192
         option zilla:transmission "duplex"

write zilla:begin.ext ${mqtt:beginEx()
                             .typeId(zilla:id("mqtt"))
                             .subscribe()
                                 .clientId("client")
                                 .qos("AT_LEAST_ONCE")
                                 .filter("sensor/one", 1, "EXACTLY_ONCE", "SEND_RETAINED", "RETAIN_AS_PUBLISHED")
                                 .build()
                             .build()}

connected


connect "zilla://streams/mqtt0"
         option zilla:window 8192
         option zilla:transmission "duplex"

write zilla:begin.ext ${mqtt:beginEx()
                             .typeId(zilla:id("mqtt"))
                             .subscribe()
                                 .clientId("client")
                                 .qos("EXACTLY_ONCE")
                                 .filter("sensor/one", 1, "EXACTLY_ONCE", "SEND_RETAINED", "RETAIN_AS_PUBLISHED")
                                 .build()
                             .build()}

connected

read zilla:data.ext ${mqtt:matchDataEx()
                            .typeId(zilla:id("mqtt"))
                            .subscribe()
                                 .topic("sensor/one")
                                 .packetId(1)
                                 .qos("EXACTLY_ONCE")
                                 .flags("RETAIN")
                                 .subscriptionId(1)
                                 .format("TEXT")
                                 .build()
                            .build()}
read "message"

write advise zilla:flush ${mqtt:flushEx()
                                 .typeId(zilla:id("mqtt"))
                                 .subscribe()
                                     .qos("EXACTLY_ONCE")
                                     .packetId(1)
                                     .state("INCOMPLETE")
                                     .build()
                                 .build()}

read advised zilla:flush ${mqtt:flushEx()
                                 .typeId(zilla:id("mqtt"))
                                 .subscribe()
                                     .packetId(1)
                                     .build()
                                 .build()}

write advise zilla:flush ${mqtt:flushEx()
                                 .typeId(zilla:id("mqtt"))
                                 .subscribe()
                                     .qos("EXACTLY_ONCE")
                                     .packetId(1)
                                     .build()
                                 .build()}
