#
# Copyright 2021-2024 Aklivity Inc
#
# Licensed under the Aklivity Community License (the "License"); you may not use
# this file except in compliance with the License.  You may obtain a copy of the
# License at
#
#   https://www.aklivity.io/aklivity-community-license/
#
# Unless required by applicable law or agreed to in writing, software
# distributed under the License is distributed on an "AS IS" BASIS, WITHOUT
# WARRANTIES OF ANY KIND, either express or implied.  See the License for the
# specific language governing permissions and limitations under the License.
#

connect
        "zilla://streams/kafka0"
         option zilla:window 8192
         option zilla:transmission "duplex"

write zilla:begin.ext ${kafka:beginEx()
                               .typeId(zilla:id("kafka"))
                               .meta()
                                   .topic("mqtt-messages")
                                   .build()
                               .build()}
connected

read zilla:data.ext ${kafka:dataEx()
                              .typeId(zilla:id("kafka"))
                              .meta()
                                  .partition(0, -2)
                                  .partition(1, -2)
                                  .build()
                              .build()}

write close


connect
        "zilla://streams/kafka0"
         option zilla:window 8192
         option zilla:transmission "duplex"

write zilla:begin.ext ${kafka:beginEx()
                               .typeId(zilla:id("kafka"))
                               .meta()
                                   .topic("mqtt-retained")
                                   .build()
                               .build()}
connected

read zilla:data.ext ${kafka:dataEx()
                              .typeId(zilla:id("kafka"))
                              .meta()
                                  .partition(0, -2)
                                  .build()
                              .build()}
read notify RECEIVED_PARTITION_METADATA

write close


connect await RECEIVED_PARTITION_METADATA
        "zilla://streams/kafka0"
         option zilla:window 8192
         option zilla:transmission "duplex"

write zilla:begin.ext ${kafka:beginEx()
                            .typeId(zilla:id("kafka"))
                            .merged()
                                .capabilities("FETCH_ONLY")
                                .topic("mqtt-sessions")
                                .filter()
                                    .key("client#offsets")
                                    .build()
                                .build()
                            .build()}
connected

read zilla:data.ext ${kafka:matchDataEx()
                           .typeId(zilla:id("kafka"))
                           .merged()
                             .fetch()
                               .partition(-1, -1)
                               .key("client#offsets")
                               .build()
                           .build()}
read ${mqtt_kafka:sessionOffsets()
           .entry("mqtt-messages", 0, 1, 0, 0, 0)
           .entry("mqtt-messages", 1, 1, 0, 0, 0)
           .entry("mqtt-retained", 0, 1, 0, 0, 0)
           .build()}
read notify RECEIVED_INITIAL_OFFSETS

write close
read closed


connect await RECEIVED_INITIAL_OFFSETS
        "zilla://streams/kafka0"
         option zilla:window 8192
         option zilla:transmission "duplex"

write zilla:begin.ext ${kafka:beginEx()
                            .typeId(zilla:id("kafka"))
                            .initProducerId()
                                .producerId(0)
                                .producerEpoch(0)
                                .build()
                            .build()}

read zilla:begin.ext ${kafka:beginEx()
                            .typeId(zilla:id("kafka"))
                            .initProducerId()
                                .producerId(1)
                                .producerEpoch(1)
                                .build()
                            .build()}
read notify RECEIVED_PRODUCER

connected

write close
read closed


connect await RECEIVED_PRODUCER
        "zilla://streams/kafka0"
         option zilla:window 8192
         option zilla:transmission "duplex"

write zilla:begin.ext ${kafka:beginEx()
                            .typeId(zilla:id("kafka"))
                            .merged()
                                .capabilities("PRODUCE_ONLY")
                                .topic("mqtt-sessions")
                                .build()
                            .build()}

connected

write zilla:data.ext ${kafka:dataEx()
                           .typeId(zilla:id("kafka"))
                           .merged()
                             .produce()
                               .deferred(0)
                               .partition(-1, -1)
                               .key("client#offsets")
                               .hashKey("client")
                               .build()
                           .build()}
write ${mqtt_kafka:sessionOffsets()
            .entry("mqtt-messages", 0, 1, 1, 1, 0)
            .entry("mqtt-messages", 1, 1, 1, 1, 0)
            .entry("mqtt-retained", 0, 1, 1, 1, 0)
            .build()}
write flush
write notify SENT_INITIAL_OFFSET_COMMIT

write zilla:data.ext ${kafka:dataEx()
                           .typeId(zilla:id("kafka"))
                           .merged()
                             .produce()
                               .deferred(0)
                               .partition(-1, -1)
                               .key("client#offsets")
                               .hashKey("client")
                               .build()
                           .build()}
write ${mqtt_kafka:sessionOffsets()
            .entry("mqtt-messages", 0, 2, 1, 1, 0)
            .entry("mqtt-messages", 1, 1, 1, 1, 0)
            .entry("mqtt-retained", 0, 1, 1, 1, 0)
                .packetId(1)
            .build()}
write flush


connect await SENT_INITIAL_OFFSET_COMMIT
        "zilla://streams/kafka0"
         option zilla:window 8192
         option zilla:transmission "duplex"

write zilla:begin.ext ${kafka:beginEx()
                            .typeId(zilla:id("kafka"))
                            .merged()
                                .capabilities("PRODUCE_AND_FETCH")
                                .topic("mqtt-sessions")
                                .filter()
                                    .key("client")
                                    .build()
                                .build()
                            .build()}

connected

write zilla:data.ext ${kafka:dataEx()
                           .typeId(zilla:id("kafka"))
                           .merged()
                             .produce()
                               .deferred(0)
                               .partition(-1, -1)
                               .key("client#expiry")
                               .hashKey("client")
                               .header("type", "expiry-signal")
                               .build()
                           .build()}
write flush

write zilla:data.ext ${kafka:dataEx()
                           .typeId(zilla:id("kafka"))
                           .merged()
                             .produce()
                               .deferred(0)
                               .partition(-1, -1)
                               .key("client#expiry")
                               .hashKey("client")
                               .header("type", "expiry-signal")
                               .build()
                           .build()}
write ${mqtt:sessionSignal()
            .expiry()
                .instanceId("zilla-1")
                .clientId("client")
                .delay(1000)
                .expireAt(-1)
                .build()
            .build()}
write flush

read advised zilla:flush
read notify RECEIVED_SESSION_STATE


connect await RECEIVED_SESSION_STATE
        "zilla://streams/kafka0"
         option zilla:window 8192
         option zilla:transmission "duplex"

write zilla:begin.ext ${kafka:beginEx()
                            .typeId(zilla:id("kafka"))
                            .merged()
                                .capabilities("PRODUCE_ONLY")
                                .topic("mqtt-sessions")
                                .build()
                            .build()}

connected

write zilla:data.ext ${kafka:dataEx()
                           .typeId(zilla:id("kafka"))
                           .merged()
                             .produce()
                               .deferred(0)
                               .partition(-1, -1)
                               .key("client#offsets")
                               .hashKey("client")
                               .build()
                           .build()}
write ${mqtt_kafka:sessionOffsets()
            .entry("mqtt-messages", 0, 1, 1, 1, 0)
                .packetId(1)
            .entry("mqtt-messages", 1, 1, 1, 1, 0)
            .entry("mqtt-retained", 0, 1, 1, 1, 0)
            .build()}
write flush

write zilla:data.ext ${kafka:dataEx()
                           .typeId(zilla:id("kafka"))
                           .merged()
                             .produce()
                               .deferred(0)
                               .partition(-1, -1)
                               .key("client#offsets")
                               .hashKey("client")
                               .build()
                           .build()}
write ${mqtt_kafka:sessionOffsets()
            .entry("mqtt-messages", 0, 1, 1, 1, 0)
                .packetId(1)
            .entry("mqtt-messages", 1, 1, 1, 1, 0)
            .entry("mqtt-retained", 0, 1, 1, 1, 0)
                .packetId(1)
            .build()}
write flush


connect await RECEIVED_SESSION_STATE
        "zilla://streams/kafka0"
         option zilla:window 8192
         option zilla:transmission "duplex"

write zilla:begin.ext ${kafka:beginEx()
                            .typeId(zilla:id("kafka"))
                            .merged()
                                .capabilities("PRODUCE_ONLY")
                                .topic("mqtt-messages")
                                .partition(-1, -2)
                                .ackMode("IN_SYNC_REPLICAS")
                                .build()
                            .build()}

connected

write advise zilla:flush ${kafka:flushEx()
                              .typeId(zilla:id("kafka"))
                              .merged()
                                .produce()
                                  .hashKey("sensor/one")
                                  .build()
                              .build()}

read advised zilla:flush ${kafka:flushEx()
                              .typeId(zilla:id("kafka"))
                              .merged()
                                .produce()
                                  .hashKey("sensor/one")
                                  .partitionId(0)
                                  .build()
                              .build()}

write zilla:data.ext ${kafka:dataEx()
                           .typeId(zilla:id("kafka"))
                           .merged()
                            .produce()
                               .deferred(0)
                               .producerId(1)
                               .producerEpoch(1)
                               .partition(-1, 1)
                               .key("sensor/one")
                               .header("zilla:filter", "sensor")
                               .header("zilla:filter", "one")
                               .header("zilla:local", "client")
                               .header("zilla:qos", "2")
                               .build()
                           .build()}
write "message"
write flush


connect await RECEIVED_SESSION_STATE
        "zilla://streams/kafka0"
         option zilla:window 8192
         option zilla:transmission "duplex"

write zilla:begin.ext ${kafka:beginEx()
                            .typeId(zilla:id("kafka"))
                            .merged()
                                .capabilities("PRODUCE_ONLY")
                                .topic("mqtt-retained")
                                .partition(-1, -2)
                                .ackMode("IN_SYNC_REPLICAS")
                                .build()
                            .build()}

connected

write advise zilla:flush ${kafka:flushEx()
                              .typeId(zilla:id("kafka"))
                              .merged()
                                .produce()
                                  .hashKey("sensor/one")
                                  .build()
                              .build()}

read advised zilla:flush ${kafka:flushEx()
                              .typeId(zilla:id("kafka"))
                              .merged()
                                .produce()
                                  .hashKey("sensor/one")
                                  .partitionId(0)
                                  .build()
                              .build()}

write zilla:data.ext ${kafka:dataEx()
                           .typeId(zilla:id("kafka"))
                           .merged()
                            .produce()
                               .deferred(0)
                               .producerId(1)
                               .producerEpoch(1)
                               .partition(-1, 1)
                               .key("sensor/one")
                               .header("zilla:filter", "sensor")
                               .header("zilla:filter", "one")
                               .header("zilla:local", "client")
                               .header("zilla:qos", "2")
                               .build()
                           .build()}
write "message"
write flush
