#
# Copyright 2021-2022 Aklivity Inc.
#
# Aklivity licenses this file to you under the Apache License,
# version 2.0 (the "License"); you may not use this file except in compliance
# with the License. You may obtain a copy of the License at:
#
#   http://www.apache.org/licenses/LICENSE-2.0
#
# Unless required by applicable law or agreed to in writing, software
# distributed under the License is distributed on an "AS IS" BASIS, WITHOUT
# WARRANTIES OR CONDITIONS OF ANY KIND, either express or implied. See the
# License for the specific language governing permissions and limitations
# under the License.
#

accept "zilla://streams/net0"
  option zilla:window 8192
  option zilla:transmission "duplex"

accepted
connected

read  [0x10 0x3f]                                      # CONNECT
      [0x00 0x04] "MQTT"                               # protocol name
      [0x05]                                           # protocol version
      [0x06]                                           # flags = will flag, clean start
      [0x00 0x0a]                                      # keep alive = 10s
      [0x05]                                           # properties
      [0x11] 0                                         # session expiry interval
      [0x00 0x03] "one"                                # client id
      [0x02]                                           # properties
      [0x01 0x01]                                      # format = utf-8
      [0x00 0x09] "wills/one"                          # will topic
      [0x00 0x1a] "client one session expired"         # will payload

write [0x20 0x03]                                      # CONNACK
      [0x00]                                           # flags = none
      [0x00]                                           # reason code
      [0x00]                                           # properties = none

read aborted
