#
# Copyright 2021-2023 Aklivity Inc.
#
# Aklivity licenses this file to you under the Apache License,
# version 2.0 (the "License"); you may not use this file except in compliance
# with the License. You may obtain a copy of the License at:
#
#   http://www.apache.org/licenses/LICENSE-2.0
#
# Unless required by applicable law or agreed to in writing, software
# distributed under the License is distributed on an "AS IS" BASIS, WITHOUT
# WARRANTIES OR CONDITIONS OF ANY KIND, either express or implied. See the
# License for the specific language governing permissions and limitations
# under the License.
#

accept "zilla://streams/app0"
        option zilla:window 8192
        option zilla:transmission "half-duplex"
        option zilla:update "handshake"

accepted

read zilla:begin.ext ${http:beginEx()
                           .typeId(zilla:id("http"))
                           .header(":method", "POST")
                           .header(":scheme", "http")
                           .header(":path", "/path1")
                           .header(":authority", "localhost:8080")
                           .header("content-type", "text/plain;charset=UTF-8")
                           .header("content-length", "12")
                           .build()}
connected

read "Hello, world"
read closed

write zilla:begin.ext ${http:beginEx()
                              .typeId(zilla:id("http"))
                              .header(":status", "200")
                              .header("server", "CERN/3.0 libwww/2.17")
                              .header("date", "Wed, 01 Feb 2017 19:12:46 GMT")
                              .header("content-type", "text/html; charset=UTF-8")
                              .header("content-length", "15")
                              .build()}
write "function f() {"
      "}"
write flush

accepted

read zilla:begin.ext ${http:beginEx()
                           .typeId(zilla:id("http"))
                           .header(":method", "POST")
                           .header(":scheme", "http")
                           .header(":path", "/path2")
                           .header(":authority", "localhost:8080")
                           .header("content-type", "text/plain;charset=UTF-8")
                           .header("content-length", "12")
                           .build()}

connected

read "Hello, world"
read closed

write zilla:begin.ext ${http:beginEx()
                              .typeId(zilla:id("http"))
                              .header(":status", "200")
                              .header("server", "CERN/3.0 libwww/2.17")
                              .header("date", "Wed, 01 Feb 2017 19:12:46 GMT")
                              .header("content-type", "text/html; charset=UTF-8")
                              .header("content-length", "21")
                              .build()}
write "h1 {"
      "    color: blue;"
      "}"
write flush
