#
# Copyright 2021-2023 Aklivity Inc
#
# Licensed under the Aklivity Community License (the "License"); you may not use
# this file except in compliance with the License.  You may obtain a copy of the
# License at
#
#   https://www.aklivity.io/aklivity-community-license/
#
# Unless required by applicable law or agreed to in writing, software
# distributed under the License is distributed on an "AS IS" BASIS, WITHOUT
# WARRANTIES OF ANY KIND, either express or implied.  See the License for the
# specific language governing permissions and limitations under the License.
#

connect "zilla://streams/kafka0"
         option zilla:window 8192
         option zilla:transmission "duplex"

write zilla:begin.ext ${kafka:beginEx()
                            .typeId(zilla:id("kafka"))
                            .merged()
                                .capabilities("FETCH_ONLY")
                                .topic("mqtt-messages")
                                .filter()
                                    .headers("zilla:filter")
                                        .sequence("sensor")
                                        .skip(1)
                                        .skipMany()
                                        .build()
                                    .headerNot("zilla:qos", "1")
                                    .headerNot("zilla:qos", "2")
                                    .build()
                                .evaluation("EAGER")
                                .build()
                            .build()}

read zilla:begin.ext ${kafka:matchBeginEx()
                            .typeId(zilla:id("kafka"))
                            .merged()
                                .capabilities("FETCH_ONLY")
                                .topic("mqtt-messages")
                                .partition(0, 0, 1, 1)
                                .build()
                            .build()}

connected

write advise zilla:flush ${kafka:flushEx()
                                .typeId(zilla:id("kafka"))
                                .merged()
                                  .fetch()
                                    .capabilities("FETCH_ONLY")
                                    .filter()
                                        .headers("zilla:filter")
                                            .sequence("sensor")
                                            .skip(1)
                                            .skipMany()
                                            .build()
                                        .headerNot("zilla:qos", "1")
                                        .headerNot("zilla:qos", "2")
                                        .build()
                                    .filter()
                                        .headers("zilla:filter")
                                            .sequence("sensor")
                                            .skip(1)
                                            .sequence(1)
                                            .build()
                                        .headerNot("zilla:qos", "1")
                                        .headerNot("zilla:qos", "2")
                                        .build()
                                    .build()
                                .build()}


connect "zilla://streams/kafka0"
         option zilla:window 8192
         option zilla:transmission "duplex"

write zilla:begin.ext ${kafka:beginEx()
                            .typeId(zilla:id("kafka"))
                            .merged()
                                .capabilities("FETCH_ONLY")
                                .topic("mqtt-messages")
                                .groupId("client")
                                .filter()
                                    .headers("zilla:filter")
                                        .sequence("sensor")
                                        .skip(1)
                                        .skipMany()
                                        .build()
                                    .headerNot("zilla:qos", "0")
                                    .build()
                                .evaluation("EAGER")
                                .build()
                            .build()}

read zilla:begin.ext ${kafka:matchBeginEx()
                            .typeId(zilla:id("kafka"))
                            .merged()
                                .capabilities("FETCH_ONLY")
                                .topic("mqtt-messages")
                                .partition(0, 0, 1, 1)
                                .build()
                            .build()}

connected

write advise zilla:flush ${kafka:flushEx()
                                .typeId(zilla:id("kafka"))
                                .merged()
                                  .fetch()
                                    .capabilities("FETCH_ONLY")
                                    .filter()
                                        .headers("zilla:filter")
                                            .sequence("sensor")
                                            .skip(1)
                                            .skipMany()
                                            .build()
                                        .headerNot("zilla:qos", "0")
                                        .build()
                                    .filter()
                                        .headers("zilla:filter")
                                            .sequence("sensor")
                                            .skip(1)
                                            .sequence(1)
                                            .build()
                                        .headerNot("zilla:qos", "0")
                                        .headerNot("zilla:qos", "2")
                                        .build()
                                    .build()
                                .build()}

read zilla:data.ext ${kafka:matchDataEx()
                            .typeId(zilla:id("kafka"))
                            .merged()
                              .fetch()
                                .filters(1)
                                .partition(0, 2, 2)
                                .progress(0, 3)
                                .progress(1, 1)
                                .key("sensor/one/1")
                                .header("zilla:filter", "sensor")
                                .header("zilla:filter", "one")
                                .header("zilla:filter", "1")
                                .header("zilla:local", "client2")
                                .header("zilla:format", "TEXT")
                                .header("zilla:qos", "2")
                                .build()
                            .build()}
read "message"

write advise zilla:flush ${kafka:flushEx()
                              .typeId(zilla:id("kafka"))
                              .merged()
                                .consumer()
                                  .progress(0, 3, "")
                                  .build()
                              .build()}

read advised zilla:flush ${kafka:matchFlushEx()
                              .typeId(zilla:id("kafka"))
                              .merged()
                                .consumer()
                                  .progress(0, 3)
                                  .build()
                              .build()}


connect "zilla://streams/kafka0"
         option zilla:window 8192
         option zilla:transmission "duplex"

write zilla:begin.ext ${kafka:beginEx()
                            .typeId(zilla:id("kafka"))
                            .merged()
                                .capabilities("FETCH_ONLY")
                                .topic("mqtt-messages")
                                .groupId("client")
                                .filter()
                                    .headers("zilla:filter")
                                        .sequence("sensor")
                                        .skip(1)
                                        .sequence(1)
                                        .build()
                                    .headerNot("zilla:qos", "0")
                                    .headerNot("zilla:qos", "1")
                                    .build()
                                .evaluation("EAGER")
                                .build()
                            .build()}

read zilla:begin.ext ${kafka:matchBeginEx()
                            .typeId(zilla:id("kafka"))
                            .merged()
                                .capabilities("FETCH_ONLY")
                                .topic("mqtt-messages")
                                .partition(0, 0, 1, 1)
                                .build()
                            .build()}

connected

read zilla:data.ext ${kafka:matchDataEx()
                            .typeId(zilla:id("kafka"))
                            .merged()
                                .fetch()
                                    .filters(1)
                                    .partition(0, 2, 2)
                                    .progress(0, 3)
                                    .progress(1, 1)
                                    .key("sensor/one/1")
                                    .header("zilla:filter", "sensor")
                                    .header("zilla:filter", "one")
                                    .header("zilla:filter", "1")
                                    .header("zilla:local", "client2")
                                    .header("zilla:format", "TEXT")
                                    .header("zilla:qos", "2")
                                    .build()
                                .build()}
read "message"

write advise zilla:flush ${kafka:flushEx()
                              .typeId(zilla:id("kafka"))
                              .merged()
                                .consumer()
                                  .progress(0, 3,
                                        mqtt_kafka:subscribeMetadata()
                                            .metadata(2)
                                            .build())
                                  .correlationId(2)
                                  .build()
                              .build()}

read advised zilla:flush ${kafka:matchFlushEx()
                              .typeId(zilla:id("kafka"))
                              .merged()
                                .consumer()
                                  .progress(0, 3)
                                  .correlationId(2)
                                  .build()
                              .build()}

write advise zilla:flush ${kafka:flushEx()
                              .typeId(zilla:id("kafka"))
                              .merged()
                                .consumer()
                                  .progress(0, 3, "")
                                  .build()
                              .build()}

read advised zilla:flush ${kafka:matchFlushEx()
                              .typeId(zilla:id("kafka"))
                              .merged()
                                .consumer()
                                  .progress(0, 3)
                                  .build()
                              .build()}
