#
# Copyright 2021-2024 Aklivity Inc
#
# Licensed under the Aklivity Community License (the "License"); you may not use
# this file except in compliance with the License.  You may obtain a copy of the
# License at
#
#   https://www.aklivity.io/aklivity-community-license/
#
# Unless required by applicable law or agreed to in writing, software
# distributed under the License is distributed on an "AS IS" BASIS, WITHOUT
# WARRANTIES OF ANY KIND, either express or implied.  See the License for the
# specific language governing permissions and limitations under the License.
#

connect "zilla://streams/app1"
    option zilla:window 8192
    option zilla:transmission "duplex"

write zilla:begin.ext ${pgsql:beginEx()
                              .typeId(zilla:id("pgsql"))
                              .parameter("user", "postgres")
                              .parameter("database", "dev")
                              .parameter("application_name", "psql")
                              .parameter("client_encoding", "UTF8")
                              .build()}

connected

write zilla:data.ext ${pgsql:dataEx()
                              .typeId(zilla:id("pgsql"))
                              .query()
                                .build()
                              .build()}
write "SELECT * FROM zb_catalog.zstreams;"
      [0x00]

read advised zilla:flush ${pgsql:flushEx()
                              .typeId(zilla:id("pgsql"))
                              .type()
                                .column()
                                    .name("name")
                                    .tableOid(0)
                                    .index(0)
                                    .typeOid(701)
                                    .length(8)
                                    .modifier(-1)
                                    .format("TEXT")
                                    .build()
                                .column()
                                    .name("sql")
                                    .tableOid(0)
                                    .index(0)
                                    .typeOid(20)
                                    .length(8)
                                    .modifier(-1)
                                    .format("TEXT")
                                    .build()
                                .build()
                              .build()}

read zilla:data.ext ${pgsql:dataEx()
                              .typeId(zilla:id("pgsql"))
                              .row()
                                .build()
                              .build()}
read  [0x00 0x02]                                                 # Field Count
      [0x00 0x00 0x00 0x06]                                       # Length
      "app_events"                                                # Data
      [0x00 0x00 0x00 0x7c]                                       # Length
      "CREATE ZSTREAM app_events (\n"                             # Data
      "    event VARCHAR,\n"
      "    user_id VARCHAR,\n"
      "    amount DOUBLE PRECISION,\n"
      "    notes VARCHAR,\n"
      "    owner_id VARCHAR GENERATED ALWAYS AS IDENTITY,\n"
      "    created_at TIMESTAMP GENERATED ALWAYS AS NOW\n"
      ")\n"
      "WITH (\n"
      "    DISPATCH_ON = 'command',\n"
      "    HANDLERS = (\n"
      "        'RequestPayment' TO 'request_payment_handler'\n"
      "    )\n"
      ");
      [0x00]


read advised zilla:flush ${pgsql:flushEx()
                              .typeId(zilla:id("pgsql"))
                              .completion()
                                .tag("SELECT 1")
                                .build()
                              .build()}

read advised zilla:flush ${pgsql:flushEx()
                              .typeId(zilla:id("pgsql"))
                              .ready()
                                .status("IDLE")
                                .build()
                              .build()}

connect "zilla://streams/app1"
    option zilla:window 8192
    option zilla:transmission "duplex"

write zilla:begin.ext ${pgsql:beginEx()
                              .typeId(zilla:id("pgsql"))
                              .parameter("user", "zillabase")
                              .parameter("database", "dev")
                              .parameter("application_name", "psql")
                              .parameter("client_encoding", "UTF8")
                              .build()}

connected
