#
# Copyright 2021-2022 Aklivity Inc
#
# Licensed under the Aklivity Community License (the "License"); you may not use
# this file except in compliance with the License.  You may obtain a copy of the
# License at
#
#   https://www.aklivity.io/aklivity-community-license/
#
# Unless required by applicable law or agreed to in writing, software
# distributed under the License is distributed on an "AS IS" BASIS, WITHOUT
# WARRANTIES OF ANY KIND, either express or implied.  See the License for the
# specific language governing permissions and limitations under the License.
#

connect "zilla://streams/http0"
        option zilla:window 8192
        option zilla:transmission "half-duplex"

write zilla:begin.ext ${http:beginEx()
                            .typeId(zilla:id("http"))
                            .header(":method", "PUT")
                            .header(":scheme", "https")
                            .header(":authority", "example.com:9090")
                            .header(":path", "/items/92d0bf92-63e0-4cfc-ae73-71dee92d1544")
                            .header("content-type", "application/json")
                            .header("idempotency-key", "3f96592e-c8f1-4167-8c46-85f2aabb70a5")
                            .header("prefer", "respond-async")
                            .build()}

connected

write '{ "name": "widget" }'

write close

read zilla:begin.ext ${http:matchBeginEx()
                           .typeId(zilla:id("http"))
                           .header(":status", "204")
                           .build()}

read closed
