#
# Copyright 2021-2022 Aklivity Inc
#
# Licensed under the Aklivity Community License (the "License"); you may not use
# this file except in compliance with the License.  You may obtain a copy of the
# License at
#
#   https://www.aklivity.io/aklivity-community-license/
#
# Unless required by applicable law or agreed to in writing, software
# distributed under the License is distributed on an "AS IS" BASIS, WITHOUT
# WARRANTIES OF ANY KIND, either express or implied.  See the License for the
# specific language governing permissions and limitations under the License.
#

connect "zilla://streams/kafka0"
    option zilla:window 8192
    option zilla:transmission "duplex"

write zilla:begin.ext ${kafka:beginEx()
                             .typeId(zilla:id("kafka"))
                             .merged()
                                 .capabilities("FETCH_ONLY")
                                 .topic("items-snapshots")
                                 .partition(-1, 0, -2)
                                 .filter()
                                     .header("zilla:identity", "test")
                                     .build()
                                 .build()
                             .build()}

read zilla:begin.ext ${kafka:matchBeginEx()
                            .typeId(zilla:id("kafka"))
                            .merged()
                                .capabilities("FETCH_ONLY")
                                .topic("items-snapshots")
                                .partition(0, 0, 1)
                                .partition(1, 0, 1)
                                .build()
                            .build()}

connected

read zilla:data.ext ${kafka:matchDataEx()
                           .typeId(zilla:id("kafka"))
                           .merged()
                               .partition(0, 1, 1)
                               .progress(0, 2)
                               .progress(1, 1)
                               .key("92d0bf92-63e0-4cfc-ae73-71dee92d1544")
                               .header("zilla:identity", "test")
                               .header("content-type", "application/json")
                               .header("etag", "revision=42")
                               .build()
                           .build()}
read '{ "name": "gadget" }'

read zilla:data.ext ${kafka:matchDataEx()
                           .typeId(zilla:id("kafka"))
                           .merged()
                               .partition(1, 1, 1)
                               .progress(0, 2)
                               .progress(1, 2)
                               .key("beb6ef9e-8da7-451f-b3c4-136d49a058f3")
                               .header("zilla:identity", "test")
                               .header("etag", "revision=237")
                               .build()
                           .build()}
read '{ "name": "gizmo" }'

read closed
write close
