#
# Copyright 2021-2023 Aklivity Inc.
#
# Aklivity licenses this file to you under the Apache License,
# version 2.0 (the "License"); you may not use this file except in compliance
# with the License. You may obtain a copy of the License at:
#
#   http://www.apache.org/licenses/LICENSE-2.0
#
# Unless required by applicable law or agreed to in writing, software
# distributed under the License is distributed on an "AS IS" BASIS, WITHOUT
# WARRANTIES OR CONDITIONS OF ANY KIND, either express or implied. See the
# License for the specific language governing permissions and limitations
# under the License.
#

property serverAddress "zilla://streams/composite0"

accept ${serverAddress}
        option zilla:window 12
        option zilla:transmission "half-duplex"
        option zilla:update "handshake"
accepted

read zilla:begin.ext ${http:beginEx()
                             .typeId(zilla:id("http"))
                             .header(":method", "POST")
                             .header(":scheme", "http")
                             .header(":path", "/items")
                             .header(":authority", "localhost:8080")
                             .header("content-type", "application/json")
                             .header("content-length", "36")
                             .build()}

connected

read "{\"greeting\": \"zilla\", \"tag\": \"test\"}"
read closed

write zilla:begin.ext ${http:beginEx()
                              .typeId(zilla:id("http"))
                              .header(":status", "200")
                              .header("content-type", "application/json")
                              .header("content-length", "34")
                              .build()}

write "{\"code\": 0,\"message\": \"string\"}"
write flush
