#
# Copyright 2021-2022 Aklivity Inc.
#
# Aklivity licenses this file to you under the Apache License,
# version 2.0 (the "License"); you may not use this file except in compliance
# with the License. You may obtain a copy of the License at:
#
#   http://www.apache.org/licenses/LICENSE-2.0
#
# Unless required by applicable law or agreed to in writing, software
# distributed under the License is distributed on an "AS IS" BASIS, WITHOUT
# WARRANTIES OR CONDITIONS OF ANY KIND, either express or implied. See the
# License for the specific language governing permissions and limitations
# under the License.
#

accept "zilla://streams/app0"
       option zilla:window 8192
       option zilla:transmission "duplex"
accepted

read zilla:begin.ext ${grpc:matchBeginEx()
                           .typeId(zilla:id("grpc"))
                           .method("/io.aklivity.zilla.runtime.spec.grpc.EchoService/EchoUnary")
                           .request(0)
                           .response(0)
                           .metadata("custom", "test")
                           .build()}
connected

read ${grpc:message()
           .string(1, "Hello World")
           .build()}

write ${grpc:message()
            .string(1, "Hello World")
            .build()}
write flush

write close
