#
# Copyright 2021-2023 Aklivity Inc.
#
# Aklivity licenses this file to you under the Apache License,
# version 2.0 (the "License"); you may not use this file except in compliance
# with the License. You may obtain a copy of the License at:
#
#   http://www.apache.org/licenses/LICENSE-2.0
#
# Unless required by applicable law or agreed to in writing, software
# distributed under the License is distributed on an "AS IS" BASIS, WITHOUT
# WARRANTIES OR CONDITIONS OF ANY KIND, either express or implied. See the
# License for the specific language governing permissions and limitations
# under the License.
#

connect "zilla://streams/app0"
        option zilla:window 40000
        option zilla:transmission "half-duplex"


write zilla:begin.ext ${http:beginEx()
                            .typeId(zilla:id("http"))
                            .header(":method", "POST")
                            .header(":scheme", "http")
                            .header(":path", "/")
                            .header(":authority", "example.com:80")
                            .header("origin", "http://example.com")
                            .build()}

connected

write flush

write close

read zilla:begin.ext ${http:matchBeginEx()
                           .typeId(zilla:id("http"))
                           .header(":status", "200")
                           .header("server", "Zilla")
                           .header("date", "Tue, 02 Feb 2022 22:22:22 GMT")
                           .header("content-type", "text/plain; charset=UTF-8")
                           .build()}

read "Hello, world"

read closed
