#
# Copyright 2021-2023 Aklivity Inc.
#
# Aklivity licenses this file to you under the Apache License,
# version 2.0 (the "License"); you may not use this file except in compliance
# with the License. You may obtain a copy of the License at:
#
#   http://www.apache.org/licenses/LICENSE-2.0
#
# Unless required by applicable law or agreed to in writing, software
# distributed under the License is distributed on an "AS IS" BASIS, WITHOUT
# WARRANTIES OR CONDITIONS OF ANY KIND, either express or implied. See the
# License for the specific language governing permissions and limitations
# under the License.
#



accept "zilla://streams/net0"
  option zilla:window 8192
  option zilla:transmission "duplex"
  option zilla:byteorder "network"

accepted

connected

read  22                                # size
      10s                               # find coordinator
      1s                                # v1
      (int:newRequestId)
      5s "zilla"                        # client id
      4s "test"                         # "test" coordinator key
      [0x00]                            # coordinator group type

write 54                                        # size
      ${newRequestId}
      0                                         # throttle time
      15s                                       # no coordinator available
      32s "The coordinator is not available"    # error no coordinator available
      -1                                        # coordinator node
      0s                                        # host
      -1                                        # port

read  22                                # size
      10s                               # find coordinator
      1s                                # v1
      (int:newRequestId)
      5s "zilla"                        # client id
      4s "test"                         # "test" coordinator key
      [0x00]                            # coordinator group type

write 45                                 # size
      ${newRequestId}
      0                                  # throttle time
      0s                                 # no error
      4s "none"                          # error message none
      0                                  # coordinator node
      19s "broker1.example.com"          # host
      9092                               # port

accepted

connected

read 87                                                 # size
     32s                                                # describe configs
     0s                                                 # v0
     (int:requestId)
     5s "zilla"                                         # client id
     1                                                  # resources
       [0x04]                                           # broker resource
       1s "0"                                           # "node" topic
       2                                                # configs
         28s "group.min.session.timeout.ms"             # name
         28s "group.max.session.timeout.ms"             # name

write 24                                                # size
      ${requestId}
      0
      1                                                  # resources
        0s                                               # no error
        -1s                                              # error message
        [0x04]                                           # broker resource
        1s "0"                                           # "0" nodeId
        0                                                # configs

read  82                               # size
      11s                               # join group
      5s                                # v5
      (int:newRequestId)
      5s "zilla"                        # client id
      4s "test"                         # consumer group
      6000                              # session timeout
      4000                              # rebalance timeout
      0s                                # consumer group member
      5s "zilla"                        # group instance id
      8s "consumer"                     # protocol type
      1                                 # group protocol
        10s "highlander"                     # protocol name
        14                                   # metadata size
        [0..14]                              # metadata

write 24                                                # size
      ${newRequestId}
      0                                                 # throttle time
      26s                                               # invalid session timeout
      -1                                                # generated id
      0s                                                # protocol name
      0s                                                # leader id
      -1s                                               # consumer member group id
      0                                                 # members
