#
# Copyright 2021-2022 Aklivity Inc.
#
# Aklivity licenses this file to you under the Apache License,
# version 2.0 (the "License"); you may not use this file except in compliance
# with the License. You may obtain a copy of the License at:
#
#   http://www.apache.org/licenses/LICENSE-2.0
#
# Unless required by applicable law or agreed to in writing, software
# distributed under the License is distributed on an "AS IS" BASIS, WITHOUT
# WARRANTIES OR CONDITIONS OF ANY KIND, either express or implied. See the
# License for the specific language governing permissions and limitations
# under the License.
#

property networkConnectWindow 8192

property newRequestId ${kafka:newRequestId()}
property fetchWaitMax 500
property fetchBytesMax 65535
property partitionBytesMax 8192

connect "zilla://streams/net0"
  option zilla:window ${networkConnectWindow}
  option zilla:transmission "duplex"
  option zilla:byteorder "network"

connected

write 67                                # size
      11s                               # Join Group
      2s                                # v2
      ${newRequestId}
      -1s                               # no client id
      4s "test"                         # Consumer Group
      45000                             # Session Timeout
      300000                            # Rebalance Timeout
      0s                                # Consumer Group Member
      [0xff 0xff]                       # Consumer Group Instance
      8s "consumer"                     # Protocol Type
      2                                 # Group Protocol
        5s "range"                      # Protocol Name
        0s                              # Protocol Metadata
        4s "test"                       # Protocol Name
        10s "roundrobin"                # Protocol Metadata


read 141                                             # size
     ${newRequestId}
     0                                               # Throttle time
     0s                                              # No error
     3                                               # Generated Id
     5s "range"                                      # Protocol Name
     36s "134d7851-0dde-46a7-9483-a310ba44840b"      # Leader Id
     36s "134d7851-0dde-46a7-9483-a310ba44840b"      # Consumer Member Group Id
     1                                               # Members
        36s "134d7851-0dde-46a7-9483-a310ba44840b"      # Consumer Member Group Id
        0s                                              # Metadata
