#
# Copyright 2021-2023 Aklivity Inc
#
# Licensed under the Aklivity Community License (the "License"); you may not use
# this file except in compliance with the License.  You may obtain a copy of the
# License at
#
#   https://www.aklivity.io/aklivity-community-license/
#
# Unless required by applicable law or agreed to in writing, software
# distributed under the License is distributed on an "AS IS" BASIS, WITHOUT
# WARRANTIES OF ANY KIND, either express or implied.  See the License for the
# specific language governing permissions and limitations under the License.
#

accept "zilla://streams/kafka0"
        option zilla:window 8192
        option zilla:transmission "duplex"

accepted

read zilla:begin.ext ${kafka:matchBeginEx()
                            .typeId(zilla:id("kafka"))
                            .merged()
                                .capabilities("FETCH_ONLY")
                                .topic("mqtt-retained")
                                .filter()
                                    .headers("zilla:filter")
                                        .sequence("sensor")
                                        .sequence("one")
                                        .build()
                                    .headerNot("zilla:qos", "1")
                                    .headerNot("zilla:qos", "2")
                                    .build()
                                .evaluation("EAGER")
                                .build()
                            .build()}

write zilla:begin.ext ${kafka:beginEx()
                            .typeId(zilla:id("kafka"))
                            .merged()
                                .capabilities("FETCH_ONLY")
                                .topic("mqtt-retained")
                                .partition(0, 0, 1, 1)
                                .build()
                            .build()}

connected

write advise zilla:flush

read closed
write close


accepted

read zilla:begin.ext ${kafka:matchBeginEx()
                            .typeId(zilla:id("kafka"))
                            .merged()
                                .capabilities("FETCH_ONLY")
                                .topic("mqtt-messages")
                                .filter()
                                    .headers("zilla:filter")
                                        .sequence("sensor")
                                        .sequence("one")
                                        .build()
                                    .headerNot("zilla:qos", "1")
                                    .headerNot("zilla:qos", "2")
                                    .build()
                                .evaluation("EAGER")
                                .build()
                            .build()}

write zilla:begin.ext ${kafka:beginEx()
                            .typeId(zilla:id("kafka"))
                            .merged()
                                .capabilities("FETCH_ONLY")
                                .topic("mqtt-messages")
                                .partition(0, 0, 1, 1)
                                .build()
                            .build()}

connected


accepted

read zilla:begin.ext ${kafka:matchBeginEx()
                            .typeId(zilla:id("kafka"))
                            .merged()
                                .capabilities("FETCH_ONLY")
                                .topic("mqtt-retained")
                                .groupId("client")
                                .filter()
                                    .headers("zilla:filter")
                                        .sequence("sensor")
                                        .sequence("one")
                                        .build()
                                    .headerNot("zilla:qos", "0")
                                    .headerNot("zilla:qos", "2")
                                    .build()
                                .evaluation("EAGER")
                                .build()
                            .build()}

write zilla:begin.ext ${kafka:beginEx()
                            .typeId(zilla:id("kafka"))
                            .merged()
                                .capabilities("FETCH_ONLY")
                                .topic("mqtt-retained")
                                .partition(0, 0, 1, 1)
                                .build()
                            .build()}

connected

write advise zilla:flush

read closed
write close


accepted

read zilla:begin.ext ${kafka:matchBeginEx()
                            .typeId(zilla:id("kafka"))
                            .merged()
                                .capabilities("FETCH_ONLY")
                                .topic("mqtt-messages")
                                .groupId("client")
                                .filter()
                                    .headers("zilla:filter")
                                        .sequence("sensor")
                                        .sequence("one")
                                        .build()
                                    .headerNot("zilla:qos", "0")
                                    .headerNot("zilla:qos", "2")
                                    .build()
                                .evaluation("EAGER")
                                .build()
                            .build()}

write zilla:begin.ext ${kafka:beginEx()
                            .typeId(zilla:id("kafka"))
                            .merged()
                                .capabilities("FETCH_ONLY")
                                .topic("mqtt-messages")
                                .partition(0, 0, 1, 1)
                                .build()
                            .build()}

connected


accepted

read zilla:begin.ext ${kafka:matchBeginEx()
                            .typeId(zilla:id("kafka"))
                            .merged()
                                .capabilities("FETCH_ONLY")
                                .topic("mqtt-retained")
                                .groupId("client")
                                .filter()
                                    .headers("zilla:filter")
                                        .sequence("sensor")
                                        .sequence("one")
                                        .build()
                                    .headerNot("zilla:qos", "0")
                                    .headerNot("zilla:qos", "1")
                                    .build()
                                .evaluation("EAGER")
                                .build()
                            .build()}

write zilla:begin.ext ${kafka:beginEx()
                            .typeId(zilla:id("kafka"))
                            .merged()
                                .capabilities("FETCH_ONLY")
                                .topic("mqtt-retained")
                                .partition(0, 0, 1, 1)
                                .build()
                            .build()}

connected

write zilla:data.ext ${kafka:dataEx()
                            .typeId(zilla:id("kafka"))
                            .merged()
                                .fetch()
                                    .timestamp(kafka:timestamp())
                                    .filters(1)
                                    .partition(0, 2, 2)
                                    .progress(0, 3)
                                    .progress(1, 1)
                                    .key("sensor/one")
                                    .header("zilla:filter", "sensor")
                                    .header("zilla:filter", "one")
                                    .header("zilla:local", "client")
                                    .header("zilla:format", "TEXT")
                                    .header("zilla:qos", "2")
                                    .build()
                                .build()}
write "message"
write flush

write advise zilla:flush

read advised zilla:flush ${kafka:matchFlushEx()
                              .typeId(zilla:id("kafka"))
                              .merged()
                                .consumer()
                                  .progress(0, 3,
                                        mqtt:metadata()
                                            .metadata(1)
                                            .build())
                                  .correlationId(1)
                                  .build()
                              .build()}

write advise zilla:flush ${kafka:flushEx()
                              .typeId(zilla:id("kafka"))
                              .merged()
                                .consumer()
                                  .progress(0, 3)
                                  .correlationId(1)
                                  .build()
                              .build()}

read advised zilla:flush ${kafka:matchFlushEx()
                              .typeId(zilla:id("kafka"))
                              .merged()
                                .consumer()
                                  .progress(0, 3, "")
                                  .build()
                              .build()}

write advise zilla:flush ${kafka:flushEx()
                              .typeId(zilla:id("kafka"))
                              .merged()
                                .consumer()
                                  .progress(0, 3)
                                  .build()
                              .build()}

read closed
write close


accepted

read zilla:begin.ext ${kafka:matchBeginEx()
                            .typeId(zilla:id("kafka"))
                            .merged()
                                .capabilities("FETCH_ONLY")
                                .topic("mqtt-messages")
                                .groupId("client")
                                .filter()
                                    .headers("zilla:filter")
                                        .sequence("sensor")
                                        .sequence("one")
                                        .build()
                                    .headerNot("zilla:qos", "0")
                                    .headerNot("zilla:qos", "1")
                                    .build()
                                .evaluation("EAGER")
                                .build()
                            .build()}

write zilla:begin.ext ${kafka:beginEx()
                            .typeId(zilla:id("kafka"))
                            .merged()
                                .capabilities("FETCH_ONLY")
                                .topic("mqtt-messages")
                                .partition(0, 0, 1, 1)
                                .build()
                            .build()}

connected

