#
# Copyright 2021-2022 Aklivity Inc.
#
# Aklivity licenses this file to you under the Apache License,
# version 2.0 (the "License"); you may not use this file except in compliance
# with the License. You may obtain a copy of the License at:
#
#   http://www.apache.org/licenses/LICENSE-2.0
#
# Unless required by applicable law or agreed to in writing, software
# distributed under the License is distributed on an "AS IS" BASIS, WITHOUT
# WARRANTIES OR CONDITIONS OF ANY KIND, either express or implied. See the
# License for the specific language governing permissions and limitations
# under the License.
#

connect "zilla://streams/net0"
  option zilla:window 8
  option zilla:transmission "duplex"
  option zilla:padding 7

connected

write "POST / HTTP/1.1\r\n"
write "Host: localhost:8080\r\n"
write "Content-Length: 16\r\n"
write "\r\n"

write "Client sent data"
write flush

read "HTTP/1.1 200 OK\r\n"
read "Content-Length: 16\r\n"
read "\r\n"

# reads 1 byte(window=8 - padding=7) at a time
read "Server sent data"
