#
# Copyright 2021-2024 Aklivity Inc
#
# Licensed under the Aklivity Community License (the "License"); you may not use
# this file except in compliance with the License.  You may obtain a copy of the
# License at
#
#   https://www.aklivity.io/aklivity-community-license/
#
# Unless required by applicable law or agreed to in writing, software
# distributed under the License is distributed on an "AS IS" BASIS, WITHOUT
# WARRANTIES OF ANY KIND, either express or implied.  See the License for the
# specific language governing permissions and limitations under the License.
#

connect "zilla://streams/app0"
    option zilla:window 8192
    option zilla:transmission "duplex"

write zilla:begin.ext ${pgsql:beginEx()
                              .typeId(zilla:id("pgsql"))
                              .parameter("user", "zillabase")
                              .parameter("database", "dev")
                              .parameter("application_name", "psql")
                              .parameter("client_encoding", "UTF8")
                              .build()}

connected

write zilla:data.ext ${pgsql:dataEx()
                              .typeId(zilla:id("pgsql"))
                              .query()
                                .build()
                              .build()}
write "SHOW ZTABLES;"
      [0x00]
write flush

read advised zilla:flush ${pgsql:flushEx()
                              .typeId(zilla:id("pgsql"))
                              .type()
                                .column()
                                    .name("Name")
                                    .tableOid(0)
                                    .index(0)
                                    .typeOid(1043)
                                    .length(4)
                                    .modifier(-1)
                                    .format("TEXT")
                                    .build()
                                .build()
                              .build()}

read zilla:data.ext ${pgsql:dataEx()
                              .typeId(zilla:id("pgsql"))
                              .row()
                                .build()
                              .build()}
read  [0x00 0x01]                                                 # Field Count
      [0x00 0x00 0x00 0x06]                                       # Length
      [0x63 0x69 0x74 0x69 0x65 0x73]                             # Data

read advised zilla:flush ${pgsql:flushEx()
                              .typeId(zilla:id("pgsql"))
                              .completion()
                                .tag("SHOW_COMMAND")
                                .build()
                              .build()}

read advised zilla:flush ${pgsql:flushEx()
                              .typeId(zilla:id("pgsql"))
                              .ready()
                                .status("IDLE")
                                .build()
                              .build()}

