#
# Copyright 2021-2022 Aklivity Inc.
#
# Aklivity licenses this file to you under the Apache License,
# version 2.0 (the "License"); you may not use this file except in compliance
# with the License. You may obtain a copy of the License at:
#
#   http://www.apache.org/licenses/LICENSE-2.0
#
# Unless required by applicable law or agreed to in writing, software
# distributed under the License is distributed on an "AS IS" BASIS, WITHOUT
# WARRANTIES OR CONDITIONS OF ANY KIND, either express or implied. See the
# License for the specific language governing permissions and limitations
# under the License.
#

accept "zilla://streams/net#0"
  option zilla:window 8192
  option zilla:transmission "duplex"

accepted
connected

# header exchange
read "AMQP" [0x00 0x01 0x00 0x00]
write "AMQP" [0x00 0x01 0x00 0x00]

# open frame exchange
read [0x00 0x00 0x00 0x21]                                      # size = 33
     [0x02]                                                     # doff = 2
     [0x00]                                                     # type = AMQP (0)
     [0x00 0x00]                                                # channel = 0
     [0x00 0x53 0x10]                                           # performative = open (16)
     [0xc0 0x14 0x06]                                           # list type (LIST1), length = 20, fields = 6
     [0xa1 0x06] "client"                                       # container-id = "client"
     [0x40]                                                     # hostname = null
     [0x40]                                                     # max-frame-size = null
     [0x40]                                                     # channel-max = null
     [0x40]                                                     # idle-time-out = null
     [0xe0 0x05 0x01]                                           # outgoing-locales, array type (array8), length = 5, fields = 1
     [0xa3]                                                     # array item type = ietf-language-tag
     [0x02] "jp"                                                # array item = "jp"

write [0x00 0x00 0x00 0x22]                                     # size = 34
      [0x02]                                                    # doff = 2
      [0x00]                                                    # type = AMQP (0)
      [0x00 0x00]                                               # channel = 0
      [0x00 0x53 0x10]                                          # performative = open (16)
      [0xc0 0x15 0x07]                                          # list type (LIST1), length = 21, fields = 7
      [0xa1 0x06] "server"                                      # container-id = "server"
      [0x40]                                                    # hostname = null
      [0x40]                                                    # max-frame-size = null
      [0x40]                                                    # channel-max = null
      [0x40]                                                    # idle-time-out = null
      [0x40]                                                    # outgoing-locales = null
      [0xe0 0x05 0x01]                                          # incoming-locales, array type (array8), length = 5, fields = 1
      [0xa3]                                                    # array item type = ietf-language-tag
      [0x02] "jp"                                               # array item = "jp"
