#
# Copyright 2021-2023 Aklivity Inc
#
# Licensed under the Aklivity Community License (the "License"); you may not use
# this file except in compliance with the License.  You may obtain a copy of the
# License at
#
#   https://www.aklivity.io/aklivity-community-license/
#
# Unless required by applicable law or agreed to in writing, software
# distributed under the License is distributed on an "AS IS" BASIS, WITHOUT
# WARRANTIES OF ANY KIND, either express or implied.  See the License for the
# specific language governing permissions and limitations under the License.
#

accept "zilla://streams/kafka0"
        option zilla:window 8192
        option zilla:transmission "duplex"

accepted

read zilla:begin.ext ${kafka:matchBeginEx()
                            .typeId(zilla:id("kafka"))
                            .merged()
                                .capabilities("FETCH_ONLY")
                                .topic("mqtt_messages")
                                .filter()
                                    .headers("zilla:topic")
                                        .sequence("sensor")
                                        .sequence("one")
                                        .build()
                                    .build()
                                .evaluation("EAGER")
                                .build()
                            .build()}

connected

write zilla:data.ext ${kafka:dataEx()
                            .typeId(zilla:id("kafka"))
                            .merged()
                                .timestamp(kafka:timestamp())
                                .filters(1)
                                .partition(0, 1, 2)
                                .progress(0, 2)
                                .progress(1, 1)
                                .key("sensor/one")
                                .header("zilla:topic", "sensor")
                                .header("zilla:topic", "one")
                                .header("zilla:local", "client")
                                .header("zilla:format", "TEXT")
                                .build()
                            .build()}

write "message"
write flush

write zilla:data.ext ${kafka:dataEx()
                            .typeId(zilla:id("kafka"))
                            .merged()
                                .timestamp(kafka:timestamp())
                                .filters(1)
                                .partition(0, 1, 2)
                                .progress(0, 2)
                                .progress(1, 1)
                                .key("sensor/one")
                                .header("zilla:topic", "sensor")
                                .header("zilla:topic", "one")
                                .header("zilla:local", "client")
                                .header("zilla:format", "TEXT")
                                .build()
                            .build()}

write "message2"
write flush

read advised zilla:flush ${kafka:flushEx()
                                .typeId(zilla:id("kafka"))
                                .merged()
                                    .capabilities("FETCH_ONLY")
                                    .filter()
                                        .headers("zilla:topic")
                                            .sequence("sensor")
                                            .sequence("one")
                                            .build()
                                        .build()
                                    .filter()
                                        .headers("zilla:topic")
                                            .sequence("sensor")
                                            .sequence("two")
                                            .build()
                                        .build()
                                    .build()
                                .build()}


read advised zilla:flush ${kafka:flushEx()
                                .typeId(zilla:id("kafka"))
                                .merged()
                                    .capabilities("FETCH_ONLY")
                                    .filter()
                                        .headers("zilla:topic")
                                            .sequence("sensor")
                                            .sequence("one")
                                            .build()
                                        .build()
                                    .filter()
                                        .headers("zilla:topic")
                                            .sequence("sensor")
                                            .sequence("two")
                                            .build()
                                        .build()
                                    .filter()
                                        .headers("zilla:topic")
                                            .sequence("sensor")
                                            .sequence("three")
                                            .build()
                                        .build()
                                    .build()
                                .build()}

read await RETAIN_FINISHED
write zilla:data.ext ${kafka:dataEx()
                            .typeId(zilla:id("kafka"))
                            .merged()
                                .timestamp(kafka:timestamp())
                                .filters(1)
                                .partition(0, 1, 2)
                                .progress(0, 2)
                                .progress(1, 1)
                                .key("sensor/one")
                                .header("zilla:topic", "sensor")
                                .header("zilla:topic", "one")
                                .header("zilla:local", "client")
                                .header("zilla:format", "TEXT")
                                .build()
                            .build()}

write "message3"
write flush

accepted

read zilla:begin.ext ${kafka:matchBeginEx()
                            .typeId(zilla:id("kafka"))
                            .merged()
                                .capabilities("FETCH_ONLY")
                                .topic("mqtt_retained")
                                .filter()
                                    .headers("zilla:topic")
                                        .sequence("sensor")
                                        .sequence("two")
                                        .build()
                                    .build()
                                .evaluation("EAGER")
                                .build()
                            .build()}

connected

write zilla:data.ext ${kafka:dataEx()
                            .typeId(zilla:id("kafka"))
                            .merged()
                                .timestamp(kafka:timestamp())
                                .filters(1)
                                .partition(0, 1, 2)
                                .progress(0, 2)
                                .progress(1, 1)
                                .key("sensor/two")
                                .header("zilla:topic", "sensor")
                                .header("zilla:topic", "two")
                                .header("zilla:local", "client")
                                .header("zilla:format", "TEXT")
                                .build()
                            .build()}

write "message"
write flush

write notify FIRST_RETAINED_SENT

read advised zilla:flush ${kafka:flushEx()
                                .typeId(zilla:id("kafka"))
                                .merged()
                                    .capabilities("FETCH_ONLY")
                                    .filter()
                                        .headers("zilla:topic")
                                            .sequence("sensor")
                                            .sequence("two")
                                            .build()
                                        .build()
                                    .filter()
                                        .headers("zilla:topic")
                                            .sequence("sensor")
                                            .sequence("three")
                                            .build()
                                        .build()
                                    .build()
                                .build()}
read await SECOND_FLUSH_SENT

write zilla:data.ext ${kafka:dataEx()
                            .typeId(zilla:id("kafka"))
                            .merged()
                                .timestamp(kafka:timestamp())
                                .filters(1)
                                .partition(0, 1, 2)
                                .progress(0, 2)
                                .progress(1, 1)
                                .key("sensor/two")
                                .header("zilla:topic", "sensor")
                                .header("zilla:topic", "two")
                                .header("zilla:local", "client")
                                .header("zilla:format", "TEXT")
                                .build()
                            .build()}

write "message2"
write flush

write zilla:data.ext ${kafka:dataEx()
                            .typeId(zilla:id("kafka"))
                            .merged()
                                .timestamp(kafka:timestamp())
                                .filters(2)
                                .partition(0, 1, 2)
                                .progress(0, 2)
                                .progress(1, 1)
                                .key("sensor/three")
                                .header("zilla:topic", "sensor")
                                .header("zilla:topic", "three")
                                .header("zilla:local", "client")
                                .header("zilla:format", "TEXT")
                                .build()
                            .build()}

write "message"
write flush

write advise zilla:flush

read closed
write close

write notify RETAIN_FINISHED
