#
# Copyright 2021-2024 Aklivity Inc.
#
# Aklivity licenses this file to you under the Apache License,
# version 2.0 (the "License"); you may not use this file except in compliance
# with the License. You may obtain a copy of the License at:
#
#   http://www.apache.org/licenses/LICENSE-2.0
#
# Unless required by applicable law or agreed to in writing, software
# distributed under the License is distributed on an "AS IS" BASIS, WITHOUT
# WARRANTIES OR CONDITIONS OF ANY KIND, either express or implied. See the
# License for the specific language governing permissions and limitations
# under the License.
#

# store lookup for "sess-1" yields options.self, so the binding
# dispatches locally with the hashed key as affinity.
# affinity = "sess-1".hashCode() & 0xffff_ffffL = 0xca029156

accept "zilla://streams/app0"
       option zilla:window 8192
       option zilla:transmission "half-duplex"
       option zilla:affinity 0x00000000ca029156L
accepted

read zilla:begin.ext ${http:beginEx()
                             .typeId(zilla:id("http"))
                             .header(":scheme", "http")
                             .header(":method", "GET")
                             .header(":path", "/items")
                             .header(":authority", "localhost:8080")
                             .header("session-id", "sess-1")
                             .build()}
connected

read closed

write zilla:begin.ext ${http:beginEx()
                              .typeId(zilla:id("http"))
                              .header(":status", "200")
                              .build()}
write flush

write close
