#
# Copyright 2021-2023 Aklivity Inc
#
# Licensed under the Aklivity Community License (the "License"); you may not use
# this file except in compliance with the License.  You may obtain a copy of the
# License at
#
#   https://www.aklivity.io/aklivity-community-license/
#
# Unless required by applicable law or agreed to in writing, software
# distributed under the License is distributed on an "AS IS" BASIS, WITHOUT
# WARRANTIES OF ANY KIND, either express or implied.  See the License for the
# specific language governing permissions and limitations under the License.
#

accept "http://localhost:8080/hello.txt"
accepted
connected

read http:method "GET"
read closed

write await REGISTERED
write http:status "200" "OK"
write http:content-length
write http:header "Etag" "AAAAAAA"
write "Hello World!"
write close

accepted
connected

read http:method "GET"
read http:header "If-None-Match" "AAAAAAA"
read http:header "Prefer" "wait=86400"
read closed

write await MODIFIED
write http:status "200" "OK"
write http:content-length
write http:header "Etag" "BBBBBBB"
write "Hello Universe!"
write close
