#
# Copyright 2021-2024 Aklivity Inc.
#
# Aklivity licenses this file to you under the Apache License,
# version 2.0 (the "License"); you may not use this file except in compliance
# with the License. You may obtain a copy of the License at:
#
#   http://www.apache.org/licenses/LICENSE-2.0
#
# Unless required by applicable law or agreed to in writing, software
# distributed under the License is distributed on an "AS IS" BASIS, WITHOUT
# WARRANTIES OR CONDITIONS OF ANY KIND, either express or implied. See the
# License for the specific language governing permissions and limitations
# under the License.
#

property networkConnectWindow 8192

property newRequestId ${kafka:newRequestId()}
property fetchWaitMax 500
property fetchBytesMax 65535
property partitionBytesMax 8192

connect "zilla://streams/net0"
  option zilla:window ${networkConnectWindow}
  option zilla:transmission "duplex"
  option zilla:byteorder "network"

write zilla:begin.ext ${proxy:beginEx()
                               .typeId(zilla:id("proxy"))
                               .addressInet()
                                 .protocol("stream")
                                 .source("0.0.0.0")
                                 .destination("broker1.example.com")
                                 .sourcePort(0)
                                 .destinationPort(9092)
                                 .build()
                               .info()
                                 .authority("broker1.example.com")
                                 .build()
                               .build()}
connected

write 43                                # size
      9s                                # offset fetch
      5s                                # v0
      ${newRequestId}
      5s "zilla"                        # client id
      8s "client-1"                     # group id
      1                                 # topics
        4s "test"                       # "test" topic
        1                               # partitions
            0                             # partition

read 26                                 # size
     (int:newRequestId)
     0                                  # throttle time ms
     1                                  # topics
       4s "test"                          # "test" topic
       0                                  # partitions
     3s                                  # error code

