#
# Copyright 2021-2023 Aklivity Inc.
#
# Aklivity licenses this file to you under the Apache License,
# version 2.0 (the "License"); you may not use this file except in compliance
# with the License. You may obtain a copy of the License at:
#
#   http://www.apache.org/licenses/LICENSE-2.0
#
# Unless required by applicable law or agreed to in writing, software
# distributed under the License is distributed on an "AS IS" BASIS, WITHOUT
# WARRANTIES OR CONDITIONS OF ANY KIND, either express or implied. See the
# License for the specific language governing permissions and limitations
# under the License.
#

property deltaMillis 0L
property newTimestamp ${kafka:timestamp() + deltaMillis}

accept "zilla://streams/app0"
    option zilla:window 8192
    option zilla:transmission "half-duplex"

accepted

read zilla:begin.ext ${kafka:beginEx()
                               .typeId(zilla:id("kafka"))
                               .merged()
                                   .capabilities("FETCH_ONLY")
                                   .topic("test")
                                   .partition(0, 1)
                                   .filter()
                                       .header("header1", "value1")
                                       .build()
                                   .build()
                               .build()}

connected

write zilla:data.ext ${kafka:dataEx()
                             .typeId(zilla:id("kafka"))
                             .merged()
                                 .partition(0, 1, 5)
                                 .progress(0, 2)
                                 .key("key1")
                                 .header("header1", "value1")
                                 .build()
                             .build()}
write "Hello, world #A1"

write advise zilla:flush ${kafka:flushEx()
                               .typeId(zilla:id("kafka"))
                               .merged()
                                   .progress(0, 2, 2, 2)
                                   .build()
                               .build()}

write zilla:data.ext ${kafka:dataEx()
                             .typeId(zilla:id("kafka"))
                             .merged()
                                 .key("key1")
                                 .partition(0, 3, 5)
                                 .progress(0, 4)
                                 .header("header1", "value1")
                                 .build()
                             .build()}
write "Hello, world #A3"

accepted

read zilla:begin.ext ${kafka:beginEx()
                               .typeId(zilla:id("kafka"))
                               .merged()
                                   .capabilities("FETCH_ONLY")
                                   .topic("test")
                                   .partition(0, 1)
                                   .filter()
                                       .header("header2", "value2")
                                       .build()
                                   .build()
                               .build()}

connected


write zilla:data.ext ${kafka:dataEx()
                             .typeId(zilla:id("kafka"))
                             .merged()
                                 .partition(0, 2, 5)
                                 .progress(0, 3)
                                 .header("header2", "value2")
                                 .build()
                             .build()}
write "Hello, world #A2"


write zilla:data.ext ${kafka:dataEx()
                             .typeId(zilla:id("kafka"))
                             .merged()
                                 .partition(0, 4, 5)
                                 .progress(0, 5)
                                 .header("header2", "value2")
                                 .build()
                             .build()}
write "Hello, world #A4"