#
# Copyright 2021-2023 Aklivity Inc
#
# Licensed under the Aklivity Community License (the "License"); you may not use
# this file except in compliance with the License.  You may obtain a copy of the
# License at
#
#   https://www.aklivity.io/aklivity-community-license/
#
# Unless required by applicable law or agreed to in writing, software
# distributed under the License is distributed on an "AS IS" BASIS, WITHOUT
# WARRANTIES OF ANY KIND, either express or implied.  See the License for the
# specific language governing permissions and limitations under the License.
#

connect "zilla://streams/kafka0"
         option zilla:window 8192
         option zilla:transmission "duplex"

write zilla:begin.ext ${kafka:beginEx()
                            .typeId(zilla:id("kafka"))
                            .merged()
                                .capabilities("PRODUCE_AND_FETCH")
                                .topic("mqtt_sessions")
                                .groupId("mqtt-clients")
                                .filter()
                                    .header("type", "will-signal")
                                    .build()
                                .build()
                            .build()}

connected

read zilla:data.ext ${kafka:matchDataEx()
                           .typeId(zilla:id("kafka"))
                           .merged()
                               .deferred(0)
                               .partition(-1, -1)
                               .key("client-1#will-signal")
                               .header("type", "will-signal")
                               .build()
                           .build()}
read ${mqtt:willSignal()
           .clientId("client-1")
           .delay(1)
           .deliverAt(-1)
           .lifetimeId("1")
           .willId("1")
       .build()}

read zilla:data.ext ${kafka:matchDataEx()
                           .typeId(zilla:id("kafka"))
                           .merged()
                               .deferred(0)
                               .partition(-1, -1)
                               .key("client-1#will-signal")
                               .header("type", "will-signal")
                               .build()
                           .build()}
read ${mqtt:willSignal()
           .clientId("client-1")
           .delay(1)
           .deliverAt(2)
           .lifetimeId("1")
           .willId("1")
        .build()}
read notify RECEIVED_WILL_DELIVER_AT_SIGNAL

write zilla:data.ext ${kafka:dataEx()
                           .typeId(zilla:id("kafka"))
                           .merged()
                               .deferred(0)
                               .partition(-1, -1)
                               .key("client-1#will-signal")
                               .hashKey("client-1")
                               .header("type", "will-signal")
                               .build()
                           .build()}
write flush

write zilla:data.ext ${kafka:dataEx()
                           .typeId(zilla:id("kafka"))
                           .merged()
                               .deferred(0)
                               .partition(-1, -1)
                               .key("client-1#will")
                               .hashKey("client-1")
                               .build()
                           .build()}
write flush

connect "zilla://streams/kafka0"
         option zilla:window 8192
         option zilla:transmission "duplex"

write zilla:begin.ext ${kafka:beginEx()
                            .typeId(zilla:id("kafka"))
                            .merged()
                                .capabilities("FETCH_ONLY")
                                .topic("mqtt_sessions")
                                .filter()
                                    .key("client-1#will-signal")
                                    .build()
                                .build()
                            .build()}

connected

read advised zilla:flush

write close
read closed

write notify LIFETIME_FETCHED

connect await LIFETIME_FETCHED
        "zilla://streams/kafka0"
         option zilla:window 8192
         option zilla:transmission "duplex"


write zilla:begin.ext ${kafka:beginEx()
                            .typeId(zilla:id("kafka"))
                            .merged()
                                .capabilities("PRODUCE_AND_FETCH")
                                .topic("mqtt_sessions")
                                .filter()
                                    .key("client-1#migrate")
                                    .headerNot("sender-id", "sender-1")
                                    .build()
                                .build()
                            .build()}

connected

write zilla:data.ext ${kafka:dataEx()
                           .typeId(zilla:id("kafka"))
                           .merged()
                               .deferred(0)
                               .partition(-1, -1)
                               .key("client-1#migrate")
                               .hashKey("client-1")
                               .header("sender-id", "sender-1")
                               .build()
                           .build()}
write zilla:data.empty
write flush
write notify INITIAL_MIGRATE_SENT

write close
read closed


connect await INITIAL_MIGRATE_SENT
        "zilla://streams/kafka0"
         option zilla:window 8192
         option zilla:transmission "duplex"

write zilla:begin.ext ${kafka:beginEx()
                               .typeId(zilla:id("kafka"))
                               .group()
                                   .groupId("client-1")
                                   .protocol("highlander")
                                   .timeout(1000)
                                   .build()
                               .build()}

connected

read zilla:data.ext ${kafka:matchDataEx()
                             .typeId(zilla:id("kafka"))
                             .group()
                                 .leaderId("member-1")
                                 .memberId("member-1")
                                 .members(1)
                                 .build()
                             .build()}
read notify RECEIVED_LEADER_DATA

write abort


connect await RECEIVED_LEADER_DATA
        "zilla://streams/kafka0"
         option zilla:window 8192
         option zilla:transmission "duplex"

write zilla:begin.ext ${kafka:beginEx()
                            .typeId(zilla:id("kafka"))
                            .merged()
                                .capabilities("PRODUCE_AND_FETCH")
                                .topic("mqtt_sessions")
                                .filter()
                                    .key("client-1")
                                    .build()
                                .filter()
                                    .key("client-1#migrate")
                                    .headerNot("sender-id", "sender-1")
                                    .build()
                                .build()
                            .build()}

connected

read advised zilla:flush

write zilla:data.ext ${kafka:dataEx()
                           .typeId(zilla:id("kafka"))
                           .merged()
                               .deferred(0)
                               .partition(-1, -1)
                               .key("client-1#will")
                               .hashKey("client-1")
                               .build()
                           .build()}
write ${mqtt:will()
            .topic("obituaries")
            .delay(1)
            .flags("RETAIN")
            .format("TEXT")
            .payload("client-1 disconnected abruptly")
            .lifetimeId("1")
            .willId("1")
      .build()}
write flush

write zilla:data.ext ${kafka:dataEx()
                           .typeId(zilla:id("kafka"))
                           .merged()
                               .deferred(0)
                               .partition(-1, -1)
                               .key("client-1#will-signal")
                               .hashKey("client-1")
                               .header("type", "will-signal")
                               .build()
                           .build()}
write ${mqtt:willSignal()
            .clientId("client-1")
            .delay(1)
            .deliverAt(-1)
            .lifetimeId("1")
            .willId("1")
        .build()}
write flush

write zilla:data.ext ${kafka:dataEx()
                           .typeId(zilla:id("kafka"))
                           .merged()
                               .deferred(0)
                               .partition(-1, -1)
                               .key("client-1#will-signal")
                               .hashKey("client-1")
                               .header("type", "will-signal")
                               .build()
                           .build()}

write ${mqtt:willSignal()
            .clientId("client-1")
            .delay(1)
            .deliverAt(2)
            .lifetimeId("1")
            .willId("1")
        .build()}
write flush

write abort
read aborted


connect await RECEIVED_WILL_DELIVER_AT_SIGNAL
        "zilla://streams/kafka0"
         option zilla:window 8192
         option zilla:transmission "duplex"

write zilla:begin.ext ${kafka:beginEx()
                            .typeId(zilla:id("kafka"))
                            .merged()
                                .capabilities("FETCH_ONLY")
                                .topic("mqtt_sessions")
                                .filter()
                                    .key("client-1#will")
                                    .build()
                                .build()
                            .build()}

connected

read zilla:data.ext ${kafka:matchDataEx()
                           .typeId(zilla:id("kafka"))
                           .merged()
                               .deferred(0)
                               .partition(-1, -1)
                               .key("client-1#will")
                               .build()
                           .build()}

read ${mqtt:will()
           .topic("obituaries")
           .delay(1)
           .flags("RETAIN")
           .format("TEXT")
           .payload("client-1 disconnected abruptly")
           .lifetimeId("1")
           .willId("1")
       .build()}

write close
read closed

write notify WILL_MESSAGE_FETCHED


connect await WILL_MESSAGE_FETCHED
        "zilla://streams/kafka0"
         option zilla:window 8192
         option zilla:transmission "duplex"

write zilla:begin.ext ${kafka:beginEx()
                            .typeId(zilla:id("kafka"))
                            .merged()
                                .capabilities("PRODUCE_ONLY")
                                .topic("mqtt_messages")
                                .partition(-1, -2)
                                .ackMode("LEADER_ONLY")
                                .build()
                            .build()}

connected

write zilla:data.ext ${kafka:dataEx()
                           .typeId(zilla:id("kafka"))
                           .merged()
                               .deferred(0)
                               .partition(-1, -1)
                               .key("obituaries")
                               .header("zilla:topic", "wills")
                               .header("zilla:topic", "one")
                               .header("zilla:format", "TEXT")
                               .build()
                           .build()}

write "client-1 disconnected abruptly"
write flush

write close
read closed


connect await WILL_MESSAGE_FETCHED
        "zilla://streams/kafka0"
         option zilla:window 8192
         option zilla:transmission "duplex"

write zilla:begin.ext ${kafka:beginEx()
                            .typeId(zilla:id("kafka"))
                            .merged()
                                .capabilities("PRODUCE_ONLY")
                                .topic("mqtt_retained")
                                .partition(-1, -2)
                                .ackMode("LEADER_ONLY")
                                .build()
                            .build()}

connected

write zilla:data.ext ${kafka:dataEx()
                           .typeId(zilla:id("kafka"))
                           .merged()
                               .deferred(0)
                               .partition(-1, -1)
                               .key("obituaries")
                               .header("zilla:topic", "wills")
                               .header("zilla:topic", "one")
                               .header("zilla:format", "TEXT")
                               .build()
                           .build()}

write "client-1 disconnected abruptly"
write flush

write close
read closed

