#
# Copyright 2021-2023 Aklivity Inc
#
# Licensed under the Aklivity Community License (the "License"); you may not use
# this file except in compliance with the License.  You may obtain a copy of the
# License at
#
#   https://www.aklivity.io/aklivity-community-license/
#
# Unless required by applicable law or agreed to in writing, software
# distributed under the License is distributed on an "AS IS" BASIS, WITHOUT
# WARRANTIES OF ANY KIND, either express or implied.  See the License for the
# specific language governing permissions and limitations under the License.
#

accept "zilla://streams/mqtt0"
        option zilla:window 8192
        option zilla:transmission "duplex"

accepted

read zilla:begin.ext ${mqtt:beginEx()
                             .typeId(zilla:id("mqtt"))
                             .subscribe()
                                .clientId("client")
                                .filter("device/+", 1)
                                .build()
                             .build()}

connected

write zilla:data.ext ${mqtt:dataEx()
                             .typeId(zilla:id("mqtt"))
                             .subscribe()
                                 .topic("device/one")
                                 .subscriptionId(1)
                                 .format("TEXT")
                                 .build()
                             .build()}
write "Hello, world"
write flush

read advised zilla:flush ${mqtt:flushEx()
                               .typeId(zilla:id("mqtt"))
                               .subscribe()
                                   .filter("device/+", 1)
                                   .filter("sensor/#", 2)
                                   .build()
                               .build()}

write zilla:data.ext ${mqtt:dataEx()
                           .typeId(zilla:id("mqtt"))
                           .subscribe()
                               .topic("sensor/two")
                               .subscriptionId(2)
                               .format("TEXT")
                               .build()
                           .build()}
write "Hello, again"
write flush

write zilla:data.ext ${mqtt:dataEx()
                           .typeId(zilla:id("mqtt"))
                           .subscribe()
                               .topic("sensor/one")
                               .subscriptionId(2)
                               .format("TEXT")
                               .build()
                           .build()}
write "Hi, world"
write flush


rejected
