#
# Copyright 2021-2023 Aklivity Inc.
#
# Aklivity licenses this file to you under the Apache License,
# version 2.0 (the "License"); you may not use this file except in compliance
# with the License. You may obtain a copy of the License at:
#
#   http://www.apache.org/licenses/LICENSE-2.0
#
# Unless required by applicable law or agreed to in writing, software
# distributed under the License is distributed on an "AS IS" BASIS, WITHOUT
# WARRANTIES OR CONDITIONS OF ANY KIND, either express or implied. See the
# License for the specific language governing permissions and limitations
# under the License.
#



accept "zilla://streams/net0"
  option zilla:window 8192
  option zilla:transmission "duplex"
  option zilla:byteorder "network"

accepted

connected

read  23                                # size
      10s                               # find coordinator
      1s                                # v1
      0
      5s "zilla"                        # client id
      5s "test1"                        # "test1" coordinator key
      [0x00]                            # coordinator group type

read  23                                # size
      10s                               # find coordinator
      1s                                # v1
      1
      5s "zilla"                        # client id
      5s "test2"                        # "test2" coordinator key
      [0x00]                            # coordinator group type

write 45                                 # size
      0
      0                                  # throttle time
      0s                                 # no error
      4s "none"                          # error message none
      0                                  # coordinator node
      19s "broker1.example.com"          # host
      9092                               # port
      45                                 # size
      1
      0                                  # throttle time
      0s                                 # no error
      4s "none"                          # error message none
      0                                  # coordinator node
      19s "broker1.example.com"          # host
      9092                               # port

accepted

connected

read 121                                                 # size
     32s                                                # describe configs
     0s                                                 # v0
     (int:requestId)
     5s "zilla"                                         # client id
     1                                                  # resources
       [0x04]                                           # broker resource
       1s "0"                                           # "node" topic
       3                                                # configs
         28s "group.min.session.timeout.ms"             # name
         28s "group.max.session.timeout.ms"             # name
         32s "group.initial.rebalance.delay.ms"         # name

write 143                                                # size
      ${requestId}
      0
      1                                                  # resources
        0s                                               # no error
        -1s                                              # error message
        [0x04]                                           # broker resource
        1s "0"                                           # "0" nodeId
        3                                                # configs
          28s "group.min.session.timeout.ms"             # name
          4s "6000"                                      # value
          [0x00]                                          # not read only
          [0x00]                                          # not default
          [0x00]                                          # not sensitive
          28s "group.max.session.timeout.ms"              # name
          5s "30000"                                      # value
          [0x00]                                          # not read only
          [0x00]                                          # not default
          [0x00]                                          # not sensitive
          32s "group.initial.rebalance.delay.ms"          # name
          1s "0"                                          # value
          [0x00]                                          # not read only
          [0x00]                                          # not default
          [0x00]                                          # not sensitive

read 121                                                 # size
     32s                                                # describe configs
     0s                                                 # v0
     (int:requestId)
     5s "zilla"                                         # client id
     1                                                  # resources
       [0x04]                                           # broker resource
       1s "0"                                           # "node" topic
       3                                                # configs
         28s "group.min.session.timeout.ms"             # name
         28s "group.max.session.timeout.ms"             # name
         32s "group.initial.rebalance.delay.ms"         # name

write 143                                                # size
      ${requestId}
      0
      1                                                  # resources
        0s                                               # no error
        -1s                                              # error message
        [0x04]                                           # broker resource
        1s "0"                                           # "0" nodeId
        3                                                # configs
          28s "group.min.session.timeout.ms"             # name
          4s "6000"                                      # value
          [0x00]                                          # not read only
          [0x00]                                          # not default
          [0x00]                                          # not sensitive
          28s "group.max.session.timeout.ms"              # name
          5s "30000"                                      # value
          [0x00]                                          # not read only
          [0x00]                                          # not default
          [0x00]                                          # not sensitive
          32s "group.initial.rebalance.delay.ms"          # name
          1s "0"                                          # value
          [0x00]                                          # not read only
          [0x00]                                          # not default
          [0x00]                                          # not sensitive
