#
# Copyright 2021-2023 Aklivity Inc
#
# Licensed under the Aklivity Community License (the "License"); you may not use
# this file except in compliance with the License.  You may obtain a copy of the
# License at
#
#   https://www.aklivity.io/aklivity-community-license/
#
# Unless required by applicable law or agreed to in writing, software
# distributed under the License is distributed on an "AS IS" BASIS, WITHOUT
# WARRANTIES OF ANY KIND, either express or implied.  See the License for the
# specific language governing permissions and limitations under the License.
#

connect "zilla://streams/kafka0"
         option zilla:window 8192
         option zilla:transmission "duplex"

write zilla:begin.ext ${kafka:beginEx()
                            .typeId(zilla:id("kafka"))
                            .merged()
                                .capabilities("PRODUCE_AND_FETCH")
                                .topic("mqtt-sessions")
                                .groupId("mqtt-clients")
                                .filter()
                                    .header("type", "will-signal")
                                    .build()
                                .filter()
                                    .header("type", "expiry-signal")
                                    .build()
                                .build()
                            .build()}

connected

read zilla:data.ext ${kafka:matchDataEx()
                           .typeId(zilla:id("kafka"))
                           .merged()
                             .fetch()
                               .deferred(0)
                               .partition(-1, -1)
                               .key("client-1#will-signal")
                               .header("type", "will-signal")
                               .build()
                           .build()}
read ${mqtt:sessionSignal()
           .will()
               .instanceId("zilla-1")
               .clientId("client-1")
               .delay(1000)
               .deliverAt(deliverAt)
               .lifetimeId("1e6a1eb5-810a-459d-a12c-a6fa08f228d1")
               .willId("d252a6bd-abb5-446a-b0f7-d0a3d8c012e2")
               .build()
           .build()}
read notify RECEIVED_WILL_DELIVER_AT_SIGNAL
read notify ONE_SECOND_ELAPSED

read zilla:data.ext ${kafka:matchDataEx()
                           .typeId(zilla:id("kafka"))
                           .merged()
                             .fetch()
                               .deferred(0)
                               .partition(-1, -1)
                               .key("client-1#will-signal")
                               .header("type", "will-signal")
                               .build()
                           .build()}
read zilla:data.null


connect await RECEIVED_WILL_DELIVER_AT_SIGNAL
        "zilla://streams/kafka0"
         option zilla:window 8192
         option zilla:transmission "duplex"

write zilla:begin.ext ${kafka:beginEx()
                            .typeId(zilla:id("kafka"))
                            .merged()
                                .capabilities("FETCH_ONLY")
                                .topic("mqtt-sessions")
                                .filter()
                                    .key("client-1#will-1e6a1eb5-810a-459d-a12c-a6fa08f228d1")
                                    .build()
                                .build()
                            .build()}

connected

read zilla:data.ext ${kafka:matchDataEx()
                           .typeId(zilla:id("kafka"))
                           .merged()
                             .fetch()
                               .deferred(0)
                               .partition(-1, -1)
                               .key("client-1#will-1e6a1eb5-810a-459d-a12c-a6fa08f228d1")
                               .build()
                           .build()}

read ${mqtt:will()
           .topic("obituaries")
           .delay(1000)
           .format("TEXT")
           .lifetimeId("1e6a1eb5-810a-459d-a12c-a6fa08f228d1")
           .willId("d252a6bd-abb5-446a-b0f7-d0a3d8c012e2")
           .payload("client-1 disconnected abruptly")
       .build()}
read notify RECEIVED_WILL

write close
read closed

connect await RECEIVED_WILL
        "zilla://streams/kafka0"
         option zilla:window 8192
         option zilla:transmission "duplex"

write zilla:begin.ext ${kafka:beginEx()
                            .typeId(zilla:id("kafka"))
                            .merged()
                                .capabilities("PRODUCE_ONLY")
                                .topic("mqtt-messages")
                                .partition(-1, -2)
                                .ackMode("LEADER_ONLY")
                                .build()
                            .build()}


connected

write close
read closed
