#
# Copyright 2021-2022 Aklivity Inc
#
# Licensed under the Aklivity Community License (the "License"); you may not use
# this file except in compliance with the License.  You may obtain a copy of the
# License at
#
#   https://www.aklivity.io/aklivity-community-license/
#
# Unless required by applicable law or agreed to in writing, software
# distributed under the License is distributed on an "AS IS" BASIS, WITHOUT
# WARRANTIES OF ANY KIND, either express or implied.  See the License for the
# specific language governing permissions and limitations under the License.
#

connect "zilla://streams/kafka0"
         option zilla:window 8192
         option zilla:transmission "duplex"      

write zilla:begin.ext ${kafka:beginEx()
                            .typeId(zilla:id("kafka"))
                            .merged()
                                .capabilities("FETCH_ONLY")
                                .topic("mqtt_messages")
                                .filter()
                                    .headers("zilla:topic")
                                        .sequence("sensor")
                                        .skip(1)
                                        .skipMany()
                                        .build()
                                    .build()
                                .build()
                            .build()}

connected

write advise zilla:flush ${kafka:flushEx()
                                .typeId(zilla:id("kafka"))
                                .merged()
                                    .capabilities("FETCH_ONLY")
                                    .filter()
                                        .headers("zilla:topic")
                                            .sequence("sensor")
                                            .skip(1)
                                            .skipMany()
                                            .build()
                                        .build()
                                    .filter()
                                        .headers("zilla:topic")
                                            .sequence("sensor")
                                            .skip(1)
                                            .sequence("1")
                                            .build()
                                        .build()
                                    .build()
                                .build()}

read zilla:data.ext ${kafka:matchDataEx()
                            .typeId(zilla:id("kafka"))
                            .merged()
                                .timestamp(kafka:timestamp())
                                .partition(0, 1, 2)
                                .progress(0, 2)
                                .progress(1, 1)
                                .key("sensor/one")
                                .filters(0, 1)
                                .header("zilla:topic", "sensor")
                                .header("zilla:topic", "one")
                                .header("zilla:topic", "1")
                                .header("zilla:local", "client2")
                                .header("zilla:format", "TEXT")
                                .build()
                            .build()}

read "message"