#
# Copyright 2021-2023 Aklivity Inc.
#
# Aklivity licenses this file to you under the Apache License,
# version 2.0 (the "License"); you may not use this file except in compliance
# with the License. You may obtain a copy of the License at:
#
#   http://www.apache.org/licenses/LICENSE-2.0
#
# Unless required by applicable law or agreed to in writing, software
# distributed under the License is distributed on an "AS IS" BASIS, WITHOUT
# WARRANTIES OR CONDITIONS OF ANY KIND, either express or implied. See the
# License for the specific language governing permissions and limitations
# under the License.
#

accept "zilla://streams/net0"
  option zilla:window 8192
  option zilla:transmission "duplex"
  option zilla:byteorder "network"

accepted
connected

read   [0x10 0x13]                   # CONNECT
       [0x00 0x04] "MQTT"            # protocol name
       [0x05]                        # protocol version
       [0x02]                        # flags = clean start
       [0x00 0x3c]                   # keep alive = 60s
       [0x00]                        # properties = none
       [0x00 0x24] "755452d5-e2ef-4113-b9c6-2f53de96fd76"          # client id

write [0x20 0x08]                   # CONNACK
      [0x00]                        # flags = none
      [0x00]                        # reason code
      [0x05]                        # properties = none
      [0x27] 66560                  # maximum packet size = 66560

read   [0x31 0x3f]                                 # PUBLISH
       [0x00 0x0a] "/sensors/1"                    # topic name
       [0x09]                                      # properties
       [0x26]                                      # user property id
       [0x00 0x03] "row"                           # user property key
       [0x00 0x01] "1"                             # user property value
       "{\"id\":\"1\",\"unit\":\"CELSIUS\",\"value\":\"189\"}" # payload
