#
# Copyright 2021-2021 Aklivity Inc.
#
# Aklivity licenses this file to you under the Apache License,
# version 2.0 (the "License"); you may not use this file except in compliance
# with the License. You may obtain a copy of the License at:
#
#   http://www.apache.org/licenses/LICENSE-2.0
#
# Unless required by applicable law or agreed to in writing, software
# distributed under the License is distributed on an "AS IS" BASIS, WITHOUT
# WARRANTIES OR CONDITIONS OF ANY KIND, either express or implied. See the
# License for the specific language governing permissions and limitations
# under the License.
#

connect "http://localhost:8080/preflight"
connected

write http:method "GET"
write http:version "HTTP/1.1"
write http:host
write close

read http:status "200" /.+/
read http:version "HTTP/1.1"
read http:header "Set-Cookie" "SID=31d4d96e407aad42; Domain=.local"
read notify SET_COOKIE
read closed

connect "http://localhost:8080/path?query"
connected

write await SET_COOKIE

write http:method "GET"
write http:version "HTTP/1.1"
write http:host
write http:header "Upgrade" "websocket"
write http:header "Connection" "Upgrade"
write http:header "Cookie" "SID=31d4d96e407aad42"
write http:header "Sec-WebSocket-Key" "dGhlIHNhbXBsZSBub25jZQ=="
write http:header "Sec-WebSocket-Version" "13"

read http:status "101" /.+/
read http:version "HTTP/1.1"
read http:header "Upgrade" /(?i:websocket)/
read http:header "Connection" /(?i:Upgrade)/
read http:header "Sec-WebSocket-Accept" "s3pPLMBiTxaQ9kYGzzhZRbK+xOo="

# connection established
