#
# Copyright 2021-2023 Aklivity Inc.
#
# Aklivity licenses this file to you under the Apache License,
# version 2.0 (the "License"); you may not use this file except in compliance
# with the License. You may obtain a copy of the License at:
#
#   http://www.apache.org/licenses/LICENSE-2.0
#
# Unless required by applicable law or agreed to in writing, software
# distributed under the License is distributed on an "AS IS" BASIS, WITHOUT
# WARRANTIES OR CONDITIONS OF ANY KIND, either express or implied. See the
# License for the specific language governing permissions and limitations
# under the License.
#

accept "zilla://streams/net0"
  option zilla:window 8192
  option zilla:transmission "duplex"

accepted
connected

# header exchange
read "AMQP" [0x00 0x01 0x00 0x00]
write "AMQP" [0x00 0x01 0x00 0x00]

# open frame exchange
read [0x00 0x00 0x00 0x16]                                        # size = 22
     [0x02]                                                       # doff = 2
     [0x00]                                                       # type = AMQP (0)
     [0x00 0x00]                                                  # channel = 0
     [0x00 0x53 0x10]                                             # performative = open (16)
     [0xc0 0x09 0x01]                                             # list type (LIST1), length = 9, fields = 1
     [0xa1 0x06] "client"                                         # container-id = "client"

write [0x00 0x00 0x00 0x16]                                       # size = 22
      [0x02]                                                      # doff = 2
      [0x00]                                                      # type = AMQP (0)
      [0x00 0x00]                                                 # channel = 0
      [0x00 0x53 0x10]                                            # performative = open (16)
      [0xc0 0x09 0x01]                                            # list type (LIST1), length = 9, fields = 1
      [0xa1 0x06] "server"                                        # container-id = "server"

# begin frame exchange
read [0x00 0x00 0x00 0x1b]                                        # size = 27
     [0x02]                                                       # doff = 2
     [0x00]                                                       # type = AMQP (0)
     [0x00 0x00]                                                  # channel = 0
     [0x00 0x53 0x11]                                             # performative = begin (17)
     [0xc0 0x0e 0x04]                                             # list type (list8), length = 14, fields = 4
     [0x40]                                                       # remote-channel = null
     [0x52 0x01]                                                  # next-outgoing-id = 1
     [0x70 0x00 0x00 0x07 0xff]                                   # incoming-window = 2047
     [0x70 0x7f 0xff 0xff 0xff]                                   # outgoing-window = 2147483647

write [0x00 0x00 0x00 0x1d]                                       # size = 29
      [0x02]                                                      # doff = 2
      [0x00]                                                      # type = AMQP (0)
      [0x00 0x00]                                                 # channel = 0
      [0x00 0x53 0x11]                                            # performative = begin (17)
      [0xc0 0x10 0x04]                                            # list type (list8), length = 16, fields = 4
      [0x60 0x00 0x00]                                            # remote-channel = 0
      [0x52 0x01]                                                 # next-outgoing-id = 1
      [0x70 0x00 0x01 0x00 0x00]                                  # incoming-window = 65536
      [0x70 0x7f 0xff 0xff 0xff]                                  # outgoing-window = 2147483647

# attach frame exchange
read [0x00 0x00 0x00 0x2a]                                        # size = 42
     [0x02]                                                       # doff = 2
     [0x00]                                                       # type = AMQP (0)
     [0x00 0x00]                                                  # channel = 0
     [0x00 0x53 0x12]                                             # performative = attach (18)
     [0xc0 0x1d 0x06]                                             # list type (list8), length = 29, fields = 6
     [0xa1 0x05] "link1"                                          # name = "link1"
     [0x43]                                                       # handle = 0
     [0x41]                                                       # role = receiver
     [0x50 0x01]                                                  # snd-settle-mode = settled
     [0x50 0x00]                                                  # rcv-settle-mode = first
     [0x00 0x53 0x28]                                             # source
     [0xc0 0x0a 0x01]                                             # list type (list8), length = 10, fields = 1
     [0xa1 0x07] "clients"                                        # address = "clients"

write [0x00 0x00 0x00 0x31]                                       # size = 49
      [0x02]                                                      # doff = 2
      [0x00]                                                      # type = AMQP (0)
      [0x00 0x00]                                                 # channel = 0
      [0x00 0x53 0x12]                                            # performative = attach (18)
      [0xc0 0x24 0x0a]                                            # list type (list8), length = 36, fields = 10
      [0xa1 0x05] "link1"                                         # name = "link1"
      [0x43]                                                      # handle = 0
      [0x42]                                                      # role = sender
      [0x50 0x01]                                                 # snd-settle-mode = settled
      [0x50 0x00]                                                 # rcv-settle-mode = first
      [0x00 0x53 0x28]                                            # source
      [0xc0 0x0a 0x01]                                            # list type (list8), length = 10, fields = 1
      [0xa1 0x07] "clients"                                       # address = "clients"
      [0x00 0x53 0x29 0x45]                                       # target = empty list
      [0x40]                                                      # unsettled = null
      [0x40]                                                      # incomplete-unsettled = null (default = false)
      [0x43]                                                      # initial-delivery-count = 0

# flow frame
read [0x00 0x00 0x00 0x23]                                        # size = 35
     [0x02]                                                       # doff = 2
     [0x00]                                                       # type = AMQP (0)
     [0x00 0x00]                                                  # channel = 0
     [0x00 0x53 0x13]                                             # performative = flow (19)
     [0xc0 0x16 0x07]                                             # list type (list8), length = 22, fields = 7
     [0x52 0x01]                                                  # next-incoming-id = 1
     [0x70 0x00 0x00 0x07 0xff]                                   # incoming-window = 2047
     [0x52 0x01]                                                  # next-outgoing-id = 1
     [0x70 0x7f 0xff 0xff 0xff]                                   # outgoing-window = 2147483647
     [0x43]                                                       # handle = 0
     [0x43]                                                       # delivery-count = 0
     [0x70 0x00 0x00 0x03 0xe8]                                   # link-credit = 1000

# transfer frame
write [0x00 0x00 0x01 0x78]                                       # size = 376
      [0x02]                                                      # doff = 2
      [0x00]                                                      # type = AMQP (0)
      [0x00 0x00]                                                 # channel = 0
      [0x00 0x53 0x14]                                            # performative = transfer (20)
      [0xc0 0x07 0x05]                                            # list type (list8), length = 7, fields = 5
      [0x43]                                                      # handle = 0
      [0x43]                                                      # delivery-id = 0
      [0xa0 0x00]                                                 # delivery-tag = empty bytes
      [0x43]                                                      # message-format = 0
      [0x41]                                                      # settled = true
      [0x00 0x53 0x74]                                            # application-properties header
      [0xd1 0x00 0x00 0x01 0x52 0x00 0x00 0x00 0x34]              # map32, length = 338, fields = 52
      [0xa1 0x04] "null"                                          # map key = "null"
      [0x40]                                                      # map value = null type
      [0xa1 0x07] "boolean"                                       # map key = "boolean"
      [0x56 0x01]                                                 # map value = true
      [0xa1 0x04] "true"                                          # map key = "true"
      [0x41]                                                      # map value = true type
      [0xa1 0x05] "false"                                         # map key = "false"
      [0x42]                                                      # map value = false type
      [0xa1 0x05] "ubyte"                                         # map key = "ubyte"
      [0x50 0x01]                                                 # map value = 1
      [0xa1 0x06] "ushort"                                        # map key = "ushort"
      [0x60 0x00 0x01]                                            # map value = 1
      [0xa1 0x04] "uint"                                          # map key = "uint"
      [0x70 0x00 0x00 0x00 0x01]                                  # map value = 1
      [0xa1 0x09] "smalluint"                                     # map key = "smalluint"
      [0x52 0x01]                                                 # map value = 1
      [0xa1 0x05] "uint0"                                         # map key = "uint0"
      [0x43]                                                      # map value = uint0 type
      [0xa1 0x05] "ulong"                                         # map key = "ulong"
      [0x80 0x00 0x00 0x00 0x00 0x00 0x00 0x00 0x01]              # map value = 1
      [0xa1 0x0a] "smallulong"                                    # map key = "smallulong"
      [0x53 0x01]                                                 # map value = 1
      [0xa1 0x06] "ulong0"                                        # map key = "ulong0"
      [0x44]                                                      # map value = ulong0 type
      [0xa1 0x04] "byte"                                          # map key = "byte"
      [0x51 0x01]                                                 # map value = 1
      [0xa1 0x05] "short"                                         # map key = "short"
      [0x61 0x00 0x01]                                            # map value = 1
      [0xa1 0x03] "int"                                           # map key = "int"
      [0x71 0x00 0x00 0x00 0x01]                                  # map value = 1
      [0xa1 0x08] "smallint"                                      # map key = "smallint"
      [0x54 0x01]                                                 # map value = 1
      [0xa1 0x04] "long"                                          # map key = "long"
      [0x81 0x00 0x00 0x00 0x00 0x00 0x00 0x00 0x01]              # map value = 1
      [0xa1 0x09] "smalllong"                                     # map key = "smalllong"
      [0x55 0x01]                                                 # map value = 1
      [0xa1 0x04] "char"                                          # map key = "char"
      [0x73 0x00 0x00 0x00 0x31]                                  # map value = '1'
      [0xa1 0x09] "timestamp"                                     # map key = "timestamp"
      [0x83 0x00 0x00 0x00 0x00 0x00 0x00 0x00 0x01]              # map value = 1
      [0xa1 0x05] "vbin8"                                         # map key = "vbin8"
      [0xa0 0x05] "vbin8"                                         # map value = "vbin8" bytes
      [0xa1 0x06] "vbin32"                                        # map key = "vbin32"
      [0xb0 0x00 0x00 0x00 0x06] "vbin32"                         # map value = "vbin32" bytes
      [0xa1 0x09] "str8-utf8"                                     # map key = "str8-utf8"
      [0xa1 0x09] "str8-utf8"                                     # map value = "str8-utf8"
      [0xa1 0x0a] "str32-utf8"                                    # map key = "str32-utf8"
      [0xb1 0x00 0x00 0x00 0x0a] "str32-utf8"                     # map value = "str32-utf8"
      [0xa1 0x04] "sym8"                                          # map key = "sym8"
      [0xa3 0x04] "sym8"                                          # map value = "sym8"
      [0xa1 0x05] "sym32"                                         # map key = "sym32"
      [0xb3 0x00 0x00 0x00 0x05] "sym32"                          # map value = "sym32"
      [0x00 0x53 0x77 0xa1 0x05]                                  # message format = amqp-value, vbin32, size = 5
      "Text!"                                                     # body = "Text!"
