#
# Copyright 2021-2022 Aklivity Inc
#
# Licensed under the Aklivity Community License (the "License"); you may not use
# this file except in compliance with the License.  You may obtain a copy of the
# License at
#
#   https://www.aklivity.io/aklivity-community-license/
#
# Unless required by applicable law or agreed to in writing, software
# distributed under the License is distributed on an "AS IS" BASIS, WITHOUT
# WARRANTIES OF ANY KIND, either express or implied.  See the License for the
# specific language governing permissions and limitations under the License.
#

connect "zilla://streams/grpc0"
    option zilla:window 8192
    option zilla:transmission "half-duplex"

write zilla:begin.ext ${grpc:beginEx()
                              .typeId(zilla:id("grpc"))
                              .scheme("http")
                              .authority("localhost:8080")
                              .service("example.EchoService")
                              .method("EchoUnary")
                              .metadata("last-message-id", "AQQABAIC")
                              .build()}
connected

write zilla:data.empty
write flush

write close

read ${grpc:protobuf()
           .string(1, "Hello World")
           .bytes(32767, grpc_kafka:messageId()
               .partition(0, 2)
               .partition(1, 1)
               .build())
           .build()}

read closed
