#
# Copyright 2021-2026 Aklivity Inc.
#
# Aklivity licenses this file to you under the Apache License,
# version 2.0 (the "License"); you may not use this file except in compliance
# with the License. You may obtain a copy of the License at:
#
#   http://www.apache.org/licenses/LICENSE-2.0
#
# Unless required by applicable law or agreed to in writing, software
# distributed under the License is distributed on an "AS IS" BASIS, WITHOUT
# WARRANTIES OR CONDITIONS OF ANY KIND, either express or implied. See the
# License for the specific language governing permissions and limitations
# under the License.
#

property networkConnectWindow 8192

property apiVersionsRequestId ${kafka:newRequestId()}

connect "zilla://streams/net0"
  option zilla:window ${networkConnectWindow}
  option zilla:transmission "duplex"
  option zilla:byteorder "network"

connected

write 15                                # size
      18s                               # api_versions
      0s                                # v0
      ${apiVersionsRequestId}
      5s "zilla"                        # client id

read  16                                 # size
      (int:apiVersionsRequestId)
      0s                                 # error code
      1                                  # api key count
        19s                              # create topics
        0s                               # min version
        7s                               # max version
