#
# Copyright 2021-2023 Aklivity Inc
#
# Licensed under the Aklivity Community License (the "License"); you may not use
# this file except in compliance with the License.  You may obtain a copy of the
# License at
#
#   https://www.aklivity.io/aklivity-community-license/
#
# Unless required by applicable law or agreed to in writing, software
# distributed under the License is distributed on an "AS IS" BASIS, WITHOUT
# WARRANTIES OF ANY KIND, either express or implied.  See the License for the
# specific language governing permissions and limitations under the License.
#

accept "zilla://streams/mqtt0"
        option zilla:window 8192
        option zilla:transmission "duplex"

accepted

read zilla:begin.ext ${mqtt:matchBeginEx()
                             .typeId(zilla:id("mqtt"))
                             .publish()
                                .clientId("755452d5-e2ef-4113-b9c6-2f53de96fd76")
                                .topic("sensors/1")
                                .build()
                             .build()}
connected

read zilla:data.ext ${mqtt:matchDataEx()
                            .typeId(zilla:id("mqtt"))
                            .publish()
                                .format("TEXT")
                                .userProperty("row1", "1")
                                .userProperty("row1", "2")
                                .build()
                            .build()}

read "{\"id\":\"1\",\"unit\":\"CELSIUS\",\"value\":\"189\"}"
