#
# Copyright 2021-2022 Aklivity Inc
#
# Licensed under the Aklivity Community License (the "License"); you may not use
# this file except in compliance with the License.  You may obtain a copy of the
# License at
#
#   https://www.aklivity.io/aklivity-community-license/
#
# Unless required by applicable law or agreed to in writing, software
# distributed under the License is distributed on an "AS IS" BASIS, WITHOUT
# WARRANTIES OF ANY KIND, either express or implied.  See the License for the
# specific language governing permissions and limitations under the License.
#

connect "zilla://streams/sse0"
        option zilla:window 8192
        option zilla:transmission "duplex"

write zilla:begin.ext ${sse:beginEx()
                           .typeId(zilla:id("sse"))
                           .scheme("http")
                           .authority("localhost:8080")
                           .path("/test")
                           .lastId(null)
                           .build()}

connected

read zilla:data.ext ${sse:matchDataEx()
                         .typeId(zilla:id("sse"))
                         .id("AQQABAIC/revision=42")
                         .build()}
read "Hello, world"

read notify RECONNECT_EVENT_STREAM
read closed
write close

connect await RECONNECT_EVENT_STREAM
        "zilla://streams/sse0"
        option zilla:window 8192
        option zilla:transmission "duplex"

write zilla:begin.ext ${sse:beginEx()
                           .typeId(zilla:id("sse"))
                           .scheme("http")
                           .authority("localhost:8080")
                           .path("/test")
                           .lastId("AQQABAIC/revision=42")
                           .build()}

connected
