#
# Copyright 2021-2022 Aklivity Inc
#
# Licensed under the Aklivity Community License (the "License"); you may not use
# this file except in compliance with the License.  You may obtain a copy of the
# License at
#
#   https://www.aklivity.io/aklivity-community-license/
#
# Unless required by applicable law or agreed to in writing, software
# distributed under the License is distributed on an "AS IS" BASIS, WITHOUT
# WARRANTIES OF ANY KIND, either express or implied.  See the License for the
# specific language governing permissions and limitations under the License.
#

accept "zilla://streams/sse0"
       option zilla:window 8192
       option zilla:transmission "duplex"
accepted

read zilla:begin.ext ${sse:beginEx()
                          .typeId(zilla:id("sse"))
                          .pathInfo("/test")
                          .lastEventId(null)
                          .build()}

connected

write zilla:data.ext ${sse:dataEx()
                          .typeId(zilla:id("sse"))
                          .timestamp(1519937168533)
                          .id("AQQABAIC/revision=42")
                          .type(null)
                          .build()}
write "Hello, world"
write flush

write close
read closed

accepted

read zilla:begin.ext ${sse:beginEx()
                          .typeId(zilla:id("sse"))
                          .pathInfo("/test")
                          .lastEventId("AQQABAIC/revision=42")
                          .build()}

connected
