#
# Copyright 2021-2022 Aklivity Inc.
#
# Aklivity licenses this file to you under the Apache License,
# version 2.0 (the "License"); you may not use this file except in compliance
# with the License. You may obtain a copy of the License at:
#
#   http://www.apache.org/licenses/LICENSE-2.0
#
# Unless required by applicable law or agreed to in writing, software
# distributed under the License is distributed on an "AS IS" BASIS, WITHOUT
# WARRANTIES OR CONDITIONS OF ANY KIND, either express or implied. See the
# License for the specific language governing permissions and limitations
# under the License.
#

property deltaMillis 0L
property newTimestamp ${kafka:timestamp() + deltaMillis}

accept "zilla://streams/app1"
    option zilla:window 8192
    option zilla:transmission "half-duplex"

accepted

read zilla:begin.ext ${kafka:beginEx()
                              .typeId(zilla:id("kafka"))
                              .describe()
                                  .topic("test")
                                  .config("cleanup.policy")
                                  .config("max.message.bytes")
                                  .config("segment.bytes")
                                  .config("segment.index.bytes")
                                  .config("segment.ms")
                                  .config("retention.bytes")
                                  .config("retention.ms")
                                  .config("delete.retention.ms")
                                  .config("min.compaction.lag.ms")
                                  .config("max.compaction.lag.ms")
                                  .config("min.cleanable.dirty.ratio")
                                  .build()
                              .build()}

connected

write zilla:begin.ext ${kafka:beginEx()
                               .typeId(zilla:id("kafka"))
                               .describe()
                                   .topic("test")
                                   .config("cleanup.policy")
                                   .config("max.message.bytes")
                                   .config("segment.bytes")
                                   .config("segment.index.bytes")
                                   .config("segment.ms")
                                   .config("retention.bytes")
                                   .config("retention.ms")
                                   .config("delete.retention.ms")
                                   .config("min.compaction.lag.ms")
                                   .config("max.compaction.lag.ms")
                                   .config("min.cleanable.dirty.ratio")
                                   .build()
                               .build()}
write flush

write zilla:data.ext ${kafka:dataEx()
                              .typeId(zilla:id("kafka"))
                              .describe()
                                  .config("cleanup.policy", "delete")
                                  .config("max.message.bytes", 1000012)
                                  .config("segment.bytes", 1073741824)
                                  .config("segment.index.bytes", 10485760)
                                  .config("segment.ms", 604800000)
                                  .config("retention.bytes", -1)
                                  .config("retention.ms", 604800000)
                                  .config("delete.retention.ms", 86400000)
                                  .config("min.compaction.lag.ms", 0)
                                  .config("max.compaction.lag.ms", 9223372036854775807)
                                  .config("min.cleanable.dirty.ratio", 0.5)
                                  .build()
                              .build()}
write flush

accepted

read zilla:begin.ext ${kafka:beginEx()
                              .typeId(zilla:id("kafka"))
                              .meta()
                                  .topic("test")
                                  .build()
                              .build()}

connected

write zilla:begin.ext ${kafka:beginEx()
                               .typeId(zilla:id("kafka"))
                               .meta()
                                   .topic("test")
                                   .build()
                               .build()}
write flush

write zilla:data.ext ${kafka:dataEx()
                              .typeId(zilla:id("kafka"))
                              .meta()
                                  .partition(0, 1)
                                  .partition(1, 2)
                                  .build()
                              .build()}
write flush

write await SENT_MESSAGE_A2
write await SENT_MESSAGE_B2

write notify CHANGING_PARTITION_COUNT
write await CHANGED_PARTITION_COUNT

write zilla:data.ext ${kafka:dataEx()
                              .typeId(zilla:id("kafka"))
                              .meta()
                                  .partition(0, 1)
                                  .partition(1, 2)
                                  .partition(2, 3)
                                  .build()
                              .build()}
write flush

accepted

read zilla:begin.ext ${kafka:beginEx()
                              .typeId(zilla:id("kafka"))
                              .fetch()
                                  .topic("test")
                                  .partition(0, -2)
                                  .build()
                              .build()}

connected

write zilla:begin.ext ${kafka:beginEx()
                               .typeId(zilla:id("kafka"))
                               .fetch()
                                   .topic("test")
                                   .partition(0, 1, 2)
                                   .build()
                               .build()}
write flush

write zilla:data.ext ${kafka:dataEx()
                              .typeId(zilla:id("kafka"))
                              .fetch()
                                  .timestamp(newTimestamp)
                                  .partition(0, 1, 2)
                                  .build()
                              .build()}
write "Hello, world #A1"
write flush

write zilla:data.ext ${kafka:dataEx()
                              .typeId(zilla:id("kafka"))
                              .fetch()
                                  .timestamp(newTimestamp)
                                  .partition(0, 2, 2)
                                  .build()
                              .build()}
write "Hello, world #A2"
write flush
write notify SENT_MESSAGE_A2

accepted

read zilla:begin.ext ${kafka:beginEx()
                              .typeId(zilla:id("kafka"))
                              .fetch()
                                  .topic("test")
                                  .partition(1, -2)
                                  .build()
                              .build()}

connected

write zilla:begin.ext ${kafka:beginEx()
                               .typeId(zilla:id("kafka"))
                               .fetch()
                                   .topic("test")
                                   .partition(1, 1, 2)
                                   .build()
                               .build()}
write flush

write zilla:data.ext ${kafka:dataEx()
                              .typeId(zilla:id("kafka"))
                              .fetch()
                                  .timestamp(newTimestamp)
                                  .partition(1, 1, 2)
                                  .build()
                              .build()}
write "Hello, world #B1"
write flush

write zilla:data.ext ${kafka:dataEx()
                              .typeId(zilla:id("kafka"))
                              .fetch()
                                  .timestamp(newTimestamp)
                                  .partition(1, 2, 2)
                                  .build()
                              .build()}
write "Hello, world #B2"
write flush
write notify SENT_MESSAGE_B2

accepted

read zilla:begin.ext ${kafka:beginEx()
                              .typeId(zilla:id("kafka"))
                              .fetch()
                                  .topic("test")
                                  .partition(2, -2)
                                  .build()
                              .build()}

connected

write zilla:begin.ext ${kafka:beginEx()
                               .typeId(zilla:id("kafka"))
                               .fetch()
                                   .topic("test")
                                   .partition(2, 1, 2)
                                   .build()
                               .build()}
write flush

write zilla:data.ext ${kafka:dataEx()
                              .typeId(zilla:id("kafka"))
                              .fetch()
                                  .timestamp(newTimestamp)
                                  .partition(2, 1, 2)
                                  .build()
                              .build()}
write "Hello, world #C1"
write flush

write zilla:data.ext ${kafka:dataEx()
                              .typeId(zilla:id("kafka"))
                              .fetch()
                                  .timestamp(newTimestamp)
                                  .partition(2, 2, 2)
                                  .build()
                              .build()}
write "Hello, world #C2"
write flush
write notify SENT_MESSAGE_C2
