#
# Copyright 2021-2023 Aklivity Inc
#
# Licensed under the Aklivity Community License (the "License"); you may not use
# this file except in compliance with the License.  You may obtain a copy of the
# License at
#
#   https://www.aklivity.io/aklivity-community-license/
#
# Unless required by applicable law or agreed to in writing, software
# distributed under the License is distributed on an "AS IS" BASIS, WITHOUT
# WARRANTIES OF ANY KIND, either express or implied.  See the License for the
# specific language governing permissions and limitations under the License.
#

connect "zilla://streams/kafka0"
         option zilla:window 8192
         option zilla:transmission "duplex"

write zilla:begin.ext ${kafka:beginEx()
                            .typeId(zilla:id("kafka"))
                            .merged()
                                .capabilities("PRODUCE_AND_FETCH")
                                .topic("mqtt-sessions")
                                .groupId("mqtt-clients")
                                .filter()
                                    .header("type", "will-signal")
                                    .build()
                                .filter()
                                    .header("type", "expiry-signal")
                                    .build()
                                .build()
                            .build()}

connected

read zilla:data.ext ${kafka:matchDataEx()
                           .typeId(zilla:id("kafka"))
                           .merged()
                               .deferred(0)
                               .partition(-1, -1)
                               .key("client-1#expiry-signal")
                               .hashKey("client-1")
                               .header("type", "expiry-signal")
                               .build()
                           .build()}
read zilla:data.null

read zilla:data.ext ${kafka:matchDataEx()
                           .typeId(zilla:id("kafka"))
                           .merged()
                               .deferred(0)
                               .partition(-1, -1)
                               .key("client-1#expiry-signal")
                               .header("type", "expiry-signal")
                               .build()
                           .build()}
read ${mqtt:sessionSignal()
            .expiry()
                .instanceId("zilla-1")
                .clientId("client-1")
                .delay(1000)
                .expireAt(-1)
                .build()
            .build()}

read zilla:data.ext ${kafka:matchDataEx()
                           .typeId(zilla:id("kafka"))
                           .merged()
                               .deferred(0)
                               .partition(-1, -1)
                               .key("client-1#expiry-signal")
                               .header("type", "expiry-signal")
                               .build()
                           .build()}
read ${mqtt:sessionSignal()
            .expiry()
                .instanceId("zilla-1")
                .clientId("client-1")
                .delay(1000)
                .expireAt(2000)
                .build()
            .build()}

read notify RECEIVED_WILL_DELIVER_AT_SIGNAL


write zilla:data.ext ${kafka:dataEx()
                           .typeId(zilla:id("kafka"))
                           .merged()
                               .deferred(0)
                               .partition(-1, -1)
                               .key("client-1")
                               .hashKey("client-1")
                               .build()
                           .build()}
write flush


connect "zilla://streams/kafka0"
         option zilla:window 8192
         option zilla:transmission "duplex"


write zilla:begin.ext ${kafka:beginEx()
                            .typeId(zilla:id("kafka"))
                            .merged()
                                .capabilities("PRODUCE_AND_FETCH")
                                .topic("mqtt-sessions")
                                .groupId("mqtt-clients")
                                .filter()
                                    .key("client-1#migrate")
                                    .headerNot("sender-id", "sender-1")
                                    .build()
                                .build()
                            .build()}

connected

write zilla:data.ext ${kafka:dataEx()
                           .typeId(zilla:id("kafka"))
                           .merged()
                               .deferred(0)
                               .partition(-1, -1)
                               .key("client-1#migrate")
                               .hashKey("client-1")
                               .header("sender-id", "sender-1")
                               .build()
                           .build()}
write zilla:data.empty
write flush
write notify SENT_INITIAL_MIGRATE_SIGNAL

write close
read closed


connect await SENT_INITIAL_MIGRATE_SIGNAL
        "zilla://streams/kafka0"
         option zilla:window 8192
         option zilla:transmission "duplex"

write zilla:begin.ext ${kafka:beginEx()
                               .typeId(zilla:id("kafka"))
                               .group()
                                   .groupId("client-1")
                                   .protocol("highlander")
                                   .timeout(1000)
                                   .build()
                               .build()}

connected

read advised zilla:flush ${kafka:matchFlushEx()
                             .typeId(zilla:id("kafka"))
                             .group()
                                 .leaderId("member-1")
                                 .memberId("member-1")
                                 .members("member-1")
                                 .build()
                             .build()}
read notify RECEIVED_GROUP_MEMBERS_LEADER

write zilla:data.empty
write flush


write close


connect await RECEIVED_GROUP_MEMBERS_LEADER
        "zilla://streams/kafka0"
         option zilla:window 8192
         option zilla:transmission "duplex"

write zilla:begin.ext ${kafka:beginEx()
                            .typeId(zilla:id("kafka"))
                            .merged()
                                .capabilities("PRODUCE_AND_FETCH")
                                .topic("mqtt-sessions")
                                .groupId("mqtt-clients")
                                .filter()
                                    .key("client-1")
                                    .build()
                                .filter()
                                    .key("client-1#migrate")
                                    .headerNot("sender-id", "sender-1")
                                    .build()
                                .build()
                            .build()}

connected

# will delivery cancellation signal for client-1
write zilla:data.ext ${kafka:dataEx()
                           .typeId(zilla:id("kafka"))
                           .merged()
                               .deferred(0)
                               .partition(-1, -1)
                               .key("client-1#will-signal")
                               .hashKey("client-1")
                               .header("type", "will-signal")
                               .build()
                           .build()}
write flush

write zilla:data.ext ${kafka:dataEx()
                           .typeId(zilla:id("kafka"))
                           .merged()
                               .deferred(0)
                               .partition(-1, -1)
                               .key("client-1#expiry-signal")
                               .hashKey("client-1")
                               .header("type", "expiry-signal")
                               .build()
                           .build()}
write flush

write zilla:data.ext ${kafka:dataEx()
                           .typeId(zilla:id("kafka"))
                           .merged()
                               .deferred(0)
                               .partition(-1, -1)
                               .key("client-1#expiry-signal")
                               .hashKey("client-1")
                               .header("type", "expiry-signal")
                               .build()
                           .build()}
write ${mqtt:sessionSignal()
            .expiry()
                .instanceId("zilla-1")
                .clientId("client-1")
                .delay(1000)
                .expireAt(-1)
                .build()
            .build()}

# no will signals
# no session state
read advised zilla:flush

write zilla:data.ext ${kafka:dataEx()
                           .typeId(zilla:id("kafka"))
                           .merged()
                               .deferred(0)
                               .partition(-1, -1)
                               .key("client-1#expiry-signal")
                               .hashKey("client-1")
                               .header("type", "expiry-signal")
                               .build()
                           .build()}
write ${mqtt:sessionSignal()
            .expiry()
               .instanceId("zilla-1")
               .clientId("client-1")
               .delay(1000)
               .expireAt(2000)
               .build()
            .build()}
write flush

write close
read closed
