#
# Copyright 2021-2023 Aklivity Inc
#
# Licensed under the Aklivity Community License (the "License"); you may not use
# this file except in compliance with the License.  You may obtain a copy of the
# License at
#
#   https://www.aklivity.io/aklivity-community-license/
#
# Unless required by applicable law or agreed to in writing, software
# distributed under the License is distributed on an "AS IS" BASIS, WITHOUT
# WARRANTIES OF ANY KIND, either express or implied.  See the License for the
# specific language governing permissions and limitations under the License.
#

property networkConnectWindow 8192

connect "zilla://streams/net0"
  option zilla:window ${networkConnectWindow}
  option zilla:transmission "duplex"
  option zilla:byteorder "network"

connected

write [0x51]                            # type Q
      110                               # length
      "CREATE TABLE IF NOT EXISTS balances (name VARCHAR, type VARCHAR, description VARCHAR, PRIMARY KEY (name));"

read [0x43]                             # type C
     16                                 # length
     "CREATE_TABLE"                     # tag

read [0x5a]                             # type Z
     5                                  # length
     [0x49]                             # tag
