#
# Copyright 2021-2023 Aklivity Inc.
#
# Aklivity licenses this file to you under the Apache License,
# version 2.0 (the "License"); you may not use this file except in compliance
# with the License. You may obtain a copy of the License at:
#
#   http://www.apache.org/licenses/LICENSE-2.0
#
# Unless required by applicable law or agreed to in writing, software
# distributed under the License is distributed on an "AS IS" BASIS, WITHOUT
# WARRANTIES OR CONDITIONS OF ANY KIND, either express or implied. See the
# License for the specific language governing permissions and limitations
# under the License.
#

connect "zilla://streams/net0"
  option zilla:window 8192
  option zilla:transmission "duplex"
  option zilla:byteorder "network"

connected

write [0x10 0xa3 0x50]                                 # CONNECT
      [0x00 0x04] "MQTT"                               # protocol name
      [0x05]                                           # protocol version
      [0x06]                                           # flags = will flag, clean start
      [0x00 0x0a]                                      # keep alive = 10s
      [0x05]                                           # properties
      [0x27] 66560                                     # maximum packet size = 66560
      [0x00 0x03] "one"                                # client id
      [0x00]                                           # will properties
      [0x00 0x09] "wills/one"                          # will topic
      [0x28 0x00] ${mqtt:randomBytes(10240)}           # will payload

read  [0x20 0x03]                                      # CONNACK
      [0x00]                                           # flags = none
      [0x00]                                           # reason code
      [0x00]                                           # properties

write [0xe0 0x02]                                      # DISCONNECT
      [0x00]                                           # normal disconnect
      [0x00]                                           # properties = none

write close
