#
# Copyright 2021-2022 Aklivity Inc.
#
# Aklivity licenses this file to you under the Apache License,
# version 2.0 (the "License"); you may not use this file except in compliance
# with the License. You may obtain a copy of the License at:
#
#   http://www.apache.org/licenses/LICENSE-2.0
#
# Unless required by applicable law or agreed to in writing, software
# distributed under the License is distributed on an "AS IS" BASIS, WITHOUT
# WARRANTIES OR CONDITIONS OF ANY KIND, either express or implied. See the
# License for the specific language governing permissions and limitations
# under the License.
#

accept "zilla://streams/net#0"
  option zilla:window 8192
  option zilla:transmission "duplex"

accepted
connected

# header exchange
read "AMQP" [0x00 0x01 0x00 0x00]
write "AMQP" [0x00 0x01 0x00 0x00]

# open frame exchange
read [0x00 0x00 0x00 0x3d]                                      # size = 61
     [0x02]                                                     # doff = 2
     [0x00]                                                     # type = AMQP (0)
     [0x00 0x00]                                                # channel = 0
     [0x00 0x53 0x10]                                           # performative = open (16)
     [0xc0 0x30 0x0a]                                           # list type (LIST1), length = 48, fields = 10
     [0xa1 0x06] "client"                                       # container-id = "client"
     [0x40]                                                     # hostname = null
     [0x40]                                                     # max-frame-size = null
     [0x40]                                                     # channel-max = null
     [0x40]                                                     # idle-time-out = null
     [0x40]                                                     # outgoing-locales = null
     [0x40]                                                     # incoming-locales = null
     [0x40]                                                     # offered-capabilities = null
     [0x40]                                                     # desired-capabilities = null
     [0xc1 0x1d 0x02]                                           # properties, map8, length = 29, fields = 2
     [0xa1 0x0b] "propertyKey"                                  # map key type = str8-utf8, value = "propertyKey"
     [0xa1 0x0d] "propertyValue"                                # map value type = str8-utf8, value = "propertyKey"

write [0x00 0x00 0x00 0x16]                                     # size = 22
      [0x02]                                                    # doff = 2
      [0x00]                                                    # type = AMQP (0)
      [0x00 0x00]                                               # channel = 0
      [0x00 0x53 0x10]                                          # performative = open (16)
      [0xc0 0x09 0x01]                                          # list type (LIST1), length = 9, fields = 1
      [0xa1 0x06] "server"                                      # container-id = "server"

 # close frame with error
write [0x00 0x00 0x00 0x28]                                     # size = 40
      [0x02]                                                    # doff = 2
      [0x00]                                                    # type = AMQP (0)
      [0x00 0x00]                                               # channel = 0
      [0x00 0x53 0x18]                                          # performative = close (24)
      [0xc0 0x1b 0x01]                                          # list type (list8), length = 27, fields = 1
      [0x00 0x53 0x1d]                                          # error header
      [0xc0 0x15 0x01]                                          # list type (list8), length = 21, fields = 1
      [0xa3 0x12] "amqp:invalid-field"                          # condition = amqp:invalid-field

read [0x00 0x00 0x00 0x0c]                                      # size = 12
     [0x02]                                                     # doff = 2
     [0x00]                                                     # type = AMQP (0)
     [0x00 0x00]                                                # channel = 0
     [0x00 0x53 0x18]                                           # performative = close (24)
     [0x45]                                                     # list type (list0)
