#
# Copyright 2021-2023 Aklivity Inc.
#
# Aklivity licenses this file to you under the Apache License,
# version 2.0 (the "License"); you may not use this file except in compliance
# with the License. You may obtain a copy of the License at:
#
#   http://www.apache.org/licenses/LICENSE-2.0
#
# Unless required by applicable law or agreed to in writing, software
# distributed under the License is distributed on an "AS IS" BASIS, WITHOUT
# WARRANTIES OR CONDITIONS OF ANY KIND, either express or implied. See the
# License for the specific language governing permissions and limitations
# under the License.
#

connect "zilla://streams/app0"
    option zilla:window 8192
    option zilla:transmission "half-duplex"

write zilla:begin.ext ${kafka:beginEx()
                               .typeId(zilla:id("kafka"))
                               .request()
                                 .alterConfigs()
                                    .resource()
                                       .type("TOPIC")
                                       .name("events")
                                       .config("cleanup.policy", "delete")
                                       .build()
                                    .resource()
                                       .type("TOPIC")
                                       .name("snapshots")
                                       .config("cleanup.policy", "compact")
                                       .build()
                                    .validateOnly("false")
                                   .build()
                                .build()}

connected

read zilla:begin.ext ${kafka:matchBeginEx()
                               .typeId(zilla:id("kafka"))
                               .response()
                                 .alterConfigs()
                                    .throttle(0)
                                    .resource()
                                       .error(0)
                                       .type("TOPIC")
                                       .name("events")
                                       .build()
                                    .resource()
                                       .error(0)
                                       .type("TOPIC")
                                       .name("snapshots")
                                       .build()
                                   .build()
                                .build()}

write close
read closed
