#
# Copyright 2021-2022 Aklivity Inc.
#
# Aklivity licenses this file to you under the Apache License,
# version 2.0 (the "License"); you may not use this file except in compliance
# with the License. You may obtain a copy of the License at:
#
#   http://www.apache.org/licenses/LICENSE-2.0
#
# Unless required by applicable law or agreed to in writing, software
# distributed under the License is distributed on an "AS IS" BASIS, WITHOUT
# WARRANTIES OR CONDITIONS OF ANY KIND, either express or implied. See the
# License for the specific language governing permissions and limitations
# under the License.
#

connect "zilla://streams/app#0"
    option zilla:window 8192
    option zilla:transmission "half-duplex"

write zilla:begin.ext ${http:beginEx()
                              .typeId(zilla:id("http"))
                              .header(":scheme", "http")
                              .header(":method", "GET")
                              .header(":path", "/")
                              .header(":authority", "localhost:8080")
                              .build()}
connected

write close

read zilla:begin.ext ${http:beginEx()
                             .typeId(zilla:id("http"))
                             .header(":status", "200")
                             .build()}
