#
# Copyright 2021-2022 Aklivity Inc.
#
# Aklivity licenses this file to you under the Apache License,
# version 2.0 (the "License"); you may not use this file except in compliance
# with the License. You may obtain a copy of the License at:
#
#   http://www.apache.org/licenses/LICENSE-2.0
#
# Unless required by applicable law or agreed to in writing, software
# distributed under the License is distributed on an "AS IS" BASIS, WITHOUT
# WARRANTIES OR CONDITIONS OF ANY KIND, either express or implied. See the
# License for the specific language governing permissions and limitations
# under the License.
#

connect "zilla://streams/app#0"
    option zilla:window 8192
    option zilla:transmission "half-duplex"

write zilla:begin.ext ${kafka:beginEx()
                               .typeId(zilla:id("kafka"))
                               .meta()
                                   .topic("test")
                                   .build()
                               .build()}

connected

read zilla:begin.ext ${kafka:beginEx()
                              .typeId(zilla:id("kafka"))
                              .meta()
                                  .topic("test")
                                  .build()
                              .build()}

read zilla:data.ext ${kafka:dataEx()
                             .typeId(zilla:id("kafka"))
                             .meta()
                                 .partition(0, 177)
                                 .build()
                             .build()}

read notify ROUTED_BROKER_CLIENT

connect await ROUTED_BROKER_CLIENT
        "zilla://streams/app#0"
    option zilla:window 8192
    option zilla:transmission "half-duplex"
    option zilla:affinity 0xb1

write zilla:begin.ext ${kafka:beginEx()
                               .typeId(zilla:id("kafka"))
                               .fetch()
                                   .topic("test")
                                   .partition(0, 4)
                                   .build()
                               .build()}

connected

read zilla:begin.ext ${kafka:beginEx()
                              .typeId(zilla:id("kafka"))
                              .fetch()
                                  .topic("test")
                                  .partition(0, 4, 4)
                                  .build()
                              .build()}

read zilla:data.ext ${kafka:matchDataEx()
                             .typeId(zilla:id("kafka"))
                             .fetch()
                                 .partition(0, 4, 4)
                                 .key("key1")
                                 .build()
                             .build()}
read "Hello, again"
