#
# Copyright 2021-2021 Aklivity Inc.
#
# Aklivity licenses this file to you under the Apache License,
# version 2.0 (the "License"); you may not use this file except in compliance
# with the License. You may obtain a copy of the License at:
#
#   http://www.apache.org/licenses/LICENSE-2.0
#
# Unless required by applicable law or agreed to in writing, software
# distributed under the License is distributed on an "AS IS" BASIS, WITHOUT
# WARRANTIES OR CONDITIONS OF ANY KIND, either express or implied. See the
# License for the specific language governing permissions and limitations
# under the License.
#

property clientInitialWindow 8192

connect "zilla://streams/app#0"
    option zilla:window ${clientInitialWindow}
    option zilla:transmission "duplex"

connected

write notify CLIENT_CONNECTION_ONE_ESTABLISHED

read "server data 1"

connect await CLIENT_CONNECTION_ONE_ESTABLISHED
        "zilla://streams/app#0"
    option zilla:window ${clientInitialWindow}
    option zilla:transmission "duplex"

connected

read "server data 2"

