#
# Copyright 2021-2021 Aklivity Inc.
#
# Aklivity licenses this file to you under the Apache License,
# version 2.0 (the "License"); you may not use this file except in compliance
# with the License. You may obtain a copy of the License at:
#
#   http://www.apache.org/licenses/LICENSE-2.0
#
# Unless required by applicable law or agreed to in writing, software
# distributed under the License is distributed on an "AS IS" BASIS, WITHOUT
# WARRANTIES OR CONDITIONS OF ANY KIND, either express or implied. See the
# License for the specific language governing permissions and limitations
# under the License.
#

accept "zilla://streams/net#0"
  option zilla:window 8192
  option zilla:transmission "duplex"

accepted
connected

# header exchange
read "AMQP" [0x00 0x01 0x00 0x00]
write "AMQP" [0x00 0x01 0x00 0x00]

# open frame exchange
read [0x00 0x00 0x00 0x2f]                                        # size = 47
     [0x02]                                                       # doff = 2
     [0x00]                                                       # type = AMQP (0)
     [0x00 0x00]                                                  # channel = 0
     [0x00 0x53 0x10]                                             # performative = open (16)
     [0xd0 0x00 0x00 0x00 0x1f]                                   # list type (list32), length = 31
     [0x00 0x00 0x00 0x04]                                        # fields = 4
     [0xa1 0x06] "client"                                         # container-id = "client"
     [0xa1 0x09] "localhost"                                      # hostname = "localhost"
     [0x70 0x00 0x10 0x00 0x00]                                   # max-frame-size = 1048576
     [0x60 0x00 0x00]                                             # channel-max = 0

write [0x00 0x00 0x00 0x1f]                                       # size = 31
      [0x02]                                                      # doff = 2
      [0x00]                                                      # type = AMQP (0)
      [0x00 0x00]                                                 # channel = 0
      [0x00 0x53 0x10]                                            # performative = open (16)
      [0xc0 0x12]                                                 # list type (list8), length = 18
      [0x04]                                                      # fields = 4
      [0xa1 0x06] "server"                                        # container-id = "server"
      [0x40]                                                      # hostname = null
      [0x70 0x00 0x02 0x00 0x00]                                  # max-frame-size = 131072
      [0x60 0x00 0x00]                                            # channel-max = 0

# begin frame exchange
read [0x00 0x00 0x00 0x1b]                                        # size = 27
     [0x02]                                                       # doff = 2
     [0x00]                                                       # type = AMQP (0)
     [0x00 0x01]                                                  # channel = 1
     [0x00 0x53 0x11]                                             # performative = begin (17)
     [0xc0 0x0e]                                                  # list type (list8), length = 14
     [0x04]                                                       # fields = 4
     [0x40]                                                       # remote-channel = null
     [0x52 0x01]                                                  # next-outgoing-id = 1
     [0x70 0x00 0x00 0x07 0xff]                                   # incoming-window = 2047
     [0x70 0x7f 0xff 0xff 0xff]                                   # outgoing-window = 2147483647

write [0x00 0x00 0x00 0x1d]                                       # size = 29
      [0x02]                                                      # doff = 2
      [0x00]                                                      # type = AMQP (0)
      [0x00 0x01]                                                 # channel = 1
      [0x00 0x53 0x11]                                            # performative = begin (17)
      [0xc0 0x10]                                                 # list type (list8), length = 16
      [0x04]                                                      # fields = 4
      [0x60 0x00 0x01]                                            # remote-channel = 1
      [0x52 0x01]                                                 # next-outgoing-id = 1
      [0x70 0x00 0x01 0x00 0x00]                                  # incoming-window = 65536
      [0x70 0x7f 0xff 0xff 0xff]                                  # outgoing-window = 2147483647

# begin frame exchange
read [0x00 0x00 0x00 0x1b]                                        # size = 27
     [0x02]                                                       # doff = 2
     [0x00]                                                       # type = AMQP (0)
     [0x00 0x02]                                                  # channel = 2
     [0x00 0x53 0x11]                                             # performative = begin (17)
     [0xc0 0x0e]                                                  # list type (list8), length = 14
     [0x04]                                                       # fields = 4
     [0x40]                                                       # remote-channel = null
     [0x52 0x01]                                                  # next-outgoing-id = 1
     [0x70 0x00 0x00 0x07 0xff]                                   # incoming-window = 2047
     [0x70 0x7f 0xff 0xff 0xff]                                   # outgoing-window = 2147483647

# close frame exchange
write [0x00 0x00 0x00 0x2d]                                       # size = 45
      [0x02]                                                      # doff = 2
      [0x00]                                                      # type = AMQP (0)
      [0x00 0x00]                                                 # channel = 0
      [0x00 0x53 0x18]                                            # performative = close (24)
      [0xc0 0x20]                                                 # list type (list8), length = 32
      [0x01]                                                      # fields = 1
      [0xa3 0x1d] "amqp:connection:framing-error"                 # error = framing-error
