#
# Copyright 2021-2023 Aklivity Inc
#
# Licensed under the Aklivity Community License (the "License"); you may not use
# this file except in compliance with the License.  You may obtain a copy of the
# License at
#
#   https://www.aklivity.io/aklivity-community-license/
#
# Unless required by applicable law or agreed to in writing, software
# distributed under the License is distributed on an "AS IS" BASIS, WITHOUT
# WARRANTIES OF ANY KIND, either express or implied.  See the License for the
# specific language governing permissions and limitations under the License.
#

accept "zilla://streams/app1"
    option zilla:window 8192
    option zilla:transmission "duplex"

accepted

read zilla:begin.ext ${pgsql:beginEx()
                              .typeId(zilla:id("pgsql"))
                              .parameter("user", "root")
                              .parameter("database", "dev")
                              .parameter("application_name", "psql")
                              .parameter("client_encoding", "UTF8")
                              .build()}

connected

read await CREATE_TOPIC_COMPLETED

read zilla:data.ext ${pgsql:dataEx()
                              .typeId(zilla:id("pgsql"))
                              .query()
                                .build()
                              .build()}
read "CREATE SOURCE IF NOT EXISTS weather (*)\n"
      "INCLUDE header'zilla:correlation-id' AS correlation_id\n"
      "INCLUDE header 'zilla:identity' AS owner_id"
      "INCLUDE timestamp as timestamp\n"
      "WITH (\n"
      "   connector='kafka',\n"
      "   properties.bootstrap.server='localhost:9092',\n"
      "   topic='dev.weather',\n"
      "   scan.startup.mode='latest',\n"
      "   scan.startup.timestamp.millis='140000000'\n"
      ")\n"
      ") FORMAT UPSERT ENCODE AVRO (\n"
      "   schema.registry = 'http://localhost:8081'\n"
      ");"
      [0x00]

write advise zilla:flush ${pgsql:flushEx()
                              .typeId(zilla:id("pgsql"))
                              .completion()
                                .tag("CREATE_SOURCE")
                                .build()
                              .build()}

write advise zilla:flush ${pgsql:flushEx()
                              .typeId(zilla:id("pgsql"))
                              .ready()
                                .status("IDLE")
                                .build()
                              .build()}


accept "zilla://streams/app2"
    option zilla:window 8192
    option zilla:transmission "duplex"

accepted

read zilla:begin.ext ${pgsql:beginEx()
                              .typeId(zilla:id("pgsql"))
                              .parameter("user", "root")
                              .parameter("database", "dev")
                              .parameter("application_name", "psql")
                              .parameter("client_encoding", "UTF8")
                              .build()}

connected

read zilla:data.ext ${pgsql:dataEx()
                              .typeId(zilla:id("pgsql"))
                              .query()
                                .build()
                              .build()}
read "CREATE TOPIC IF NOT EXISTS weather "
     "(city VARCHAR, temperature DOUBLE, date DATE);"
     [0x00]

write advise zilla:flush ${pgsql:flushEx()
                              .typeId(zilla:id("pgsql"))
                              .completion()
                                .tag("CREATE_TOPIC")
                                .build()
                              .build()}

write notify CREATE_TOPIC_COMPLETED

write advise zilla:flush ${pgsql:flushEx()
                              .typeId(zilla:id("pgsql"))
                              .ready()
                                .status("IDLE")
                                .build()
                              .build()}

