#
# Copyright 2021-2023 Aklivity Inc.
#
# Aklivity licenses this file to you under the Apache License,
# version 2.0 (the "License"); you may not use this file except in compliance
# with the License. You may obtain a copy of the License at:
#
#   http://www.apache.org/licenses/LICENSE-2.0
#
# Unless required by applicable law or agreed to in writing, software
# distributed under the License is distributed on an "AS IS" BASIS, WITHOUT
# WARRANTIES OR CONDITIONS OF ANY KIND, either express or implied. See the
# License for the specific language governing permissions and limitations
# under the License.
#

property serverAddress "zilla://streams/app0"

accept ${serverAddress}
    option zilla:window 8192
    option zilla:transmission "half-duplex"

accepted

read zilla:begin.ext ${kafka:beginEx()
                               .typeId(zilla:id("kafka"))
                               .offsetCommit()
                                   .topic("test")
                                   .groupId("client-1")
                                   .generationId(0)
                                   .memberId("memberId-1")
                                   .build()
                               .build()}

connected

read zilla:data.ext ${kafka:dataEx()
                              .typeId(zilla:id("kafka"))
                              .offsetCommit()
                                  .partition(0, 2)
                                  .leaderEpoch(0)
                                  .build()
                              .build()}

read "test-meta"
