#
# Copyright 2021-2022 Aklivity Inc.
#
# Aklivity licenses this file to you under the Apache License,
# version 2.0 (the "License"); you may not use this file except in compliance
# with the License. You may obtain a copy of the License at:
#
#   http://www.apache.org/licenses/LICENSE-2.0
#
# Unless required by applicable law or agreed to in writing, software
# distributed under the License is distributed on an "AS IS" BASIS, WITHOUT
# WARRANTIES OR CONDITIONS OF ANY KIND, either express or implied. See the
# License for the specific language governing permissions and limitations
# under the License.
#

property key ${ws:handshakeKey()}
property writeMaskA ${http:randomBytes(4)}
property writeMaskB ${http:randomBytes(4)}
property writeMaskC ${http:randomBytes(4)}
property writeMaskP ${http:randomBytes(4)}
property writeMaskD ${http:randomBytes(4)}
property writeMaskE ${http:randomBytes(4)}
property client25a ${http:randomBytes(25)}
property client25b ${http:randomBytes(25)}
property client25c ${http:randomBytes(25)}
property client25d ${http:randomBytes(25)}
property client25e ${http:randomBytes(25)}

connect "http://localhost:8080/echo"
connected

write http:method "GET"
write http:version "HTTP/1.1"
write http:host
write http:header "Upgrade" "websocket"
write http:header "Connection" "Upgrade"
write http:header "Sec-WebSocket-Key" ${key}
write http:header "Sec-WebSocket-Version" "13"

read http:status "101" /.+/
read http:version "HTTP/1.1"
read http:header "Upgrade" /(?i:websocket)/
read http:header "Connection" /(?i:Upgrade)/
read http:header "Sec-WebSocket-Accept" ${ws:handshakeHash(key)}

write [0x02 0x99] ${writeMaskA}
write option mask ${writeMaskA}
write ${client25a}
write option mask [0x00 0x00 0x00 0x00]

write [0x00 0x99] ${writeMaskB}
write option mask ${writeMaskB}
write ${client25b}
write option mask [0x00 0x00 0x00 0x00]

write [0x00 0x99] ${writeMaskC}
write option mask ${writeMaskC}
write ${client25c}
write option mask [0x00 0x00 0x00 0x00]

write [0x89 0x80] ${writeMaskP}

write [0x00 0x99] ${writeMaskD}
write option mask ${writeMaskD}
write ${client25d}
write option mask [0x00 0x00 0x00 0x00]

write [0x80 0x99] ${writeMaskE}
write option mask ${writeMaskE}
write ${client25e}
write option mask [0x00 0x00 0x00 0x00]

read [0x8a 0x00]
read [0x82 0x7d] ${client25a} ${client25b} ${client25c} ${client25d} ${client25e}
