#
# Copyright 2021-2023 Aklivity Inc.
#
# Aklivity licenses this file to you under the Apache License,
# version 2.0 (the "License"); you may not use this file except in compliance
# with the License. You may obtain a copy of the License at:
#
#   http://www.apache.org/licenses/LICENSE-2.0
#
# Unless required by applicable law or agreed to in writing, software
# distributed under the License is distributed on an "AS IS" BASIS, WITHOUT
# WARRANTIES OR CONDITIONS OF ANY KIND, either express or implied. See the
# License for the specific language governing permissions and limitations
# under the License.
#

accept "http://localhost:8080/echo"
accepted
connected

read http:method "GET"
read http:version "HTTP/1.1"
read http:header "Host" "localhost:8080"
read http:header "Upgrade" /(?i:websocket)/
read http:header "Connection" /(?i:Upgrade)/
read http:header "Sec-WebSocket-Key" /(?<key>[a-zA-Z0-9+\/=]{24})/
read http:header "Sec-WebSocket-Version" "13"

write http:status "101" "Switching Protocols"
write http:version "HTTP/1.1"
write http:header "Upgrade" "websocket"
write http:header "Connection" "Upgrade"
write http:header "Sec-WebSocket-Accept" ${ws:handshakeHash(key)}

read [0x02 0x99] ([0..4] :readMaskA)
read option mask ${readMaskA}
read ([0..25] :server25a)
read option mask [0x00 0x00 0x00 0x00]

read [0x00 0x99] ([0..4] :readMaskB)
read option mask ${readMaskB}
read ([0..25] :server25b)
read option mask [0x00 0x00 0x00 0x00]

read [0x00 0x99] ([0..4] :readMaskC)
read option mask ${readMaskC}
read ([0..25] :server25c)
read option mask [0x00 0x00 0x00 0x00]

read [0x89 0x80] [0..4]
write [0x8a 0x00]

read [0x00 0x99] ([0..4] :readMaskD)
read option mask ${readMaskD}
read ([0..25] :server25d)
read option mask [0x00 0x00 0x00 0x00]

read [0x80 0x99] ([0..4] :readMaskE)
read option mask ${readMaskE}
read ([0..25] :server25e)
read option mask [0x00 0x00 0x00 0x00]

write [0x82 0x7d] ${server25a} ${server25b} ${server25c} ${server25d} ${server25e}
