#
# Copyright 2021-2022 Aklivity Inc.
#
# Aklivity licenses this file to you under the Apache License,
# version 2.0 (the "License"); you may not use this file except in compliance
# with the License. You may obtain a copy of the License at:
#
#   http://www.apache.org/licenses/LICENSE-2.0
#
# Unless required by applicable law or agreed to in writing, software
# distributed under the License is distributed on an "AS IS" BASIS, WITHOUT
# WARRANTIES OR CONDITIONS OF ANY KIND, either express or implied. See the
# License for the specific language governing permissions and limitations
# under the License.
#

connect "zilla://streams/net0"
        option zilla:window 8192
        option zilla:transmission "duplex"
connected

# client connection preface
write "PRI * HTTP/2.0\r\n"
      "\r\n"
      "SM\r\n"
      "\r\n"
write flush

# server connection preface - SETTINGS frame
read [0x00 0x00 0x12]                   # length = 18
     [0x04]                             # HTTP2 SETTINGS frame
     [0x00]                             # flags = 0x00
     [0x00 0x00 0x00 0x00]              # stream_id = 0
     [0x00 0x03 0x00 0x00 0x00 0x64]    # SETTINGS_MAX_CONCURRENT_STREAMS(0x03) = 100
     [0x00 0x04 0x00 0x00 0x00 0x00]    # SETTINGS_INITIAL_WINDOW_SIZE(0x04) = 0
     [0x00 0x06 0x00 0x00 0x20 0x00]    # SETTINGS_MAX_HEADER_LIST_SIZE(0x06) = 8192

write [0x00 0x00 0x0c]                   # length = 12
      [0x04]                             # HTTP2 SETTINGS frame
      [0x00]                             # flags = 0x00
      [0x00 0x00 0x00 0x00]              # stream_id = 0
      [0x00 0x03 0x00 0x00 0x00 0x64]    # SETTINGS_MAX_CONCURRENT_STREAMS(0x03) = 100
      [0x00 0x04 0x00 0x00 0xff 0xff]    # SETTINGS_INITIAL_WINDOW_SIZE(0x04) = 65535
write flush

read [0x00 0x00 0x00]                    # length = 0
     [0x04]                              # HTTP2 SETTINGS frame
     [0x01]                              # ACK
     [0x00 0x00 0x00 0x00]               # stream_id = 0

write [0x00 0x00 0x05]                   # length
      [0x06]                             # PING frame
      [0x00]                             # no flags
      [0x00 0x00 0x00 0x00]              # stream_id=0
      [0x00 0x00 0x00 0x00 0x3c]         # ping data

read [0x00 0x00 0x08]                          # length = 8
     [0x07]                                    # HTTP2 GO_AWAY frame
     [0x00]                                    # no flags
     [0x00 0x00 0x00 0x00]                     # stream_id=0
     [0x00 0x00 0x00 0x00]                     # Last-Stream_ID
     [0x00 0x00 0x00 0x06]                     # FRAME_SIZE_ERROR

# read aborted
# write aborted
