#
# Copyright 2021-2023 Aklivity Inc
#
# Licensed under the Aklivity Community License (the "License"); you may not use
# this file except in compliance with the License.  You may obtain a copy of the
# License at
#
#   https://www.aklivity.io/aklivity-community-license/
#
# Unless required by applicable law or agreed to in writing, software
# distributed under the License is distributed on an "AS IS" BASIS, WITHOUT
# WARRANTIES OF ANY KIND, either express or implied.  See the License for the
# specific language governing permissions and limitations under the License.
#

accept "zilla://streams/kafka0"
        option zilla:window 8192
        option zilla:transmission "duplex"

accepted

read zilla:begin.ext ${kafka:matchBeginEx()
                            .typeId(zilla:id("kafka"))
                            .merged()
                                .capabilities("PRODUCE_AND_FETCH")
                                .topic("mqtt_sessions")
                                .filter()
                                    .key("client-1#migrate")
                                    .headerNot("sender-id", "sender-1")
                                    .build()
                                .build()
                            .build()}

connected

read zilla:data.ext ${kafka:matchDataEx()
                           .typeId(zilla:id("kafka"))
                           .merged()
                               .deferred(0)
                               .partition(-1, -1)
                               .key("client-1#migrate")
                               .hashKey("client-1")
                               .header("sender-id", "sender-1")
                               .build()
                           .build()}
read zilla:data.empty

read closed
write close


accepted

read zilla:begin.ext ${kafka:matchBeginEx()
                               .typeId(zilla:id("kafka"))
                               .group()
                                   .groupId("client-1")
                                   .protocol("highlander")
                                   .timeout(1000)
                                   .build()
                               .build()}

connected

write zilla:data.ext ${kafka:dataEx()
                             .typeId(zilla:id("kafka"))
                             .group()
                                 .leaderId("consumer-1")
                                 .memberId("consumer-1")
                                 .members(1)
                                 .build()
                             .build()}
write flush


accepted

read zilla:begin.ext ${kafka:matchBeginEx()
                            .typeId(zilla:id("kafka"))
                            .merged()
                                .capabilities("PRODUCE_AND_FETCH")
                                .topic("mqtt_sessions")
                                .filter()
                                    .key("client-1")
                                    .build()
                                .filter()
                                    .key("client-1#migrate")
                                    .headerNot("sender-id", "sender-1")
                                    .build()
                                .build()
                            .build()}

connected

write advise zilla:flush

read abort
