#
# Copyright 2021-2023 Aklivity Inc
#
# Licensed under the Aklivity Community License (the "License"); you may not use
# this file except in compliance with the License.  You may obtain a copy of the
# License at
#
#   https://www.aklivity.io/aklivity-community-license/
#
# Unless required by applicable law or agreed to in writing, software
# distributed under the License is distributed on an "AS IS" BASIS, WITHOUT
# WARRANTIES OF ANY KIND, either express or implied.  See the License for the
# specific language governing permissions and limitations under the License.
#

accept "zilla://streams/kafka0"
    option zilla:window 8192
    option zilla:transmission "duplex"

accepted

read zilla:begin.ext ${kafka:beginEx()
                            .typeId(zilla:id("kafka"))
                            .merged()
                                .capabilities("PRODUCE_ONLY")
                                .topic("mqtt-sensors")
                                .partition(-1, -2)
                                .ackMode("LEADER_ONLY")
                                .build()
                            .build()}


connected

read zilla:data.ext ${kafka:matchDataEx()
                           .typeId(zilla:id("kafka"))
                           .merged()
                               .deferred(0)
                               .partition(-1, -1)
                               .key("sensor/one")
                               .header("zilla:filter", "sensor")
                               .header("zilla:filter", "one")
                               .header("zilla:local", "client-1")
                               .header("zilla:format", "TEXT")
                               .build()
                           .build()}

read "message1"


accepted

read zilla:begin.ext ${kafka:beginEx()
                            .typeId(zilla:id("kafka"))
                            .merged()
                                .capabilities("PRODUCE_ONLY")
                                .topic("mqtt-devices")
                                .partition(-1, -2)
                                .ackMode("LEADER_ONLY")
                                .build()
                            .build()}


connected

read zilla:data.ext ${kafka:matchDataEx()
                           .typeId(zilla:id("kafka"))
                           .merged()
                               .deferred(0)
                               .partition(-1, -1)
                               .key("device/one")
                               .header("zilla:filter", "device")
                               .header("zilla:filter", "one")
                               .header("zilla:local", "client-1")
                               .header("zilla:format", "TEXT")
                               .build()
                           .build()}

read "message1"

