#
# Copyright 2021-2022 Aklivity Inc
#
# Licensed under the Aklivity Community License (the "License"); you may not use
# this file except in compliance with the License.  You may obtain a copy of the
# License at
#
#   https://www.aklivity.io/aklivity-community-license/
#
# Unless required by applicable law or agreed to in writing, software
# distributed under the License is distributed on an "AS IS" BASIS, WITHOUT
# WARRANTIES OF ANY KIND, either express or implied.  See the License for the
# specific language governing permissions and limitations under the License.
#

connect "zilla://streams/kafka0"
    option zilla:window 8192
    option zilla:transmission "duplex"

write zilla:begin.ext ${kafka:beginEx()
                             .typeId(zilla:id("kafka"))
                             .merged()
                                 .capabilities("PRODUCE_ONLY")
                                 .topic("requests")
                                 .partition(-1, -2)
                                 .ackMode("LEADER_ONLY")
                                 .build()
                             .build()}

connected

write zilla:data.ext ${kafka:dataEx()
                                 .typeId(zilla:id("kafka"))
                                 .merged()
                                     .deferred(0)
                                     .partition(-1, -1)
                                     .key("test")
                                     .header("zilla:identity", "test")
                                     .header("zilla:service", "example.EchoService")
                                     .header("zilla:method", "EchoClientStream")
                                     .header("zilla:request", "STREAM")
                                     .header("zilla:response", "UNARY")
                                     .header("zilla:correlation-id", "59410e57-3e0f-4b61-9328-f645a7968ac8-d41d8cd98f00b204e9800998ecf8427e")
                                     .build()
                                 .build()}
write ${grpc:protobuf()
            .string(1, "Hello World1")
            .build()}
write flush

read aborted
write abort
