#
# Copyright 2021-2023 Aklivity Inc.
#
# Aklivity licenses this file to you under the Apache License,
# version 2.0 (the "License"); you may not use this file except in compliance
# with the License. You may obtain a copy of the License at:
#
#   http://www.apache.org/licenses/LICENSE-2.0
#
# Unless required by applicable law or agreed to in writing, software
# distributed under the License is distributed on an "AS IS" BASIS, WITHOUT
# WARRANTIES OR CONDITIONS OF ANY KIND, either express or implied. See the
# License for the specific language governing permissions and limitations
# under the License.
#

property serverAddress "zilla://streams/app0"

accept ${serverAddress}
    option zilla:window 8192
    option zilla:transmission "half-duplex"

accepted

connected

read zilla:data.ext ${pgsql:dataEx()
                              .typeId(zilla:id("pgsql"))
                              .pgsqlQuery()
                              .build()}
"CREATE TABLE IF NOT EXISTS balances (name VARCHAR, type VARCHAR, description VARCHAR, PRIMARY KEY (name));"

write zilla:flush.ext ${pgsql:flushEx()
                              .typeId(zilla:id("pgsql"))
                              .pgsqlCompleted()
                                .tag("CREATE_TABLE")
                                .build()
                              .build()}
write flush

write zilla:flush.ext ${pgsql:flushEx()
                              .typeId(zilla:id("pgsql"))
                              .pgsqlReady()
                                .status(73)
                                .build()
                              .build()}
write flush
