#
# Copyright 2021-2023 Aklivity Inc
#
# Licensed under the Aklivity Community License (the "License"); you may not use
# this file except in compliance with the License.  You may obtain a copy of the
# License at
#
#   https://www.aklivity.io/aklivity-community-license/
#
# Unless required by applicable law or agreed to in writing, software
# distributed under the License is distributed on an "AS IS" BASIS, WITHOUT
# WARRANTIES OF ANY KIND, either express or implied.  See the License for the
# specific language governing permissions and limitations under the License.
#

connect "zilla://streams/kafka0"
         option zilla:window 8192
         option zilla:transmission "duplex"

write zilla:begin.ext ${kafka:beginEx()
                            .typeId(zilla:id("kafka"))
                            .merged()
                                .capabilities("FETCH_ONLY")
                                .topic("mqtt-messages")
                                .filter()
                                    .headers("zilla:filter")
                                        .sequence("sensor")
                                        .sequence("one")
                                        .build()
                                    .headerNot("zilla:local", "client")
                                    .build()
                                .evaluation("EAGER")
                                .build()
                            .build()}
connected

write notify FIRST_CONNECTED

read zilla:data.ext ${kafka:matchDataEx()
                            .typeId(zilla:id("kafka"))
                            .merged()
                              .fetch()
                                .filters(1)
                                .partition(0, 1, 2)
                                .progress(0, 2)
                                .progress(1, 1)
                                .key("sensor/one")
                                .header("zilla:filter", "sensor")
                                .header("zilla:filter", "one")
                                .header("zilla:local", "client2")
                                .header("zilla:format", "TEXT")
                                .build()
                            .build()}
read "message2"


connect await FIRST_CONNECTED
        "zilla://streams/kafka0"
         option zilla:window 8192
         option zilla:transmission "duplex"

write zilla:begin.ext ${kafka:beginEx()
                            .typeId(zilla:id("kafka"))
                            .merged()
                                .capabilities("PRODUCE_ONLY")
                                .topic("mqtt-messages")
                                .partition(-1, -2)
                                .ackMode("LEADER_ONLY")
                                .build()
                            .build()}

connected

write zilla:data.ext ${kafka:dataEx()
                           .typeId(zilla:id("kafka"))
                           .merged()
                             .produce()
                               .deferred(0)
                               .partition(-1, -1)
                               .key("sensor/one")
                               .header("zilla:filter", "sensor")
                               .header("zilla:filter", "one")
                               .header("zilla:local", "client")
                               .header("zilla:format", "TEXT")
                               .header("zilla:qos", "0")
                               .build()
                           .build()}

write "message"
