#
# Copyright 2021-2024 Aklivity Inc
#
# Licensed under the Aklivity Community License (the "License"); you may not use
# this file except in compliance with the License.  You may obtain a copy of the
# License at
#
#   https://www.aklivity.io/aklivity-community-license/
#
# Unless required by applicable law or agreed to in writing, software
# distributed under the License is distributed on an "AS IS" BASIS, WITHOUT
# WARRANTIES OF ANY KIND, either express or implied.  See the License for the
# specific language governing permissions and limitations under the License.
#

accept "http://localhost:8080/subjects/orders-value/versions/1"

accepted
connected

read http:method "GET"
read closed

write http:status "200" "OK"
write http:header "content-type" "application/json"
write http:content-length

write '{"subject":"orders-value","id":1,"version":1,"schemaType":"AVRO","schema":"\\"string\\""}'

write close
