#
# Copyright 2021-2022 Aklivity Inc
#
# Licensed under the Aklivity Community License (the "License"); you may not use
# this file except in compliance with the License.  You may obtain a copy of the
# License at
#
#   https://www.aklivity.io/aklivity-community-license/
#
# Unless required by applicable law or agreed to in writing, software
# distributed under the License is distributed on an "AS IS" BASIS, WITHOUT
# WARRANTIES OF ANY KIND, either express or implied.  See the License for the
# specific language governing permissions and limitations under the License.
#

connect "zilla://streams/kafka0"
    option zilla:window 8192
    option zilla:transmission "duplex"

write zilla:begin.ext ${kafka:beginEx()
                               .typeId(zilla:id("kafka"))
                               .merged()
                                   .capabilities("FETCH_ONLY")
                                   .topic("items-snapshots")
                                   .partition(0, 2, -2)
                                   .partition(1, 1, -2)
                                   .partition(-1, 0, -2)
                                   .filter()
                                     .key("92d0bf92-63e0-4cfc-ae73-71dee92d1544")
                                     .build()
                                   .build()
                               .build()}

connected

read zilla:data.ext ${kafka:matchDataEx()
                           .typeId(zilla:id("kafka"))
                           .merged()
                               .partition(0, 2, 2)
                               .progress(0, 3)
                               .progress(1, 1)
                               .key("92d0bf92-63e0-4cfc-ae73-71dee92d1544")
                               .header("content-type", "application/json")
                               .header("etag", "revision=43")
                               .build()
                           .build()}
read '{ "name": "widget" }'

read closed
write close
