#
# Copyright 2021-2022 Aklivity Inc
#
# Licensed under the Aklivity Community License (the "License"); you may not use
# this file except in compliance with the License.  You may obtain a copy of the
# License at
#
#   https://www.aklivity.io/aklivity-community-license/
#
# Unless required by applicable law or agreed to in writing, software
# distributed under the License is distributed on an "AS IS" BASIS, WITHOUT
# WARRANTIES OF ANY KIND, either express or implied.  See the License for the
# specific language governing permissions and limitations under the License.
#

accept "zilla://streams/app0"
       option zilla:window 8192
       option zilla:transmission "duplex"
accepted

read zilla:begin.ext ${filesystem:matchBeginEx()
                                 .typeId(zilla:id("filesystem"))
                                 .path("index.html")
                                 .capabilities("READ_PAYLOAD")
                                 .build()}
connected

read closed

write "<html>\n"
      "<head><title>Welcome</title></head>\n"
      "<body>Hello, world</body>\n"
      "</html>\n"
write flush

write close
