#
# Copyright 2021-2026 Aklivity Inc.
#
# Aklivity licenses this file to you under the Apache License,
# version 2.0 (the "License"); you may not use this file except in compliance
# with the License. You may obtain a copy of the License at:
#
#   http://www.apache.org/licenses/LICENSE-2.0
#
# Unless required by applicable law or agreed to in writing, software
# distributed under the License is distributed on an "AS IS" BASIS, WITHOUT
# WARRANTIES OR CONDITIONS OF ANY KIND, either express or implied. See the
# License for the specific language governing permissions and limitations
# under the License.
#

property serverAddress "zilla://streams/app0"

accept ${serverAddress}
    option zilla:window 8192
    option zilla:transmission "half-duplex"
    option zilla:byteorder "network"

accepted

read zilla:begin.ext ${kafka:matchBeginEx()
                               .typeId(zilla:id("kafka"))
                               .apiRequest()
                                 .length(27)
                                 .api(20)
                                 .version(3)
                                 .clientId("zilla")
                                 .build()
                                .build()}

connected

read  2                                 # topic count
        6s "events"                     # name
        9s "snapshots"                  # name
      0                                 # timeout

write zilla:begin.ext ${kafka:beginEx()
                               .typeId(zilla:id("kafka"))
                               .apiResponse()
                                 .length(31)
                                 .version(3)
                                 .build()
                                .build()}

write 0                                  # throttle time ms
      2                                  # topics
        6s "events"                      # name
        0s                               # error code
        9s "snapshots"                   # name
        0s                               # error code

write flush

read closed
write close
