#
# Copyright 2021-2022 Aklivity Inc
#
# Licensed under the Aklivity Community License (the "License"); you may not use
# this file except in compliance with the License.  You may obtain a copy of the
# License at
#
#   https://www.aklivity.io/aklivity-community-license/
#
# Unless required by applicable law or agreed to in writing, software
# distributed under the License is distributed on an "AS IS" BASIS, WITHOUT
# WARRANTIES OF ANY KIND, either express or implied.  See the License for the
# specific language governing permissions and limitations under the License.
#

accept "zilla://streams/http0"
       option zilla:window 8192
       option zilla:transmission "half-duplex"
accepted

read zilla:begin.ext ${http:matchBeginEx()
                           .typeId(zilla:id("http"))
                           .header(":method", "PATCH")
                           .header(":path", "/items/92d0bf92-63e0-4cfc-ae73-71dee92d1544")
                           .header("content-type", "application/json-patch+json")
                           .header("content-length", "58")
                           .header("idempotency-key", "afe0e568-cfbe-4bf4-a405-98578c98e4ca")
                           .header("prefer", "respond-async")
                           .build()}

connected

read '[ { "op": "replace", "path":"/name", "value": "widget" } ]'

read closed

write zilla:begin.ext ${http:beginEx()
                            .typeId(zilla:id("http"))
                            .header(":status", "202")
                            .header("location", "/items/92d0bf92-63e0-4cfc-ae73-71dee92d1544;afe0e568-cfbe-4bf4-a405-98578c98e4ca-7da916b37b56d367ff6910cde541e5c1")
                            .build()}

write flush

write close


accepted

read zilla:begin.ext ${http:matchBeginEx()
                           .typeId(zilla:id("http"))
                           .header(":method", "GET")
                           .header(":path", "/items/92d0bf92-63e0-4cfc-ae73-71dee92d1544;afe0e568-cfbe-4bf4-a405-98578c98e4ca-7da916b37b56d367ff6910cde541e5c1")
                           .build()}

connected

read closed

write zilla:begin.ext ${http:beginEx()
                            .typeId(zilla:id("http"))
                            .header(":status", "204")
                            .build()}

write flush

write close
