#
# Copyright 2021-2022 Aklivity Inc.
#
# Aklivity licenses this file to you under the Apache License,
# version 2.0 (the "License"); you may not use this file except in compliance
# with the License. You may obtain a copy of the License at:
#
#   http://www.apache.org/licenses/LICENSE-2.0
#
# Unless required by applicable law or agreed to in writing, software
# distributed under the License is distributed on an "AS IS" BASIS, WITHOUT
# WARRANTIES OR CONDITIONS OF ANY KIND, either express or implied. See the
# License for the specific language governing permissions and limitations
# under the License.
#

property networkAcceptWindow 8192

accept "zilla://streams/net0"
  option zilla:window ${networkAcceptWindow}
  option zilla:transmission "duplex"
  option zilla:byteorder "network"

accepted

connected

read 21                                 # size
     3s                                 # metadata
     5s                                 # v5
     (int:requestId)
     -1s                                # no client id
     1                                  # topics
       4s "test"                        #   "test" topic
     [0x00]                             # allow_auto_topic_creation

write 106                               # size
      ${requestId}
      0
      2                                 # brokers
        1                                   # broker id
        19s "broker1.example.com"           # host name
        9092                                # port
        -1s                                 # no rack
        2
        19s "broker2.example.com"
        9092
        -1s
      9s "cluster 1"                    # cluster id
      1                                 # controller id
      1                                 # topics
        3s                                # topic-unknown
        4s "test"                         #   "test" topic
        [0x00]                            # not internal
        0                                 # partitions
