#
# Copyright 2021-2023 Aklivity Inc
#
# Licensed under the Aklivity Community License (the "License"); you may not use
# this file except in compliance with the License.  You may obtain a copy of the
# License at
#
#   https://www.aklivity.io/aklivity-community-license/
#
# Unless required by applicable law or agreed to in writing, software
# distributed under the License is distributed on an "AS IS" BASIS, WITHOUT
# WARRANTIES OF ANY KIND, either express or implied.  See the License for the
# specific language governing permissions and limitations under the License.
#

connect "zilla://streams/kafka0"
         option zilla:window 8192
         option zilla:transmission "duplex"

write zilla:begin.ext ${kafka:beginEx()
                            .typeId(zilla:id("kafka"))
                            .merged()
                                .capabilities("PRODUCE_ONLY")
                                .topic("mqtt-messages")
                                .partition(-1, -2)
                                .ackMode("NONE")
                                .build()
                            .build()}

connected

write zilla:data.ext ${kafka:dataEx()
                           .typeId(zilla:id("kafka"))
                           .merged()
                            .produce()
                               .deferred(0)
                               .partition(-1, -1)
                               .key("sensor/one")
                               .header("zilla:filter", "sensor")
                               .header("zilla:filter", "one")
                               .header("zilla:local", "client")
                               .header("zilla:qos", "0")
                               .build()
                           .build()}
write "message1"
write flush


connect "zilla://streams/kafka0"
         option zilla:window 8192
         option zilla:transmission "duplex"

write zilla:begin.ext ${kafka:beginEx()
                            .typeId(zilla:id("kafka"))
                            .merged()
                                .capabilities("PRODUCE_ONLY")
                                .topic("mqtt-messages")
                                .partition(-1, -2)
                                .ackMode("IN_SYNC_REPLICAS")
                                .build()
                            .build()}

connected

write zilla:data.ext ${kafka:dataEx()
                           .typeId(zilla:id("kafka"))
                           .merged()
                            .produce()
                               .deferred(0)
                               .partition(-1, -1)
                               .key("sensor/one")
                               .header("zilla:filter", "sensor")
                               .header("zilla:filter", "one")
                               .header("zilla:local", "client")
                               .header("zilla:qos", "2")
                               .build()
                           .build()}
write "message2"
write flush


connect "zilla://streams/kafka0"
         option zilla:window 8192
         option zilla:transmission "duplex"

write zilla:begin.ext ${kafka:beginEx()
                            .typeId(zilla:id("kafka"))
                            .merged()
                                .capabilities("PRODUCE_ONLY")
                                .topic("mqtt-messages")
                                .partition(-1, -2)
                                .ackMode("IN_SYNC_REPLICAS")
                                .build()
                            .build()}

connected

write zilla:data.ext ${kafka:dataEx()
                           .typeId(zilla:id("kafka"))
                           .merged()
                            .produce()
                               .deferred(0)
                               .partition(-1, -1)
                               .key("sensor/one")
                               .header("zilla:filter", "sensor")
                               .header("zilla:filter", "one")
                               .header("zilla:local", "client")
                               .header("zilla:qos", "1")
                               .build()
                           .build()}
write "message3"
write flush

